[0.221s] Invoking command in '/home/jerry/limx_ws/build/pointfoot_gazebo': AMENT_PREFIX_PATH=/home/jerry/limx_ws/install/limxsdk_sim:${AMENT_PREFIX_PATH} CMAKE_PREFIX_PATH=/home/jerry/limx_ws/install/limxsdk_sim:/opt/ros/humble LD_LIBRARY_PATH=/home/jerry/limx_ws/install/limxsdk_sim/lib:${LD_LIBRARY_PATH} /usr/bin/cmake --build /home/jerry/limx_ws/build/pointfoot_gazebo -- -j8 -l8
[0.607s] [100%] Built target poinfoot_gazebo_hardware_plugin
[0.659s] Invoked command in '/home/jerry/limx_ws/build/pointfoot_gazebo' returned '0': AMENT_PREFIX_PATH=/home/jerry/limx_ws/install/limxsdk_sim:${AMENT_PREFIX_PATH} CMAKE_PREFIX_PATH=/home/jerry/limx_ws/install/limxsdk_sim:/opt/ros/humble LD_LIBRARY_PATH=/home/jerry/limx_ws/install/limxsdk_sim/lib:${LD_LIBRARY_PATH} /usr/bin/cmake --build /home/jerry/limx_ws/build/pointfoot_gazebo -- -j8 -l8
[0.668s] Invoking command in '/home/jerry/limx_ws/build/pointfoot_gazebo': AMENT_PREFIX_PATH=/home/jerry/limx_ws/install/limxsdk_sim:${AMENT_PREFIX_PATH} CMAKE_PREFIX_PATH=/home/jerry/limx_ws/install/limxsdk_sim:/opt/ros/humble LD_LIBRARY_PATH=/home/jerry/limx_ws/install/limxsdk_sim/lib:${LD_LIBRARY_PATH} /usr/bin/cmake --install /home/jerry/limx_ws/build/pointfoot_gazebo
[0.700s] -- Install configuration: ""
[0.702s] -- Up-to-date: /home/jerry/limx_ws/install/pointfoot_gazebo/lib/libpoinfoot_gazebo_hardware_plugin.so
[0.706s] -- Up-to-date: /home/jerry/limx_ws/install/pointfoot_gazebo/share/pointfoot_gazebo/launch
[0.707s] -- Up-to-date: /home/jerry/limx_ws/install/pointfoot_gazebo/share/pointfoot_gazebo/launch/empty_world.launch.py
[0.707s] -- Up-to-date: /home/jerry/limx_ws/install/pointfoot_gazebo/share/pointfoot_gazebo/config
[0.708s] -- Up-to-date: /home/jerry/limx_ws/install/pointfoot_gazebo/share/pointfoot_gazebo/config/pointfoot_gazebo.yaml
[0.708s] -- Up-to-date: /home/jerry/limx_ws/install/pointfoot_gazebo/share/pointfoot_gazebo/worlds
[0.708s] -- Up-to-date: /home/jerry/limx_ws/install/pointfoot_gazebo/share/pointfoot_gazebo/worlds/empty_world.world
[0.710s] -- Up-to-date: /home/jerry/limx_ws/install/pointfoot_gazebo/share/pointfoot_gazebo/worlds/new_world.world
[0.711s] -- Up-to-date: /home/jerry/limx_ws/install/pointfoot_gazebo/share/pointfoot_gazebo/environment/library_path.sh
[0.713s] -- Up-to-date: /home/jerry/limx_ws/install/pointfoot_gazebo/share/pointfoot_gazebo/environment/library_path.dsv
[0.714s] -- Up-to-date: /home/jerry/limx_ws/install/pointfoot_gazebo/share/pointfoot_gazebo/poinfoot_gazebo_hardware_plugin.xml
[0.714s] -- Up-to-date: /home/jerry/limx_ws/install/pointfoot_gazebo/share/ament_index/resource_index/package_run_dependencies/pointfoot_gazebo
[0.715s] -- Up-to-date: /home/jerry/limx_ws/install/pointfoot_gazebo/share/ament_index/resource_index/parent_prefix_path/pointfoot_gazebo
[0.715s] -- Up-to-date: /home/jerry/limx_ws/install/pointfoot_gazebo/share/pointfoot_gazebo/environment/ament_prefix_path.sh
[0.715s] -- Up-to-date: /home/jerry/limx_ws/install/pointfoot_gazebo/share/pointfoot_gazebo/environment/ament_prefix_path.dsv
[0.716s] -- Up-to-date: /home/jerry/limx_ws/install/pointfoot_gazebo/share/pointfoot_gazebo/environment/path.sh
[0.716s] -- Up-to-date: /home/jerry/limx_ws/install/pointfoot_gazebo/share/pointfoot_gazebo/environment/path.dsv
[0.716s] -- Up-to-date: /home/jerry/limx_ws/install/pointfoot_gazebo/share/pointfoot_gazebo/local_setup.bash
[0.716s] -- Up-to-date: /home/jerry/limx_ws/install/pointfoot_gazebo/share/pointfoot_gazebo/local_setup.sh
[0.717s] -- Up-to-date: /home/jerry/limx_ws/install/pointfoot_gazebo/share/pointfoot_gazebo/local_setup.zsh
[0.717s] -- Up-to-date: /home/jerry/limx_ws/install/pointfoot_gazebo/share/pointfoot_gazebo/local_setup.dsv
[0.717s] -- Installing: /home/jerry/limx_ws/install/pointfoot_gazebo/share/pointfoot_gazebo/package.dsv
[0.717s] -- Up-to-date: /home/jerry/limx_ws/install/pointfoot_gazebo/share/ament_index/resource_index/packages/pointfoot_gazebo
[0.717s] -- Up-to-date: /home/jerry/limx_ws/install/pointfoot_gazebo/share/ament_index/resource_index/gazebo_ros2_control__pluginlib__plugin/pointfoot_gazebo
[0.717s] -- Up-to-date: /home/jerry/limx_ws/install/pointfoot_gazebo/share/pointfoot_gazebo/cmake/ament_cmake_export_include_directories-extras.cmake
[0.718s] -- Up-to-date: /home/jerry/limx_ws/install/pointfoot_gazebo/share/pointfoot_gazebo/cmake/ament_cmake_export_dependencies-extras.cmake
[0.718s] -- Up-to-date: /home/jerry/limx_ws/install/pointfoot_gazebo/share/pointfoot_gazebo/cmake/ament_cmake_export_libraries-extras.cmake
[0.718s] -- Up-to-date: /home/jerry/limx_ws/install/pointfoot_gazebo/share/pointfoot_gazebo/cmake/pointfoot_gazeboConfig.cmake
[0.718s] -- Up-to-date: /home/jerry/limx_ws/install/pointfoot_gazebo/share/pointfoot_gazebo/cmake/pointfoot_gazeboConfig-version.cmake
[0.718s] -- Up-to-date: /home/jerry/limx_ws/install/pointfoot_gazebo/share/pointfoot_gazebo/package.xml
[0.722s] Invoked command in '/home/jerry/limx_ws/build/pointfoot_gazebo' returned '0': AMENT_PREFIX_PATH=/home/jerry/limx_ws/install/limxsdk_sim:${AMENT_PREFIX_PATH} CMAKE_PREFIX_PATH=/home/jerry/limx_ws/install/limxsdk_sim:/opt/ros/humble LD_LIBRARY_PATH=/home/jerry/limx_ws/install/limxsdk_sim/lib:${LD_LIBRARY_PATH} /usr/bin/cmake --install /home/jerry/limx_ws/build/pointfoot_gazebo
