[0.105s] Invoking command in '/home/jerry/limx_ws/build/robot_visualization': CMAKE_PREFIX_PATH=/home/jerry/limx_ws/install/scan_corrector:/opt/ros/humble:/home/jerry/limx_ws/install/robot_visualization:/home/jerry/limx_ws/install/robot_hw:/home/jerry/limx_ws/install/robot_description:/home/jerry/limx_ws/install/robot_controllers:/home/jerry/limx_ws/install/pointfoot_gazebo:/home/jerry/limx_ws/install/mrosbridger:/home/jerry/limx_ws/install/lslidar_driver:/home/jerry/limx_ws/install/lslidar_msgs:/home/jerry/limx_ws/install/limxsdk_sim:/home/jerry/limx_ws/install/limxsdk_lowlevel:/home/jerry/limx_ws/install/lidar_odometry_0:/home/jerry/limx_ws/install/lidar_odometry:/home/jerry/limx_ws/install/controller_msgs /usr/bin/cmake --build /home/jerry/limx_ws/build/robot_visualization -- -j8 -l8
[0.453s] Invoked command in '/home/jerry/limx_ws/build/robot_visualization' returned '0': CMAKE_PREFIX_PATH=/home/jerry/limx_ws/install/scan_corrector:/opt/ros/humble:/home/jerry/limx_ws/install/robot_visualization:/home/jerry/limx_ws/install/robot_hw:/home/jerry/limx_ws/install/robot_description:/home/jerry/limx_ws/install/robot_controllers:/home/jerry/limx_ws/install/pointfoot_gazebo:/home/jerry/limx_ws/install/mrosbridger:/home/jerry/limx_ws/install/lslidar_driver:/home/jerry/limx_ws/install/lslidar_msgs:/home/jerry/limx_ws/install/limxsdk_sim:/home/jerry/limx_ws/install/limxsdk_lowlevel:/home/jerry/limx_ws/install/lidar_odometry_0:/home/jerry/limx_ws/install/lidar_odometry:/home/jerry/limx_ws/install/controller_msgs /usr/bin/cmake --build /home/jerry/limx_ws/build/robot_visualization -- -j8 -l8
[0.454s] Invoking command in '/home/jerry/limx_ws/build/robot_visualization': CMAKE_PREFIX_PATH=/home/jerry/limx_ws/install/scan_corrector:/opt/ros/humble:/home/jerry/limx_ws/install/robot_visualization:/home/jerry/limx_ws/install/robot_hw:/home/jerry/limx_ws/install/robot_description:/home/jerry/limx_ws/install/robot_controllers:/home/jerry/limx_ws/install/pointfoot_gazebo:/home/jerry/limx_ws/install/mrosbridger:/home/jerry/limx_ws/install/lslidar_driver:/home/jerry/limx_ws/install/lslidar_msgs:/home/jerry/limx_ws/install/limxsdk_sim:/home/jerry/limx_ws/install/limxsdk_lowlevel:/home/jerry/limx_ws/install/lidar_odometry_0:/home/jerry/limx_ws/install/lidar_odometry:/home/jerry/limx_ws/install/controller_msgs /usr/bin/cmake --install /home/jerry/limx_ws/build/robot_visualization
[0.537s] -- Install configuration: ""
[0.537s] -- Up-to-date: /home/jerry/limx_ws/install/robot_visualization/../
[0.537s] -- Up-to-date: /home/jerry/limx_ws/install/robot_visualization/..//mrosbridger
[0.540s] -- Up-to-date: /home/jerry/limx_ws/install/robot_visualization/..//mrosbridger/bin
[0.541s] -- Up-to-date: /home/jerry/limx_ws/install/robot_visualization/..//mrosbridger/bin/mrosbridger
[0.542s] -- Up-to-date: /home/jerry/limx_ws/install/robot_visualization/..//mrosbridger/local
[0.548s] -- Up-to-date: /home/jerry/limx_ws/install/robot_visualization/..//mrosbridger/local/lib
[0.548s] -- Up-to-date: /home/jerry/limx_ws/install/robot_visualization/..//mrosbridger/local/lib/python3.10
[0.549s] -- Up-to-date: /home/jerry/limx_ws/install/robot_visualization/..//mrosbridger/local/lib/python3.10/dist-packages
[0.549s] -- Up-to-date: /home/jerry/limx_ws/install/robot_visualization/..//mrosbridger/local/lib/python3.10/dist-packages/mrosbridger
[0.549s] -- Up-to-date: /home/jerry/limx_ws/install/robot_visualization/..//mrosbridger/local/lib/python3.10/dist-packages/mrosbridger/__init__.py
[0.560s] -- Up-to-date: /home/jerry/limx_ws/install/robot_visualization/..//mrosbridger/local/lib/python3.10/dist-packages/mrosbridger-0.9.7-py3.10.egg-info
[0.562s] -- Up-to-date: /home/jerry/limx_ws/install/robot_visualization/..//mrosbridger/local/lib/python3.10/dist-packages/mrosbridger-0.9.7-py3.10.egg-info/SOURCES.txt
[0.562s] -- Up-to-date: /home/jerry/limx_ws/install/robot_visualization/..//mrosbridger/local/lib/python3.10/dist-packages/mrosbridger-0.9.7-py3.10.egg-info/dependency_links.txt
[0.573s] -- Up-to-date: /home/jerry/limx_ws/install/robot_visualization/..//mrosbridger/local/lib/python3.10/dist-packages/mrosbridger-0.9.7-py3.10.egg-info/PKG-INFO
[0.574s] -- Up-to-date: /home/jerry/limx_ws/install/robot_visualization/..//mrosbridger/local/lib/python3.10/dist-packages/mrosbridger-0.9.7-py3.10.egg-info/top_level.txt
[0.593s] -- Up-to-date: /home/jerry/limx_ws/install/robot_visualization/..//mrosbridger/share
[0.594s] -- Up-to-date: /home/jerry/limx_ws/install/robot_visualization/..//mrosbridger/share/mrosbridger
[0.594s] -- Up-to-date: /home/jerry/limx_ws/install/robot_visualization/..//mrosbridger/share/mrosbridger/package.xml
[0.595s] -- Up-to-date: /home/jerry/limx_ws/install/robot_visualization/..//mrosbridger/share/mrosbridger/launch
[0.595s] -- Up-to-date: /home/jerry/limx_ws/install/robot_visualization/..//mrosbridger/share/mrosbridger/launch/mrosbridger.launch.py
[0.595s] -- Up-to-date: /home/jerry/limx_ws/install/robot_visualization/..//mrosbridger/share/mrosbridger/cmake
[0.606s] -- Up-to-date: /home/jerry/limx_ws/install/robot_visualization/..//mrosbridger/share/mrosbridger/cmake/mrosbridgerConfig.cmake
[0.606s] -- Up-to-date: /home/jerry/limx_ws/install/robot_visualization/..//mrosbridger/share/mrosbridger/cmake/ament_cmake_export_libraries-extras.cmake
[0.606s] -- Up-to-date: /home/jerry/limx_ws/install/robot_visualization/..//mrosbridger/share/mrosbridger/cmake/ament_cmake_export_include_directories-extras.cmake
[0.617s] -- Up-to-date: /home/jerry/limx_ws/install/robot_visualization/..//mrosbridger/share/mrosbridger/cmake/mrosbridgerConfig-version.cmake
[0.617s] -- Up-to-date: /home/jerry/limx_ws/install/robot_visualization/..//mrosbridger/share/mrosbridger/local_setup.sh
[0.626s] -- Up-to-date: /home/jerry/limx_ws/install/robot_visualization/..//mrosbridger/share/mrosbridger/hook
[0.626s] -- Up-to-date: /home/jerry/limx_ws/install/robot_visualization/..//mrosbridger/share/mrosbridger/hook/pythonscriptspath.sh
[0.632s] -- Up-to-date: /home/jerry/limx_ws/install/robot_visualization/..//mrosbridger/share/mrosbridger/hook/pythonscriptspath.dsv
[0.635s] -- Up-to-date: /home/jerry/limx_ws/install/robot_visualization/..//mrosbridger/share/mrosbridger/hook/cmake_prefix_path.sh
[0.635s] -- Up-to-date: /home/jerry/limx_ws/install/robot_visualization/..//mrosbridger/share/mrosbridger/hook/pythonscriptspath.ps1
[0.635s] -- Up-to-date: /home/jerry/limx_ws/install/robot_visualization/..//mrosbridger/share/mrosbridger/hook/path.dsv
[0.635s] -- Up-to-date: /home/jerry/limx_ws/install/robot_visualization/..//mrosbridger/share/mrosbridger/hook/cmake_prefix_path.ps1
[0.636s] -- Up-to-date: /home/jerry/limx_ws/install/robot_visualization/..//mrosbridger/share/mrosbridger/hook/path.sh
[0.636s] -- Up-to-date: /home/jerry/limx_ws/install/robot_visualization/..//mrosbridger/share/mrosbridger/hook/cmake_prefix_path.dsv
[0.636s] -- Up-to-date: /home/jerry/limx_ws/install/robot_visualization/..//mrosbridger/share/mrosbridger/hook/path.ps1
[0.636s] -- Up-to-date: /home/jerry/limx_ws/install/robot_visualization/..//mrosbridger/share/mrosbridger/package.sh
[0.636s] -- Up-to-date: /home/jerry/limx_ws/install/robot_visualization/..//mrosbridger/share/mrosbridger/environment
[0.637s] -- Up-to-date: /home/jerry/limx_ws/install/robot_visualization/..//mrosbridger/share/mrosbridger/environment/pythonpath.dsv
[0.637s] -- Up-to-date: /home/jerry/limx_ws/install/robot_visualization/..//mrosbridger/share/mrosbridger/environment/library_path.dsv
[0.652s] -- Up-to-date: /home/jerry/limx_ws/install/robot_visualization/..//mrosbridger/share/mrosbridger/environment/pythonpath.sh
[0.652s] -- Up-to-date: /home/jerry/limx_ws/install/robot_visualization/..//mrosbridger/share/mrosbridger/environment/library_path.sh
[0.683s] -- Up-to-date: /home/jerry/limx_ws/install/robot_visualization/..//mrosbridger/share/mrosbridger/environment/path.dsv
[0.687s] -- Up-to-date: /home/jerry/limx_ws/install/robot_visualization/..//mrosbridger/share/mrosbridger/environment/path.sh
[0.689s] -- Up-to-date: /home/jerry/limx_ws/install/robot_visualization/..//mrosbridger/share/mrosbridger/environment/ament_prefix_path.sh
[0.695s] -- Up-to-date: /home/jerry/limx_ws/install/robot_visualization/..//mrosbridger/share/mrosbridger/environment/ament_prefix_path.dsv
[0.696s] -- Up-to-date: /home/jerry/limx_ws/install/robot_visualization/..//mrosbridger/share/mrosbridger/package.zsh
[0.696s] -- Up-to-date: /home/jerry/limx_ws/install/robot_visualization/..//mrosbridger/share/mrosbridger/local_setup.dsv
[0.699s] -- Up-to-date: /home/jerry/limx_ws/install/robot_visualization/..//mrosbridger/share/mrosbridger/package.bash
[0.699s] -- Up-to-date: /home/jerry/limx_ws/install/robot_visualization/..//mrosbridger/share/mrosbridger/package.ps1
[0.699s] -- Up-to-date: /home/jerry/limx_ws/install/robot_visualization/..//mrosbridger/share/mrosbridger/package.dsv
[0.707s] -- Up-to-date: /home/jerry/limx_ws/install/robot_visualization/..//mrosbridger/share/mrosbridger/local_setup.zsh
[0.707s] -- Up-to-date: /home/jerry/limx_ws/install/robot_visualization/..//mrosbridger/share/mrosbridger/local_setup.bash
[0.707s] -- Up-to-date: /home/jerry/limx_ws/install/robot_visualization/..//mrosbridger/share/colcon-core
[0.707s] -- Up-to-date: /home/jerry/limx_ws/install/robot_visualization/..//mrosbridger/share/colcon-core/packages
[0.707s] -- Up-to-date: /home/jerry/limx_ws/install/robot_visualization/..//mrosbridger/share/colcon-core/packages/mrosbridger
[0.707s] -- Up-to-date: /home/jerry/limx_ws/install/robot_visualization/..//mrosbridger/share/ament_index
[0.708s] -- Up-to-date: /home/jerry/limx_ws/install/robot_visualization/..//mrosbridger/share/ament_index/resource_index
[0.708s] -- Up-to-date: /home/jerry/limx_ws/install/robot_visualization/..//mrosbridger/share/ament_index/resource_index/packages
[0.709s] -- Up-to-date: /home/jerry/limx_ws/install/robot_visualization/..//mrosbridger/share/ament_index/resource_index/packages/mrosbridger
[0.710s] -- Up-to-date: /home/jerry/limx_ws/install/robot_visualization/..//mrosbridger/share/ament_index/resource_index/parent_prefix_path
[0.710s] -- Up-to-date: /home/jerry/limx_ws/install/robot_visualization/..//mrosbridger/share/ament_index/resource_index/parent_prefix_path/mrosbridger
[0.710s] -- Up-to-date: /home/jerry/limx_ws/install/robot_visualization/..//mrosbridger/share/ament_index/resource_index/package_run_dependencies
[0.710s] -- Up-to-date: /home/jerry/limx_ws/install/robot_visualization/..//mrosbridger/share/ament_index/resource_index/package_run_dependencies/mrosbridger
[0.710s] -- Up-to-date: /home/jerry/limx_ws/install/robot_visualization/..//mrosbridger/lib
[0.710s] -- Up-to-date: /home/jerry/limx_ws/install/robot_visualization/..//mrosbridger/lib/mrosbridger
[0.711s] -- Up-to-date: /home/jerry/limx_ws/install/robot_visualization/..//mrosbridger/lib/mrosbridger/mrosbridger
[0.711s] -- Up-to-date: /home/jerry/limx_ws/install/robot_visualization/..//controller_msgs
[0.711s] -- Up-to-date: /home/jerry/limx_ws/install/robot_visualization/..//controller_msgs/local
[0.711s] -- Up-to-date: /home/jerry/limx_ws/install/robot_visualization/..//controller_msgs/local/lib
[0.711s] -- Up-to-date: /home/jerry/limx_ws/install/robot_visualization/..//controller_msgs/local/lib/python3.10
[0.712s] -- Up-to-date: /home/jerry/limx_ws/install/robot_visualization/..//controller_msgs/local/lib/python3.10/dist-packages
[0.712s] -- Up-to-date: /home/jerry/limx_ws/install/robot_visualization/..//controller_msgs/local/lib/python3.10/dist-packages/controller_msgs-1.0.0-py3.10.egg-info
[0.712s] -- Up-to-date: /home/jerry/limx_ws/install/robot_visualization/..//controller_msgs/local/lib/python3.10/dist-packages/controller_msgs-1.0.0-py3.10.egg-info/SOURCES.txt
[0.712s] -- Up-to-date: /home/jerry/limx_ws/install/robot_visualization/..//controller_msgs/local/lib/python3.10/dist-packages/controller_msgs-1.0.0-py3.10.egg-info/dependency_links.txt
[0.712s] -- Up-to-date: /home/jerry/limx_ws/install/robot_visualization/..//controller_msgs/local/lib/python3.10/dist-packages/controller_msgs-1.0.0-py3.10.egg-info/PKG-INFO
[0.714s] -- Up-to-date: /home/jerry/limx_ws/install/robot_visualization/..//controller_msgs/local/lib/python3.10/dist-packages/controller_msgs-1.0.0-py3.10.egg-info/top_level.txt
[0.714s] -- Up-to-date: /home/jerry/limx_ws/install/robot_visualization/..//controller_msgs/local/lib/python3.10/dist-packages/controller_msgs
[0.718s] -- Up-to-date: /home/jerry/limx_ws/install/robot_visualization/..//controller_msgs/local/lib/python3.10/dist-packages/controller_msgs/_controller_msgs_s.ep.rosidl_typesupport_c.c
[0.722s] -- Up-to-date: /home/jerry/limx_ws/install/robot_visualization/..//controller_msgs/local/lib/python3.10/dist-packages/controller_msgs/__init__.py
[0.725s] -- Up-to-date: /home/jerry/limx_ws/install/robot_visualization/..//controller_msgs/local/lib/python3.10/dist-packages/controller_msgs/libcontroller_msgs__rosidl_generator_py.so
[0.725s] -- Up-to-date: /home/jerry/limx_ws/install/robot_visualization/..//controller_msgs/local/lib/python3.10/dist-packages/controller_msgs/controller_msgs_s__rosidl_typesupport_introspection_c.cpython-310-x86_64-linux-gnu.so
[0.725s] -- Up-to-date: /home/jerry/limx_ws/install/robot_visualization/..//controller_msgs/local/lib/python3.10/dist-packages/controller_msgs/controller_msgs_s__rosidl_typesupport_fastrtps_c.cpython-310-x86_64-linux-gnu.so
[0.788s] -- Up-to-date: /home/jerry/limx_ws/install/robot_visualization/..//controller_msgs/local/lib/python3.10/dist-packages/controller_msgs/_controller_msgs_s.ep.rosidl_typesupport_fastrtps_c.c
[0.789s] -- Up-to-date: /home/jerry/limx_ws/install/robot_visualization/..//controller_msgs/local/lib/python3.10/dist-packages/controller_msgs/msg
[0.790s] -- Up-to-date: /home/jerry/limx_ws/install/robot_visualization/..//controller_msgs/local/lib/python3.10/dist-packages/controller_msgs/msg/_joint_cmd_s.c
[0.791s] -- Up-to-date: /home/jerry/limx_ws/install/robot_visualization/..//controller_msgs/local/lib/python3.10/dist-packages/controller_msgs/msg/__init__.py
[0.791s] -- Up-to-date: /home/jerry/limx_ws/install/robot_visualization/..//controller_msgs/local/lib/python3.10/dist-packages/controller_msgs/msg/_imu_data_s.c
[0.792s] -- Up-to-date: /home/jerry/limx_ws/install/robot_visualization/..//controller_msgs/local/lib/python3.10/dist-packages/controller_msgs/msg/_joint_cmd.py
[0.792s] -- Up-to-date: /home/jerry/limx_ws/install/robot_visualization/..//controller_msgs/local/lib/python3.10/dist-packages/controller_msgs/msg/_imu_data.py
[0.793s] -- Up-to-date: /home/jerry/limx_ws/install/robot_visualization/..//controller_msgs/local/lib/python3.10/dist-packages/controller_msgs/msg/_joint_state.py
[0.794s] -- Up-to-date: /home/jerry/limx_ws/install/robot_visualization/..//controller_msgs/local/lib/python3.10/dist-packages/controller_msgs/msg/_joint_state_s.c
[0.794s] -- Up-to-date: /home/jerry/limx_ws/install/robot_visualization/..//controller_msgs/local/lib/python3.10/dist-packages/controller_msgs/_controller_msgs_s.ep.rosidl_typesupport_introspection_c.c
[0.796s] -- Up-to-date: /home/jerry/limx_ws/install/robot_visualization/..//controller_msgs/local/lib/python3.10/dist-packages/controller_msgs/controller_msgs_s__rosidl_typesupport_c.cpython-310-x86_64-linux-gnu.so
[0.796s] -- Up-to-date: /home/jerry/limx_ws/install/robot_visualization/..//controller_msgs/include
[0.796s] -- Up-to-date: /home/jerry/limx_ws/install/robot_visualization/..//controller_msgs/include/controller_msgs
[0.797s] -- Up-to-date: /home/jerry/limx_ws/install/robot_visualization/..//controller_msgs/include/controller_msgs/controller_msgs
[0.798s] -- Up-to-date: /home/jerry/limx_ws/install/robot_visualization/..//controller_msgs/include/controller_msgs/controller_msgs/msg
[0.798s] -- Up-to-date: /home/jerry/limx_ws/install/robot_visualization/..//controller_msgs/include/controller_msgs/controller_msgs/msg/joint_state.hpp
[0.798s] -- Up-to-date: /home/jerry/limx_ws/install/robot_visualization/..//controller_msgs/include/controller_msgs/controller_msgs/msg/rosidl_generator_cpp__visibility_control.hpp
[0.800s] -- Up-to-date: /home/jerry/limx_ws/install/robot_visualization/..//controller_msgs/include/controller_msgs/controller_msgs/msg/rosidl_generator_c__visibility_control.h
[0.800s] -- Up-to-date: /home/jerry/limx_ws/install/robot_visualization/..//controller_msgs/include/controller_msgs/controller_msgs/msg/rosidl_typesupport_fastrtps_cpp__visibility_control.h
[0.801s] -- Up-to-date: /home/jerry/limx_ws/install/robot_visualization/..//controller_msgs/include/controller_msgs/controller_msgs/msg/rosidl_typesupport_introspection_c__visibility_control.h
[0.801s] -- Up-to-date: /home/jerry/limx_ws/install/robot_visualization/..//controller_msgs/include/controller_msgs/controller_msgs/msg/rosidl_typesupport_fastrtps_c__visibility_control.h
[0.802s] -- Up-to-date: /home/jerry/limx_ws/install/robot_visualization/..//controller_msgs/include/controller_msgs/controller_msgs/msg/joint_state.h
[0.802s] -- Up-to-date: /home/jerry/limx_ws/install/robot_visualization/..//controller_msgs/include/controller_msgs/controller_msgs/msg/imu_data.hpp
[0.803s] -- Up-to-date: /home/jerry/limx_ws/install/robot_visualization/..//controller_msgs/include/controller_msgs/controller_msgs/msg/imu_data.h
[0.803s] -- Up-to-date: /home/jerry/limx_ws/install/robot_visualization/..//controller_msgs/include/controller_msgs/controller_msgs/msg/joint_cmd.hpp
[0.804s] -- Up-to-date: /home/jerry/limx_ws/install/robot_visualization/..//controller_msgs/include/controller_msgs/controller_msgs/msg/detail
[0.804s] -- Up-to-date: /home/jerry/limx_ws/install/robot_visualization/..//controller_msgs/include/controller_msgs/controller_msgs/msg/detail/imu_data__rosidl_typesupport_fastrtps_cpp.hpp
[0.805s] -- Up-to-date: /home/jerry/limx_ws/install/robot_visualization/..//controller_msgs/include/controller_msgs/controller_msgs/msg/detail/joint_state__type_support.hpp
[0.805s] -- Up-to-date: /home/jerry/limx_ws/install/robot_visualization/..//controller_msgs/include/controller_msgs/controller_msgs/msg/detail/joint_cmd__rosidl_typesupport_fastrtps_cpp.hpp
[0.806s] -- Up-to-date: /home/jerry/limx_ws/install/robot_visualization/..//controller_msgs/include/controller_msgs/controller_msgs/msg/detail/joint_state__functions.c
[0.806s] -- Up-to-date: /home/jerry/limx_ws/install/robot_visualization/..//controller_msgs/include/controller_msgs/controller_msgs/msg/detail/imu_data__type_support.cpp
[0.806s] -- Up-to-date: /home/jerry/limx_ws/install/robot_visualization/..//controller_msgs/include/controller_msgs/controller_msgs/msg/detail/joint_cmd__builder.hpp
[0.807s] -- Up-to-date: /home/jerry/limx_ws/install/robot_visualization/..//controller_msgs/include/controller_msgs/controller_msgs/msg/detail/joint_cmd__traits.hpp
[0.808s] -- Up-to-date: /home/jerry/limx_ws/install/robot_visualization/..//controller_msgs/include/controller_msgs/controller_msgs/msg/detail/imu_data__struct.h
[0.808s] -- Up-to-date: /home/jerry/limx_ws/install/robot_visualization/..//controller_msgs/include/controller_msgs/controller_msgs/msg/detail/joint_cmd__type_support.hpp
[0.809s] -- Up-to-date: /home/jerry/limx_ws/install/robot_visualization/..//controller_msgs/include/controller_msgs/controller_msgs/msg/detail/joint_cmd__type_support.h
[0.810s] -- Up-to-date: /home/jerry/limx_ws/install/robot_visualization/..//controller_msgs/include/controller_msgs/controller_msgs/msg/detail/joint_state__rosidl_typesupport_fastrtps_cpp.hpp
[0.811s] -- Up-to-date: /home/jerry/limx_ws/install/robot_visualization/..//controller_msgs/include/controller_msgs/controller_msgs/msg/detail/imu_data__rosidl_typesupport_introspection_c.h
[0.811s] -- Up-to-date: /home/jerry/limx_ws/install/robot_visualization/..//controller_msgs/include/controller_msgs/controller_msgs/msg/detail/joint_state__builder.hpp
[0.812s] -- Up-to-date: /home/jerry/limx_ws/install/robot_visualization/..//controller_msgs/include/controller_msgs/controller_msgs/msg/detail/joint_state__struct.hpp
[0.812s] -- Up-to-date: /home/jerry/limx_ws/install/robot_visualization/..//controller_msgs/include/controller_msgs/controller_msgs/msg/detail/joint_cmd__type_support.cpp
[0.812s] -- Up-to-date: /home/jerry/limx_ws/install/robot_visualization/..//controller_msgs/include/controller_msgs/controller_msgs/msg/detail/joint_state__type_support.h
[0.813s] -- Up-to-date: /home/jerry/limx_ws/install/robot_visualization/..//controller_msgs/include/controller_msgs/controller_msgs/msg/detail/imu_data__functions.c
[0.813s] -- Up-to-date: /home/jerry/limx_ws/install/robot_visualization/..//controller_msgs/include/controller_msgs/controller_msgs/msg/detail/joint_cmd__type_support.c
[0.814s] -- Up-to-date: /home/jerry/limx_ws/install/robot_visualization/..//controller_msgs/include/controller_msgs/controller_msgs/msg/detail/imu_data__type_support.c
[0.814s] -- Up-to-date: /home/jerry/limx_ws/install/robot_visualization/..//controller_msgs/include/controller_msgs/controller_msgs/msg/detail/imu_data__traits.hpp
[0.814s] -- Up-to-date: /home/jerry/limx_ws/install/robot_visualization/..//controller_msgs/include/controller_msgs/controller_msgs/msg/detail/imu_data__type_support.hpp
[0.815s] -- Up-to-date: /home/jerry/limx_ws/install/robot_visualization/..//controller_msgs/include/controller_msgs/controller_msgs/msg/detail/joint_state__struct.h
[0.815s] -- Up-to-date: /home/jerry/limx_ws/install/robot_visualization/..//controller_msgs/include/controller_msgs/controller_msgs/msg/detail/joint_state__rosidl_typesupport_introspection_cpp.hpp
[0.816s] -- Up-to-date: /home/jerry/limx_ws/install/robot_visualization/..//controller_msgs/include/controller_msgs/controller_msgs/msg/detail/joint_state__type_support.cpp
[0.816s] -- Up-to-date: /home/jerry/limx_ws/install/robot_visualization/..//controller_msgs/include/controller_msgs/controller_msgs/msg/detail/joint_cmd__rosidl_typesupport_introspection_c.h
[0.817s] -- Up-to-date: /home/jerry/limx_ws/install/robot_visualization/..//controller_msgs/include/controller_msgs/controller_msgs/msg/detail/imu_data__struct.hpp
[0.817s] -- Up-to-date: /home/jerry/limx_ws/install/robot_visualization/..//controller_msgs/include/controller_msgs/controller_msgs/msg/detail/joint_cmd__functions.h
[0.818s] -- Up-to-date: /home/jerry/limx_ws/install/robot_visualization/..//controller_msgs/include/controller_msgs/controller_msgs/msg/detail/imu_data__rosidl_typesupport_introspection_cpp.hpp
[0.818s] -- Up-to-date: /home/jerry/limx_ws/install/robot_visualization/..//controller_msgs/include/controller_msgs/controller_msgs/msg/detail/joint_cmd__rosidl_typesupport_introspection_cpp.hpp
[0.819s] -- Up-to-date: /home/jerry/limx_ws/install/robot_visualization/..//controller_msgs/include/controller_msgs/controller_msgs/msg/detail/joint_state__functions.h
[0.820s] -- Up-to-date: /home/jerry/limx_ws/install/robot_visualization/..//controller_msgs/include/controller_msgs/controller_msgs/msg/detail/joint_cmd__struct.hpp
[0.821s] -- Up-to-date: /home/jerry/limx_ws/install/robot_visualization/..//controller_msgs/include/controller_msgs/controller_msgs/msg/detail/imu_data__type_support.h
[0.821s] -- Up-to-date: /home/jerry/limx_ws/install/robot_visualization/..//controller_msgs/include/controller_msgs/controller_msgs/msg/detail/imu_data__functions.h
[0.821s] -- Up-to-date: /home/jerry/limx_ws/install/robot_visualization/..//controller_msgs/include/controller_msgs/controller_msgs/msg/detail/joint_cmd__functions.c
[0.821s] -- Up-to-date: /home/jerry/limx_ws/install/robot_visualization/..//controller_msgs/include/controller_msgs/controller_msgs/msg/detail/joint_cmd__struct.h
[0.822s] -- Up-to-date: /home/jerry/limx_ws/install/robot_visualization/..//controller_msgs/include/controller_msgs/controller_msgs/msg/detail/imu_data__rosidl_typesupport_fastrtps_c.h
[0.822s] -- Up-to-date: /home/jerry/limx_ws/install/robot_visualization/..//controller_msgs/include/controller_msgs/controller_msgs/msg/detail/joint_cmd__rosidl_typesupport_fastrtps_c.h
[0.822s] -- Up-to-date: /home/jerry/limx_ws/install/robot_visualization/..//controller_msgs/include/controller_msgs/controller_msgs/msg/detail/joint_state__traits.hpp
[0.822s] -- Up-to-date: /home/jerry/limx_ws/install/robot_visualization/..//controller_msgs/include/controller_msgs/controller_msgs/msg/detail/joint_state__rosidl_typesupport_introspection_c.h
[0.823s] -- Up-to-date: /home/jerry/limx_ws/install/robot_visualization/..//controller_msgs/include/controller_msgs/controller_msgs/msg/detail/joint_state__type_support.c
[0.823s] -- Up-to-date: /home/jerry/limx_ws/install/robot_visualization/..//controller_msgs/include/controller_msgs/controller_msgs/msg/detail/imu_data__builder.hpp
[0.824s] -- Up-to-date: /home/jerry/limx_ws/install/robot_visualization/..//controller_msgs/include/controller_msgs/controller_msgs/msg/detail/joint_state__rosidl_typesupport_fastrtps_c.h
[0.824s] -- Up-to-date: /home/jerry/limx_ws/install/robot_visualization/..//controller_msgs/include/controller_msgs/controller_msgs/msg/joint_cmd.h
[0.824s] -- Up-to-date: /home/jerry/limx_ws/install/robot_visualization/..//controller_msgs/share
[0.824s] -- Up-to-date: /home/jerry/limx_ws/install/robot_visualization/..//controller_msgs/share/colcon-core
[0.824s] -- Up-to-date: /home/jerry/limx_ws/install/robot_visualization/..//controller_msgs/share/colcon-core/packages
[0.825s] -- Up-to-date: /home/jerry/limx_ws/install/robot_visualization/..//controller_msgs/share/colcon-core/packages/controller_msgs
[0.825s] -- Up-to-date: /home/jerry/limx_ws/install/robot_visualization/..//controller_msgs/share/controller_msgs
[0.825s] -- Up-to-date: /home/jerry/limx_ws/install/robot_visualization/..//controller_msgs/share/controller_msgs/package.xml
[0.825s] -- Up-to-date: /home/jerry/limx_ws/install/robot_visualization/..//controller_msgs/share/controller_msgs/cmake
[0.825s] -- Up-to-date: /home/jerry/limx_ws/install/robot_visualization/..//controller_msgs/share/controller_msgs/cmake/export_controller_msgs__rosidl_typesupport_fastrtps_cExport.cmake
[0.825s] -- Up-to-date: /home/jerry/limx_ws/install/robot_visualization/..//controller_msgs/share/controller_msgs/cmake/rosidl_cmake_export_typesupport_targets-extras.cmake
[0.831s] -- Up-to-date: /home/jerry/limx_ws/install/robot_visualization/..//controller_msgs/share/controller_msgs/cmake/export_controller_msgs__rosidl_typesupport_fastrtps_cppExport.cmake
[0.832s] -- Up-to-date: /home/jerry/limx_ws/install/robot_visualization/..//controller_msgs/share/controller_msgs/cmake/export_controller_msgs__rosidl_generator_cppExport.cmake
[0.832s] -- Up-to-date: /home/jerry/limx_ws/install/robot_visualization/..//controller_msgs/share/controller_msgs/cmake/export_controller_msgs__rosidl_typesupport_fastrtps_cExport-release.cmake
[0.832s] -- Up-to-date: /home/jerry/limx_ws/install/robot_visualization/..//controller_msgs/share/controller_msgs/cmake/ament_cmake_export_libraries-extras.cmake
[0.833s] -- Up-to-date: /home/jerry/limx_ws/install/robot_visualization/..//controller_msgs/share/controller_msgs/cmake/export_controller_msgs__rosidl_generator_cExport-release.cmake
[0.833s] -- Up-to-date: /home/jerry/limx_ws/install/robot_visualization/..//controller_msgs/share/controller_msgs/cmake/ament_cmake_export_include_directories-extras.cmake
[0.834s] -- Up-to-date: /home/jerry/limx_ws/install/robot_visualization/..//controller_msgs/share/controller_msgs/cmake/export_controller_msgs__rosidl_generator_pyExport-release.cmake
[0.834s] -- Up-to-date: /home/jerry/limx_ws/install/robot_visualization/..//controller_msgs/share/controller_msgs/cmake/controller_msgs__rosidl_typesupport_introspection_cppExport.cmake
[0.835s] -- Up-to-date: /home/jerry/limx_ws/install/robot_visualization/..//controller_msgs/share/controller_msgs/cmake/rosidl_cmake_export_typesupport_libraries-extras.cmake
[0.836s] -- Up-to-date: /home/jerry/limx_ws/install/robot_visualization/..//controller_msgs/share/controller_msgs/cmake/controller_msgs__rosidl_typesupport_cppExport.cmake
[0.839s] -- Up-to-date: /home/jerry/limx_ws/install/robot_visualization/..//controller_msgs/share/controller_msgs/cmake/controller_msgs__rosidl_typesupport_introspection_cExport-release.cmake
[0.839s] -- Up-to-date: /home/jerry/limx_ws/install/robot_visualization/..//controller_msgs/share/controller_msgs/cmake/controller_msgs__rosidl_typesupport_cppExport-release.cmake
[0.840s] -- Up-to-date: /home/jerry/limx_ws/install/robot_visualization/..//controller_msgs/share/controller_msgs/cmake/export_controller_msgs__rosidl_typesupport_fastrtps_cppExport-release.cmake
[0.841s] -- Up-to-date: /home/jerry/limx_ws/install/robot_visualization/..//controller_msgs/share/controller_msgs/cmake/export_controller_msgs__rosidl_generator_cExport.cmake
[0.841s] -- Up-to-date: /home/jerry/limx_ws/install/robot_visualization/..//controller_msgs/share/controller_msgs/cmake/ament_cmake_export_targets-extras.cmake
[0.842s] -- Up-to-date: /home/jerry/limx_ws/install/robot_visualization/..//controller_msgs/share/controller_msgs/cmake/rosidl_cmake-extras.cmake
[0.843s] -- Up-to-date: /home/jerry/limx_ws/install/robot_visualization/..//controller_msgs/share/controller_msgs/cmake/controller_msgs__rosidl_typesupport_introspection_cExport.cmake
[0.844s] -- Up-to-date: /home/jerry/limx_ws/install/robot_visualization/..//controller_msgs/share/controller_msgs/cmake/ament_cmake_export_dependencies-extras.cmake
[0.844s] -- Up-to-date: /home/jerry/limx_ws/install/robot_visualization/..//controller_msgs/share/controller_msgs/cmake/controller_msgs__rosidl_typesupport_introspection_cppExport-release.cmake
[0.847s] -- Up-to-date: /home/jerry/limx_ws/install/robot_visualization/..//controller_msgs/share/controller_msgs/cmake/controller_msgs__rosidl_typesupport_cExport-release.cmake
[0.848s] -- Up-to-date: /home/jerry/limx_ws/install/robot_visualization/..//controller_msgs/share/controller_msgs/cmake/controller_msgsConfig-version.cmake
[0.848s] -- Up-to-date: /home/jerry/limx_ws/install/robot_visualization/..//controller_msgs/share/controller_msgs/cmake/controller_msgs__rosidl_typesupport_cExport.cmake
[0.850s] -- Up-to-date: /home/jerry/limx_ws/install/robot_visualization/..//controller_msgs/share/controller_msgs/cmake/controller_msgsConfig.cmake
[0.855s] -- Up-to-date: /home/jerry/limx_ws/install/robot_visualization/..//controller_msgs/share/controller_msgs/cmake/export_controller_msgs__rosidl_generator_pyExport.cmake
[0.855s] -- Up-to-date: /home/jerry/limx_ws/install/robot_visualization/..//controller_msgs/share/controller_msgs/local_setup.sh
[0.856s] -- Up-to-date: /home/jerry/limx_ws/install/robot_visualization/..//controller_msgs/share/controller_msgs/hook
[0.857s] -- Up-to-date: /home/jerry/limx_ws/install/robot_visualization/..//controller_msgs/share/controller_msgs/hook/ld_library_path_lib.ps1
[0.857s] -- Up-to-date: /home/jerry/limx_ws/install/robot_visualization/..//controller_msgs/share/controller_msgs/hook/cmake_prefix_path.sh
[0.857s] -- Up-to-date: /home/jerry/limx_ws/install/robot_visualization/..//controller_msgs/share/controller_msgs/hook/cmake_prefix_path.ps1
[0.858s] -- Up-to-date: /home/jerry/limx_ws/install/robot_visualization/..//controller_msgs/share/controller_msgs/hook/cmake_prefix_path.dsv
[0.858s] -- Up-to-date: /home/jerry/limx_ws/install/robot_visualization/..//controller_msgs/share/controller_msgs/hook/ld_library_path_lib.sh
[0.859s] -- Up-to-date: /home/jerry/limx_ws/install/robot_visualization/..//controller_msgs/share/controller_msgs/hook/ld_library_path_lib.dsv
[0.859s] -- Up-to-date: /home/jerry/limx_ws/install/robot_visualization/..//controller_msgs/share/controller_msgs/package.sh
[0.860s] -- Up-to-date: /home/jerry/limx_ws/install/robot_visualization/..//controller_msgs/share/controller_msgs/environment
[0.860s] -- Up-to-date: /home/jerry/limx_ws/install/robot_visualization/..//controller_msgs/share/controller_msgs/environment/pythonpath.dsv
[0.861s] -- Up-to-date: /home/jerry/limx_ws/install/robot_visualization/..//controller_msgs/share/controller_msgs/environment/library_path.dsv
[0.862s] -- Up-to-date: /home/jerry/limx_ws/install/robot_visualization/..//controller_msgs/share/controller_msgs/environment/pythonpath.sh
[0.863s] -- Up-to-date: /home/jerry/limx_ws/install/robot_visualization/..//controller_msgs/share/controller_msgs/environment/library_path.sh
[0.865s] -- Up-to-date: /home/jerry/limx_ws/install/robot_visualization/..//controller_msgs/share/controller_msgs/environment/path.dsv
[0.866s] -- Up-to-date: /home/jerry/limx_ws/install/robot_visualization/..//controller_msgs/share/controller_msgs/environment/path.sh
[0.867s] -- Up-to-date: /home/jerry/limx_ws/install/robot_visualization/..//controller_msgs/share/controller_msgs/environment/ament_prefix_path.sh
[0.868s] -- Up-to-date: /home/jerry/limx_ws/install/robot_visualization/..//controller_msgs/share/controller_msgs/environment/ament_prefix_path.dsv
[0.868s] -- Up-to-date: /home/jerry/limx_ws/install/robot_visualization/..//controller_msgs/share/controller_msgs/package.zsh
[0.869s] -- Up-to-date: /home/jerry/limx_ws/install/robot_visualization/..//controller_msgs/share/controller_msgs/local_setup.dsv
[0.869s] -- Up-to-date: /home/jerry/limx_ws/install/robot_visualization/..//controller_msgs/share/controller_msgs/package.bash
[0.870s] -- Up-to-date: /home/jerry/limx_ws/install/robot_visualization/..//controller_msgs/share/controller_msgs/package.ps1
[0.902s] -- Up-to-date: /home/jerry/limx_ws/install/robot_visualization/..//controller_msgs/share/controller_msgs/package.dsv
[0.902s] -- Up-to-date: /home/jerry/limx_ws/install/robot_visualization/..//controller_msgs/share/controller_msgs/local_setup.zsh
[0.905s] -- Up-to-date: /home/jerry/limx_ws/install/robot_visualization/..//controller_msgs/share/controller_msgs/msg
[0.905s] -- Up-to-date: /home/jerry/limx_ws/install/robot_visualization/..//controller_msgs/share/controller_msgs/msg/IMUData.idl
[0.905s] -- Up-to-date: /home/jerry/limx_ws/install/robot_visualization/..//controller_msgs/share/controller_msgs/msg/JointCmd.msg
[0.906s] -- Up-to-date: /home/jerry/limx_ws/install/robot_visualization/..//controller_msgs/share/controller_msgs/msg/JointCmd.idl
[0.906s] -- Up-to-date: /home/jerry/limx_ws/install/robot_visualization/..//controller_msgs/share/controller_msgs/msg/JointState.idl
[0.907s] -- Up-to-date: /home/jerry/limx_ws/install/robot_visualization/..//controller_msgs/share/controller_msgs/msg/IMUData.msg
[0.907s] -- Up-to-date: /home/jerry/limx_ws/install/robot_visualization/..//controller_msgs/share/controller_msgs/msg/JointState.msg
[0.908s] -- Up-to-date: /home/jerry/limx_ws/install/robot_visualization/..//controller_msgs/share/controller_msgs/local_setup.bash
[0.908s] -- Up-to-date: /home/jerry/limx_ws/install/robot_visualization/..//controller_msgs/share/ament_index
[0.909s] -- Up-to-date: /home/jerry/limx_ws/install/robot_visualization/..//controller_msgs/share/ament_index/resource_index
[0.909s] -- Up-to-date: /home/jerry/limx_ws/install/robot_visualization/..//controller_msgs/share/ament_index/resource_index/rosidl_interfaces
[0.910s] -- Up-to-date: /home/jerry/limx_ws/install/robot_visualization/..//controller_msgs/share/ament_index/resource_index/rosidl_interfaces/controller_msgs
[0.911s] -- Up-to-date: /home/jerry/limx_ws/install/robot_visualization/..//controller_msgs/share/ament_index/resource_index/packages
[0.911s] -- Up-to-date: /home/jerry/limx_ws/install/robot_visualization/..//controller_msgs/share/ament_index/resource_index/packages/controller_msgs
[0.911s] -- Up-to-date: /home/jerry/limx_ws/install/robot_visualization/..//controller_msgs/share/ament_index/resource_index/parent_prefix_path
[0.912s] -- Up-to-date: /home/jerry/limx_ws/install/robot_visualization/..//controller_msgs/share/ament_index/resource_index/parent_prefix_path/controller_msgs
[0.912s] -- Up-to-date: /home/jerry/limx_ws/install/robot_visualization/..//controller_msgs/share/ament_index/resource_index/package_run_dependencies
[0.912s] -- Up-to-date: /home/jerry/limx_ws/install/robot_visualization/..//controller_msgs/share/ament_index/resource_index/package_run_dependencies/controller_msgs
[0.913s] -- Up-to-date: /home/jerry/limx_ws/install/robot_visualization/..//controller_msgs/lib
[0.913s] -- Up-to-date: /home/jerry/limx_ws/install/robot_visualization/..//controller_msgs/lib/libcontroller_msgs__rosidl_generator_py.so
[0.913s] -- Up-to-date: /home/jerry/limx_ws/install/robot_visualization/..//controller_msgs/lib/libcontroller_msgs__rosidl_typesupport_c.so
[0.913s] -- Up-to-date: /home/jerry/limx_ws/install/robot_visualization/..//controller_msgs/lib/libcontroller_msgs__rosidl_typesupport_fastrtps_cpp.so
[0.913s] -- Up-to-date: /home/jerry/limx_ws/install/robot_visualization/..//controller_msgs/lib/libcontroller_msgs__rosidl_typesupport_cpp.so
[0.914s] -- Up-to-date: /home/jerry/limx_ws/install/robot_visualization/..//controller_msgs/lib/libcontroller_msgs__rosidl_generator_c.so
[0.930s] -- Up-to-date: /home/jerry/limx_ws/install/robot_visualization/..//controller_msgs/lib/libcontroller_msgs__rosidl_typesupport_introspection_c.so
[0.940s] -- Up-to-date: /home/jerry/limx_ws/install/robot_visualization/..//controller_msgs/lib/libcontroller_msgs__rosidl_typesupport_introspection_cpp.so
[0.941s] -- Up-to-date: /home/jerry/limx_ws/install/robot_visualization/..//controller_msgs/lib/libcontroller_msgs__rosidl_typesupport_fastrtps_c.so
[0.950s] -- Up-to-date: /home/jerry/limx_ws/install/robot_visualization/share/robot_visualization/launch
[0.953s] -- Up-to-date: /home/jerry/limx_ws/install/robot_visualization/share/robot_visualization/launch/pointfoot_rviz_hw.launch.py
[0.953s] -- Up-to-date: /home/jerry/limx_ws/install/robot_visualization/share/robot_visualization/launch/pointfoot_rviz_sim.launch.py
[0.954s] -- Up-to-date: /home/jerry/limx_ws/install/robot_visualization/share/robot_visualization/launch/pointfoot_plot_sim.launch.py
[0.954s] -- Up-to-date: /home/jerry/limx_ws/install/robot_visualization/share/robot_visualization/launch/pointfoot_plot_hw.launch.py
[0.954s] -- Up-to-date: /home/jerry/limx_ws/install/robot_visualization/share/robot_visualization/launch/rosbridger.launch.py
[0.955s] -- Up-to-date: /home/jerry/limx_ws/install/robot_visualization/share/robot_visualization/rviz
[0.956s] -- Up-to-date: /home/jerry/limx_ws/install/robot_visualization/share/robot_visualization/rviz/pointfoot.rviz
[0.956s] -- Up-to-date: /home/jerry/limx_ws/install/robot_visualization/../mrosbridger/lib/mrosbridger/mrosbridger
[0.957s] -- Up-to-date: /home/jerry/limx_ws/install/robot_visualization/../mrosbridger/bin/mrosbridger
[0.957s] -- Up-to-date: /home/jerry/limx_ws/install/robot_visualization/share/ament_index/resource_index/package_run_dependencies/robot_visualization
[0.963s] -- Up-to-date: /home/jerry/limx_ws/install/robot_visualization/share/ament_index/resource_index/parent_prefix_path/robot_visualization
[0.964s] -- Up-to-date: /home/jerry/limx_ws/install/robot_visualization/share/robot_visualization/environment/ament_prefix_path.sh
[0.972s] -- Up-to-date: /home/jerry/limx_ws/install/robot_visualization/share/robot_visualization/environment/ament_prefix_path.dsv
[0.973s] -- Up-to-date: /home/jerry/limx_ws/install/robot_visualization/share/robot_visualization/environment/path.sh
[0.975s] -- Up-to-date: /home/jerry/limx_ws/install/robot_visualization/share/robot_visualization/environment/path.dsv
[0.975s] -- Up-to-date: /home/jerry/limx_ws/install/robot_visualization/share/robot_visualization/local_setup.bash
[0.980s] -- Up-to-date: /home/jerry/limx_ws/install/robot_visualization/share/robot_visualization/local_setup.sh
[0.981s] -- Up-to-date: /home/jerry/limx_ws/install/robot_visualization/share/robot_visualization/local_setup.zsh
[0.985s] -- Up-to-date: /home/jerry/limx_ws/install/robot_visualization/share/robot_visualization/local_setup.dsv
[0.985s] -- Installing: /home/jerry/limx_ws/install/robot_visualization/share/robot_visualization/package.dsv
[0.986s] -- Up-to-date: /home/jerry/limx_ws/install/robot_visualization/share/ament_index/resource_index/packages/robot_visualization
[0.987s] -- Up-to-date: /home/jerry/limx_ws/install/robot_visualization/share/robot_visualization/cmake/robot_visualizationConfig.cmake
[0.988s] -- Up-to-date: /home/jerry/limx_ws/install/robot_visualization/share/robot_visualization/cmake/robot_visualizationConfig-version.cmake
[0.988s] -- Up-to-date: /home/jerry/limx_ws/install/robot_visualization/share/robot_visualization/package.xml
[1.046s] Invoked command in '/home/jerry/limx_ws/build/robot_visualization' returned '0': CMAKE_PREFIX_PATH=/home/jerry/limx_ws/install/scan_corrector:/opt/ros/humble:/home/jerry/limx_ws/install/robot_visualization:/home/jerry/limx_ws/install/robot_hw:/home/jerry/limx_ws/install/robot_description:/home/jerry/limx_ws/install/robot_controllers:/home/jerry/limx_ws/install/pointfoot_gazebo:/home/jerry/limx_ws/install/mrosbridger:/home/jerry/limx_ws/install/lslidar_driver:/home/jerry/limx_ws/install/lslidar_msgs:/home/jerry/limx_ws/install/limxsdk_sim:/home/jerry/limx_ws/install/limxsdk_lowlevel:/home/jerry/limx_ws/install/lidar_odometry_0:/home/jerry/limx_ws/install/lidar_odometry:/home/jerry/limx_ws/install/controller_msgs /usr/bin/cmake --install /home/jerry/limx_ws/build/robot_visualization
