[0.017s] Invoking command in '/home/jerry/limx_ws/build/pointfoot_gazebo': CMAKE_PREFIX_PATH=/home/jerry/limx_ws/install/limxsdk_sim:/home/jerry/limx_ws/install/robot_visualization:/home/jerry/limx_ws/install/robot_hw:/home/jerry/limx_ws/install/robot_description:/home/jerry/limx_ws/install/robot_controllers:/home/jerry/limx_ws/install/pointfoot_gazebo:/home/jerry/limx_ws/install/mrosbridger:/home/jerry/limx_ws/install/limxsdk_lowlevel:/home/jerry/limx_ws/install/lidar_odometry_0:/home/jerry/limx_ws/install/lidar_odometry:/home/jerry/limx_ws/install/controller_msgs:/opt/ros/humble LD_LIBRARY_PATH=/home/jerry/limx_ws/install/limxsdk_sim/lib:/home/jerry/limx_ws/install/robot_controllers/lib:/home/jerry/limx_ws/install/pointfoot_gazebo/lib:/home/jerry/limx_ws/install/mrosbridger/lib:/home/jerry/limx_ws/install/limxsdk_lowlevel/lib:/home/jerry/limx_ws/install/controller_msgs/lib:/usr/lib/x86_64-linux-gnu/gazebo-11/plugins:/opt/ros/humble/opt/rviz_ogre_vendor/lib:/opt/ros/humble/lib/x86_64-linux-gnu:/opt/ros/humble/lib:/usr/share/gazebo/../../lib/x86_64-linux-gnu/gazebo-11/plugins:/usr/share/gazebo/../../lib/x86_64-linux-gnu/gazebo-11/plugins:/usr/share/gazebo/../../lib/x86_64-linux-gnu/gazebo-11/plugins /usr/bin/cmake /home/jerry/limx_ws/src/tron1-gazebo-ros2/pointfoot_gazebo -DCMAKE_INSTALL_PREFIX=/home/jerry/limx_ws/install/pointfoot_gazebo
[0.088s] -- The C compiler identification is GNU 11.4.0
[0.147s] -- The CXX compiler identification is GNU 11.4.0
[0.161s] -- Detecting C compiler ABI info
[0.274s] -- Detecting C compiler ABI info - done
[0.279s] -- Check for working C compiler: /usr/bin/cc - skipped
[0.279s] -- Detecting C compile features
[0.279s] -- Detecting C compile features - done
[0.282s] -- Detecting CXX compiler ABI info
[0.391s] -- Detecting CXX compiler ABI info - done
[0.397s] -- Check for working CXX compiler: /usr/bin/c++ - skipped
[0.397s] -- Detecting CXX compile features
[0.397s] -- Detecting CXX compile features - done
[0.401s] -- Found ament_cmake: 1.3.12 (/opt/ros/humble/share/ament_cmake/cmake)
[0.538s] -- Found Python3: /usr/bin/python3 (found version "3.10.12") found components: Interpreter 
[0.638s] -- Found angles: 1.15.0 (/opt/ros/humble/share/angles/cmake)
[0.646s] -- Found gazebo_dev: 3.9.0 (/opt/ros/humble/share/gazebo_dev/cmake)
[0.672s] -- Found PkgConfig: /usr/bin/pkg-config (found version "0.29.2") 
[0.672s] -- Checking for module 'bullet>=2.82'
[0.697s] --   Found bullet, version 3.05
[0.924s] -- Found fcl: /usr/include (found suitable version "0.7.0", minimum required is "0.5.0") 
[1.026s] -- Found assimp: /usr/include (found version "5.2.0") 
[1.058s] -- Found DART: /usr/include (Required is at least version "6.6") found components: dart 
[1.323s] -- Found Boost: /usr/lib/x86_64-linux-gnu/cmake/Boost-1.74.0/BoostConfig.cmake (found suitable version "1.74.0", minimum required is "1.40.0") found components: thread system filesystem program_options regex iostreams date_time 
[1.360s] -- Found Protobuf: /usr/lib/x86_64-linux-gnu/libprotobuf.so (found version "3.12.4") 
[1.369s] -- Looking for ignition-math6 -- found version 6.15.1
[1.387s] -- Searching for dependencies of ignition-math6
[1.391s] -- Looking for OGRE...
[1.391s] -- OGRE_PREFIX_WATCH changed.
[1.397s] -- Checking for module 'OGRE'
[1.417s] --   Found OGRE, version 1.9.0
[1.467s] -- Found Ogre Ghadamon (1.9.0)
[1.478s] -- Found OGRE: optimized;/usr/lib/x86_64-linux-gnu/libOgreMain.so;debug;/usr/lib/x86_64-linux-gnu/libOgreMain.so
[1.485s] -- Looking for OGRE_Paging...
[1.491s] -- Found OGRE_Paging: optimized;/usr/lib/x86_64-linux-gnu/libOgrePaging.so;debug;/usr/lib/x86_64-linux-gnu/libOgrePaging.so
[1.491s] -- Looking for OGRE_Terrain...
[1.496s] -- Found OGRE_Terrain: optimized;/usr/lib/x86_64-linux-gnu/libOgreTerrain.so;debug;/usr/lib/x86_64-linux-gnu/libOgreTerrain.so
[1.496s] -- Looking for OGRE_Property...
[1.500s] -- Found OGRE_Property: optimized;/usr/lib/x86_64-linux-gnu/libOgreProperty.so;debug;/usr/lib/x86_64-linux-gnu/libOgreProperty.so
[1.500s] -- Looking for OGRE_RTShaderSystem...
[1.505s] -- Found OGRE_RTShaderSystem: optimized;/usr/lib/x86_64-linux-gnu/libOgreRTShaderSystem.so;debug;/usr/lib/x86_64-linux-gnu/libOgreRTShaderSystem.so
[1.505s] -- Looking for OGRE_Volume...
[1.509s] -- Found OGRE_Volume: optimized;/usr/lib/x86_64-linux-gnu/libOgreVolume.so;debug;/usr/lib/x86_64-linux-gnu/libOgreVolume.so
[1.509s] -- Looking for OGRE_Overlay...
[1.514s] -- Found OGRE_Overlay: optimized;/usr/lib/x86_64-linux-gnu/libOgreOverlay.so;debug;/usr/lib/x86_64-linux-gnu/libOgreOverlay.so
[1.625s] -- Looking for ignition-math6 -- found version 6.15.1
[1.630s] -- Looking for ignition-transport8 -- found version 8.2.1
[1.630s] -- Searching for dependencies of ignition-transport8
[1.649s] -- Found Protobuf: /usr/lib/x86_64-linux-gnu/libprotobuf.so (found suitable version "3.12.4", minimum required is "3") 
[1.660s] -- Config-file not installed for ZeroMQ -- checking for pkg-config
[1.666s] -- Checking for module 'libzmq >= 4'
[1.688s] --   Found libzmq , version 4.3.4
[1.736s] -- Found ZeroMQ: TRUE (Required is at least version "4") 
[1.744s] -- Checking for module 'uuid'
[1.762s] --   Found uuid, version 2.37.2
[1.810s] -- Found UUID: TRUE  
[1.816s] -- Looking for ignition-msgs5 -- found version 5.8.1
[1.819s] -- Searching for dependencies of ignition-msgs5
[1.839s] -- Looking for ignition-math6 -- found version 6.15.1
[1.847s] -- Checking for module 'tinyxml2'
[1.864s] --   Found tinyxml2, version 9.0.0
[1.917s] -- Looking for ignition-msgs5 -- found version 5.8.1
[1.922s] -- Looking for ignition-common3 -- found version 3.14.0
[1.922s] -- Searching for dependencies of ignition-common3
[1.923s] -- Looking for dlfcn.h - found
[1.924s] -- Looking for libdl - found
[1.926s] -- Found DL: TRUE  
[1.941s] -- Found tinyobjloader: /usr/lib/x86_64-linux-gnu/cmake/tinyobjloader/tinyobjloader-config.cmake (found version "2.0.0") 
[1.943s] -- Searching for <ignition-common3> component [graphics]
[1.946s] -- Looking for ignition-common3-graphics -- found version 3.14.0
[1.947s] -- Searching for dependencies of ignition-common3-graphics
[1.947s] -- Looking for ignition-math6 -- found version 6.15.1
[1.954s] -- Looking for ignition-fuel_tools4 -- found version 4.4.0
[1.954s] -- Searching for dependencies of ignition-fuel_tools4
[2.069s] -- Found CURL: /usr/lib/x86_64-linux-gnu/libcurl.so (found version "7.81.0")  
[2.083s] -- Checking for module 'jsoncpp'
[2.101s] --   Found jsoncpp, version 1.9.5
[2.156s] -- Found JSONCPP: TRUE  
[2.166s] -- Checking for module 'libzip'
[2.186s] --   Found libzip, version 1.7.3
[2.243s] -- Found ZIP: TRUE  
[2.244s] -- Looking for ignition-common3 -- found version 3.14.0
[2.244s] -- Looking for ignition-math6 -- found version 6.15.1
[2.244s] -- Looking for ignition-msgs5 -- found version 5.8.1
[2.251s] -- Gazebo version: 11.10
[2.252s] -- Checking for module 'tbb'
[2.277s] --   Found tbb, version 2021.5.0
[2.336s] -- Found hardware_interface: 2.53.0 (/opt/ros/humble/share/hardware_interface/cmake)
[2.386s] -- Found rosidl_generator_c: 3.1.8 (/opt/ros/humble/share/rosidl_generator_c/cmake)
[2.392s] -- Found rosidl_adapter: 3.1.8 (/opt/ros/humble/share/rosidl_adapter/cmake)
[2.402s] -- Found rosidl_generator_cpp: 3.1.8 (/opt/ros/humble/share/rosidl_generator_cpp/cmake)
[2.414s] -- Using all available rosidl_typesupport_c: rosidl_typesupport_fastrtps_c;rosidl_typesupport_introspection_c
[2.432s] -- Using all available rosidl_typesupport_cpp: rosidl_typesupport_fastrtps_cpp;rosidl_typesupport_introspection_cpp
[2.682s] -- Found rmw_implementation_cmake: 6.1.2 (/opt/ros/humble/share/rmw_implementation_cmake/cmake)
[2.686s] -- Found rmw_fastrtps_cpp: 6.2.9 (/opt/ros/humble/share/rmw_fastrtps_cpp/cmake)
[2.707s] -- Found TinyXML2 via Config file: TinyXML2_DIR-NOTFOUND
[2.785s] -- Found OpenSSL: /usr/lib/x86_64-linux-gnu/libcrypto.so (found version "3.0.2")  
[2.787s] -- Found TinyXML2 via Config file: TinyXML2_DIR-NOTFOUND
[2.802s] -- Found FastRTPS: /opt/ros/humble/include  
[2.804s] -- Found TinyXML2 via Config file: TinyXML2_DIR-NOTFOUND
[2.813s] -- Found TinyXML2 via Config file: TinyXML2_DIR-NOTFOUND
[2.824s] -- Using RMW implementation 'rmw_fastrtps_cpp' as default
[2.835s] -- Found Threads: TRUE  
[2.889s] -- Found realtime_tools: 2.15.0 (/opt/ros/humble/share/realtime_tools/cmake)
[2.913s] -- Found gazebo_ros2_control: 0.4.10 (/opt/ros/humble/share/gazebo_ros2_control/cmake)
[2.974s] -- Found limxsdk_sim: 0.0.0 (/home/jerry/limx_ws/install/limxsdk_sim/share/limxsdk_sim/cmake)
[2.990s] -- Found ament_lint_auto: 0.12.14 (/opt/ros/humble/share/ament_lint_auto/cmake)
[3.084s] -- Added test 'copyright' to check source files copyright and LICENSE
[3.086s] -- Added test 'cppcheck' to perform static code analysis on C / C++ code
[3.086s] -- Configured cppcheck include dirs: /home/jerry/limx_ws/src/tron1-gazebo-ros2/pointfoot_gazebo/include
[3.086s] -- Configured cppcheck exclude dirs and/or files: 
[3.088s] -- Added test 'cpplint' to check C / C++ code against the Google style
[3.088s] -- Configured cpplint exclude dirs and/or files: 
[3.089s] -- Added test 'flake8' to check Python code syntax and style conventions
[3.091s] -- Added test 'lint_cmake' to check CMake code style
[3.091s] -- Added test 'pep257' to check Python code against some of the docstring style conventions in PEP 257
[3.094s] -- Added test 'uncrustify' to check C / C++ code style
[3.094s] -- Configured uncrustify additional arguments: 
[3.095s] -- Added test 'xmllint' to check XML markup files
[3.098s] -- Configuring done
[3.134s] -- Generating done
[3.140s] -- Build files have been written to: /home/jerry/limx_ws/build/pointfoot_gazebo
[3.159s] Invoked command in '/home/jerry/limx_ws/build/pointfoot_gazebo' returned '0': CMAKE_PREFIX_PATH=/home/jerry/limx_ws/install/limxsdk_sim:/home/jerry/limx_ws/install/robot_visualization:/home/jerry/limx_ws/install/robot_hw:/home/jerry/limx_ws/install/robot_description:/home/jerry/limx_ws/install/robot_controllers:/home/jerry/limx_ws/install/pointfoot_gazebo:/home/jerry/limx_ws/install/mrosbridger:/home/jerry/limx_ws/install/limxsdk_lowlevel:/home/jerry/limx_ws/install/lidar_odometry_0:/home/jerry/limx_ws/install/lidar_odometry:/home/jerry/limx_ws/install/controller_msgs:/opt/ros/humble LD_LIBRARY_PATH=/home/jerry/limx_ws/install/limxsdk_sim/lib:/home/jerry/limx_ws/install/robot_controllers/lib:/home/jerry/limx_ws/install/pointfoot_gazebo/lib:/home/jerry/limx_ws/install/mrosbridger/lib:/home/jerry/limx_ws/install/limxsdk_lowlevel/lib:/home/jerry/limx_ws/install/controller_msgs/lib:/usr/lib/x86_64-linux-gnu/gazebo-11/plugins:/opt/ros/humble/opt/rviz_ogre_vendor/lib:/opt/ros/humble/lib/x86_64-linux-gnu:/opt/ros/humble/lib:/usr/share/gazebo/../../lib/x86_64-linux-gnu/gazebo-11/plugins:/usr/share/gazebo/../../lib/x86_64-linux-gnu/gazebo-11/plugins:/usr/share/gazebo/../../lib/x86_64-linux-gnu/gazebo-11/plugins /usr/bin/cmake /home/jerry/limx_ws/src/tron1-gazebo-ros2/pointfoot_gazebo -DCMAKE_INSTALL_PREFIX=/home/jerry/limx_ws/install/pointfoot_gazebo
[3.160s] Invoking command in '/home/jerry/limx_ws/build/pointfoot_gazebo': CMAKE_PREFIX_PATH=/home/jerry/limx_ws/install/limxsdk_sim:/home/jerry/limx_ws/install/robot_visualization:/home/jerry/limx_ws/install/robot_hw:/home/jerry/limx_ws/install/robot_description:/home/jerry/limx_ws/install/robot_controllers:/home/jerry/limx_ws/install/pointfoot_gazebo:/home/jerry/limx_ws/install/mrosbridger:/home/jerry/limx_ws/install/limxsdk_lowlevel:/home/jerry/limx_ws/install/lidar_odometry_0:/home/jerry/limx_ws/install/lidar_odometry:/home/jerry/limx_ws/install/controller_msgs:/opt/ros/humble LD_LIBRARY_PATH=/home/jerry/limx_ws/install/limxsdk_sim/lib:/home/jerry/limx_ws/install/robot_controllers/lib:/home/jerry/limx_ws/install/pointfoot_gazebo/lib:/home/jerry/limx_ws/install/mrosbridger/lib:/home/jerry/limx_ws/install/limxsdk_lowlevel/lib:/home/jerry/limx_ws/install/controller_msgs/lib:/usr/lib/x86_64-linux-gnu/gazebo-11/plugins:/opt/ros/humble/opt/rviz_ogre_vendor/lib:/opt/ros/humble/lib/x86_64-linux-gnu:/opt/ros/humble/lib:/usr/share/gazebo/../../lib/x86_64-linux-gnu/gazebo-11/plugins:/usr/share/gazebo/../../lib/x86_64-linux-gnu/gazebo-11/plugins:/usr/share/gazebo/../../lib/x86_64-linux-gnu/gazebo-11/plugins /usr/bin/cmake --build /home/jerry/limx_ws/build/pointfoot_gazebo -- -j8 -l8
[3.229s] [ 50%] [32mBuilding CXX object CMakeFiles/poinfoot_gazebo_hardware_plugin.dir/src/PointFootHWSim.cpp.o[0m
