[0.032s] Invoking command in '/home/jerry/limx_ws/build/lidar_odometry': CMAKE_PREFIX_PATH=/opt/ros/humble:${CMAKE_PREFIX_PATH} /usr/bin/cmake --build /home/jerry/limx_ws/build/lidar_odometry -- -j8 -l8
[0.116s] [35m[1mConsolidate compiler generated dependencies of target lidar_odometry_node[0m
[0.186s] [ 40%] Built target scan_corrector_node
[0.190s] [ 60%] [32mBuilding CXX object CMakeFiles/lidar_odometry_node.dir/src/lidar_odometry.cpp.o[0m
[5.014s] In file included from [01m[K/opt/ros/humble/include/rclcpp/rclcpp/client.hpp:40[m[K,
[5.014s]                  from [01m[K/opt/ros/humble/include/rclcpp/rclcpp/callback_group.hpp:24[m[K,
[5.014s]                  from [01m[K/opt/ros/humble/include/rclcpp/rclcpp/any_executable.hpp:20[m[K,
[5.014s]                  from [01m[K/opt/ros/humble/include/rclcpp/rclcpp/memory_strategy.hpp:25[m[K,
[5.014s]                  from [01m[K/opt/ros/humble/include/rclcpp/rclcpp/memory_strategies.hpp:18[m[K,
[5.014s]                  from [01m[K/opt/ros/humble/include/rclcpp/rclcpp/executor_options.hpp:20[m[K,
[5.014s]                  from [01m[K/opt/ros/humble/include/rclcpp/rclcpp/executor.hpp:37[m[K,
[5.014s]                  from [01m[K/opt/ros/humble/include/rclcpp/rclcpp/executors/multi_threaded_executor.hpp:25[m[K,
[5.014s]                  from [01m[K/opt/ros/humble/include/rclcpp/rclcpp/executors.hpp:21[m[K,
[5.014s]                  from [01m[K/opt/ros/humble/include/rclcpp/rclcpp/rclcpp.hpp:155[m[K,
[5.014s]                  from [01m[K/opt/ros/humble/include/pcl_conversions/pcl_conversions/pcl_conversions.h:43[m[K,
[5.014s]                  from [01m[K/home/jerry/limx_ws/src/lidar_odometry/include/lidar_odometry/utils.hpp:11[m[K,
[5.014s]                  from [01m[K/home/jerry/limx_ws/src/lidar_odometry/include/lidar_odometry/lidar_odometry.hpp:7[m[K,
[5.014s]                  from [01m[K/home/jerry/limx_ws/src/lidar_odometry/src/lidar_odometry.cpp:1[m[K:
[5.014s] [01m[K/home/jerry/limx_ws/src/lidar_odometry/src/lidar_odometry.cpp:[m[K In member function ‘[01m[Kvoid LidarOdometry::process_scan_data(ScanDataPtr)[m[K’:
[5.014s] [01m[K/home/jerry/limx_ws/src/lidar_odometry/src/lidar_odometry.cpp:82:40:[m[K [01;31m[Kerror: [m[K‘[01m[Klidar_odometry[m[K’ was not declared in this scope; did you mean ‘[01m[KLidarOdometry[m[K’?
[5.014s]    82 |         RCLCPP_INFO(rclcpp::get_logger([01;31m[Klidar_odometry[m[K), "Voxel后: Source大小=%zu, Target大小=%zu", source_filtered->size(), target_filtered->size());
[5.014s]       |                                        [01;31m[K^~~~~~~~~~~~~~[m[K
[5.014s] [01m[K/home/jerry/limx_ws/src/lidar_odometry/src/lidar_odometry.cpp:82:9:[m[K [01;31m[Kerror: [m[Ktemplate argument 1 is invalid
[5.014s]    82 |         [01;31m[KRCLCPP_INFO[m[K(rclcpp::get_logger(lidar_odometry), "Voxel后: Source大小=%zu, Target大小=%zu", source_filtered->size(), target_filtered->size());
[5.014s]       |         [01;31m[K^~~~~~~~~~~[m[K
[5.020s] [01m[K/home/jerry/limx_ws/src/lidar_odometry/src/lidar_odometry.cpp:94:40:[m[K [01;31m[Kerror: [m[K‘[01m[Klidar_odometry[m[K’ was not declared in this scope; did you mean ‘[01m[KLidarOdometry[m[K’?
[5.020s]    94 |         RCLCPP_INFO(rclcpp::get_logger([01;31m[Klidar_odometry[m[K), "SOR后: Source大小=%zu, Target大小=%zu", source_filtered->size(), target_filtered->size());
[5.020s]       |                                        [01;31m[K^~~~~~~~~~~~~~[m[K
[5.020s] [01m[K/home/jerry/limx_ws/src/lidar_odometry/src/lidar_odometry.cpp:94:9:[m[K [01;31m[Kerror: [m[Ktemplate argument 1 is invalid
[5.020s]    94 |         [01;31m[KRCLCPP_INFO[m[K(rclcpp::get_logger(lidar_odometry), "SOR后: Source大小=%zu, Target大小=%zu", source_filtered->size(), target_filtered->size());
[5.021s]       |         [01;31m[K^~~~~~~~~~~[m[K
[5.026s] [01m[K/home/jerry/limx_ws/src/lidar_odometry/src/lidar_odometry.cpp:98:44:[m[K [01;31m[Kerror: [m[K‘[01m[Klidar_odometry[m[K’ was not declared in this scope; did you mean ‘[01m[KLidarOdometry[m[K’?
[5.027s]    98 |             RCLCPP_WARN(rclcpp::get_logger([01;31m[Klidar_odometry[m[K), "过滤后点云为空！跳过本帧。");
[5.027s]       |                                            [01;31m[K^~~~~~~~~~~~~~[m[K
[5.027s] [01m[K/home/jerry/limx_ws/src/lidar_odometry/src/lidar_odometry.cpp:98:13:[m[K [01;31m[Kerror: [m[Ktemplate argument 1 is invalid
[5.027s]    98 |             [01;31m[KRCLCPP_WARN[m[K(rclcpp::get_logger(lidar_odometry), "过滤后点云为空！跳过本帧。");
[5.027s]       |             [01;31m[K^~~~~~~~~~~[m[K
[10.058s] gmake[2]: *** [CMakeFiles/lidar_odometry_node.dir/build.make:90: CMakeFiles/lidar_odometry_node.dir/src/lidar_odometry.cpp.o] Error 1
[10.058s] gmake[1]: *** [CMakeFiles/Makefile2:139: CMakeFiles/lidar_odometry_node.dir/all] Error 2
[10.058s] gmake: *** [Makefile:146: all] Error 2
[10.061s] Invoked command in '/home/jerry/limx_ws/build/lidar_odometry' returned '2': CMAKE_PREFIX_PATH=/opt/ros/humble:${CMAKE_PREFIX_PATH} /usr/bin/cmake --build /home/jerry/limx_ws/build/lidar_odometry -- -j8 -l8
