[0.023s] Invoking command in '/home/jerry/limx_ws/build/lidar_odometry_0': CMAKE_PREFIX_PATH=${CMAKE_PREFIX_PATH}:/opt/ros/humble /usr/bin/cmake --build /home/jerry/limx_ws/build/lidar_odometry_0 -- -j8 -l8
[0.088s] [35m[1mConsolidate compiler generated dependencies of target lidar_odometry_node_0[0m
[0.145s] [ 33%] [32mBuilding CXX object CMakeFiles/lidar_odometry_node_0.dir/src/lidar_odometry_node_0.cpp.o[0m
[0.146s] [ 66%] [32mBuilding CXX object CMakeFiles/lidar_odometry_node_0.dir/src/lidar_odometry_0.cpp.o[0m
[5.470s] [01m[K/home/jerry/limx_ws/src/lidar_odometry_0/src/lidar_odometry_0.cpp:[m[K In function ‘[01m[KEigen::Matrix4d get_transform_matrix(pcl::PointCloud<pcl::PointXYZ>::Ptr, pcl::PointCloud<pcl::PointXYZ>::Ptr)[m[K’:
[5.470s] [01m[K/home/jerry/limx_ws/src/lidar_odometry_0/src/lidar_odometry_0.cpp:186:5:[m[K [01;31m[Kerror: [m[K‘[01m[Kgicp[m[K’ was not declared in this scope
[5.470s]   186 |     [01;31m[Kgicp[m[K->setInputSource(source);
[5.470s]       |     [01;31m[K^~~~[m[K
[5.471s] [01m[K/home/jerry/limx_ws/src/lidar_odometry_0/src/lidar_odometry_0.cpp:190:48:[m[K [01;31m[Kerror: [m[Kexpected primary-expression before ‘[01m[Kdouble[m[K’
[5.471s]   190 |     return gicp->getFinalTransformation().cast<[01;31m[Kdouble[m[K>();
[5.471s]       |                                                [01;31m[K^~~~~~[m[K
[5.471s] [01m[K/home/jerry/limx_ws/src/lidar_odometry_0/src/lidar_odometry_0.cpp:190:48:[m[K [01;31m[Kerror: [m[Kexpected ‘[01m[K;[m[K’ before ‘[01m[Kdouble[m[K’
[5.471s]   190 |     return gicp->getFinalTransformation().cast<[01;31m[Kd[m[K[32m[Kouble[m[K>();
[5.471s]       |                                                [01;31m[K^[m[K[32m[K~~~~~[m[K
[5.471s]       |                                                [32m[K;[m[K
[5.471s] [01m[K/home/jerry/limx_ws/src/lidar_odometry_0/src/lidar_odometry_0.cpp:190:54:[m[K [01;31m[Kerror: [m[Kexpected unqualified-id before ‘[01m[K>[m[K’ token
[5.471s]   190 |     return gicp->getFinalTransformation().cast<double[01;31m[K>[m[K();
[5.471s]       |                                                      [01;31m[K^[m[K
[7.718s] gmake[2]: *** [CMakeFiles/lidar_odometry_node_0.dir/build.make:90: CMakeFiles/lidar_odometry_node_0.dir/src/lidar_odometry_0.cpp.o] Error 1
[7.718s] gmake[2]: *** Waiting for unfinished jobs....
[11.847s] gmake[1]: *** [CMakeFiles/Makefile2:137: CMakeFiles/lidar_odometry_node_0.dir/all] Error 2
[11.847s] gmake: *** [Makefile:146: all] Error 2
[11.850s] Invoked command in '/home/jerry/limx_ws/build/lidar_odometry_0' returned '2': CMAKE_PREFIX_PATH=${CMAKE_PREFIX_PATH}:/opt/ros/humble /usr/bin/cmake --build /home/jerry/limx_ws/build/lidar_odometry_0 -- -j8 -l8
