[0.011s] Invoking command in '/home/jerry/limx_ws/build/robot_controllers': CMAKE_PREFIX_PATH=/home/jerry/limx_ws/install/limxsdk_lowlevel:/home/jerry/limx_ws/install/robot_visualization:/home/jerry/limx_ws/install/robot_hw:/home/jerry/limx_ws/install/robot_description:/home/jerry/limx_ws/install/robot_controllers:/home/jerry/limx_ws/install/pointfoot_gazebo:/home/jerry/limx_ws/install/mrosbridger:/home/jerry/limx_ws/install/limxsdk_sim:/home/jerry/limx_ws/install/lidar_odometry_0:/home/jerry/limx_ws/install/lidar_odometry:/home/jerry/limx_ws/install/controller_msgs:/opt/ros/humble LD_LIBRARY_PATH=/home/jerry/limx_ws/install/limxsdk_lowlevel/lib:/home/jerry/limx_ws/install/robot_controllers/lib:/home/jerry/limx_ws/install/pointfoot_gazebo/lib:/home/jerry/limx_ws/install/mrosbridger/lib:/home/jerry/limx_ws/install/limxsdk_sim/lib:/home/jerry/limx_ws/install/controller_msgs/lib:/usr/lib/x86_64-linux-gnu/gazebo-11/plugins:/opt/ros/humble/opt/rviz_ogre_vendor/lib:/opt/ros/humble/lib/x86_64-linux-gnu:/opt/ros/humble/lib:/usr/share/gazebo/../../lib/x86_64-linux-gnu/gazebo-11/plugins:/usr/share/gazebo/../../lib/x86_64-linux-gnu/gazebo-11/plugins:/usr/share/gazebo/../../lib/x86_64-linux-gnu/gazebo-11/plugins /usr/bin/cmake /home/jerry/limx_ws/src/tron1-rl-deploy-ros2/robot_controllers -DCMAKE_INSTALL_PREFIX=/home/jerry/limx_ws/install/robot_controllers
[0.077s] -- The C compiler identification is GNU 11.4.0
[0.136s] -- The CXX compiler identification is GNU 11.4.0
[0.142s] -- Detecting C compiler ABI info
[0.230s] -- Detecting C compiler ABI info - done
[0.236s] -- Check for working C compiler: /usr/bin/cc - skipped
[0.236s] -- Detecting C compile features
[0.236s] -- Detecting C compile features - done
[0.238s] -- Detecting CXX compiler ABI info
[0.332s] -- Detecting CXX compiler ABI info - done
[0.337s] -- Check for working CXX compiler: /usr/bin/c++ - skipped
[0.337s] -- Detecting CXX compile features
[0.337s] -- Detecting CXX compile features - done
[0.340s] -- Found ament_cmake: 1.3.12 (/opt/ros/humble/share/ament_cmake/cmake)
[0.494s] -- Found Python3: /usr/bin/python3 (found version "3.10.12") found components: Interpreter 
[0.586s] -- Found ament_index_cpp: 1.4.0 (/opt/ros/humble/share/ament_index_cpp/cmake)
[0.589s] -- Found controller_interface: 2.53.0 (/opt/ros/humble/share/controller_interface/cmake)
[0.635s] -- Found rosidl_generator_c: 3.1.8 (/opt/ros/humble/share/rosidl_generator_c/cmake)
[0.642s] -- Found rosidl_adapter: 3.1.8 (/opt/ros/humble/share/rosidl_adapter/cmake)
[0.649s] -- Found rosidl_generator_cpp: 3.1.8 (/opt/ros/humble/share/rosidl_generator_cpp/cmake)
[0.661s] -- Using all available rosidl_typesupport_c: rosidl_typesupport_fastrtps_c;rosidl_typesupport_introspection_c
[0.676s] -- Using all available rosidl_typesupport_cpp: rosidl_typesupport_fastrtps_cpp;rosidl_typesupport_introspection_cpp
[0.884s] -- Found rmw_implementation_cmake: 6.1.2 (/opt/ros/humble/share/rmw_implementation_cmake/cmake)
[0.887s] -- Found rmw_fastrtps_cpp: 6.2.9 (/opt/ros/humble/share/rmw_fastrtps_cpp/cmake)
[0.909s] -- Found TinyXML2 via Config file: TinyXML2_DIR-NOTFOUND
[0.985s] -- Found OpenSSL: /usr/lib/x86_64-linux-gnu/libcrypto.so (found version "3.0.2")  
[0.987s] -- Found TinyXML2 via Config file: TinyXML2_DIR-NOTFOUND
[1.001s] -- Found FastRTPS: /opt/ros/humble/include  
[1.004s] -- Found TinyXML2 via Config file: TinyXML2_DIR-NOTFOUND
[1.012s] -- Found TinyXML2 via Config file: TinyXML2_DIR-NOTFOUND
[1.023s] -- Using RMW implementation 'rmw_fastrtps_cpp' as default
[1.032s] -- Looking for pthread.h
[1.125s] -- Looking for pthread.h - found
[1.125s] -- Performing Test CMAKE_HAVE_LIBC_PTHREAD
[1.222s] -- Performing Test CMAKE_HAVE_LIBC_PTHREAD - Success
[1.223s] -- Found Threads: TRUE  
[1.262s] -- Found realtime_tools: 2.15.0 (/opt/ros/humble/share/realtime_tools/cmake)
[1.280s] -- Found urdf: 2.6.1 (/opt/ros/humble/share/urdf/cmake)
[1.288s] -- Found limxsdk_lowlevel: 0.0.0 (/home/jerry/limx_ws/install/limxsdk_lowlevel/share/limxsdk_lowlevel/cmake)
[1.345s] -- Configuring done
[1.362s] -- Generating done
[1.366s] -- Build files have been written to: /home/jerry/limx_ws/build/robot_controllers
[1.380s] Invoked command in '/home/jerry/limx_ws/build/robot_controllers' returned '0': CMAKE_PREFIX_PATH=/home/jerry/limx_ws/install/limxsdk_lowlevel:/home/jerry/limx_ws/install/robot_visualization:/home/jerry/limx_ws/install/robot_hw:/home/jerry/limx_ws/install/robot_description:/home/jerry/limx_ws/install/robot_controllers:/home/jerry/limx_ws/install/pointfoot_gazebo:/home/jerry/limx_ws/install/mrosbridger:/home/jerry/limx_ws/install/limxsdk_sim:/home/jerry/limx_ws/install/lidar_odometry_0:/home/jerry/limx_ws/install/lidar_odometry:/home/jerry/limx_ws/install/controller_msgs:/opt/ros/humble LD_LIBRARY_PATH=/home/jerry/limx_ws/install/limxsdk_lowlevel/lib:/home/jerry/limx_ws/install/robot_controllers/lib:/home/jerry/limx_ws/install/pointfoot_gazebo/lib:/home/jerry/limx_ws/install/mrosbridger/lib:/home/jerry/limx_ws/install/limxsdk_sim/lib:/home/jerry/limx_ws/install/controller_msgs/lib:/usr/lib/x86_64-linux-gnu/gazebo-11/plugins:/opt/ros/humble/opt/rviz_ogre_vendor/lib:/opt/ros/humble/lib/x86_64-linux-gnu:/opt/ros/humble/lib:/usr/share/gazebo/../../lib/x86_64-linux-gnu/gazebo-11/plugins:/usr/share/gazebo/../../lib/x86_64-linux-gnu/gazebo-11/plugins:/usr/share/gazebo/../../lib/x86_64-linux-gnu/gazebo-11/plugins /usr/bin/cmake /home/jerry/limx_ws/src/tron1-rl-deploy-ros2/robot_controllers -DCMAKE_INSTALL_PREFIX=/home/jerry/limx_ws/install/robot_controllers
[1.382s] Invoking command in '/home/jerry/limx_ws/build/robot_controllers': CMAKE_PREFIX_PATH=/home/jerry/limx_ws/install/limxsdk_lowlevel:/home/jerry/limx_ws/install/robot_visualization:/home/jerry/limx_ws/install/robot_hw:/home/jerry/limx_ws/install/robot_description:/home/jerry/limx_ws/install/robot_controllers:/home/jerry/limx_ws/install/pointfoot_gazebo:/home/jerry/limx_ws/install/mrosbridger:/home/jerry/limx_ws/install/limxsdk_sim:/home/jerry/limx_ws/install/lidar_odometry_0:/home/jerry/limx_ws/install/lidar_odometry:/home/jerry/limx_ws/install/controller_msgs:/opt/ros/humble LD_LIBRARY_PATH=/home/jerry/limx_ws/install/limxsdk_lowlevel/lib:/home/jerry/limx_ws/install/robot_controllers/lib:/home/jerry/limx_ws/install/pointfoot_gazebo/lib:/home/jerry/limx_ws/install/mrosbridger/lib:/home/jerry/limx_ws/install/limxsdk_sim/lib:/home/jerry/limx_ws/install/controller_msgs/lib:/usr/lib/x86_64-linux-gnu/gazebo-11/plugins:/opt/ros/humble/opt/rviz_ogre_vendor/lib:/opt/ros/humble/lib/x86_64-linux-gnu:/opt/ros/humble/lib:/usr/share/gazebo/../../lib/x86_64-linux-gnu/gazebo-11/plugins:/usr/share/gazebo/../../lib/x86_64-linux-gnu/gazebo-11/plugins:/usr/share/gazebo/../../lib/x86_64-linux-gnu/gazebo-11/plugins /usr/bin/cmake --build /home/jerry/limx_ws/build/robot_controllers -- -j8 -l8
[1.444s] [ 20%] [32mBuilding CXX object CMakeFiles/robot_controllers.dir/src/ControllerBase.cpp.o[0m
[1.444s] [ 40%] [32mBuilding CXX object CMakeFiles/robot_controllers.dir/src/PointfootController.cpp.o[0m
[1.445s] [ 60%] [32mBuilding CXX object CMakeFiles/robot_controllers.dir/src/SolefootController.cpp.o[0m
[1.450s] [ 80%] [32mBuilding CXX object CMakeFiles/robot_controllers.dir/src/WheelfootController.cpp.o[0m
[8.102s] [01m[K/home/jerry/limx_ws/src/tron1-rl-deploy-ros2/robot_controllers/src/ControllerBase.cpp:[m[K In member function ‘[01m[Kvirtual rclcpp_lifecycle::node_interfaces::LifecycleNodeInterface::CallbackReturn robot_controllers::ControllerBase::on_activate(const rclcpp_lifecycle::State&)[m[K’:
[8.103s] [01m[K/home/jerry/limx_ws/src/tron1-rl-deploy-ros2/robot_controllers/src/ControllerBase.cpp:113:52:[m[K [01;35m[Kwarning: [m[K‘[01m[Kconst string hardware_interface::LoanedCommandInterface::get_full_name() const[m[K’ is deprecated: Replaced by get_name method, which is semantically more correct [[01;35m[K]8;;https://gcc.gnu.org/onlinedocs/gcc/Warning-Options.html#index-Wdeprecated-declarations-Wdeprecated-declarations]8;;[m[K]
[8.103s]   113 |     command_interfaces_map_[[01;35m[Kinterface.get_full_name()[m[K] = &interface;
[8.103s]       |                             [01;35m[K~~~~~~~~~~~~~~~~~~~~~~~^~[m[K
[8.103s] In file included from [01m[K/home/jerry/limx_ws/src/tron1-rl-deploy-ros2/robot_controllers/include/robot_controllers/ControllerBase.h:28[m[K,
[8.103s]                  from [01m[K/home/jerry/limx_ws/src/tron1-rl-deploy-ros2/robot_controllers/src/ControllerBase.cpp:5[m[K:
[8.103s] [01m[K/opt/ros/humble/include/hardware_interface/hardware_interface/loaned_command_interface.hpp:59:3:[m[K [01;36m[Knote: [m[Kdeclared here
[8.103s]    59 |   [01;36m[Kget_full_name[m[K() const
[8.103s]       |   [01;36m[K^~~~~~~~~~~~~[m[K
[8.103s] [01m[K/home/jerry/limx_ws/src/tron1-rl-deploy-ros2/robot_controllers/src/ControllerBase.cpp:116:50:[m[K [01;35m[Kwarning: [m[K‘[01m[Kconst string hardware_interface::LoanedStateInterface::get_full_name() const[m[K’ is deprecated: Replaced by get_name method, which is semantically more correct [[01;35m[K]8;;https://gcc.gnu.org/onlinedocs/gcc/Warning-Options.html#index-Wdeprecated-declarations-Wdeprecated-declarations]8;;[m[K]
[8.103s]   116 |     state_interfaces_map_[[01;35m[Kinterface.get_full_name()[m[K] = &interface;
[8.103s]       |                           [01;35m[K~~~~~~~~~~~~~~~~~~~~~~~^~[m[K
[8.103s] In file included from [01m[K/home/jerry/limx_ws/src/tron1-rl-deploy-ros2/robot_controllers/include/robot_controllers/ControllerBase.h:29[m[K,
[8.103s]                  from [01m[K/home/jerry/limx_ws/src/tron1-rl-deploy-ros2/robot_controllers/src/ControllerBase.cpp:5[m[K:
[8.103s] [01m[K/opt/ros/humble/include/hardware_interface/hardware_interface/loaned_state_interface.hpp:59:3:[m[K [01;36m[Knote: [m[Kdeclared here
[8.103s]    59 |   [01;36m[Kget_full_name[m[K() const
[8.103s]       |   [01;36m[K^~~~~~~~~~~~~[m[K
