[0.031s] Invoking command in '/home/jerry/limx_ws/build/lidar_odometry': CMAKE_PREFIX_PATH=/opt/ros/humble:${CMAKE_PREFIX_PATH} /usr/bin/cmake --build /home/jerry/limx_ws/build/lidar_odometry -- -j8 -l8
[0.115s] [35m[1mConsolidate compiler generated dependencies of target lidar_odometry_node[0m
[0.152s] [ 40%] Built target scan_corrector_node
[0.176s] [ 60%] [32mBuilding CXX object CMakeFiles/lidar_odometry_node.dir/src/lidar_odometry.cpp.o[0m
[5.166s] In file included from [01m[K/opt/ros/humble/include/rclcpp/rclcpp/client.hpp:40[m[K,
[5.166s]                  from [01m[K/opt/ros/humble/include/rclcpp/rclcpp/callback_group.hpp:24[m[K,
[5.166s]                  from [01m[K/opt/ros/humble/include/rclcpp/rclcpp/any_executable.hpp:20[m[K,
[5.166s]                  from [01m[K/opt/ros/humble/include/rclcpp/rclcpp/memory_strategy.hpp:25[m[K,
[5.166s]                  from [01m[K/opt/ros/humble/include/rclcpp/rclcpp/memory_strategies.hpp:18[m[K,
[5.166s]                  from [01m[K/opt/ros/humble/include/rclcpp/rclcpp/executor_options.hpp:20[m[K,
[5.166s]                  from [01m[K/opt/ros/humble/include/rclcpp/rclcpp/executor.hpp:37[m[K,
[5.166s]                  from [01m[K/opt/ros/humble/include/rclcpp/rclcpp/executors/multi_threaded_executor.hpp:25[m[K,
[5.166s]                  from [01m[K/opt/ros/humble/include/rclcpp/rclcpp/executors.hpp:21[m[K,
[5.166s]                  from [01m[K/opt/ros/humble/include/rclcpp/rclcpp/rclcpp.hpp:155[m[K,
[5.166s]                  from [01m[K/opt/ros/humble/include/pcl_conversions/pcl_conversions/pcl_conversions.h:43[m[K,
[5.166s]                  from [01m[K/home/jerry/limx_ws/src/lidar_odometry/include/lidar_odometry/utils.hpp:11[m[K,
[5.166s]                  from [01m[K/home/jerry/limx_ws/src/lidar_odometry/include/lidar_odometry/lidar_odometry.hpp:7[m[K,
[5.167s]                  from [01m[K/home/jerry/limx_ws/src/lidar_odometry/src/lidar_odometry.cpp:1[m[K:
[5.167s] [01m[K/home/jerry/limx_ws/src/lidar_odometry/src/lidar_odometry.cpp:[m[K In member function ‘[01m[Kvoid LidarOdometry::process_scan_data(ScanDataPtr)[m[K’:
[5.167s] [01m[K/home/jerry/limx_ws/src/lidar_odometry/src/lidar_odometry.cpp:81:27:[m[K [01;31m[Kerror: [m[K‘[01m[Kclass LidarOdometry[m[K’ has no member named ‘[01m[Kget_logger[m[K’
[5.167s]    81 |         RCLCPP_INFO(this->[01;31m[Kget_logger[m[K(), "Voxel后: Source大小=%zu, Target大小=%zu", source_filtered->size(), target_filtered->size());
[5.167s]       |                           [01;31m[K^~~~~~~~~~[m[K
[5.167s] [01m[K/home/jerry/limx_ws/src/lidar_odometry/src/lidar_odometry.cpp:81:27:[m[K [01;31m[Kerror: [m[K‘[01m[Kclass LidarOdometry[m[K’ has no member named ‘[01m[Kget_logger[m[K’
[5.167s] [01m[K/home/jerry/limx_ws/src/lidar_odometry/src/lidar_odometry.cpp:81:9:[m[K [01;31m[Kerror: [m[Ktemplate argument 1 is invalid
[5.167s]    81 |         [01;31m[KRCLCPP_INFO[m[K(this->get_logger(), "Voxel后: Source大小=%zu, Target大小=%zu", source_filtered->size(), target_filtered->size());
[5.167s]       |         [01;31m[K^~~~~~~~~~~[m[K
[5.167s] In file included from [01m[K/opt/ros/humble/include/rclcpp/rclcpp/logging.hpp:24[m[K,
[5.167s]                  from [01m[K/opt/ros/humble/include/rclcpp/rclcpp/client.hpp:40[m[K,
[5.167s]                  from [01m[K/opt/ros/humble/include/rclcpp/rclcpp/callback_group.hpp:24[m[K,
[5.167s]                  from [01m[K/opt/ros/humble/include/rclcpp/rclcpp/any_executable.hpp:20[m[K,
[5.167s]                  from [01m[K/opt/ros/humble/include/rclcpp/rclcpp/memory_strategy.hpp:25[m[K,
[5.167s]                  from [01m[K/opt/ros/humble/include/rclcpp/rclcpp/memory_strategies.hpp:18[m[K,
[5.167s]                  from [01m[K/opt/ros/humble/include/rclcpp/rclcpp/executor_options.hpp:20[m[K,
[5.167s]                  from [01m[K/opt/ros/humble/include/rclcpp/rclcpp/executor.hpp:37[m[K,
[5.167s]                  from [01m[K/opt/ros/humble/include/rclcpp/rclcpp/executors/multi_threaded_executor.hpp:25[m[K,
[5.167s]                  from [01m[K/opt/ros/humble/include/rclcpp/rclcpp/executors.hpp:21[m[K,
[5.167s]                  from [01m[K/opt/ros/humble/include/rclcpp/rclcpp/rclcpp.hpp:155[m[K,
[5.167s]                  from [01m[K/opt/ros/humble/include/pcl_conversions/pcl_conversions/pcl_conversions.h:43[m[K,
[5.167s]                  from [01m[K/home/jerry/limx_ws/src/lidar_odometry/include/lidar_odometry/utils.hpp:11[m[K,
[5.167s]                  from [01m[K/home/jerry/limx_ws/src/lidar_odometry/include/lidar_odometry/lidar_odometry.hpp:7[m[K,
[5.167s]                  from [01m[K/home/jerry/limx_ws/src/lidar_odometry/src/lidar_odometry.cpp:1[m[K:
[5.167s] [01m[K/home/jerry/limx_ws/src/lidar_odometry/src/lidar_odometry.cpp:81:27:[m[K [01;31m[Kerror: [m[K‘[01m[Kclass LidarOdometry[m[K’ has no member named ‘[01m[Kget_logger[m[K’
[5.168s]    81 |         RCLCPP_INFO(this->[01;31m[Kget_logger[m[K(), "Voxel后: Source大小=%zu, Target大小=%zu", source_filtered->size(), target_filtered->size());
[5.168s]       |                           [01;31m[K^~~~~~~~~~[m[K
[5.168s] [01m[K/home/jerry/limx_ws/src/lidar_odometry/src/lidar_odometry.cpp:81:27:[m[K [01;31m[Kerror: [m[K‘[01m[Kclass LidarOdometry[m[K’ has no member named ‘[01m[Kget_logger[m[K’
[5.168s]    81 |         RCLCPP_INFO(this->[01;31m[Kget_logger[m[K(), "Voxel后: Source大小=%zu, Target大小=%zu", source_filtered->size(), target_filtered->size());
[5.168s]       |                           [01;31m[K^~~~~~~~~~[m[K
[5.168s] In file included from [01m[K/opt/ros/humble/include/rclcpp/rclcpp/client.hpp:40[m[K,
[5.168s]                  from [01m[K/opt/ros/humble/include/rclcpp/rclcpp/callback_group.hpp:24[m[K,
[5.168s]                  from [01m[K/opt/ros/humble/include/rclcpp/rclcpp/any_executable.hpp:20[m[K,
[5.168s]                  from [01m[K/opt/ros/humble/include/rclcpp/rclcpp/memory_strategy.hpp:25[m[K,
[5.168s]                  from [01m[K/opt/ros/humble/include/rclcpp/rclcpp/memory_strategies.hpp:18[m[K,
[5.168s]                  from [01m[K/opt/ros/humble/include/rclcpp/rclcpp/executor_options.hpp:20[m[K,
[5.168s]                  from [01m[K/opt/ros/humble/include/rclcpp/rclcpp/executor.hpp:37[m[K,
[5.168s]                  from [01m[K/opt/ros/humble/include/rclcpp/rclcpp/executors/multi_threaded_executor.hpp:25[m[K,
[5.168s]                  from [01m[K/opt/ros/humble/include/rclcpp/rclcpp/executors.hpp:21[m[K,
[5.168s]                  from [01m[K/opt/ros/humble/include/rclcpp/rclcpp/rclcpp.hpp:155[m[K,
[5.168s]                  from [01m[K/opt/ros/humble/include/pcl_conversions/pcl_conversions/pcl_conversions.h:43[m[K,
[5.168s]                  from [01m[K/home/jerry/limx_ws/src/lidar_odometry/include/lidar_odometry/utils.hpp:11[m[K,
[5.168s]                  from [01m[K/home/jerry/limx_ws/src/lidar_odometry/include/lidar_odometry/lidar_odometry.hpp:7[m[K,
[5.168s]                  from [01m[K/home/jerry/limx_ws/src/lidar_odometry/src/lidar_odometry.cpp:1[m[K:
[5.168s] [01m[K/home/jerry/limx_ws/src/lidar_odometry/src/lidar_odometry.cpp:93:27:[m[K [01;31m[Kerror: [m[K‘[01m[Kclass LidarOdometry[m[K’ has no member named ‘[01m[Kget_logger[m[K’
[5.168s]    93 |         RCLCPP_INFO(this->[01;31m[Kget_logger[m[K(), "SOR后: Source大小=%zu, Target大小=%zu", source_filtered->size(), target_filtered->size());
[5.168s]       |                           [01;31m[K^~~~~~~~~~[m[K
[5.168s] [01m[K/home/jerry/limx_ws/src/lidar_odometry/src/lidar_odometry.cpp:93:27:[m[K [01;31m[Kerror: [m[K‘[01m[Kclass LidarOdometry[m[K’ has no member named ‘[01m[Kget_logger[m[K’
[5.168s] [01m[K/home/jerry/limx_ws/src/lidar_odometry/src/lidar_odometry.cpp:93:9:[m[K [01;31m[Kerror: [m[Ktemplate argument 1 is invalid
[5.168s]    93 |         [01;31m[KRCLCPP_INFO[m[K(this->get_logger(), "SOR后: Source大小=%zu, Target大小=%zu", source_filtered->size(), target_filtered->size());
[5.168s]       |         [01;31m[K^~~~~~~~~~~[m[K
[5.168s] In file included from [01m[K/opt/ros/humble/include/rclcpp/rclcpp/logging.hpp:24[m[K,
[5.168s]                  from [01m[K/opt/ros/humble/include/rclcpp/rclcpp/client.hpp:40[m[K,
[5.169s]                  from [01m[K/opt/ros/humble/include/rclcpp/rclcpp/callback_group.hpp:24[m[K,
[5.169s]                  from [01m[K/opt/ros/humble/include/rclcpp/rclcpp/any_executable.hpp:20[m[K,
[5.169s]                  from [01m[K/opt/ros/humble/include/rclcpp/rclcpp/memory_strategy.hpp:25[m[K,
[5.169s]                  from [01m[K/opt/ros/humble/include/rclcpp/rclcpp/memory_strategies.hpp:18[m[K,
[5.169s]                  from [01m[K/opt/ros/humble/include/rclcpp/rclcpp/executor_options.hpp:20[m[K,
[5.169s]                  from [01m[K/opt/ros/humble/include/rclcpp/rclcpp/executor.hpp:37[m[K,
[5.169s]                  from [01m[K/opt/ros/humble/include/rclcpp/rclcpp/executors/multi_threaded_executor.hpp:25[m[K,
[5.169s]                  from [01m[K/opt/ros/humble/include/rclcpp/rclcpp/executors.hpp:21[m[K,
[5.169s]                  from [01m[K/opt/ros/humble/include/rclcpp/rclcpp/rclcpp.hpp:155[m[K,
[5.169s]                  from [01m[K/opt/ros/humble/include/pcl_conversions/pcl_conversions/pcl_conversions.h:43[m[K,
[5.169s]                  from [01m[K/home/jerry/limx_ws/src/lidar_odometry/include/lidar_odometry/utils.hpp:11[m[K,
[5.169s]                  from [01m[K/home/jerry/limx_ws/src/lidar_odometry/include/lidar_odometry/lidar_odometry.hpp:7[m[K,
[5.169s]                  from [01m[K/home/jerry/limx_ws/src/lidar_odometry/src/lidar_odometry.cpp:1[m[K:
[5.169s] [01m[K/home/jerry/limx_ws/src/lidar_odometry/src/lidar_odometry.cpp:93:27:[m[K [01;31m[Kerror: [m[K‘[01m[Kclass LidarOdometry[m[K’ has no member named ‘[01m[Kget_logger[m[K’
[5.169s]    93 |         RCLCPP_INFO(this->[01;31m[Kget_logger[m[K(), "SOR后: Source大小=%zu, Target大小=%zu", source_filtered->size(), target_filtered->size());
[5.169s]       |                           [01;31m[K^~~~~~~~~~[m[K
[5.169s] [01m[K/home/jerry/limx_ws/src/lidar_odometry/src/lidar_odometry.cpp:93:27:[m[K [01;31m[Kerror: [m[K‘[01m[Kclass LidarOdometry[m[K’ has no member named ‘[01m[Kget_logger[m[K’
[5.169s]    93 |         RCLCPP_INFO(this->[01;31m[Kget_logger[m[K(), "SOR后: Source大小=%zu, Target大小=%zu", source_filtered->size(), target_filtered->size());
[5.169s]       |                           [01;31m[K^~~~~~~~~~[m[K
[5.169s] In file included from [01m[K/opt/ros/humble/include/rclcpp/rclcpp/client.hpp:40[m[K,
[5.169s]                  from [01m[K/opt/ros/humble/include/rclcpp/rclcpp/callback_group.hpp:24[m[K,
[5.169s]                  from [01m[K/opt/ros/humble/include/rclcpp/rclcpp/any_executable.hpp:20[m[K,
[5.169s]                  from [01m[K/opt/ros/humble/include/rclcpp/rclcpp/memory_strategy.hpp:25[m[K,
[5.169s]                  from [01m[K/opt/ros/humble/include/rclcpp/rclcpp/memory_strategies.hpp:18[m[K,
[5.169s]                  from [01m[K/opt/ros/humble/include/rclcpp/rclcpp/executor_options.hpp:20[m[K,
[5.169s]                  from [01m[K/opt/ros/humble/include/rclcpp/rclcpp/executor.hpp:37[m[K,
[5.169s]                  from [01m[K/opt/ros/humble/include/rclcpp/rclcpp/executors/multi_threaded_executor.hpp:25[m[K,
[5.169s]                  from [01m[K/opt/ros/humble/include/rclcpp/rclcpp/executors.hpp:21[m[K,
[5.169s]                  from [01m[K/opt/ros/humble/include/rclcpp/rclcpp/rclcpp.hpp:155[m[K,
[5.169s]                  from [01m[K/opt/ros/humble/include/pcl_conversions/pcl_conversions/pcl_conversions.h:43[m[K,
[5.169s]                  from [01m[K/home/jerry/limx_ws/src/lidar_odometry/include/lidar_odometry/utils.hpp:11[m[K,
[5.169s]                  from [01m[K/home/jerry/limx_ws/src/lidar_odometry/include/lidar_odometry/lidar_odometry.hpp:7[m[K,
[5.169s]                  from [01m[K/home/jerry/limx_ws/src/lidar_odometry/src/lidar_odometry.cpp:1[m[K:
[5.170s] [01m[K/home/jerry/limx_ws/src/lidar_odometry/src/lidar_odometry.cpp:97:31:[m[K [01;31m[Kerror: [m[K‘[01m[Kclass LidarOdometry[m[K’ has no member named ‘[01m[Kget_logger[m[K’
[5.170s]    97 |             RCLCPP_WARN(this->[01;31m[Kget_logger[m[K(), "过滤后点云为空！跳过本帧。");
[5.170s]       |                               [01;31m[K^~~~~~~~~~[m[K
[5.170s] [01m[K/home/jerry/limx_ws/src/lidar_odometry/src/lidar_odometry.cpp:97:31:[m[K [01;31m[Kerror: [m[K‘[01m[Kclass LidarOdometry[m[K’ has no member named ‘[01m[Kget_logger[m[K’
[5.170s] [01m[K/home/jerry/limx_ws/src/lidar_odometry/src/lidar_odometry.cpp:97:13:[m[K [01;31m[Kerror: [m[Ktemplate argument 1 is invalid
[5.170s]    97 |             [01;31m[KRCLCPP_WARN[m[K(this->get_logger(), "过滤后点云为空！跳过本帧。");
[5.170s]       |             [01;31m[K^~~~~~~~~~~[m[K
[5.170s] In file included from [01m[K/opt/ros/humble/include/rclcpp/rclcpp/logging.hpp:24[m[K,
[5.170s]                  from [01m[K/opt/ros/humble/include/rclcpp/rclcpp/client.hpp:40[m[K,
[5.170s]                  from [01m[K/opt/ros/humble/include/rclcpp/rclcpp/callback_group.hpp:24[m[K,
[5.170s]                  from [01m[K/opt/ros/humble/include/rclcpp/rclcpp/any_executable.hpp:20[m[K,
[5.170s]                  from [01m[K/opt/ros/humble/include/rclcpp/rclcpp/memory_strategy.hpp:25[m[K,
[5.170s]                  from [01m[K/opt/ros/humble/include/rclcpp/rclcpp/memory_strategies.hpp:18[m[K,
[5.170s]                  from [01m[K/opt/ros/humble/include/rclcpp/rclcpp/executor_options.hpp:20[m[K,
[5.170s]                  from [01m[K/opt/ros/humble/include/rclcpp/rclcpp/executor.hpp:37[m[K,
[5.170s]                  from [01m[K/opt/ros/humble/include/rclcpp/rclcpp/executors/multi_threaded_executor.hpp:25[m[K,
[5.170s]                  from [01m[K/opt/ros/humble/include/rclcpp/rclcpp/executors.hpp:21[m[K,
[5.170s]                  from [01m[K/opt/ros/humble/include/rclcpp/rclcpp/rclcpp.hpp:155[m[K,
[5.170s]                  from [01m[K/opt/ros/humble/include/pcl_conversions/pcl_conversions/pcl_conversions.h:43[m[K,
[5.170s]                  from [01m[K/home/jerry/limx_ws/src/lidar_odometry/include/lidar_odometry/utils.hpp:11[m[K,
[5.170s]                  from [01m[K/home/jerry/limx_ws/src/lidar_odometry/include/lidar_odometry/lidar_odometry.hpp:7[m[K,
[5.170s]                  from [01m[K/home/jerry/limx_ws/src/lidar_odometry/src/lidar_odometry.cpp:1[m[K:
[5.170s] [01m[K/home/jerry/limx_ws/src/lidar_odometry/src/lidar_odometry.cpp:97:31:[m[K [01;31m[Kerror: [m[K‘[01m[Kclass LidarOdometry[m[K’ has no member named ‘[01m[Kget_logger[m[K’
[5.170s]    97 |             RCLCPP_WARN(this->[01;31m[Kget_logger[m[K(), "过滤后点云为空！跳过本帧。");
[5.170s]       |                               [01;31m[K^~~~~~~~~~[m[K
[5.170s] [01m[K/home/jerry/limx_ws/src/lidar_odometry/src/lidar_odometry.cpp:97:31:[m[K [01;31m[Kerror: [m[K‘[01m[Kclass LidarOdometry[m[K’ has no member named ‘[01m[Kget_logger[m[K’
[5.170s]    97 |             RCLCPP_WARN(this->[01;31m[Kget_logger[m[K(), "过滤后点云为空！跳过本帧。");
[5.170s]       |                               [01;31m[K^~~~~~~~~~[m[K
[10.189s] gmake[2]: *** [CMakeFiles/lidar_odometry_node.dir/build.make:90: CMakeFiles/lidar_odometry_node.dir/src/lidar_odometry.cpp.o] Error 1
[10.189s] gmake[1]: *** [CMakeFiles/Makefile2:139: CMakeFiles/lidar_odometry_node.dir/all] Error 2
[10.189s] gmake: *** [Makefile:146: all] Error 2
[10.193s] Invoked command in '/home/jerry/limx_ws/build/lidar_odometry' returned '2': CMAKE_PREFIX_PATH=/opt/ros/humble:${CMAKE_PREFIX_PATH} /usr/bin/cmake --build /home/jerry/limx_ws/build/lidar_odometry -- -j8 -l8
