[0.069s] Invoking command in '/home/jerry/limx_ws/build/robot_description': CMAKE_PREFIX_PATH=/opt/ros/humble /usr/bin/cmake --build /home/jerry/limx_ws/build/robot_description -- -j8 -l8
[0.275s] Invoked command in '/home/jerry/limx_ws/build/robot_description' returned '0': CMAKE_PREFIX_PATH=/opt/ros/humble /usr/bin/cmake --build /home/jerry/limx_ws/build/robot_description -- -j8 -l8
[0.276s] Invoking command in '/home/jerry/limx_ws/build/robot_description': CMAKE_PREFIX_PATH=/opt/ros/humble /usr/bin/cmake --install /home/jerry/limx_ws/build/robot_description
[0.320s] -- Install configuration: ""
[0.321s] -- Up-to-date: /home/jerry/limx_ws/install/robot_description/share/robot_description/pointfoot
[0.323s] -- Up-to-date: /home/jerry/limx_ws/install/robot_description/share/robot_description/pointfoot/PF_P441B
[0.323s] -- Up-to-date: /home/jerry/limx_ws/install/robot_description/share/robot_description/pointfoot/PF_P441B/xacro
[0.323s] -- Up-to-date: /home/jerry/limx_ws/install/robot_description/share/robot_description/pointfoot/PF_P441B/xacro/robot.xacro
[0.328s] -- Up-to-date: /home/jerry/limx_ws/install/robot_description/share/robot_description/pointfoot/PF_P441B/xacro/ros2_control_interface.xacro
[0.328s] -- Up-to-date: /home/jerry/limx_ws/install/robot_description/share/robot_description/pointfoot/PF_P441B/xacro/const.xacro
[0.328s] -- Up-to-date: /home/jerry/limx_ws/install/robot_description/share/robot_description/pointfoot/PF_P441B/xacro/leg.xacro
[0.328s] -- Up-to-date: /home/jerry/limx_ws/install/robot_description/share/robot_description/pointfoot/PF_P441B/xacro/transmission.xacro
[0.328s] -- Up-to-date: /home/jerry/limx_ws/install/robot_description/share/robot_description/pointfoot/PF_P441B/xacro/materials.xacro
[0.329s] -- Up-to-date: /home/jerry/limx_ws/install/robot_description/share/robot_description/pointfoot/PF_P441B/xacro/gazebo.xacro
[0.329s] -- Up-to-date: /home/jerry/limx_ws/install/robot_description/share/robot_description/pointfoot/PF_P441B/urdf
[0.329s] -- Up-to-date: /home/jerry/limx_ws/install/robot_description/share/robot_description/pointfoot/PF_P441B/urdf/robot.urdf
[0.329s] -- Up-to-date: /home/jerry/limx_ws/install/robot_description/share/robot_description/pointfoot/PF_P441B/meshes
[0.329s] -- Up-to-date: /home/jerry/limx_ws/install/robot_description/share/robot_description/pointfoot/PF_P441B/meshes/abad_L_Link.STL
[0.330s] -- Up-to-date: /home/jerry/limx_ws/install/robot_description/share/robot_description/pointfoot/PF_P441B/meshes/knee_L_Link.STL
[0.330s] -- Up-to-date: /home/jerry/limx_ws/install/robot_description/share/robot_description/pointfoot/PF_P441B/meshes/base_Link.STL
[0.330s] -- Up-to-date: /home/jerry/limx_ws/install/robot_description/share/robot_description/pointfoot/PF_P441B/meshes/hip_R_Link.STL
[0.330s] -- Up-to-date: /home/jerry/limx_ws/install/robot_description/share/robot_description/pointfoot/PF_P441B/meshes/knee_R_Link.STL
[0.330s] -- Up-to-date: /home/jerry/limx_ws/install/robot_description/share/robot_description/pointfoot/PF_P441B/meshes/abad_R_Link.STL
[0.330s] -- Up-to-date: /home/jerry/limx_ws/install/robot_description/share/robot_description/pointfoot/PF_P441B/meshes/foot_R_Link.STL
[0.331s] -- Up-to-date: /home/jerry/limx_ws/install/robot_description/share/robot_description/pointfoot/PF_P441B/meshes/foot_L_Link.STL
[0.338s] -- Up-to-date: /home/jerry/limx_ws/install/robot_description/share/robot_description/pointfoot/PF_P441B/meshes/hip_L_Link.STL
[0.340s] -- Up-to-date: /home/jerry/limx_ws/install/robot_description/share/robot_description/pointfoot/PF_P441B/xml
[0.342s] -- Up-to-date: /home/jerry/limx_ws/install/robot_description/share/robot_description/pointfoot/PF_P441B/xml/robot.xml
[0.343s] -- Up-to-date: /home/jerry/limx_ws/install/robot_description/share/robot_description/pointfoot/PF_TRON1B
[0.348s] -- Up-to-date: /home/jerry/limx_ws/install/robot_description/share/robot_description/pointfoot/PF_TRON1B/xacro
[0.349s] -- Up-to-date: /home/jerry/limx_ws/install/robot_description/share/robot_description/pointfoot/PF_TRON1B/xacro/robot.xacro
[0.351s] -- Up-to-date: /home/jerry/limx_ws/install/robot_description/share/robot_description/pointfoot/PF_TRON1B/xacro/ros2_control_interface.xacro
[0.351s] -- Up-to-date: /home/jerry/limx_ws/install/robot_description/share/robot_description/pointfoot/PF_TRON1B/xacro/const.xacro
[0.351s] -- Up-to-date: /home/jerry/limx_ws/install/robot_description/share/robot_description/pointfoot/PF_TRON1B/xacro/leg.xacro
[0.351s] -- Up-to-date: /home/jerry/limx_ws/install/robot_description/share/robot_description/pointfoot/PF_TRON1B/xacro/transmission.xacro
[0.352s] -- Up-to-date: /home/jerry/limx_ws/install/robot_description/share/robot_description/pointfoot/PF_TRON1B/xacro/materials.xacro
[0.352s] -- Up-to-date: /home/jerry/limx_ws/install/robot_description/share/robot_description/pointfoot/PF_TRON1B/xacro/gazebo.xacro
[0.352s] -- Up-to-date: /home/jerry/limx_ws/install/robot_description/share/robot_description/pointfoot/PF_TRON1B/urdf
[0.352s] -- Up-to-date: /home/jerry/limx_ws/install/robot_description/share/robot_description/pointfoot/PF_TRON1B/urdf/robot.urdf
[0.352s] -- Up-to-date: /home/jerry/limx_ws/install/robot_description/share/robot_description/pointfoot/PF_TRON1B/meshes
[0.353s] -- Up-to-date: /home/jerry/limx_ws/install/robot_description/share/robot_description/pointfoot/PF_TRON1B/meshes/abad_L_Link.STL
[0.353s] -- Up-to-date: /home/jerry/limx_ws/install/robot_description/share/robot_description/pointfoot/PF_TRON1B/meshes/knee_L_Link.STL
[0.360s] -- Up-to-date: /home/jerry/limx_ws/install/robot_description/share/robot_description/pointfoot/PF_TRON1B/meshes/base_Link.STL
[0.360s] -- Up-to-date: /home/jerry/limx_ws/install/robot_description/share/robot_description/pointfoot/PF_TRON1B/meshes/hip_R_Link.STL
[0.361s] -- Up-to-date: /home/jerry/limx_ws/install/robot_description/share/robot_description/pointfoot/PF_TRON1B/meshes/knee_R_Link.STL
[0.361s] -- Up-to-date: /home/jerry/limx_ws/install/robot_description/share/robot_description/pointfoot/PF_TRON1B/meshes/abad_R_Link.STL
[0.361s] -- Up-to-date: /home/jerry/limx_ws/install/robot_description/share/robot_description/pointfoot/PF_TRON1B/meshes/foot_R_Link.STL
[0.361s] -- Up-to-date: /home/jerry/limx_ws/install/robot_description/share/robot_description/pointfoot/PF_TRON1B/meshes/foot_L_Link.STL
[0.361s] -- Up-to-date: /home/jerry/limx_ws/install/robot_description/share/robot_description/pointfoot/PF_TRON1B/meshes/hip_L_Link.STL
[0.361s] -- Up-to-date: /home/jerry/limx_ws/install/robot_description/share/robot_description/pointfoot/PF_TRON1B/xml
[0.362s] -- Up-to-date: /home/jerry/limx_ws/install/robot_description/share/robot_description/pointfoot/PF_TRON1B/xml/robot.xml
[0.366s] -- Up-to-date: /home/jerry/limx_ws/install/robot_description/share/robot_description/pointfoot/PF_P441A
[0.367s] -- Up-to-date: /home/jerry/limx_ws/install/robot_description/share/robot_description/pointfoot/PF_P441A/xacro
[0.367s] -- Up-to-date: /home/jerry/limx_ws/install/robot_description/share/robot_description/pointfoot/PF_P441A/xacro/robot.xacro
[0.367s] -- Up-to-date: /home/jerry/limx_ws/install/robot_description/share/robot_description/pointfoot/PF_P441A/xacro/ros2_control_interface.xacro
[0.369s] -- Up-to-date: /home/jerry/limx_ws/install/robot_description/share/robot_description/pointfoot/PF_P441A/xacro/const.xacro
[0.369s] -- Up-to-date: /home/jerry/limx_ws/install/robot_description/share/robot_description/pointfoot/PF_P441A/xacro/leg.xacro
[0.370s] -- Up-to-date: /home/jerry/limx_ws/install/robot_description/share/robot_description/pointfoot/PF_P441A/xacro/transmission.xacro
[0.370s] -- Up-to-date: /home/jerry/limx_ws/install/robot_description/share/robot_description/pointfoot/PF_P441A/xacro/materials.xacro
[0.375s] -- Up-to-date: /home/jerry/limx_ws/install/robot_description/share/robot_description/pointfoot/PF_P441A/xacro/gazebo.xacro
[0.375s] -- Up-to-date: /home/jerry/limx_ws/install/robot_description/share/robot_description/pointfoot/PF_P441A/urdf
[0.375s] -- Up-to-date: /home/jerry/limx_ws/install/robot_description/share/robot_description/pointfoot/PF_P441A/urdf/robot.urdf
[0.377s] -- Up-to-date: /home/jerry/limx_ws/install/robot_description/share/robot_description/pointfoot/PF_P441A/meshes
[0.377s] -- Up-to-date: /home/jerry/limx_ws/install/robot_description/share/robot_description/pointfoot/PF_P441A/meshes/abad_L_Link.STL
[0.377s] -- Up-to-date: /home/jerry/limx_ws/install/robot_description/share/robot_description/pointfoot/PF_P441A/meshes/knee_L_Link.STL
[0.387s] -- Up-to-date: /home/jerry/limx_ws/install/robot_description/share/robot_description/pointfoot/PF_P441A/meshes/base_Link.STL
[0.387s] -- Up-to-date: /home/jerry/limx_ws/install/robot_description/share/robot_description/pointfoot/PF_P441A/meshes/hip_R_Link.STL
[0.387s] -- Up-to-date: /home/jerry/limx_ws/install/robot_description/share/robot_description/pointfoot/PF_P441A/meshes/knee_R_Link.STL
[0.408s] -- Up-to-date: /home/jerry/limx_ws/install/robot_description/share/robot_description/pointfoot/PF_P441A/meshes/abad_R_Link.STL
[0.410s] -- Up-to-date: /home/jerry/limx_ws/install/robot_description/share/robot_description/pointfoot/PF_P441A/meshes/foot_R_Link.STL
[0.410s] -- Up-to-date: /home/jerry/limx_ws/install/robot_description/share/robot_description/pointfoot/PF_P441A/meshes/foot_L_Link.STL
[0.412s] -- Up-to-date: /home/jerry/limx_ws/install/robot_description/share/robot_description/pointfoot/PF_P441A/meshes/hip_L_Link.STL
[0.412s] -- Up-to-date: /home/jerry/limx_ws/install/robot_description/share/robot_description/pointfoot/PF_P441A/xml
[0.419s] -- Up-to-date: /home/jerry/limx_ws/install/robot_description/share/robot_description/pointfoot/PF_P441A/xml/robot.xml
[0.419s] -- Up-to-date: /home/jerry/limx_ws/install/robot_description/share/robot_description/pointfoot/WF_TRON1B
[0.419s] -- Up-to-date: /home/jerry/limx_ws/install/robot_description/share/robot_description/pointfoot/WF_TRON1B/xacro
[0.420s] -- Up-to-date: /home/jerry/limx_ws/install/robot_description/share/robot_description/pointfoot/WF_TRON1B/xacro/robot.xacro
[0.421s] -- Up-to-date: /home/jerry/limx_ws/install/robot_description/share/robot_description/pointfoot/WF_TRON1B/xacro/ros2_control_interface.xacro
[0.421s] -- Up-to-date: /home/jerry/limx_ws/install/robot_description/share/robot_description/pointfoot/WF_TRON1B/xacro/const.xacro
[0.421s] -- Up-to-date: /home/jerry/limx_ws/install/robot_description/share/robot_description/pointfoot/WF_TRON1B/xacro/leg.xacro
[0.422s] -- Up-to-date: /home/jerry/limx_ws/install/robot_description/share/robot_description/pointfoot/WF_TRON1B/xacro/transmission.xacro
[0.423s] -- Up-to-date: /home/jerry/limx_ws/install/robot_description/share/robot_description/pointfoot/WF_TRON1B/xacro/materials.xacro
[0.424s] -- Up-to-date: /home/jerry/limx_ws/install/robot_description/share/robot_description/pointfoot/WF_TRON1B/xacro/gazebo.xacro
[0.428s] -- Up-to-date: /home/jerry/limx_ws/install/robot_description/share/robot_description/pointfoot/WF_TRON1B/urdf
[0.428s] -- Up-to-date: /home/jerry/limx_ws/install/robot_description/share/robot_description/pointfoot/WF_TRON1B/urdf/robot.urdf
[0.428s] -- Up-to-date: /home/jerry/limx_ws/install/robot_description/share/robot_description/pointfoot/WF_TRON1B/meshes
[0.429s] -- Up-to-date: /home/jerry/limx_ws/install/robot_description/share/robot_description/pointfoot/WF_TRON1B/meshes/abad_L_Link.STL
[0.444s] -- Up-to-date: /home/jerry/limx_ws/install/robot_description/share/robot_description/pointfoot/WF_TRON1B/meshes/knee_L_Link.STL
[0.444s] -- Up-to-date: /home/jerry/limx_ws/install/robot_description/share/robot_description/pointfoot/WF_TRON1B/meshes/wheel_R_Link.STL
[0.445s] -- Up-to-date: /home/jerry/limx_ws/install/robot_description/share/robot_description/pointfoot/WF_TRON1B/meshes/base_Link.STL
[0.445s] -- Up-to-date: /home/jerry/limx_ws/install/robot_description/share/robot_description/pointfoot/WF_TRON1B/meshes/hip_R_Link.STL
[0.446s] -- Up-to-date: /home/jerry/limx_ws/install/robot_description/share/robot_description/pointfoot/WF_TRON1B/meshes/knee_R_Link.STL
[0.447s] -- Up-to-date: /home/jerry/limx_ws/install/robot_description/share/robot_description/pointfoot/WF_TRON1B/meshes/wheel_L_Link.STL
[0.447s] -- Up-to-date: /home/jerry/limx_ws/install/robot_description/share/robot_description/pointfoot/WF_TRON1B/meshes/abad_R_Link.STL
[0.452s] -- Up-to-date: /home/jerry/limx_ws/install/robot_description/share/robot_description/pointfoot/WF_TRON1B/meshes/hip_L_Link.STL
[0.453s] -- Up-to-date: /home/jerry/limx_ws/install/robot_description/share/robot_description/pointfoot/WF_TRON1B/xml
[0.453s] -- Up-to-date: /home/jerry/limx_ws/install/robot_description/share/robot_description/pointfoot/WF_TRON1B/xml/robot.xml
[0.454s] -- Up-to-date: /home/jerry/limx_ws/install/robot_description/share/robot_description/pointfoot/SF_TRON1B
[0.454s] -- Up-to-date: /home/jerry/limx_ws/install/robot_description/share/robot_description/pointfoot/SF_TRON1B/xacro
[0.455s] -- Up-to-date: /home/jerry/limx_ws/install/robot_description/share/robot_description/pointfoot/SF_TRON1B/xacro/robot.xacro
[0.455s] -- Up-to-date: /home/jerry/limx_ws/install/robot_description/share/robot_description/pointfoot/SF_TRON1B/xacro/ros2_control_interface.xacro
[0.456s] -- Up-to-date: /home/jerry/limx_ws/install/robot_description/share/robot_description/pointfoot/SF_TRON1B/xacro/const.xacro
[0.460s] -- Up-to-date: /home/jerry/limx_ws/install/robot_description/share/robot_description/pointfoot/SF_TRON1B/xacro/leg.xacro
[0.462s] -- Up-to-date: /home/jerry/limx_ws/install/robot_description/share/robot_description/pointfoot/SF_TRON1B/xacro/transmission.xacro
[0.462s] -- Up-to-date: /home/jerry/limx_ws/install/robot_description/share/robot_description/pointfoot/SF_TRON1B/xacro/materials.xacro
[0.463s] -- Up-to-date: /home/jerry/limx_ws/install/robot_description/share/robot_description/pointfoot/SF_TRON1B/xacro/gazebo.xacro
[0.466s] -- Up-to-date: /home/jerry/limx_ws/install/robot_description/share/robot_description/pointfoot/SF_TRON1B/urdf
[0.468s] -- Up-to-date: /home/jerry/limx_ws/install/robot_description/share/robot_description/pointfoot/SF_TRON1B/urdf/robot.urdf
[0.474s] -- Up-to-date: /home/jerry/limx_ws/install/robot_description/share/robot_description/pointfoot/SF_TRON1B/meshes
[0.475s] -- Up-to-date: /home/jerry/limx_ws/install/robot_description/share/robot_description/pointfoot/SF_TRON1B/meshes/abad_L_Link.STL
[0.476s] -- Up-to-date: /home/jerry/limx_ws/install/robot_description/share/robot_description/pointfoot/SF_TRON1B/meshes/knee_L_Link.STL
[0.476s] -- Up-to-date: /home/jerry/limx_ws/install/robot_description/share/robot_description/pointfoot/SF_TRON1B/meshes/base_Link.STL
[0.478s] -- Up-to-date: /home/jerry/limx_ws/install/robot_description/share/robot_description/pointfoot/SF_TRON1B/meshes/ankle_R_Link.STL
[0.479s] -- Up-to-date: /home/jerry/limx_ws/install/robot_description/share/robot_description/pointfoot/SF_TRON1B/meshes/hip_R_Link.STL
[0.480s] -- Up-to-date: /home/jerry/limx_ws/install/robot_description/share/robot_description/pointfoot/SF_TRON1B/meshes/knee_R_Link.STL
[0.480s] -- Up-to-date: /home/jerry/limx_ws/install/robot_description/share/robot_description/pointfoot/SF_TRON1B/meshes/abad_R_Link.STL
[0.481s] -- Up-to-date: /home/jerry/limx_ws/install/robot_description/share/robot_description/pointfoot/SF_TRON1B/meshes/hip_L_Link.STL
[0.485s] -- Up-to-date: /home/jerry/limx_ws/install/robot_description/share/robot_description/pointfoot/SF_TRON1B/meshes/ankle_L_Link.STL
[0.485s] -- Up-to-date: /home/jerry/limx_ws/install/robot_description/share/robot_description/pointfoot/SF_TRON1B/xml
[0.486s] -- Up-to-date: /home/jerry/limx_ws/install/robot_description/share/robot_description/pointfoot/SF_TRON1B/xml/robot.xml
[0.487s] -- Up-to-date: /home/jerry/limx_ws/install/robot_description/share/robot_description/pointfoot/PF_P441C2
[0.487s] -- Up-to-date: /home/jerry/limx_ws/install/robot_description/share/robot_description/pointfoot/PF_P441C2/xacro
[0.488s] -- Up-to-date: /home/jerry/limx_ws/install/robot_description/share/robot_description/pointfoot/PF_P441C2/xacro/robot.xacro
[0.489s] -- Up-to-date: /home/jerry/limx_ws/install/robot_description/share/robot_description/pointfoot/PF_P441C2/xacro/ros2_control_interface.xacro
[0.489s] -- Up-to-date: /home/jerry/limx_ws/install/robot_description/share/robot_description/pointfoot/PF_P441C2/xacro/const.xacro
[0.489s] -- Up-to-date: /home/jerry/limx_ws/install/robot_description/share/robot_description/pointfoot/PF_P441C2/xacro/leg.xacro
[0.489s] -- Up-to-date: /home/jerry/limx_ws/install/robot_description/share/robot_description/pointfoot/PF_P441C2/xacro/transmission.xacro
[0.490s] -- Up-to-date: /home/jerry/limx_ws/install/robot_description/share/robot_description/pointfoot/PF_P441C2/xacro/materials.xacro
[0.530s] -- Up-to-date: /home/jerry/limx_ws/install/robot_description/share/robot_description/pointfoot/PF_P441C2/xacro/gazebo.xacro
[0.530s] -- Up-to-date: /home/jerry/limx_ws/install/robot_description/share/robot_description/pointfoot/PF_P441C2/urdf
[0.530s] -- Up-to-date: /home/jerry/limx_ws/install/robot_description/share/robot_description/pointfoot/PF_P441C2/urdf/robot.urdf
[0.530s] -- Up-to-date: /home/jerry/limx_ws/install/robot_description/share/robot_description/pointfoot/PF_P441C2/meshes
[0.531s] -- Up-to-date: /home/jerry/limx_ws/install/robot_description/share/robot_description/pointfoot/PF_P441C2/meshes/abad_L_Link.STL
[0.531s] -- Up-to-date: /home/jerry/limx_ws/install/robot_description/share/robot_description/pointfoot/PF_P441C2/meshes/knee_L_Link.STL
[0.531s] -- Up-to-date: /home/jerry/limx_ws/install/robot_description/share/robot_description/pointfoot/PF_P441C2/meshes/base_Link.STL
[0.531s] -- Up-to-date: /home/jerry/limx_ws/install/robot_description/share/robot_description/pointfoot/PF_P441C2/meshes/hip_R_Link.STL
[0.531s] -- Up-to-date: /home/jerry/limx_ws/install/robot_description/share/robot_description/pointfoot/PF_P441C2/meshes/knee_R_Link.STL
[0.531s] -- Up-to-date: /home/jerry/limx_ws/install/robot_description/share/robot_description/pointfoot/PF_P441C2/meshes/abad_R_Link.STL
[0.531s] -- Up-to-date: /home/jerry/limx_ws/install/robot_description/share/robot_description/pointfoot/PF_P441C2/meshes/foot_R_Link.STL
[0.532s] -- Up-to-date: /home/jerry/limx_ws/install/robot_description/share/robot_description/pointfoot/PF_P441C2/meshes/foot_L_Link.STL
[0.532s] -- Up-to-date: /home/jerry/limx_ws/install/robot_description/share/robot_description/pointfoot/PF_P441C2/meshes/hip_L_Link.STL
[0.533s] -- Up-to-date: /home/jerry/limx_ws/install/robot_description/share/robot_description/pointfoot/PF_P441C2/xml
[0.533s] -- Up-to-date: /home/jerry/limx_ws/install/robot_description/share/robot_description/pointfoot/PF_P441C2/xml/robot.xml
[0.534s] -- Up-to-date: /home/jerry/limx_ws/install/robot_description/share/robot_description/pointfoot/WF_TRON1A
[0.535s] -- Up-to-date: /home/jerry/limx_ws/install/robot_description/share/robot_description/pointfoot/WF_TRON1A/xacro
[0.535s] -- Up-to-date: /home/jerry/limx_ws/install/robot_description/share/robot_description/pointfoot/WF_TRON1A/xacro/robot.xacro
[0.535s] -- Up-to-date: /home/jerry/limx_ws/install/robot_description/share/robot_description/pointfoot/WF_TRON1A/xacro/ros2_control_interface.xacro
[0.536s] -- Up-to-date: /home/jerry/limx_ws/install/robot_description/share/robot_description/pointfoot/WF_TRON1A/xacro/const.xacro
[0.537s] -- Up-to-date: /home/jerry/limx_ws/install/robot_description/share/robot_description/pointfoot/WF_TRON1A/xacro/leg.xacro
[0.538s] -- Up-to-date: /home/jerry/limx_ws/install/robot_description/share/robot_description/pointfoot/WF_TRON1A/xacro/transmission.xacro
[0.539s] -- Up-to-date: /home/jerry/limx_ws/install/robot_description/share/robot_description/pointfoot/WF_TRON1A/xacro/materials.xacro
[0.541s] -- Up-to-date: /home/jerry/limx_ws/install/robot_description/share/robot_description/pointfoot/WF_TRON1A/xacro/gazebo.xacro
[0.541s] -- Up-to-date: /home/jerry/limx_ws/install/robot_description/share/robot_description/pointfoot/WF_TRON1A/urdf
[0.541s] -- Up-to-date: /home/jerry/limx_ws/install/robot_description/share/robot_description/pointfoot/WF_TRON1A/urdf/robot.urdf
[0.542s] -- Up-to-date: /home/jerry/limx_ws/install/robot_description/share/robot_description/pointfoot/WF_TRON1A/meshes
[0.542s] -- Up-to-date: /home/jerry/limx_ws/install/robot_description/share/robot_description/pointfoot/WF_TRON1A/meshes/abad_L_Link.STL
[0.543s] -- Up-to-date: /home/jerry/limx_ws/install/robot_description/share/robot_description/pointfoot/WF_TRON1A/meshes/knee_L_Link.STL
[0.543s] -- Up-to-date: /home/jerry/limx_ws/install/robot_description/share/robot_description/pointfoot/WF_TRON1A/meshes/wheel_R_Link.STL
[0.543s] -- Up-to-date: /home/jerry/limx_ws/install/robot_description/share/robot_description/pointfoot/WF_TRON1A/meshes/base_Link.STL
[0.544s] -- Up-to-date: /home/jerry/limx_ws/install/robot_description/share/robot_description/pointfoot/WF_TRON1A/meshes/hip_R_Link.STL
[0.547s] -- Up-to-date: /home/jerry/limx_ws/install/robot_description/share/robot_description/pointfoot/WF_TRON1A/meshes/knee_R_Link.STL
[0.550s] -- Up-to-date: /home/jerry/limx_ws/install/robot_description/share/robot_description/pointfoot/WF_TRON1A/meshes/wheel_L_Link.STL
[0.551s] -- Up-to-date: /home/jerry/limx_ws/install/robot_description/share/robot_description/pointfoot/WF_TRON1A/meshes/abad_R_Link.STL
[0.551s] -- Up-to-date: /home/jerry/limx_ws/install/robot_description/share/robot_description/pointfoot/WF_TRON1A/meshes/hip_L_Link.STL
[0.552s] -- Up-to-date: /home/jerry/limx_ws/install/robot_description/share/robot_description/pointfoot/WF_TRON1A/xml
[0.553s] -- Up-to-date: /home/jerry/limx_ws/install/robot_description/share/robot_description/pointfoot/WF_TRON1A/xml/robot.xml
[0.553s] -- Up-to-date: /home/jerry/limx_ws/install/robot_description/share/robot_description/pointfoot/SF_TRON1A
[0.553s] -- Up-to-date: /home/jerry/limx_ws/install/robot_description/share/robot_description/pointfoot/SF_TRON1A/xacro
[0.555s] -- Up-to-date: /home/jerry/limx_ws/install/robot_description/share/robot_description/pointfoot/SF_TRON1A/xacro/robot.xacro
[0.555s] -- Up-to-date: /home/jerry/limx_ws/install/robot_description/share/robot_description/pointfoot/SF_TRON1A/xacro/ros2_control_interface.xacro
[0.555s] -- Up-to-date: /home/jerry/limx_ws/install/robot_description/share/robot_description/pointfoot/SF_TRON1A/xacro/const.xacro
[0.556s] -- Up-to-date: /home/jerry/limx_ws/install/robot_description/share/robot_description/pointfoot/SF_TRON1A/xacro/leg.xacro
[0.556s] -- Up-to-date: /home/jerry/limx_ws/install/robot_description/share/robot_description/pointfoot/SF_TRON1A/xacro/transmission.xacro
[0.557s] -- Up-to-date: /home/jerry/limx_ws/install/robot_description/share/robot_description/pointfoot/SF_TRON1A/xacro/materials.xacro
[0.557s] -- Up-to-date: /home/jerry/limx_ws/install/robot_description/share/robot_description/pointfoot/SF_TRON1A/xacro/gazebo.xacro
[0.564s] -- Up-to-date: /home/jerry/limx_ws/install/robot_description/share/robot_description/pointfoot/SF_TRON1A/urdf
[0.570s] -- Up-to-date: /home/jerry/limx_ws/install/robot_description/share/robot_description/pointfoot/SF_TRON1A/urdf/robot.urdf
[0.570s] -- Up-to-date: /home/jerry/limx_ws/install/robot_description/share/robot_description/pointfoot/SF_TRON1A/meshes
[0.571s] -- Up-to-date: /home/jerry/limx_ws/install/robot_description/share/robot_description/pointfoot/SF_TRON1A/meshes/abad_L_Link.STL
[0.571s] -- Up-to-date: /home/jerry/limx_ws/install/robot_description/share/robot_description/pointfoot/SF_TRON1A/meshes/knee_L_Link.STL
[0.572s] -- Up-to-date: /home/jerry/limx_ws/install/robot_description/share/robot_description/pointfoot/SF_TRON1A/meshes/base_Link.STL
[0.572s] -- Up-to-date: /home/jerry/limx_ws/install/robot_description/share/robot_description/pointfoot/SF_TRON1A/meshes/ankle_R_Link.STL
[0.572s] -- Up-to-date: /home/jerry/limx_ws/install/robot_description/share/robot_description/pointfoot/SF_TRON1A/meshes/hip_R_Link.STL
[0.573s] -- Up-to-date: /home/jerry/limx_ws/install/robot_description/share/robot_description/pointfoot/SF_TRON1A/meshes/knee_R_Link.STL
[0.573s] -- Up-to-date: /home/jerry/limx_ws/install/robot_description/share/robot_description/pointfoot/SF_TRON1A/meshes/abad_R_Link.STL
[0.574s] -- Up-to-date: /home/jerry/limx_ws/install/robot_description/share/robot_description/pointfoot/SF_TRON1A/meshes/hip_L_Link.STL
[0.574s] -- Up-to-date: /home/jerry/limx_ws/install/robot_description/share/robot_description/pointfoot/SF_TRON1A/meshes/ankle_L_Link.STL
[0.574s] -- Up-to-date: /home/jerry/limx_ws/install/robot_description/share/robot_description/pointfoot/SF_TRON1A/xml
[0.575s] -- Up-to-date: /home/jerry/limx_ws/install/robot_description/share/robot_description/pointfoot/SF_TRON1A/xml/robot.xml
[0.575s] -- Up-to-date: /home/jerry/limx_ws/install/robot_description/share/robot_description/pointfoot/PF_TRON1A
[0.576s] -- Up-to-date: /home/jerry/limx_ws/install/robot_description/share/robot_description/pointfoot/PF_TRON1A/xacro
[0.576s] -- Up-to-date: /home/jerry/limx_ws/install/robot_description/share/robot_description/pointfoot/PF_TRON1A/xacro/robot.xacro
[0.584s] -- Up-to-date: /home/jerry/limx_ws/install/robot_description/share/robot_description/pointfoot/PF_TRON1A/xacro/ros2_control_interface.xacro
[0.584s] -- Up-to-date: /home/jerry/limx_ws/install/robot_description/share/robot_description/pointfoot/PF_TRON1A/xacro/const.xacro
[0.584s] -- Up-to-date: /home/jerry/limx_ws/install/robot_description/share/robot_description/pointfoot/PF_TRON1A/xacro/leg.xacro
[0.585s] -- Up-to-date: /home/jerry/limx_ws/install/robot_description/share/robot_description/pointfoot/PF_TRON1A/xacro/transmission.xacro
[0.587s] -- Up-to-date: /home/jerry/limx_ws/install/robot_description/share/robot_description/pointfoot/PF_TRON1A/xacro/materials.xacro
[0.587s] -- Up-to-date: /home/jerry/limx_ws/install/robot_description/share/robot_description/pointfoot/PF_TRON1A/xacro/gazebo.xacro
[0.587s] -- Up-to-date: /home/jerry/limx_ws/install/robot_description/share/robot_description/pointfoot/PF_TRON1A/urdf
[0.588s] -- Up-to-date: /home/jerry/limx_ws/install/robot_description/share/robot_description/pointfoot/PF_TRON1A/urdf/robot.urdf
[0.588s] -- Up-to-date: /home/jerry/limx_ws/install/robot_description/share/robot_description/pointfoot/PF_TRON1A/meshes
[0.589s] -- Up-to-date: /home/jerry/limx_ws/install/robot_description/share/robot_description/pointfoot/PF_TRON1A/meshes/abad_L_Link.STL
[0.589s] -- Up-to-date: /home/jerry/limx_ws/install/robot_description/share/robot_description/pointfoot/PF_TRON1A/meshes/knee_L_Link.STL
[0.589s] -- Up-to-date: /home/jerry/limx_ws/install/robot_description/share/robot_description/pointfoot/PF_TRON1A/meshes/base_Link.STL
[0.589s] -- Up-to-date: /home/jerry/limx_ws/install/robot_description/share/robot_description/pointfoot/PF_TRON1A/meshes/hip_R_Link.STL
[0.590s] -- Up-to-date: /home/jerry/limx_ws/install/robot_description/share/robot_description/pointfoot/PF_TRON1A/meshes/knee_R_Link.STL
[0.590s] -- Up-to-date: /home/jerry/limx_ws/install/robot_description/share/robot_description/pointfoot/PF_TRON1A/meshes/abad_R_Link.STL
[0.590s] -- Up-to-date: /home/jerry/limx_ws/install/robot_description/share/robot_description/pointfoot/PF_TRON1A/meshes/foot_R_Link.STL
[0.591s] -- Up-to-date: /home/jerry/limx_ws/install/robot_description/share/robot_description/pointfoot/PF_TRON1A/meshes/foot_L_Link.STL
[0.591s] -- Up-to-date: /home/jerry/limx_ws/install/robot_description/share/robot_description/pointfoot/PF_TRON1A/meshes/hip_L_Link.STL
[0.592s] -- Up-to-date: /home/jerry/limx_ws/install/robot_description/share/robot_description/pointfoot/PF_TRON1A/xml
[0.592s] -- Up-to-date: /home/jerry/limx_ws/install/robot_description/share/robot_description/pointfoot/PF_TRON1A/xml/robot.xml
[0.593s] -- Up-to-date: /home/jerry/limx_ws/install/robot_description/share/robot_description/pointfoot/meshes_camera
[0.593s] -- Up-to-date: /home/jerry/limx_ws/install/robot_description/share/robot_description/pointfoot/meshes_camera/d435.dae
[0.593s] -- Up-to-date: /home/jerry/limx_ws/install/robot_description/share/robot_description/pointfoot/PF_P441C
[0.594s] -- Up-to-date: /home/jerry/limx_ws/install/robot_description/share/robot_description/pointfoot/PF_P441C/xacro
[0.594s] -- Up-to-date: /home/jerry/limx_ws/install/robot_description/share/robot_description/pointfoot/PF_P441C/xacro/robot.xacro
[0.595s] -- Up-to-date: /home/jerry/limx_ws/install/robot_description/share/robot_description/pointfoot/PF_P441C/xacro/ros2_control_interface.xacro
[0.595s] -- Up-to-date: /home/jerry/limx_ws/install/robot_description/share/robot_description/pointfoot/PF_P441C/xacro/const.xacro
[0.596s] -- Up-to-date: /home/jerry/limx_ws/install/robot_description/share/robot_description/pointfoot/PF_P441C/xacro/leg.xacro
[0.597s] -- Up-to-date: /home/jerry/limx_ws/install/robot_description/share/robot_description/pointfoot/PF_P441C/xacro/transmission.xacro
[0.598s] -- Up-to-date: /home/jerry/limx_ws/install/robot_description/share/robot_description/pointfoot/PF_P441C/xacro/materials.xacro
[0.599s] -- Up-to-date: /home/jerry/limx_ws/install/robot_description/share/robot_description/pointfoot/PF_P441C/xacro/gazebo.xacro
[0.600s] -- Up-to-date: /home/jerry/limx_ws/install/robot_description/share/robot_description/pointfoot/PF_P441C/urdf
[0.601s] -- Up-to-date: /home/jerry/limx_ws/install/robot_description/share/robot_description/pointfoot/PF_P441C/urdf/robot.urdf
[0.601s] -- Up-to-date: /home/jerry/limx_ws/install/robot_description/share/robot_description/pointfoot/PF_P441C/meshes
[0.602s] -- Up-to-date: /home/jerry/limx_ws/install/robot_description/share/robot_description/pointfoot/PF_P441C/meshes/abad_L_Link.STL
[0.602s] -- Up-to-date: /home/jerry/limx_ws/install/robot_description/share/robot_description/pointfoot/PF_P441C/meshes/knee_L_Link.STL
[0.602s] -- Up-to-date: /home/jerry/limx_ws/install/robot_description/share/robot_description/pointfoot/PF_P441C/meshes/base_Link.STL
[0.603s] -- Up-to-date: /home/jerry/limx_ws/install/robot_description/share/robot_description/pointfoot/PF_P441C/meshes/hip_R_Link.STL
[0.603s] -- Up-to-date: /home/jerry/limx_ws/install/robot_description/share/robot_description/pointfoot/PF_P441C/meshes/knee_R_Link.STL
[0.604s] -- Up-to-date: /home/jerry/limx_ws/install/robot_description/share/robot_description/pointfoot/PF_P441C/meshes/abad_R_Link.STL
[0.604s] -- Up-to-date: /home/jerry/limx_ws/install/robot_description/share/robot_description/pointfoot/PF_P441C/meshes/foot_R_Link.STL
[0.604s] -- Up-to-date: /home/jerry/limx_ws/install/robot_description/share/robot_description/pointfoot/PF_P441C/meshes/foot_L_Link.STL
[0.605s] -- Up-to-date: /home/jerry/limx_ws/install/robot_description/share/robot_description/pointfoot/PF_P441C/meshes/hip_L_Link.STL
[0.606s] -- Up-to-date: /home/jerry/limx_ws/install/robot_description/share/robot_description/pointfoot/PF_P441C/xml
[0.609s] -- Up-to-date: /home/jerry/limx_ws/install/robot_description/share/robot_description/pointfoot/PF_P441C/xml/robot.xml
[0.609s] -- Up-to-date: /home/jerry/limx_ws/install/robot_description/share/robot_description/wheellegged
[0.610s] -- Up-to-date: /home/jerry/limx_ws/install/robot_description/share/robot_description/wheellegged/WL_P311E
[0.610s] -- Up-to-date: /home/jerry/limx_ws/install/robot_description/share/robot_description/wheellegged/WL_P311E/urdf
[0.611s] -- Up-to-date: /home/jerry/limx_ws/install/robot_description/share/robot_description/wheellegged/WL_P311E/urdf/robot.urdf
[0.611s] -- Up-to-date: /home/jerry/limx_ws/install/robot_description/share/robot_description/wheellegged/WL_P311E/meshes
[0.613s] -- Up-to-date: /home/jerry/limx_ws/install/robot_description/share/robot_description/wheellegged/WL_P311E/meshes/RF_wheel.STL
[0.613s] -- Up-to-date: /home/jerry/limx_ws/install/robot_description/share/robot_description/wheellegged/WL_P311E/meshes/LF_wheel.STL
[0.613s] -- Up-to-date: /home/jerry/limx_ws/install/robot_description/share/robot_description/wheellegged/WL_P311E/meshes/RF_hip.STL
[0.614s] -- Up-to-date: /home/jerry/limx_ws/install/robot_description/share/robot_description/wheellegged/WL_P311E/meshes/LF_calf.STL
[0.616s] -- Up-to-date: /home/jerry/limx_ws/install/robot_description/share/robot_description/wheellegged/WL_P311E/meshes/RH_wheel.STL
[0.616s] -- Up-to-date: /home/jerry/limx_ws/install/robot_description/share/robot_description/wheellegged/WL_P311E/meshes/RH_hip.STL
[0.616s] -- Up-to-date: /home/jerry/limx_ws/install/robot_description/share/robot_description/wheellegged/WL_P311E/meshes/trunk.STL
[0.622s] -- Up-to-date: /home/jerry/limx_ws/install/robot_description/share/robot_description/wheellegged/WL_P311E/meshes/LF_thigh.STL
[0.622s] -- Up-to-date: /home/jerry/limx_ws/install/robot_description/share/robot_description/wheellegged/WL_P311E/meshes/LH_wheel.STL
[0.623s] -- Up-to-date: /home/jerry/limx_ws/install/robot_description/share/robot_description/wheellegged/WL_P311E/meshes/RF_thigh.STL
[0.623s] -- Up-to-date: /home/jerry/limx_ws/install/robot_description/share/robot_description/wheellegged/WL_P311E/meshes/RF_calf.STL
[0.623s] -- Up-to-date: /home/jerry/limx_ws/install/robot_description/share/robot_description/wheellegged/WL_P311E/meshes/LF_hip.STL
[0.624s] -- Up-to-date: /home/jerry/limx_ws/install/robot_description/share/robot_description/wheellegged/WL_P311E/meshes/RH_thigh.STL
[0.624s] -- Up-to-date: /home/jerry/limx_ws/install/robot_description/share/robot_description/wheellegged/WL_P311E/meshes/LH_calf.STL
[0.625s] -- Up-to-date: /home/jerry/limx_ws/install/robot_description/share/robot_description/wheellegged/WL_P311E/meshes/realsense_d435.stl
[0.626s] -- Up-to-date: /home/jerry/limx_ws/install/robot_description/share/robot_description/wheellegged/WL_P311E/meshes/LH_hip.STL
[0.627s] -- Up-to-date: /home/jerry/limx_ws/install/robot_description/share/robot_description/wheellegged/WL_P311E/meshes/RH_calf.STL
[0.627s] -- Up-to-date: /home/jerry/limx_ws/install/robot_description/share/robot_description/wheellegged/WL_P311E/meshes/LH_thigh.STL
[0.629s] -- Up-to-date: /home/jerry/limx_ws/install/robot_description/share/robot_description/wheellegged/WL_P311E/srdf
[0.629s] -- Up-to-date: /home/jerry/limx_ws/install/robot_description/share/robot_description/wheellegged/WL_P311E/srdf/robot.srdf
[0.630s] -- Up-to-date: /home/jerry/limx_ws/install/robot_description/share/robot_description/wheellegged/WL_P311D
[0.630s] -- Up-to-date: /home/jerry/limx_ws/install/robot_description/share/robot_description/wheellegged/WL_P311D/urdf
[0.631s] -- Up-to-date: /home/jerry/limx_ws/install/robot_description/share/robot_description/wheellegged/WL_P311D/urdf/robot.urdf
[0.631s] -- Up-to-date: /home/jerry/limx_ws/install/robot_description/share/robot_description/wheellegged/WL_P311D/meshes
[0.632s] -- Up-to-date: /home/jerry/limx_ws/install/robot_description/share/robot_description/wheellegged/WL_P311D/meshes/RF_wheel.STL
[0.632s] -- Up-to-date: /home/jerry/limx_ws/install/robot_description/share/robot_description/wheellegged/WL_P311D/meshes/LF_wheel.STL
[0.633s] -- Up-to-date: /home/jerry/limx_ws/install/robot_description/share/robot_description/wheellegged/WL_P311D/meshes/RF_hip.STL
[0.633s] -- Up-to-date: /home/jerry/limx_ws/install/robot_description/share/robot_description/wheellegged/WL_P311D/meshes/base_link.STL
[0.634s] -- Up-to-date: /home/jerry/limx_ws/install/robot_description/share/robot_description/wheellegged/WL_P311D/meshes/LF_calf.STL
[0.634s] -- Up-to-date: /home/jerry/limx_ws/install/robot_description/share/robot_description/wheellegged/WL_P311D/meshes/RH_wheel.STL
[0.634s] -- Up-to-date: /home/jerry/limx_ws/install/robot_description/share/robot_description/wheellegged/WL_P311D/meshes/RH_hip.STL
[0.634s] -- Up-to-date: /home/jerry/limx_ws/install/robot_description/share/robot_description/wheellegged/WL_P311D/meshes/LF_thigh.STL
[0.635s] -- Up-to-date: /home/jerry/limx_ws/install/robot_description/share/robot_description/wheellegged/WL_P311D/meshes/LH_wheel.STL
[0.635s] -- Up-to-date: /home/jerry/limx_ws/install/robot_description/share/robot_description/wheellegged/WL_P311D/meshes/RF_thigh.STL
[0.639s] -- Up-to-date: /home/jerry/limx_ws/install/robot_description/share/robot_description/wheellegged/WL_P311D/meshes/RF_calf.STL
[0.639s] -- Up-to-date: /home/jerry/limx_ws/install/robot_description/share/robot_description/wheellegged/WL_P311D/meshes/LF_hip.STL
[0.639s] -- Up-to-date: /home/jerry/limx_ws/install/robot_description/share/robot_description/wheellegged/WL_P311D/meshes/RH_thigh.STL
[0.640s] -- Up-to-date: /home/jerry/limx_ws/install/robot_description/share/robot_description/wheellegged/WL_P311D/meshes/LH_calf.STL
[0.641s] -- Up-to-date: /home/jerry/limx_ws/install/robot_description/share/robot_description/wheellegged/WL_P311D/meshes/realsense_d435.stl
[0.642s] -- Up-to-date: /home/jerry/limx_ws/install/robot_description/share/robot_description/wheellegged/WL_P311D/meshes/LH_hip.STL
[0.643s] -- Up-to-date: /home/jerry/limx_ws/install/robot_description/share/robot_description/wheellegged/WL_P311D/meshes/RH_calf.STL
[0.643s] -- Up-to-date: /home/jerry/limx_ws/install/robot_description/share/robot_description/wheellegged/WL_P311D/meshes/LH_thigh.STL
[0.644s] -- Up-to-date: /home/jerry/limx_ws/install/robot_description/share/robot_description/wheellegged/WL_P311D/srdf
[0.645s] -- Up-to-date: /home/jerry/limx_ws/install/robot_description/share/robot_description/wheellegged/WL_P311D/srdf/robot.srdf
[0.646s] -- Up-to-date: /home/jerry/limx_ws/install/robot_description/share/ament_index/resource_index/package_run_dependencies/robot_description
[0.646s] -- Up-to-date: /home/jerry/limx_ws/install/robot_description/share/ament_index/resource_index/parent_prefix_path/robot_description
[0.647s] -- Up-to-date: /home/jerry/limx_ws/install/robot_description/share/robot_description/environment/ament_prefix_path.sh
[0.648s] -- Up-to-date: /home/jerry/limx_ws/install/robot_description/share/robot_description/environment/ament_prefix_path.dsv
[0.648s] -- Up-to-date: /home/jerry/limx_ws/install/robot_description/share/robot_description/environment/path.sh
[0.650s] -- Up-to-date: /home/jerry/limx_ws/install/robot_description/share/robot_description/environment/path.dsv
[0.651s] -- Up-to-date: /home/jerry/limx_ws/install/robot_description/share/robot_description/local_setup.bash
[0.652s] -- Up-to-date: /home/jerry/limx_ws/install/robot_description/share/robot_description/local_setup.sh
[0.652s] -- Up-to-date: /home/jerry/limx_ws/install/robot_description/share/robot_description/local_setup.zsh
[0.652s] -- Up-to-date: /home/jerry/limx_ws/install/robot_description/share/robot_description/local_setup.dsv
[0.654s] -- Installing: /home/jerry/limx_ws/install/robot_description/share/robot_description/package.dsv
[0.654s] -- Up-to-date: /home/jerry/limx_ws/install/robot_description/share/ament_index/resource_index/packages/robot_description
[0.655s] -- Up-to-date: /home/jerry/limx_ws/install/robot_description/share/robot_description/cmake/robot_descriptionConfig.cmake
[0.657s] -- Up-to-date: /home/jerry/limx_ws/install/robot_description/share/robot_description/cmake/robot_descriptionConfig-version.cmake
[0.657s] -- Up-to-date: /home/jerry/limx_ws/install/robot_description/share/robot_description/package.xml
[0.670s] Invoked command in '/home/jerry/limx_ws/build/robot_description' returned '0': CMAKE_PREFIX_PATH=/opt/ros/humble /usr/bin/cmake --install /home/jerry/limx_ws/build/robot_description
