[0m** WARNING ** io features related to pcap will be disabled[0m
[33mCMake Warning (dev) at CMakeLists.txt:23 (find_package):
  Policy CMP0074 is not set: find_package uses <PackageName>_ROOT variables.
  Run "cmake --help-policy CMP0074" for policy details.  Use the cmake_policy
  command to set the policy and suppress this warning.

  CMake variable PCL_ROOT is set to:

    /usr

  For compatibility, CMake is ignoring the variable.
This warning is for project developers.  Use -Wno-dev to suppress it.
[0m
[01m[K/home/jerry/limx_ws/src/lidar_odometry/src/lidar_odometry_node.cpp:[m[K In constructor ‘[01m[KLidarOdometryNode::LidarOdometryNode()[m[K’:
[01m[K/home/jerry/limx_ws/src/lidar_odometry/src/lidar_odometry_node.cpp:51:11:[m[K [01;31m[Kerror: [m[K‘[01m[Ks[m[K’ was not declared in this scope; did you mean ‘[01m[Kpcl::fields::s[m[K’?
   51 |           [01;31m[Ks[m[K
      |           [01;31m[K^[m[K
      |           [32m[Kpcl::fields::s[m[K
In file included from [01m[K/usr/include/boost/preprocessor/tuple/elem.hpp:23[m[K,
                 from [01m[K/usr/include/boost/preprocessor/arithmetic/add.hpp:21[m[K,
                 from [01m[K/usr/include/boost/mpl/aux_/preprocessor/def_params_tail.hpp:66[m[K,
                 from [01m[K/usr/include/boost/mpl/aux_/na_spec.hpp:28[m[K,
                 from [01m[K/usr/include/boost/mpl/not.hpp:20[m[K,
                 from [01m[K/usr/include/boost/mpl/assert.hpp:17[m[K,
                 from [01m[K/usr/include/pcl-1.12/pcl/point_struct_traits.h:40[m[K,
                 from [01m[K/usr/include/pcl-1.12/pcl/type_traits.h:40[m[K,
                 from [01m[K/usr/include/pcl-1.12/pcl/memory.h:46[m[K,
                 from [01m[K/usr/include/pcl-1.12/pcl/PCLPointField.h:3[m[K,
                 from [01m[K/usr/include/pcl-1.12/pcl/conversions.h:46[m[K,
                 from [01m[K/opt/ros/humble/include/pcl_conversions/pcl_conversions/pcl_conversions.h:47[m[K,
                 from [01m[K/home/jerry/limx_ws/src/lidar_odometry/src/lidar_odometry_node.cpp:3[m[K:
[01m[K/usr/include/pcl-1.12/pcl/impl/point_types.hpp:1983:1:[m[K [01;36m[Knote: [m[K‘[01m[Kpcl::fields::s[m[K’ declared here
 1983 | [01;36m[KPOINT_CLOUD_REGISTER_POINT_STRUCT[m[K (pcl::_PointXYZHSV,
      | [01;36m[K^~~~~~~~~~~~~~~~~~~~~~~~~~~~~~~~~[m[K
[01m[K/home/jerry/limx_ws/src/lidar_odometry/src/lidar_odometry_node.cpp:[m[K In member function ‘[01m[Kvoid LidarOdometryNode::publish_odometry()[m[K’:
[01m[K/home/jerry/limx_ws/src/lidar_odometry/src/lidar_odometry_node.cpp:101:34:[m[K [01;31m[Kerror: [m[Kinvalid use of non-static member function ‘[01m[Krclcpp::Time rclcpp::Node::now() const[m[K’
  101 |         transform.header.stamp = [01;31m[Know[m[K;
      |                                  [01;31m[K^~~[m[K
In file included from [01m[K/opt/ros/humble/include/rclcpp/rclcpp/executors/single_threaded_executor.hpp:28[m[K,
                 from [01m[K/opt/ros/humble/include/rclcpp/rclcpp/executors.hpp:22[m[K,
                 from [01m[K/opt/ros/humble/include/rclcpp/rclcpp/rclcpp.hpp:155[m[K,
                 from [01m[K/opt/ros/humble/include/pcl_conversions/pcl_conversions/pcl_conversions.h:43[m[K,
                 from [01m[K/home/jerry/limx_ws/src/lidar_odometry/src/lidar_odometry_node.cpp:3[m[K:
[01m[K/opt/ros/humble/include/rclcpp/rclcpp/node.hpp:1126:3:[m[K [01;36m[Knote: [m[Kdeclared here
 1126 |   [01;36m[Know[m[K() const;
      |   [01;36m[K^~~[m[K
[01m[K/home/jerry/limx_ws/src/lidar_odometry/src/lidar_odometry.cpp:[m[K In member function ‘[01m[Kvoid LidarOdometry::process_scan_data(ScanDataPtr)[m[K’:
[01m[K/home/jerry/limx_ws/src/lidar_odometry/src/lidar_odometry.cpp:61:30:[m[K [01;31m[Kerror: [m[K‘[01m[Kdeskew_pointcloud[m[K’ was not declared in this scope
   61 |         auto source_deskew = [01;31m[Kdeskew_pointcloud[m[K(last_scan_ptr->point_cloud,
      |                              [01;31m[K^~~~~~~~~~~~~~~~~[m[K
[01m[K/home/jerry/limx_ws/src/lidar_odometry/src/lidar_odometry.cpp:91:65:[m[K [01;31m[Kerror: [m[Kcannot convert ‘[01m[Kshared_ptr<[01;32m[Kpcl::PointCloud<pcl::PointXYZ>[m[K>[m[K’ to ‘[01m[Kshared_ptr<[01;32m[KScanData[m[K>[m[K’
   91 |         Eigen::Matrix4d transform_matrix = get_transform_matrix([01;31m[Ksource_filtered[m[K, target_filtered);
      |                                                                 [01;31m[K^~~~~~~~~~~~~~~[m[K
      |                                                                 [01;31m[K|[m[K
      |                                                                 [01;31m[Kshared_ptr<pcl::PointCloud<pcl::PointXYZ>>[m[K
In file included from [01m[K/home/jerry/limx_ws/src/lidar_odometry/src/lidar_odometry.cpp:1[m[K:
[01m[K/home/jerry/limx_ws/src/lidar_odometry/include/lidar_odometry/lidar_odometry.hpp:24:58:[m[K [01;36m[Knote: [m[K  initializing argument 1 of ‘[01m[KEigen::Matrix4d LidarOdometry::get_transform_matrix(ScanDataPtr, ScanDataPtr)[m[K’
   24 |         Eigen::Matrix4d get_transform_matrix([01;36m[KScanDataPtr source[m[K, ScanDataPtr target);
      |                                              [01;36m[K~~~~~~~~~~~~^~~~~~[m[K
[01m[K/home/jerry/limx_ws/src/lidar_odometry/src/lidar_odometry_node.cpp:116:9:[m[K [01;31m[Kerror: [m[K‘[01m[Ktf_broadcaster_[m[K’ was not declared in this scope
  116 |         [01;31m[Ktf_broadcaster_[m[K->sendTransform(transform);
      |         [01;31m[K^~~~~~~~~~~~~~~[m[K
[01m[K/home/jerry/limx_ws/src/lidar_odometry/src/lidar_odometry.cpp:[m[K At global scope:
[01m[K/home/jerry/limx_ws/src/lidar_odometry/src/lidar_odometry.cpp:152:18:[m[K [01;31m[Kerror: [m[Kno declaration matches ‘[01m[KEigen::Matrix4d LidarOdometry::get_transform_matrix(pcl::PointCloud<pcl::PointXYZ>::Ptr, pcl::PointCloud<pcl::PointXYZ>::Ptr)[m[K’
  152 | Eigen::Matrix4d  [01;31m[KLidarOdometry[m[K::get_transform_matrix(
      |                  [01;31m[K^~~~~~~~~~~~~[m[K
In file included from [01m[K/home/jerry/limx_ws/src/lidar_odometry/src/lidar_odometry.cpp:1[m[K:
[01m[K/home/jerry/limx_ws/src/lidar_odometry/include/lidar_odometry/lidar_odometry.hpp:24:25:[m[K [01;36m[Knote: [m[Kcandidate is: ‘[01m[KEigen::Matrix4d LidarOdometry::get_transform_matrix(ScanDataPtr, ScanDataPtr)[m[K’
   24 |         Eigen::Matrix4d [01;36m[Kget_transform_matrix[m[K(ScanDataPtr source, ScanDataPtr target);
      |                         [01;36m[K^~~~~~~~~~~~~~~~~~~~[m[K
In file included from [01m[K/home/jerry/limx_ws/src/lidar_odometry/src/lidar_odometry.cpp:1[m[K:
[01m[K/home/jerry/limx_ws/src/lidar_odometry/include/lidar_odometry/lidar_odometry.hpp:10:7:[m[K [01;36m[Knote: [m[K‘[01m[Kclass LidarOdometry[m[K’ defined here
   10 | class [01;36m[KLidarOdometry[m[K
      |       [01;36m[K^~~~~~~~~~~~~[m[K
[01m[K/home/jerry/limx_ws/src/lidar_odometry/src/lidar_odometry.cpp:165:37:[m[K [01;31m[Kerror: [m[Kno declaration matches ‘[01m[Kpcl::PointCloud<pcl::PointXYZ>::Ptr LidarOdometry::deskew_pointcloud(const pcl::PointCloud<pcl::PointXYZ>&, double, double, const Vector3d&)[m[K’
  165 | pcl::PointCloud<pcl::PointXYZ>::Ptr [01;31m[KLidarOdometry[m[K::deskew_pointcloud(
      |                                     [01;31m[K^~~~~~~~~~~~~[m[K
[01m[K/home/jerry/limx_ws/src/lidar_odometry/src/lidar_odometry.cpp:165:37:[m[K [01;36m[Knote: [m[Kno functions named ‘[01m[Kpcl::PointCloud<pcl::PointXYZ>::Ptr LidarOdometry::deskew_pointcloud(const pcl::PointCloud<pcl::PointXYZ>&, double, double, const Vector3d&)[m[K’
In file included from [01m[K/home/jerry/limx_ws/src/lidar_odometry/src/lidar_odometry.cpp:1[m[K:
[01m[K/home/jerry/limx_ws/src/lidar_odometry/include/lidar_odometry/lidar_odometry.hpp:10:7:[m[K [01;36m[Knote: [m[K‘[01m[Kclass LidarOdometry[m[K’ defined here
   10 | class [01;36m[KLidarOdometry[m[K
      |       [01;36m[K^~~~~~~~~~~~~[m[K
gmake[2]: *** [CMakeFiles/lidar_odometry_node.dir/build.make:76: CMakeFiles/lidar_odometry_node.dir/src/lidar_odometry_node.cpp.o] Error 1
gmake[2]: *** Waiting for unfinished jobs....
gmake[2]: *** [CMakeFiles/lidar_odometry_node.dir/build.make:90: CMakeFiles/lidar_odometry_node.dir/src/lidar_odometry.cpp.o] Error 1
gmake[1]: *** [CMakeFiles/Makefile2:139: CMakeFiles/lidar_odometry_node.dir/all] Error 2
gmake: *** [Makefile:146: all] Error 2
