[0.032s] Invoking command in '/home/jerry/limx_ws/build/robot_controllers': CMAKE_PREFIX_PATH=/home/jerry/limx_ws/install/limxsdk_lowlevel:/home/jerry/limx_ws/install/scan_corrector:/home/jerry/limx_ws/install/robot_visualization:/home/jerry/limx_ws/install/robot_hw:/home/jerry/limx_ws/install/robot_description:/home/jerry/limx_ws/install/robot_controllers:/home/jerry/limx_ws/install/pointfoot_gazebo:/home/jerry/limx_ws/install/mrosbridger:/home/jerry/limx_ws/install/lslidar_driver:/home/jerry/limx_ws/install/lslidar_msgs:/home/jerry/limx_ws/install/limxsdk_sim:/home/jerry/limx_ws/install/lidar_odometry_0:/home/jerry/limx_ws/install/lidar_odometry:/home/jerry/limx_ws/install/controller_msgs:/opt/ros/humble LD_LIBRARY_PATH=/home/jerry/limx_ws/install/limxsdk_lowlevel/lib:/home/jerry/limx_ws/install/robot_controllers/lib:/home/jerry/limx_ws/install/pointfoot_gazebo/lib:/home/jerry/limx_ws/install/mrosbridger/lib:/home/jerry/limx_ws/install/lslidar_msgs/lib:/home/jerry/limx_ws/install/limxsdk_sim/lib:/home/jerry/limx_ws/install/controller_msgs/lib:/usr/lib/x86_64-linux-gnu/gazebo-11/plugins:/opt/ros/humble/opt/rviz_ogre_vendor/lib:/opt/ros/humble/lib/x86_64-linux-gnu:/opt/ros/humble/lib:/usr/share/gazebo/../../lib/x86_64-linux-gnu/gazebo-11/plugins /usr/bin/cmake /home/jerry/limx_ws/src/tron1-rl-deploy-ros2/robot_controllers -DCMAKE_INSTALL_PREFIX=/home/jerry/limx_ws/install/robot_controllers
[0.178s] -- The C compiler identification is GNU 11.4.0
[0.299s] -- The CXX compiler identification is GNU 11.4.0
[0.307s] -- Detecting C compiler ABI info
[0.486s] -- Detecting C compiler ABI info - done
[0.511s] -- Check for working C compiler: /usr/bin/cc - skipped
[0.511s] -- Detecting C compile features
[0.511s] -- Detecting C compile features - done
[0.511s] -- Detecting CXX compiler ABI info
[0.775s] -- Detecting CXX compiler ABI info - done
[0.782s] -- Check for working CXX compiler: /usr/bin/c++ - skipped
[0.782s] -- Detecting CXX compile features
[0.789s] -- Detecting CXX compile features - done
[0.799s] -- Found ament_cmake: 1.3.12 (/opt/ros/humble/share/ament_cmake/cmake)
[1.122s] -- Found Python3: /usr/bin/python3 (found version "3.10.12") found components: Interpreter 
[1.344s] -- Found ament_index_cpp: 1.4.0 (/opt/ros/humble/share/ament_index_cpp/cmake)
[1.347s] -- Found controller_interface: 2.53.0 (/opt/ros/humble/share/controller_interface/cmake)
[1.418s] -- Found rosidl_generator_c: 3.1.8 (/opt/ros/humble/share/rosidl_generator_c/cmake)
[1.426s] -- Found rosidl_adapter: 3.1.8 (/opt/ros/humble/share/rosidl_adapter/cmake)
[1.447s] -- Found rosidl_generator_cpp: 3.1.8 (/opt/ros/humble/share/rosidl_generator_cpp/cmake)
[1.478s] -- Using all available rosidl_typesupport_c: rosidl_typesupport_fastrtps_c;rosidl_typesupport_introspection_c
[1.500s] -- Using all available rosidl_typesupport_cpp: rosidl_typesupport_fastrtps_cpp;rosidl_typesupport_introspection_cpp
[1.974s] -- Found rmw_implementation_cmake: 6.1.2 (/opt/ros/humble/share/rmw_implementation_cmake/cmake)
[1.982s] -- Found rmw_fastrtps_cpp: 6.2.9 (/opt/ros/humble/share/rmw_fastrtps_cpp/cmake)
[2.014s] -- Found TinyXML2 via Config file: TinyXML2_DIR-NOTFOUND
[2.183s] -- Found OpenSSL: /usr/lib/x86_64-linux-gnu/libcrypto.so (found version "3.0.2")  
[2.190s] -- Found TinyXML2 via Config file: TinyXML2_DIR-NOTFOUND
[2.214s] -- Found FastRTPS: /opt/ros/humble/include  
[2.218s] -- Found TinyXML2 via Config file: TinyXML2_DIR-NOTFOUND
[2.228s] -- Found TinyXML2 via Config file: TinyXML2_DIR-NOTFOUND
[2.243s] -- Using RMW implementation 'rmw_fastrtps_cpp' as default
[2.258s] -- Looking for pthread.h
[2.435s] -- Looking for pthread.h - found
[2.435s] -- Performing Test CMAKE_HAVE_LIBC_PTHREAD
[2.602s] -- Performing Test CMAKE_HAVE_LIBC_PTHREAD - Success
[2.602s] -- Found Threads: TRUE  
[2.665s] -- Found realtime_tools: 2.15.0 (/opt/ros/humble/share/realtime_tools/cmake)
[2.690s] -- Found urdf: 2.6.1 (/opt/ros/humble/share/urdf/cmake)
[2.700s] -- Found limxsdk_lowlevel: 0.0.0 (/home/jerry/limx_ws/install/limxsdk_lowlevel/share/limxsdk_lowlevel/cmake)
[2.779s] -- Configuring done
[2.797s] -- Generating done
[2.809s] -- Build files have been written to: /home/jerry/limx_ws/build/robot_controllers
[2.820s] Invoked command in '/home/jerry/limx_ws/build/robot_controllers' returned '0': CMAKE_PREFIX_PATH=/home/jerry/limx_ws/install/limxsdk_lowlevel:/home/jerry/limx_ws/install/scan_corrector:/home/jerry/limx_ws/install/robot_visualization:/home/jerry/limx_ws/install/robot_hw:/home/jerry/limx_ws/install/robot_description:/home/jerry/limx_ws/install/robot_controllers:/home/jerry/limx_ws/install/pointfoot_gazebo:/home/jerry/limx_ws/install/mrosbridger:/home/jerry/limx_ws/install/lslidar_driver:/home/jerry/limx_ws/install/lslidar_msgs:/home/jerry/limx_ws/install/limxsdk_sim:/home/jerry/limx_ws/install/lidar_odometry_0:/home/jerry/limx_ws/install/lidar_odometry:/home/jerry/limx_ws/install/controller_msgs:/opt/ros/humble LD_LIBRARY_PATH=/home/jerry/limx_ws/install/limxsdk_lowlevel/lib:/home/jerry/limx_ws/install/robot_controllers/lib:/home/jerry/limx_ws/install/pointfoot_gazebo/lib:/home/jerry/limx_ws/install/mrosbridger/lib:/home/jerry/limx_ws/install/lslidar_msgs/lib:/home/jerry/limx_ws/install/limxsdk_sim/lib:/home/jerry/limx_ws/install/controller_msgs/lib:/usr/lib/x86_64-linux-gnu/gazebo-11/plugins:/opt/ros/humble/opt/rviz_ogre_vendor/lib:/opt/ros/humble/lib/x86_64-linux-gnu:/opt/ros/humble/lib:/usr/share/gazebo/../../lib/x86_64-linux-gnu/gazebo-11/plugins /usr/bin/cmake /home/jerry/limx_ws/src/tron1-rl-deploy-ros2/robot_controllers -DCMAKE_INSTALL_PREFIX=/home/jerry/limx_ws/install/robot_controllers
[2.821s] Invoking command in '/home/jerry/limx_ws/build/robot_controllers': CMAKE_PREFIX_PATH=/home/jerry/limx_ws/install/limxsdk_lowlevel:/home/jerry/limx_ws/install/scan_corrector:/home/jerry/limx_ws/install/robot_visualization:/home/jerry/limx_ws/install/robot_hw:/home/jerry/limx_ws/install/robot_description:/home/jerry/limx_ws/install/robot_controllers:/home/jerry/limx_ws/install/pointfoot_gazebo:/home/jerry/limx_ws/install/mrosbridger:/home/jerry/limx_ws/install/lslidar_driver:/home/jerry/limx_ws/install/lslidar_msgs:/home/jerry/limx_ws/install/limxsdk_sim:/home/jerry/limx_ws/install/lidar_odometry_0:/home/jerry/limx_ws/install/lidar_odometry:/home/jerry/limx_ws/install/controller_msgs:/opt/ros/humble LD_LIBRARY_PATH=/home/jerry/limx_ws/install/limxsdk_lowlevel/lib:/home/jerry/limx_ws/install/robot_controllers/lib:/home/jerry/limx_ws/install/pointfoot_gazebo/lib:/home/jerry/limx_ws/install/mrosbridger/lib:/home/jerry/limx_ws/install/lslidar_msgs/lib:/home/jerry/limx_ws/install/limxsdk_sim/lib:/home/jerry/limx_ws/install/controller_msgs/lib:/usr/lib/x86_64-linux-gnu/gazebo-11/plugins:/opt/ros/humble/opt/rviz_ogre_vendor/lib:/opt/ros/humble/lib/x86_64-linux-gnu:/opt/ros/humble/lib:/usr/share/gazebo/../../lib/x86_64-linux-gnu/gazebo-11/plugins /usr/bin/cmake --build /home/jerry/limx_ws/build/robot_controllers -- -j8 -l8
[2.942s] [ 40%] [32mBuilding CXX object CMakeFiles/robot_controllers.dir/src/SolefootController.cpp.o[0m
[2.942s] [ 20%] [32mBuilding CXX object CMakeFiles/robot_controllers.dir/src/PointfootController.cpp.o[0m
[2.942s] [ 60%] [32mBuilding CXX object CMakeFiles/robot_controllers.dir/src/ControllerBase.cpp.o[0m
[2.942s] [ 80%] [32mBuilding CXX object CMakeFiles/robot_controllers.dir/src/WheelfootController.cpp.o[0m
[17.723s] [01m[K/home/jerry/limx_ws/src/tron1-rl-deploy-ros2/robot_controllers/src/ControllerBase.cpp:[m[K In member function ‘[01m[Kvirtual rclcpp_lifecycle::node_interfaces::LifecycleNodeInterface::CallbackReturn robot_controllers::ControllerBase::on_activate(const rclcpp_lifecycle::State&)[m[K’:
[17.724s] [01m[K/home/jerry/limx_ws/src/tron1-rl-deploy-ros2/robot_controllers/src/ControllerBase.cpp:113:52:[m[K [01;35m[Kwarning: [m[K‘[01m[Kconst string hardware_interface::LoanedCommandInterface::get_full_name() const[m[K’ is deprecated: Replaced by get_name method, which is semantically more correct [[01;35m[K]8;;https://gcc.gnu.org/onlinedocs/gcc/Warning-Options.html#index-Wdeprecated-declarations-Wdeprecated-declarations]8;;[m[K]
[17.724s]   113 |     command_interfaces_map_[[01;35m[Kinterface.get_full_name()[m[K] = &interface;
[17.724s]       |                             [01;35m[K~~~~~~~~~~~~~~~~~~~~~~~^~[m[K
[17.724s] In file included from [01m[K/home/jerry/limx_ws/src/tron1-rl-deploy-ros2/robot_controllers/include/robot_controllers/ControllerBase.h:28[m[K,
[17.724s]                  from [01m[K/home/jerry/limx_ws/src/tron1-rl-deploy-ros2/robot_controllers/src/ControllerBase.cpp:5[m[K:
[17.724s] [01m[K/opt/ros/humble/include/hardware_interface/hardware_interface/loaned_command_interface.hpp:59:3:[m[K [01;36m[Knote: [m[Kdeclared here
[17.724s]    59 |   [01;36m[Kget_full_name[m[K() const
[17.724s]       |   [01;36m[K^~~~~~~~~~~~~[m[K
[17.725s] [01m[K/home/jerry/limx_ws/src/tron1-rl-deploy-ros2/robot_controllers/src/ControllerBase.cpp:116:50:[m[K [01;35m[Kwarning: [m[K‘[01m[Kconst string hardware_interface::LoanedStateInterface::get_full_name() const[m[K’ is deprecated: Replaced by get_name method, which is semantically more correct [[01;35m[K]8;;https://gcc.gnu.org/onlinedocs/gcc/Warning-Options.html#index-Wdeprecated-declarations-Wdeprecated-declarations]8;;[m[K]
[17.725s]   116 |     state_interfaces_map_[[01;35m[Kinterface.get_full_name()[m[K] = &interface;
[17.725s]       |                           [01;35m[K~~~~~~~~~~~~~~~~~~~~~~~^~[m[K
[17.725s] In file included from [01m[K/home/jerry/limx_ws/src/tron1-rl-deploy-ros2/robot_controllers/include/robot_controllers/ControllerBase.h:29[m[K,
[17.725s]                  from [01m[K/home/jerry/limx_ws/src/tron1-rl-deploy-ros2/robot_controllers/src/ControllerBase.cpp:5[m[K:
[17.725s] [01m[K/opt/ros/humble/include/hardware_interface/hardware_interface/loaned_state_interface.hpp:59:3:[m[K [01;36m[Knote: [m[Kdeclared here
[17.725s]    59 |   [01;36m[Kget_full_name[m[K() const
[17.725s]       |   [01;36m[K^~~~~~~~~~~~~[m[K
