[0.035s] Invoking command in '/home/jerry/limx_ws/build/robot_hw': AMENT_PREFIX_PATH=/home/jerry/limx_ws/install/limxsdk_lowlevel:${AMENT_PREFIX_PATH} CMAKE_PREFIX_PATH=/home/jerry/limx_ws/install/limxsdk_lowlevel:/opt/ros/humble LD_LIBRARY_PATH=/home/jerry/limx_ws/install/limxsdk_lowlevel/lib:${LD_LIBRARY_PATH} /usr/bin/cmake --build /home/jerry/limx_ws/build/robot_hw -- -j8 -l8
[0.113s] [100%] Built target pointfoot_node
[0.125s] Invoked command in '/home/jerry/limx_ws/build/robot_hw' returned '0': AMENT_PREFIX_PATH=/home/jerry/limx_ws/install/limxsdk_lowlevel:${AMENT_PREFIX_PATH} CMAKE_PREFIX_PATH=/home/jerry/limx_ws/install/limxsdk_lowlevel:/opt/ros/humble LD_LIBRARY_PATH=/home/jerry/limx_ws/install/limxsdk_lowlevel/lib:${LD_LIBRARY_PATH} /usr/bin/cmake --build /home/jerry/limx_ws/build/robot_hw -- -j8 -l8
[0.135s] Invoking command in '/home/jerry/limx_ws/build/robot_hw': AMENT_PREFIX_PATH=/home/jerry/limx_ws/install/limxsdk_lowlevel:${AMENT_PREFIX_PATH} CMAKE_PREFIX_PATH=/home/jerry/limx_ws/install/limxsdk_lowlevel:/opt/ros/humble LD_LIBRARY_PATH=/home/jerry/limx_ws/install/limxsdk_lowlevel/lib:${LD_LIBRARY_PATH} /usr/bin/cmake --install /home/jerry/limx_ws/build/robot_hw
[0.140s] -- Install configuration: ""
[0.140s] -- Up-to-date: /home/jerry/limx_ws/install/robot_hw/lib/robot_hw/pointfoot_node
[0.141s] -- Up-to-date: /home/jerry/limx_ws/install/robot_hw/share/robot_hw/launch
[0.141s] -- Up-to-date: /home/jerry/limx_ws/install/robot_hw/share/robot_hw/launch/pointfoot_hw.launch.py
[0.142s] -- Up-to-date: /home/jerry/limx_ws/install/robot_hw/share/robot_hw/launch/pointfoot_hw_sim.launch.py
[0.143s] -- Up-to-date: /home/jerry/limx_ws/install/robot_hw/share/robot_hw/config
[0.143s] -- Up-to-date: /home/jerry/limx_ws/install/robot_hw/share/robot_hw/config/joystick.yaml
[0.143s] -- Up-to-date: /home/jerry/limx_ws/install/robot_hw/share/robot_hw/config/robot_hw.yaml
[0.144s] -- Up-to-date: /home/jerry/limx_ws/install/robot_hw/share/ament_index/resource_index/package_run_dependencies/robot_hw
[0.144s] -- Up-to-date: /home/jerry/limx_ws/install/robot_hw/share/ament_index/resource_index/parent_prefix_path/robot_hw
[0.144s] -- Up-to-date: /home/jerry/limx_ws/install/robot_hw/share/robot_hw/environment/ament_prefix_path.sh
[0.145s] -- Up-to-date: /home/jerry/limx_ws/install/robot_hw/share/robot_hw/environment/ament_prefix_path.dsv
[0.145s] -- Up-to-date: /home/jerry/limx_ws/install/robot_hw/share/robot_hw/environment/path.sh
[0.145s] -- Up-to-date: /home/jerry/limx_ws/install/robot_hw/share/robot_hw/environment/path.dsv
[0.145s] -- Up-to-date: /home/jerry/limx_ws/install/robot_hw/share/robot_hw/local_setup.bash
[0.145s] -- Up-to-date: /home/jerry/limx_ws/install/robot_hw/share/robot_hw/local_setup.sh
[0.145s] -- Up-to-date: /home/jerry/limx_ws/install/robot_hw/share/robot_hw/local_setup.zsh
[0.145s] -- Up-to-date: /home/jerry/limx_ws/install/robot_hw/share/robot_hw/local_setup.dsv
[0.145s] -- Installing: /home/jerry/limx_ws/install/robot_hw/share/robot_hw/package.dsv
[0.145s] -- Up-to-date: /home/jerry/limx_ws/install/robot_hw/share/ament_index/resource_index/packages/robot_hw
[0.145s] -- Up-to-date: /home/jerry/limx_ws/install/robot_hw/share/robot_hw/cmake/robot_hwConfig.cmake
[0.145s] -- Up-to-date: /home/jerry/limx_ws/install/robot_hw/share/robot_hw/cmake/robot_hwConfig-version.cmake
[0.146s] -- Up-to-date: /home/jerry/limx_ws/install/robot_hw/share/robot_hw/package.xml
[0.159s] Invoked command in '/home/jerry/limx_ws/build/robot_hw' returned '0': AMENT_PREFIX_PATH=/home/jerry/limx_ws/install/limxsdk_lowlevel:${AMENT_PREFIX_PATH} CMAKE_PREFIX_PATH=/home/jerry/limx_ws/install/limxsdk_lowlevel:/opt/ros/humble LD_LIBRARY_PATH=/home/jerry/limx_ws/install/limxsdk_lowlevel/lib:${LD_LIBRARY_PATH} /usr/bin/cmake --install /home/jerry/limx_ws/build/robot_hw
