[0.139s] Invoking command in '/home/jerry/limx_ws/build/lslidar_msgs': CMAKE_PREFIX_PATH=/home/jerry/limx_ws/install/scan_corrector:/opt/ros/humble:/home/jerry/limx_ws/install/robot_visualization:/home/jerry/limx_ws/install/robot_hw:/home/jerry/limx_ws/install/robot_description:/home/jerry/limx_ws/install/robot_controllers:/home/jerry/limx_ws/install/pointfoot_gazebo:/home/jerry/limx_ws/install/mrosbridger:/home/jerry/limx_ws/install/lslidar_driver:/home/jerry/limx_ws/install/lslidar_msgs:/home/jerry/limx_ws/install/limxsdk_sim:/home/jerry/limx_ws/install/limxsdk_lowlevel:/home/jerry/limx_ws/install/lidar_odometry_0:/home/jerry/limx_ws/install/lidar_odometry:/home/jerry/limx_ws/install/controller_msgs /usr/bin/cmake --build /home/jerry/limx_ws/build/lslidar_msgs -- -j8 -l8
[0.633s] [  1%] Built target lslidar_msgs__cpp
[0.871s] [ 12%] Built target lslidar_msgs__rosidl_generator_c
[0.895s] [ 12%] Built target ament_cmake_python_copy_lslidar_msgs
[1.021s] [ 23%] Built target lslidar_msgs__rosidl_typesupport_cpp
[1.047s] [ 34%] Built target lslidar_msgs__rosidl_typesupport_c
[1.047s] [ 46%] Built target lslidar_msgs__rosidl_typesupport_introspection_c
[1.047s] [ 57%] Built target lslidar_msgs__rosidl_typesupport_fastrtps_c
[1.048s] [ 68%] Built target lslidar_msgs__rosidl_typesupport_introspection_cpp
[1.048s] [ 79%] Built target lslidar_msgs__rosidl_typesupport_fastrtps_cpp
[1.169s] [ 79%] Built target lslidar_msgs
[1.313s] [ 80%] Built target lslidar_msgs__py
[1.475s] [ 90%] Built target lslidar_msgs__rosidl_generator_py
[1.640s] running egg_info
[1.645s] writing lslidar_msgs.egg-info/PKG-INFO
[1.645s] writing dependency_links to lslidar_msgs.egg-info/dependency_links.txt
[1.645s] writing top-level names to lslidar_msgs.egg-info/top_level.txt
[1.660s] reading manifest file 'lslidar_msgs.egg-info/SOURCES.txt'
[1.660s] writing manifest file 'lslidar_msgs.egg-info/SOURCES.txt'
[1.690s] [ 96%] Built target lslidar_msgs__rosidl_typesupport_introspection_c__pyext
[1.692s] [ 96%] Built target lslidar_msgs__rosidl_typesupport_fastrtps_c__pyext
[1.695s] [100%] Built target lslidar_msgs__rosidl_typesupport_c__pyext
[1.727s] [100%] Built target ament_cmake_python_build_lslidar_msgs_egg
[1.856s] Invoked command in '/home/jerry/limx_ws/build/lslidar_msgs' returned '0': CMAKE_PREFIX_PATH=/home/jerry/limx_ws/install/scan_corrector:/opt/ros/humble:/home/jerry/limx_ws/install/robot_visualization:/home/jerry/limx_ws/install/robot_hw:/home/jerry/limx_ws/install/robot_description:/home/jerry/limx_ws/install/robot_controllers:/home/jerry/limx_ws/install/pointfoot_gazebo:/home/jerry/limx_ws/install/mrosbridger:/home/jerry/limx_ws/install/lslidar_driver:/home/jerry/limx_ws/install/lslidar_msgs:/home/jerry/limx_ws/install/limxsdk_sim:/home/jerry/limx_ws/install/limxsdk_lowlevel:/home/jerry/limx_ws/install/lidar_odometry_0:/home/jerry/limx_ws/install/lidar_odometry:/home/jerry/limx_ws/install/controller_msgs /usr/bin/cmake --build /home/jerry/limx_ws/build/lslidar_msgs -- -j8 -l8
[1.859s] Invoking command in '/home/jerry/limx_ws/build/lslidar_msgs': CMAKE_PREFIX_PATH=/home/jerry/limx_ws/install/scan_corrector:/opt/ros/humble:/home/jerry/limx_ws/install/robot_visualization:/home/jerry/limx_ws/install/robot_hw:/home/jerry/limx_ws/install/robot_description:/home/jerry/limx_ws/install/robot_controllers:/home/jerry/limx_ws/install/pointfoot_gazebo:/home/jerry/limx_ws/install/mrosbridger:/home/jerry/limx_ws/install/lslidar_driver:/home/jerry/limx_ws/install/lslidar_msgs:/home/jerry/limx_ws/install/limxsdk_sim:/home/jerry/limx_ws/install/limxsdk_lowlevel:/home/jerry/limx_ws/install/lidar_odometry_0:/home/jerry/limx_ws/install/lidar_odometry:/home/jerry/limx_ws/install/controller_msgs /usr/bin/cmake --install /home/jerry/limx_ws/build/lslidar_msgs
[1.930s] -- Install configuration: ""
[1.931s] -- Up-to-date: /home/jerry/limx_ws/install/lslidar_msgs/share/ament_index/resource_index/rosidl_interfaces/lslidar_msgs
[1.931s] -- Up-to-date: /home/jerry/limx_ws/install/lslidar_msgs/include/lslidar_msgs/lslidar_msgs
[1.932s] -- Up-to-date: /home/jerry/limx_ws/install/lslidar_msgs/include/lslidar_msgs/lslidar_msgs/msg
[1.933s] -- Up-to-date: /home/jerry/limx_ws/install/lslidar_msgs/include/lslidar_msgs/lslidar_msgs/msg/lslidar_point.h
[1.933s] -- Up-to-date: /home/jerry/limx_ws/install/lslidar_msgs/include/lslidar_msgs/lslidar_msgs/msg/rosidl_generator_c__visibility_control.h
[1.934s] -- Up-to-date: /home/jerry/limx_ws/install/lslidar_msgs/include/lslidar_msgs/lslidar_msgs/msg/lslidar_difop.h
[1.934s] -- Up-to-date: /home/jerry/limx_ws/install/lslidar_msgs/include/lslidar_msgs/lslidar_msgs/msg/detail
[1.935s] -- Up-to-date: /home/jerry/limx_ws/install/lslidar_msgs/include/lslidar_msgs/lslidar_msgs/msg/detail/lslidar_scan__functions.h
[1.935s] -- Up-to-date: /home/jerry/limx_ws/install/lslidar_msgs/include/lslidar_msgs/lslidar_msgs/msg/detail/lslidar_difop__functions.c
[1.935s] -- Up-to-date: /home/jerry/limx_ws/install/lslidar_msgs/include/lslidar_msgs/lslidar_msgs/msg/detail/lslidar_scan__struct.h
[1.936s] -- Up-to-date: /home/jerry/limx_ws/install/lslidar_msgs/include/lslidar_msgs/lslidar_msgs/msg/detail/lslidar_packet__type_support.h
[1.936s] -- Up-to-date: /home/jerry/limx_ws/install/lslidar_msgs/include/lslidar_msgs/lslidar_msgs/msg/detail/lslidar_difop__struct.h
[1.936s] -- Up-to-date: /home/jerry/limx_ws/install/lslidar_msgs/include/lslidar_msgs/lslidar_msgs/msg/detail/lslidar_scan__type_support.h
[1.936s] -- Up-to-date: /home/jerry/limx_ws/install/lslidar_msgs/include/lslidar_msgs/lslidar_msgs/msg/detail/lslidar_scan__functions.c
[1.936s] -- Up-to-date: /home/jerry/limx_ws/install/lslidar_msgs/include/lslidar_msgs/lslidar_msgs/msg/detail/lslidar_point__functions.c
[1.937s] -- Up-to-date: /home/jerry/limx_ws/install/lslidar_msgs/include/lslidar_msgs/lslidar_msgs/msg/detail/lslidar_packet__functions.c
[1.937s] -- Up-to-date: /home/jerry/limx_ws/install/lslidar_msgs/include/lslidar_msgs/lslidar_msgs/msg/detail/lslidar_point__struct.h
[1.937s] -- Up-to-date: /home/jerry/limx_ws/install/lslidar_msgs/include/lslidar_msgs/lslidar_msgs/msg/detail/lslidar_difop__type_support.h
[1.938s] -- Up-to-date: /home/jerry/limx_ws/install/lslidar_msgs/include/lslidar_msgs/lslidar_msgs/msg/detail/lslidar_packet__functions.h
[1.939s] -- Up-to-date: /home/jerry/limx_ws/install/lslidar_msgs/include/lslidar_msgs/lslidar_msgs/msg/detail/lslidar_sweep__functions.h
[1.939s] -- Up-to-date: /home/jerry/limx_ws/install/lslidar_msgs/include/lslidar_msgs/lslidar_msgs/msg/detail/lslidar_difop__functions.h
[1.939s] -- Up-to-date: /home/jerry/limx_ws/install/lslidar_msgs/include/lslidar_msgs/lslidar_msgs/msg/detail/lslidar_sweep__functions.c
[1.940s] -- Up-to-date: /home/jerry/limx_ws/install/lslidar_msgs/include/lslidar_msgs/lslidar_msgs/msg/detail/lslidar_packet__struct.h
[1.940s] -- Up-to-date: /home/jerry/limx_ws/install/lslidar_msgs/include/lslidar_msgs/lslidar_msgs/msg/detail/lslidar_sweep__struct.h
[1.940s] -- Up-to-date: /home/jerry/limx_ws/install/lslidar_msgs/include/lslidar_msgs/lslidar_msgs/msg/detail/lslidar_point__functions.h
[1.941s] -- Up-to-date: /home/jerry/limx_ws/install/lslidar_msgs/include/lslidar_msgs/lslidar_msgs/msg/detail/lslidar_sweep__type_support.h
[1.941s] -- Up-to-date: /home/jerry/limx_ws/install/lslidar_msgs/include/lslidar_msgs/lslidar_msgs/msg/detail/lslidar_point__type_support.h
[1.942s] -- Up-to-date: /home/jerry/limx_ws/install/lslidar_msgs/include/lslidar_msgs/lslidar_msgs/msg/lslidar_packet.h
[1.943s] -- Up-to-date: /home/jerry/limx_ws/install/lslidar_msgs/include/lslidar_msgs/lslidar_msgs/msg/lslidar_scan.h
[1.943s] -- Up-to-date: /home/jerry/limx_ws/install/lslidar_msgs/include/lslidar_msgs/lslidar_msgs/msg/lslidar_sweep.h
[1.944s] -- Up-to-date: /home/jerry/limx_ws/install/lslidar_msgs/share/lslidar_msgs/environment/library_path.sh
[1.945s] -- Up-to-date: /home/jerry/limx_ws/install/lslidar_msgs/share/lslidar_msgs/environment/library_path.dsv
[1.945s] -- Up-to-date: /home/jerry/limx_ws/install/lslidar_msgs/lib/liblslidar_msgs__rosidl_generator_c.so
[1.946s] -- Up-to-date: /home/jerry/limx_ws/install/lslidar_msgs/include/lslidar_msgs/lslidar_msgs
[1.946s] -- Up-to-date: /home/jerry/limx_ws/install/lslidar_msgs/include/lslidar_msgs/lslidar_msgs/msg
[1.947s] -- Up-to-date: /home/jerry/limx_ws/install/lslidar_msgs/include/lslidar_msgs/lslidar_msgs/msg/rosidl_typesupport_fastrtps_c__visibility_control.h
[1.947s] -- Up-to-date: /home/jerry/limx_ws/install/lslidar_msgs/include/lslidar_msgs/lslidar_msgs/msg/detail
[1.947s] -- Up-to-date: /home/jerry/limx_ws/install/lslidar_msgs/include/lslidar_msgs/lslidar_msgs/msg/detail/lslidar_sweep__rosidl_typesupport_fastrtps_c.h
[1.948s] -- Up-to-date: /home/jerry/limx_ws/install/lslidar_msgs/include/lslidar_msgs/lslidar_msgs/msg/detail/lslidar_difop__rosidl_typesupport_fastrtps_c.h
[1.948s] -- Up-to-date: /home/jerry/limx_ws/install/lslidar_msgs/include/lslidar_msgs/lslidar_msgs/msg/detail/lslidar_scan__rosidl_typesupport_fastrtps_c.h
[1.949s] -- Up-to-date: /home/jerry/limx_ws/install/lslidar_msgs/include/lslidar_msgs/lslidar_msgs/msg/detail/lslidar_point__rosidl_typesupport_fastrtps_c.h
[1.949s] -- Up-to-date: /home/jerry/limx_ws/install/lslidar_msgs/include/lslidar_msgs/lslidar_msgs/msg/detail/lslidar_packet__rosidl_typesupport_fastrtps_c.h
[1.951s] -- Up-to-date: /home/jerry/limx_ws/install/lslidar_msgs/lib/liblslidar_msgs__rosidl_typesupport_fastrtps_c.so
[1.951s] -- Up-to-date: /home/jerry/limx_ws/install/lslidar_msgs/include/lslidar_msgs/lslidar_msgs
[1.952s] -- Up-to-date: /home/jerry/limx_ws/install/lslidar_msgs/include/lslidar_msgs/lslidar_msgs/msg
[1.954s] -- Up-to-date: /home/jerry/limx_ws/install/lslidar_msgs/include/lslidar_msgs/lslidar_msgs/msg/rosidl_generator_cpp__visibility_control.hpp
[1.954s] -- Up-to-date: /home/jerry/limx_ws/install/lslidar_msgs/include/lslidar_msgs/lslidar_msgs/msg/lslidar_difop.hpp
[1.955s] -- Up-to-date: /home/jerry/limx_ws/install/lslidar_msgs/include/lslidar_msgs/lslidar_msgs/msg/lslidar_scan.hpp
[1.955s] -- Up-to-date: /home/jerry/limx_ws/install/lslidar_msgs/include/lslidar_msgs/lslidar_msgs/msg/detail
[1.956s] -- Up-to-date: /home/jerry/limx_ws/install/lslidar_msgs/include/lslidar_msgs/lslidar_msgs/msg/detail/lslidar_point__traits.hpp
[1.956s] -- Up-to-date: /home/jerry/limx_ws/install/lslidar_msgs/include/lslidar_msgs/lslidar_msgs/msg/detail/lslidar_sweep__struct.hpp
[1.957s] -- Up-to-date: /home/jerry/limx_ws/install/lslidar_msgs/include/lslidar_msgs/lslidar_msgs/msg/detail/lslidar_packet__builder.hpp
[1.957s] -- Up-to-date: /home/jerry/limx_ws/install/lslidar_msgs/include/lslidar_msgs/lslidar_msgs/msg/detail/lslidar_difop__type_support.hpp
[1.958s] -- Up-to-date: /home/jerry/limx_ws/install/lslidar_msgs/include/lslidar_msgs/lslidar_msgs/msg/detail/lslidar_sweep__type_support.hpp
[1.958s] -- Up-to-date: /home/jerry/limx_ws/install/lslidar_msgs/include/lslidar_msgs/lslidar_msgs/msg/detail/lslidar_scan__type_support.hpp
[1.959s] -- Up-to-date: /home/jerry/limx_ws/install/lslidar_msgs/include/lslidar_msgs/lslidar_msgs/msg/detail/lslidar_sweep__traits.hpp
[1.959s] -- Up-to-date: /home/jerry/limx_ws/install/lslidar_msgs/include/lslidar_msgs/lslidar_msgs/msg/detail/lslidar_scan__builder.hpp
[1.960s] -- Up-to-date: /home/jerry/limx_ws/install/lslidar_msgs/include/lslidar_msgs/lslidar_msgs/msg/detail/lslidar_packet__traits.hpp
[1.960s] -- Up-to-date: /home/jerry/limx_ws/install/lslidar_msgs/include/lslidar_msgs/lslidar_msgs/msg/detail/lslidar_scan__struct.hpp
[1.961s] -- Up-to-date: /home/jerry/limx_ws/install/lslidar_msgs/include/lslidar_msgs/lslidar_msgs/msg/detail/lslidar_point__type_support.hpp
[1.961s] -- Up-to-date: /home/jerry/limx_ws/install/lslidar_msgs/include/lslidar_msgs/lslidar_msgs/msg/detail/lslidar_packet__type_support.hpp
[1.961s] -- Up-to-date: /home/jerry/limx_ws/install/lslidar_msgs/include/lslidar_msgs/lslidar_msgs/msg/detail/lslidar_point__struct.hpp
[1.962s] -- Up-to-date: /home/jerry/limx_ws/install/lslidar_msgs/include/lslidar_msgs/lslidar_msgs/msg/detail/lslidar_difop__struct.hpp
[1.963s] -- Up-to-date: /home/jerry/limx_ws/install/lslidar_msgs/include/lslidar_msgs/lslidar_msgs/msg/detail/lslidar_sweep__builder.hpp
[1.963s] -- Up-to-date: /home/jerry/limx_ws/install/lslidar_msgs/include/lslidar_msgs/lslidar_msgs/msg/detail/lslidar_scan__traits.hpp
[1.964s] -- Up-to-date: /home/jerry/limx_ws/install/lslidar_msgs/include/lslidar_msgs/lslidar_msgs/msg/detail/lslidar_difop__builder.hpp
[1.964s] -- Up-to-date: /home/jerry/limx_ws/install/lslidar_msgs/include/lslidar_msgs/lslidar_msgs/msg/detail/lslidar_packet__struct.hpp
[1.965s] -- Up-to-date: /home/jerry/limx_ws/install/lslidar_msgs/include/lslidar_msgs/lslidar_msgs/msg/detail/lslidar_difop__traits.hpp
[1.965s] -- Up-to-date: /home/jerry/limx_ws/install/lslidar_msgs/include/lslidar_msgs/lslidar_msgs/msg/detail/lslidar_point__builder.hpp
[1.966s] -- Up-to-date: /home/jerry/limx_ws/install/lslidar_msgs/include/lslidar_msgs/lslidar_msgs/msg/lslidar_point.hpp
[1.966s] -- Up-to-date: /home/jerry/limx_ws/install/lslidar_msgs/include/lslidar_msgs/lslidar_msgs/msg/lslidar_sweep.hpp
[1.967s] -- Up-to-date: /home/jerry/limx_ws/install/lslidar_msgs/include/lslidar_msgs/lslidar_msgs/msg/lslidar_packet.hpp
[1.967s] -- Up-to-date: /home/jerry/limx_ws/install/lslidar_msgs/include/lslidar_msgs/lslidar_msgs
[1.967s] -- Up-to-date: /home/jerry/limx_ws/install/lslidar_msgs/include/lslidar_msgs/lslidar_msgs/msg
[1.968s] -- Up-to-date: /home/jerry/limx_ws/install/lslidar_msgs/include/lslidar_msgs/lslidar_msgs/msg/rosidl_typesupport_fastrtps_cpp__visibility_control.h
[1.969s] -- Up-to-date: /home/jerry/limx_ws/install/lslidar_msgs/include/lslidar_msgs/lslidar_msgs/msg/detail
[1.970s] -- Up-to-date: /home/jerry/limx_ws/install/lslidar_msgs/include/lslidar_msgs/lslidar_msgs/msg/detail/lslidar_packet__rosidl_typesupport_fastrtps_cpp.hpp
[1.971s] -- Up-to-date: /home/jerry/limx_ws/install/lslidar_msgs/include/lslidar_msgs/lslidar_msgs/msg/detail/lslidar_scan__rosidl_typesupport_fastrtps_cpp.hpp
[1.971s] -- Up-to-date: /home/jerry/limx_ws/install/lslidar_msgs/include/lslidar_msgs/lslidar_msgs/msg/detail/dds_fastrtps
[1.972s] -- Up-to-date: /home/jerry/limx_ws/install/lslidar_msgs/include/lslidar_msgs/lslidar_msgs/msg/detail/lslidar_point__rosidl_typesupport_fastrtps_cpp.hpp
[1.972s] -- Up-to-date: /home/jerry/limx_ws/install/lslidar_msgs/include/lslidar_msgs/lslidar_msgs/msg/detail/lslidar_sweep__rosidl_typesupport_fastrtps_cpp.hpp
[1.973s] -- Up-to-date: /home/jerry/limx_ws/install/lslidar_msgs/include/lslidar_msgs/lslidar_msgs/msg/detail/lslidar_difop__rosidl_typesupport_fastrtps_cpp.hpp
[1.973s] -- Up-to-date: /home/jerry/limx_ws/install/lslidar_msgs/lib/liblslidar_msgs__rosidl_typesupport_fastrtps_cpp.so
[1.973s] -- Up-to-date: /home/jerry/limx_ws/install/lslidar_msgs/include/lslidar_msgs/lslidar_msgs
[1.974s] -- Up-to-date: /home/jerry/limx_ws/install/lslidar_msgs/include/lslidar_msgs/lslidar_msgs/msg
[1.975s] -- Up-to-date: /home/jerry/limx_ws/install/lslidar_msgs/include/lslidar_msgs/lslidar_msgs/msg/rosidl_typesupport_introspection_c__visibility_control.h
[1.976s] -- Up-to-date: /home/jerry/limx_ws/install/lslidar_msgs/include/lslidar_msgs/lslidar_msgs/msg/detail
[1.976s] -- Up-to-date: /home/jerry/limx_ws/install/lslidar_msgs/include/lslidar_msgs/lslidar_msgs/msg/detail/lslidar_difop__rosidl_typesupport_introspection_c.h
[1.977s] -- Up-to-date: /home/jerry/limx_ws/install/lslidar_msgs/include/lslidar_msgs/lslidar_msgs/msg/detail/lslidar_point__type_support.c
[1.977s] -- Up-to-date: /home/jerry/limx_ws/install/lslidar_msgs/include/lslidar_msgs/lslidar_msgs/msg/detail/lslidar_difop__type_support.c
[1.978s] -- Up-to-date: /home/jerry/limx_ws/install/lslidar_msgs/include/lslidar_msgs/lslidar_msgs/msg/detail/lslidar_point__rosidl_typesupport_introspection_c.h
[1.978s] -- Up-to-date: /home/jerry/limx_ws/install/lslidar_msgs/include/lslidar_msgs/lslidar_msgs/msg/detail/lslidar_packet__type_support.c
[1.978s] -- Up-to-date: /home/jerry/limx_ws/install/lslidar_msgs/include/lslidar_msgs/lslidar_msgs/msg/detail/lslidar_sweep__type_support.c
[1.979s] -- Up-to-date: /home/jerry/limx_ws/install/lslidar_msgs/include/lslidar_msgs/lslidar_msgs/msg/detail/lslidar_packet__rosidl_typesupport_introspection_c.h
[1.979s] -- Up-to-date: /home/jerry/limx_ws/install/lslidar_msgs/include/lslidar_msgs/lslidar_msgs/msg/detail/lslidar_scan__rosidl_typesupport_introspection_c.h
[1.980s] -- Up-to-date: /home/jerry/limx_ws/install/lslidar_msgs/include/lslidar_msgs/lslidar_msgs/msg/detail/lslidar_scan__type_support.c
[1.980s] -- Up-to-date: /home/jerry/limx_ws/install/lslidar_msgs/include/lslidar_msgs/lslidar_msgs/msg/detail/lslidar_sweep__rosidl_typesupport_introspection_c.h
[1.980s] -- Up-to-date: /home/jerry/limx_ws/install/lslidar_msgs/lib/liblslidar_msgs__rosidl_typesupport_introspection_c.so
[1.980s] -- Up-to-date: /home/jerry/limx_ws/install/lslidar_msgs/lib/liblslidar_msgs__rosidl_typesupport_c.so
[1.980s] -- Up-to-date: /home/jerry/limx_ws/install/lslidar_msgs/include/lslidar_msgs/lslidar_msgs
[1.983s] -- Up-to-date: /home/jerry/limx_ws/install/lslidar_msgs/include/lslidar_msgs/lslidar_msgs/msg
[1.983s] -- Up-to-date: /home/jerry/limx_ws/install/lslidar_msgs/include/lslidar_msgs/lslidar_msgs/msg/detail
[1.983s] -- Up-to-date: /home/jerry/limx_ws/install/lslidar_msgs/include/lslidar_msgs/lslidar_msgs/msg/detail/lslidar_difop__type_support.cpp
[1.983s] -- Up-to-date: /home/jerry/limx_ws/install/lslidar_msgs/include/lslidar_msgs/lslidar_msgs/msg/detail/lslidar_scan__type_support.cpp
[1.983s] -- Up-to-date: /home/jerry/limx_ws/install/lslidar_msgs/include/lslidar_msgs/lslidar_msgs/msg/detail/lslidar_packet__rosidl_typesupport_introspection_cpp.hpp
[1.984s] -- Up-to-date: /home/jerry/limx_ws/install/lslidar_msgs/include/lslidar_msgs/lslidar_msgs/msg/detail/lslidar_point__rosidl_typesupport_introspection_cpp.hpp
[1.984s] -- Up-to-date: /home/jerry/limx_ws/install/lslidar_msgs/include/lslidar_msgs/lslidar_msgs/msg/detail/lslidar_sweep__rosidl_typesupport_introspection_cpp.hpp
[1.984s] -- Up-to-date: /home/jerry/limx_ws/install/lslidar_msgs/include/lslidar_msgs/lslidar_msgs/msg/detail/lslidar_point__type_support.cpp
[1.985s] -- Up-to-date: /home/jerry/limx_ws/install/lslidar_msgs/include/lslidar_msgs/lslidar_msgs/msg/detail/lslidar_sweep__type_support.cpp
[1.985s] -- Up-to-date: /home/jerry/limx_ws/install/lslidar_msgs/include/lslidar_msgs/lslidar_msgs/msg/detail/lslidar_scan__rosidl_typesupport_introspection_cpp.hpp
[1.986s] -- Up-to-date: /home/jerry/limx_ws/install/lslidar_msgs/include/lslidar_msgs/lslidar_msgs/msg/detail/lslidar_packet__type_support.cpp
[1.987s] -- Up-to-date: /home/jerry/limx_ws/install/lslidar_msgs/include/lslidar_msgs/lslidar_msgs/msg/detail/lslidar_difop__rosidl_typesupport_introspection_cpp.hpp
[1.987s] -- Up-to-date: /home/jerry/limx_ws/install/lslidar_msgs/lib/liblslidar_msgs__rosidl_typesupport_introspection_cpp.so
[1.988s] -- Up-to-date: /home/jerry/limx_ws/install/lslidar_msgs/lib/liblslidar_msgs__rosidl_typesupport_cpp.so
[1.989s] -- Up-to-date: /home/jerry/limx_ws/install/lslidar_msgs/share/lslidar_msgs/environment/pythonpath.sh
[1.989s] -- Up-to-date: /home/jerry/limx_ws/install/lslidar_msgs/share/lslidar_msgs/environment/pythonpath.dsv
[1.989s] -- Up-to-date: /home/jerry/limx_ws/install/lslidar_msgs/local/lib/python3.10/dist-packages/lslidar_msgs-1.2.0-py3.10.egg-info
[1.990s] -- Installing: /home/jerry/limx_ws/install/lslidar_msgs/local/lib/python3.10/dist-packages/lslidar_msgs-1.2.0-py3.10.egg-info/SOURCES.txt
[1.990s] -- Installing: /home/jerry/limx_ws/install/lslidar_msgs/local/lib/python3.10/dist-packages/lslidar_msgs-1.2.0-py3.10.egg-info/dependency_links.txt
[1.991s] -- Installing: /home/jerry/limx_ws/install/lslidar_msgs/local/lib/python3.10/dist-packages/lslidar_msgs-1.2.0-py3.10.egg-info/PKG-INFO
[1.991s] -- Installing: /home/jerry/limx_ws/install/lslidar_msgs/local/lib/python3.10/dist-packages/lslidar_msgs-1.2.0-py3.10.egg-info/top_level.txt
[1.991s] -- Up-to-date: /home/jerry/limx_ws/install/lslidar_msgs/local/lib/python3.10/dist-packages/lslidar_msgs
[1.991s] -- Up-to-date: /home/jerry/limx_ws/install/lslidar_msgs/local/lib/python3.10/dist-packages/lslidar_msgs/_lslidar_msgs_s.ep.rosidl_typesupport_c.c
[1.991s] -- Up-to-date: /home/jerry/limx_ws/install/lslidar_msgs/local/lib/python3.10/dist-packages/lslidar_msgs/__init__.py
[1.992s] -- Up-to-date: /home/jerry/limx_ws/install/lslidar_msgs/local/lib/python3.10/dist-packages/lslidar_msgs/lslidar_msgs_s__rosidl_typesupport_introspection_c.cpython-310-x86_64-linux-gnu.so
[1.992s] -- Up-to-date: /home/jerry/limx_ws/install/lslidar_msgs/local/lib/python3.10/dist-packages/lslidar_msgs/lslidar_msgs_s__rosidl_typesupport_fastrtps_c.cpython-310-x86_64-linux-gnu.so
[1.992s] -- Up-to-date: /home/jerry/limx_ws/install/lslidar_msgs/local/lib/python3.10/dist-packages/lslidar_msgs/_lslidar_msgs_s.ep.rosidl_typesupport_fastrtps_c.c
[1.992s] -- Up-to-date: /home/jerry/limx_ws/install/lslidar_msgs/local/lib/python3.10/dist-packages/lslidar_msgs/liblslidar_msgs__rosidl_generator_py.so
[1.992s] -- Up-to-date: /home/jerry/limx_ws/install/lslidar_msgs/local/lib/python3.10/dist-packages/lslidar_msgs/lslidar_msgs_s__rosidl_typesupport_c.cpython-310-x86_64-linux-gnu.so
[1.992s] -- Up-to-date: /home/jerry/limx_ws/install/lslidar_msgs/local/lib/python3.10/dist-packages/lslidar_msgs/msg
[1.993s] -- Up-to-date: /home/jerry/limx_ws/install/lslidar_msgs/local/lib/python3.10/dist-packages/lslidar_msgs/msg/_lslidar_difop_s.c
[1.993s] -- Up-to-date: /home/jerry/limx_ws/install/lslidar_msgs/local/lib/python3.10/dist-packages/lslidar_msgs/msg/_lslidar_point_s.c
[1.993s] -- Up-to-date: /home/jerry/limx_ws/install/lslidar_msgs/local/lib/python3.10/dist-packages/lslidar_msgs/msg/_lslidar_difop.py
[1.993s] -- Up-to-date: /home/jerry/limx_ws/install/lslidar_msgs/local/lib/python3.10/dist-packages/lslidar_msgs/msg/_lslidar_point.py
[1.993s] -- Up-to-date: /home/jerry/limx_ws/install/lslidar_msgs/local/lib/python3.10/dist-packages/lslidar_msgs/msg/__init__.py
[1.994s] -- Up-to-date: /home/jerry/limx_ws/install/lslidar_msgs/local/lib/python3.10/dist-packages/lslidar_msgs/msg/_lslidar_packet.py
[1.995s] -- Up-to-date: /home/jerry/limx_ws/install/lslidar_msgs/local/lib/python3.10/dist-packages/lslidar_msgs/msg/_lslidar_scan_s.c
[1.996s] -- Up-to-date: /home/jerry/limx_ws/install/lslidar_msgs/local/lib/python3.10/dist-packages/lslidar_msgs/msg/_lslidar_packet_s.c
[1.997s] -- Up-to-date: /home/jerry/limx_ws/install/lslidar_msgs/local/lib/python3.10/dist-packages/lslidar_msgs/msg/_lslidar_scan.py
[1.997s] -- Up-to-date: /home/jerry/limx_ws/install/lslidar_msgs/local/lib/python3.10/dist-packages/lslidar_msgs/msg/_lslidar_sweep.py
[2.000s] -- Up-to-date: /home/jerry/limx_ws/install/lslidar_msgs/local/lib/python3.10/dist-packages/lslidar_msgs/msg/_lslidar_sweep_s.c
[2.002s] -- Up-to-date: /home/jerry/limx_ws/install/lslidar_msgs/local/lib/python3.10/dist-packages/lslidar_msgs/_lslidar_msgs_s.ep.rosidl_typesupport_introspection_c.c
[2.005s] Listing '/home/jerry/limx_ws/install/lslidar_msgs/local/lib/python3.10/dist-packages/lslidar_msgs'...
[2.006s] Listing '/home/jerry/limx_ws/install/lslidar_msgs/local/lib/python3.10/dist-packages/lslidar_msgs/msg'...
[2.011s] -- Up-to-date: /home/jerry/limx_ws/install/lslidar_msgs/local/lib/python3.10/dist-packages/lslidar_msgs/lslidar_msgs_s__rosidl_typesupport_fastrtps_c.cpython-310-x86_64-linux-gnu.so
[2.015s] -- Up-to-date: /home/jerry/limx_ws/install/lslidar_msgs/local/lib/python3.10/dist-packages/lslidar_msgs/lslidar_msgs_s__rosidl_typesupport_introspection_c.cpython-310-x86_64-linux-gnu.so
[2.018s] -- Up-to-date: /home/jerry/limx_ws/install/lslidar_msgs/local/lib/python3.10/dist-packages/lslidar_msgs/lslidar_msgs_s__rosidl_typesupport_c.cpython-310-x86_64-linux-gnu.so
[2.021s] -- Up-to-date: /home/jerry/limx_ws/install/lslidar_msgs/lib/liblslidar_msgs__rosidl_generator_py.so
[2.023s] -- Up-to-date: /home/jerry/limx_ws/install/lslidar_msgs/share/lslidar_msgs/msg/LslidarDifop.idl
[2.024s] -- Up-to-date: /home/jerry/limx_ws/install/lslidar_msgs/share/lslidar_msgs/msg/LslidarPacket.idl
[2.024s] -- Up-to-date: /home/jerry/limx_ws/install/lslidar_msgs/share/lslidar_msgs/msg/LslidarPoint.idl
[2.025s] -- Up-to-date: /home/jerry/limx_ws/install/lslidar_msgs/share/lslidar_msgs/msg/LslidarScan.idl
[2.025s] -- Up-to-date: /home/jerry/limx_ws/install/lslidar_msgs/share/lslidar_msgs/msg/LslidarSweep.idl
[2.026s] -- Up-to-date: /home/jerry/limx_ws/install/lslidar_msgs/share/lslidar_msgs/msg/LslidarDifop.msg
[2.027s] -- Up-to-date: /home/jerry/limx_ws/install/lslidar_msgs/share/lslidar_msgs/msg/LslidarPacket.msg
[2.027s] -- Up-to-date: /home/jerry/limx_ws/install/lslidar_msgs/share/lslidar_msgs/msg/LslidarPoint.msg
[2.027s] -- Up-to-date: /home/jerry/limx_ws/install/lslidar_msgs/share/lslidar_msgs/msg/LslidarScan.msg
[2.028s] -- Up-to-date: /home/jerry/limx_ws/install/lslidar_msgs/share/lslidar_msgs/msg/LslidarSweep.msg
[2.028s] -- Up-to-date: /home/jerry/limx_ws/install/lslidar_msgs/share/ament_index/resource_index/package_run_dependencies/lslidar_msgs
[2.028s] -- Up-to-date: /home/jerry/limx_ws/install/lslidar_msgs/share/ament_index/resource_index/parent_prefix_path/lslidar_msgs
[2.029s] -- Up-to-date: /home/jerry/limx_ws/install/lslidar_msgs/share/lslidar_msgs/environment/ament_prefix_path.sh
[2.029s] -- Up-to-date: /home/jerry/limx_ws/install/lslidar_msgs/share/lslidar_msgs/environment/ament_prefix_path.dsv
[2.030s] -- Up-to-date: /home/jerry/limx_ws/install/lslidar_msgs/share/lslidar_msgs/environment/path.sh
[2.030s] -- Up-to-date: /home/jerry/limx_ws/install/lslidar_msgs/share/lslidar_msgs/environment/path.dsv
[2.030s] -- Up-to-date: /home/jerry/limx_ws/install/lslidar_msgs/share/lslidar_msgs/local_setup.bash
[2.030s] -- Up-to-date: /home/jerry/limx_ws/install/lslidar_msgs/share/lslidar_msgs/local_setup.sh
[2.031s] -- Up-to-date: /home/jerry/limx_ws/install/lslidar_msgs/share/lslidar_msgs/local_setup.zsh
[2.031s] -- Up-to-date: /home/jerry/limx_ws/install/lslidar_msgs/share/lslidar_msgs/local_setup.dsv
[2.031s] -- Installing: /home/jerry/limx_ws/install/lslidar_msgs/share/lslidar_msgs/package.dsv
[2.032s] -- Up-to-date: /home/jerry/limx_ws/install/lslidar_msgs/share/ament_index/resource_index/packages/lslidar_msgs
[2.032s] -- Up-to-date: /home/jerry/limx_ws/install/lslidar_msgs/share/lslidar_msgs/cmake/export_lslidar_msgs__rosidl_generator_cExport.cmake
[2.032s] -- Up-to-date: /home/jerry/limx_ws/install/lslidar_msgs/share/lslidar_msgs/cmake/export_lslidar_msgs__rosidl_generator_cExport-noconfig.cmake
[2.033s] -- Up-to-date: /home/jerry/limx_ws/install/lslidar_msgs/share/lslidar_msgs/cmake/export_lslidar_msgs__rosidl_typesupport_fastrtps_cExport.cmake
[2.033s] -- Up-to-date: /home/jerry/limx_ws/install/lslidar_msgs/share/lslidar_msgs/cmake/export_lslidar_msgs__rosidl_typesupport_fastrtps_cExport-noconfig.cmake
[2.034s] -- Up-to-date: /home/jerry/limx_ws/install/lslidar_msgs/share/lslidar_msgs/cmake/export_lslidar_msgs__rosidl_generator_cppExport.cmake
[2.034s] -- Up-to-date: /home/jerry/limx_ws/install/lslidar_msgs/share/lslidar_msgs/cmake/export_lslidar_msgs__rosidl_typesupport_fastrtps_cppExport.cmake
[2.034s] -- Up-to-date: /home/jerry/limx_ws/install/lslidar_msgs/share/lslidar_msgs/cmake/export_lslidar_msgs__rosidl_typesupport_fastrtps_cppExport-noconfig.cmake
[2.034s] -- Up-to-date: /home/jerry/limx_ws/install/lslidar_msgs/share/lslidar_msgs/cmake/lslidar_msgs__rosidl_typesupport_introspection_cExport.cmake
[2.035s] -- Up-to-date: /home/jerry/limx_ws/install/lslidar_msgs/share/lslidar_msgs/cmake/lslidar_msgs__rosidl_typesupport_introspection_cExport-noconfig.cmake
[2.035s] -- Up-to-date: /home/jerry/limx_ws/install/lslidar_msgs/share/lslidar_msgs/cmake/lslidar_msgs__rosidl_typesupport_cExport.cmake
[2.035s] -- Up-to-date: /home/jerry/limx_ws/install/lslidar_msgs/share/lslidar_msgs/cmake/lslidar_msgs__rosidl_typesupport_cExport-noconfig.cmake
[2.036s] -- Up-to-date: /home/jerry/limx_ws/install/lslidar_msgs/share/lslidar_msgs/cmake/lslidar_msgs__rosidl_typesupport_introspection_cppExport.cmake
[2.036s] -- Up-to-date: /home/jerry/limx_ws/install/lslidar_msgs/share/lslidar_msgs/cmake/lslidar_msgs__rosidl_typesupport_introspection_cppExport-noconfig.cmake
[2.036s] -- Up-to-date: /home/jerry/limx_ws/install/lslidar_msgs/share/lslidar_msgs/cmake/lslidar_msgs__rosidl_typesupport_cppExport.cmake
[2.037s] -- Up-to-date: /home/jerry/limx_ws/install/lslidar_msgs/share/lslidar_msgs/cmake/lslidar_msgs__rosidl_typesupport_cppExport-noconfig.cmake
[2.038s] -- Up-to-date: /home/jerry/limx_ws/install/lslidar_msgs/share/lslidar_msgs/cmake/export_lslidar_msgs__rosidl_generator_pyExport.cmake
[2.038s] -- Up-to-date: /home/jerry/limx_ws/install/lslidar_msgs/share/lslidar_msgs/cmake/export_lslidar_msgs__rosidl_generator_pyExport-noconfig.cmake
[2.038s] -- Up-to-date: /home/jerry/limx_ws/install/lslidar_msgs/share/lslidar_msgs/cmake/rosidl_cmake-extras.cmake
[2.038s] -- Up-to-date: /home/jerry/limx_ws/install/lslidar_msgs/share/lslidar_msgs/cmake/ament_cmake_export_dependencies-extras.cmake
[2.038s] -- Up-to-date: /home/jerry/limx_ws/install/lslidar_msgs/share/lslidar_msgs/cmake/ament_cmake_export_include_directories-extras.cmake
[2.039s] -- Up-to-date: /home/jerry/limx_ws/install/lslidar_msgs/share/lslidar_msgs/cmake/ament_cmake_export_libraries-extras.cmake
[2.039s] -- Up-to-date: /home/jerry/limx_ws/install/lslidar_msgs/share/lslidar_msgs/cmake/ament_cmake_export_targets-extras.cmake
[2.039s] -- Up-to-date: /home/jerry/limx_ws/install/lslidar_msgs/share/lslidar_msgs/cmake/rosidl_cmake_export_typesupport_targets-extras.cmake
[2.040s] -- Up-to-date: /home/jerry/limx_ws/install/lslidar_msgs/share/lslidar_msgs/cmake/rosidl_cmake_export_typesupport_libraries-extras.cmake
[2.040s] -- Up-to-date: /home/jerry/limx_ws/install/lslidar_msgs/share/lslidar_msgs/cmake/lslidar_msgsConfig.cmake
[2.040s] -- Up-to-date: /home/jerry/limx_ws/install/lslidar_msgs/share/lslidar_msgs/cmake/lslidar_msgsConfig-version.cmake
[2.040s] -- Up-to-date: /home/jerry/limx_ws/install/lslidar_msgs/share/lslidar_msgs/package.xml
[2.046s] Invoked command in '/home/jerry/limx_ws/build/lslidar_msgs' returned '0': CMAKE_PREFIX_PATH=/home/jerry/limx_ws/install/scan_corrector:/opt/ros/humble:/home/jerry/limx_ws/install/robot_visualization:/home/jerry/limx_ws/install/robot_hw:/home/jerry/limx_ws/install/robot_description:/home/jerry/limx_ws/install/robot_controllers:/home/jerry/limx_ws/install/pointfoot_gazebo:/home/jerry/limx_ws/install/mrosbridger:/home/jerry/limx_ws/install/lslidar_driver:/home/jerry/limx_ws/install/lslidar_msgs:/home/jerry/limx_ws/install/limxsdk_sim:/home/jerry/limx_ws/install/limxsdk_lowlevel:/home/jerry/limx_ws/install/lidar_odometry_0:/home/jerry/limx_ws/install/lidar_odometry:/home/jerry/limx_ws/install/controller_msgs /usr/bin/cmake --install /home/jerry/limx_ws/build/lslidar_msgs
