[0.080s] Invoking command in '/home/jerry/limx_ws/build/robot_visualization': CMAKE_PREFIX_PATH=/opt/ros/humble /usr/bin/cmake /home/jerry/limx_ws/src/robot-visualization -DCMAKE_INSTALL_PREFIX=/home/jerry/limx_ws/install/robot_visualization
[0.383s] -- Found ament_cmake: 1.3.12 (/opt/ros/humble/share/ament_cmake/cmake)
[0.606s] -- Configuring done
[0.623s] -- Generating done
[0.628s] -- Build files have been written to: /home/jerry/limx_ws/build/robot_visualization
[0.644s] Invoked command in '/home/jerry/limx_ws/build/robot_visualization' returned '0': CMAKE_PREFIX_PATH=/opt/ros/humble /usr/bin/cmake /home/jerry/limx_ws/src/robot-visualization -DCMAKE_INSTALL_PREFIX=/home/jerry/limx_ws/install/robot_visualization
[0.653s] Invoking command in '/home/jerry/limx_ws/build/robot_visualization': CMAKE_PREFIX_PATH=/opt/ros/humble /usr/bin/cmake --build /home/jerry/limx_ws/build/robot_visualization -- -j8 -l8
[0.805s] Invoked command in '/home/jerry/limx_ws/build/robot_visualization' returned '0': CMAKE_PREFIX_PATH=/opt/ros/humble /usr/bin/cmake --build /home/jerry/limx_ws/build/robot_visualization -- -j8 -l8
[0.809s] Invoking command in '/home/jerry/limx_ws/build/robot_visualization': CMAKE_PREFIX_PATH=/opt/ros/humble /usr/bin/cmake --install /home/jerry/limx_ws/build/robot_visualization
[0.852s] -- Install configuration: ""
[0.853s] -- Up-to-date: /home/jerry/limx_ws/install/robot_visualization/../
[0.853s] -- Up-to-date: /home/jerry/limx_ws/install/robot_visualization/..//mrosbridger
[0.855s] -- Up-to-date: /home/jerry/limx_ws/install/robot_visualization/..//mrosbridger/bin
[0.855s] -- Up-to-date: /home/jerry/limx_ws/install/robot_visualization/..//mrosbridger/bin/mrosbridger
[0.855s] -- Up-to-date: /home/jerry/limx_ws/install/robot_visualization/..//mrosbridger/local
[0.857s] -- Up-to-date: /home/jerry/limx_ws/install/robot_visualization/..//mrosbridger/local/lib
[0.858s] -- Up-to-date: /home/jerry/limx_ws/install/robot_visualization/..//mrosbridger/local/lib/python3.10
[0.859s] -- Up-to-date: /home/jerry/limx_ws/install/robot_visualization/..//mrosbridger/local/lib/python3.10/dist-packages
[0.859s] -- Up-to-date: /home/jerry/limx_ws/install/robot_visualization/..//mrosbridger/local/lib/python3.10/dist-packages/mrosbridger
[0.859s] -- Up-to-date: /home/jerry/limx_ws/install/robot_visualization/..//mrosbridger/local/lib/python3.10/dist-packages/mrosbridger/__init__.py
[0.869s] -- Up-to-date: /home/jerry/limx_ws/install/robot_visualization/..//mrosbridger/local/lib/python3.10/dist-packages/mrosbridger-0.9.7-py3.10.egg-info
[0.871s] -- Up-to-date: /home/jerry/limx_ws/install/robot_visualization/..//mrosbridger/local/lib/python3.10/dist-packages/mrosbridger-0.9.7-py3.10.egg-info/SOURCES.txt
[0.871s] -- Up-to-date: /home/jerry/limx_ws/install/robot_visualization/..//mrosbridger/local/lib/python3.10/dist-packages/mrosbridger-0.9.7-py3.10.egg-info/dependency_links.txt
[0.871s] -- Up-to-date: /home/jerry/limx_ws/install/robot_visualization/..//mrosbridger/local/lib/python3.10/dist-packages/mrosbridger-0.9.7-py3.10.egg-info/PKG-INFO
[0.872s] -- Up-to-date: /home/jerry/limx_ws/install/robot_visualization/..//mrosbridger/local/lib/python3.10/dist-packages/mrosbridger-0.9.7-py3.10.egg-info/top_level.txt
[0.872s] -- Up-to-date: /home/jerry/limx_ws/install/robot_visualization/..//mrosbridger/share
[0.872s] -- Up-to-date: /home/jerry/limx_ws/install/robot_visualization/..//mrosbridger/share/mrosbridger
[0.877s] -- Up-to-date: /home/jerry/limx_ws/install/robot_visualization/..//mrosbridger/share/mrosbridger/package.xml
[0.878s] -- Up-to-date: /home/jerry/limx_ws/install/robot_visualization/..//mrosbridger/share/mrosbridger/launch
[0.880s] -- Up-to-date: /home/jerry/limx_ws/install/robot_visualization/..//mrosbridger/share/mrosbridger/launch/mrosbridger.launch.py
[0.884s] -- Up-to-date: /home/jerry/limx_ws/install/robot_visualization/..//mrosbridger/share/mrosbridger/cmake
[0.884s] -- Up-to-date: /home/jerry/limx_ws/install/robot_visualization/..//mrosbridger/share/mrosbridger/cmake/mrosbridgerConfig.cmake
[0.884s] -- Up-to-date: /home/jerry/limx_ws/install/robot_visualization/..//mrosbridger/share/mrosbridger/cmake/ament_cmake_export_libraries-extras.cmake
[0.888s] -- Up-to-date: /home/jerry/limx_ws/install/robot_visualization/..//mrosbridger/share/mrosbridger/cmake/ament_cmake_export_include_directories-extras.cmake
[0.889s] -- Up-to-date: /home/jerry/limx_ws/install/robot_visualization/..//mrosbridger/share/mrosbridger/cmake/mrosbridgerConfig-version.cmake
[0.889s] -- Up-to-date: /home/jerry/limx_ws/install/robot_visualization/..//mrosbridger/share/mrosbridger/local_setup.sh
[0.890s] -- Up-to-date: /home/jerry/limx_ws/install/robot_visualization/..//mrosbridger/share/mrosbridger/hook
[0.890s] -- Up-to-date: /home/jerry/limx_ws/install/robot_visualization/..//mrosbridger/share/mrosbridger/hook/pythonscriptspath.sh
[0.891s] -- Up-to-date: /home/jerry/limx_ws/install/robot_visualization/..//mrosbridger/share/mrosbridger/hook/pythonscriptspath.dsv
[0.891s] -- Up-to-date: /home/jerry/limx_ws/install/robot_visualization/..//mrosbridger/share/mrosbridger/hook/cmake_prefix_path.sh
[0.891s] -- Up-to-date: /home/jerry/limx_ws/install/robot_visualization/..//mrosbridger/share/mrosbridger/hook/pythonscriptspath.ps1
[0.892s] -- Up-to-date: /home/jerry/limx_ws/install/robot_visualization/..//mrosbridger/share/mrosbridger/hook/path.dsv
[0.893s] -- Up-to-date: /home/jerry/limx_ws/install/robot_visualization/..//mrosbridger/share/mrosbridger/hook/cmake_prefix_path.ps1
[0.894s] -- Up-to-date: /home/jerry/limx_ws/install/robot_visualization/..//mrosbridger/share/mrosbridger/hook/path.sh
[0.894s] -- Up-to-date: /home/jerry/limx_ws/install/robot_visualization/..//mrosbridger/share/mrosbridger/hook/cmake_prefix_path.dsv
[0.896s] -- Up-to-date: /home/jerry/limx_ws/install/robot_visualization/..//mrosbridger/share/mrosbridger/hook/path.ps1
[0.897s] -- Up-to-date: /home/jerry/limx_ws/install/robot_visualization/..//mrosbridger/share/mrosbridger/package.sh
[0.897s] -- Up-to-date: /home/jerry/limx_ws/install/robot_visualization/..//mrosbridger/share/mrosbridger/environment
[0.898s] -- Up-to-date: /home/jerry/limx_ws/install/robot_visualization/..//mrosbridger/share/mrosbridger/environment/pythonpath.dsv
[0.898s] -- Up-to-date: /home/jerry/limx_ws/install/robot_visualization/..//mrosbridger/share/mrosbridger/environment/library_path.dsv
[0.899s] -- Up-to-date: /home/jerry/limx_ws/install/robot_visualization/..//mrosbridger/share/mrosbridger/environment/pythonpath.sh
[0.900s] -- Up-to-date: /home/jerry/limx_ws/install/robot_visualization/..//mrosbridger/share/mrosbridger/environment/library_path.sh
[0.900s] -- Up-to-date: /home/jerry/limx_ws/install/robot_visualization/..//mrosbridger/share/mrosbridger/environment/path.dsv
[0.900s] -- Up-to-date: /home/jerry/limx_ws/install/robot_visualization/..//mrosbridger/share/mrosbridger/environment/path.sh
[0.901s] -- Up-to-date: /home/jerry/limx_ws/install/robot_visualization/..//mrosbridger/share/mrosbridger/environment/ament_prefix_path.sh
[0.903s] -- Up-to-date: /home/jerry/limx_ws/install/robot_visualization/..//mrosbridger/share/mrosbridger/environment/ament_prefix_path.dsv
[0.903s] -- Up-to-date: /home/jerry/limx_ws/install/robot_visualization/..//mrosbridger/share/mrosbridger/package.zsh
[0.904s] -- Up-to-date: /home/jerry/limx_ws/install/robot_visualization/..//mrosbridger/share/mrosbridger/local_setup.dsv
[0.904s] -- Up-to-date: /home/jerry/limx_ws/install/robot_visualization/..//mrosbridger/share/mrosbridger/package.bash
[0.905s] -- Up-to-date: /home/jerry/limx_ws/install/robot_visualization/..//mrosbridger/share/mrosbridger/package.ps1
[0.906s] -- Up-to-date: /home/jerry/limx_ws/install/robot_visualization/..//mrosbridger/share/mrosbridger/package.dsv
[0.906s] -- Up-to-date: /home/jerry/limx_ws/install/robot_visualization/..//mrosbridger/share/mrosbridger/local_setup.zsh
[0.907s] -- Up-to-date: /home/jerry/limx_ws/install/robot_visualization/..//mrosbridger/share/mrosbridger/local_setup.bash
[0.907s] -- Up-to-date: /home/jerry/limx_ws/install/robot_visualization/..//mrosbridger/share/colcon-core
[0.909s] -- Up-to-date: /home/jerry/limx_ws/install/robot_visualization/..//mrosbridger/share/colcon-core/packages
[0.922s] -- Up-to-date: /home/jerry/limx_ws/install/robot_visualization/..//mrosbridger/share/colcon-core/packages/mrosbridger
[0.923s] -- Up-to-date: /home/jerry/limx_ws/install/robot_visualization/..//mrosbridger/share/ament_index
[0.928s] -- Up-to-date: /home/jerry/limx_ws/install/robot_visualization/..//mrosbridger/share/ament_index/resource_index
[0.938s] -- Up-to-date: /home/jerry/limx_ws/install/robot_visualization/..//mrosbridger/share/ament_index/resource_index/packages
[0.977s] -- Up-to-date: /home/jerry/limx_ws/install/robot_visualization/..//mrosbridger/share/ament_index/resource_index/packages/mrosbridger
[0.978s] -- Up-to-date: /home/jerry/limx_ws/install/robot_visualization/..//mrosbridger/share/ament_index/resource_index/parent_prefix_path
[0.986s] -- Up-to-date: /home/jerry/limx_ws/install/robot_visualization/..//mrosbridger/share/ament_index/resource_index/parent_prefix_path/mrosbridger
[0.987s] -- Up-to-date: /home/jerry/limx_ws/install/robot_visualization/..//mrosbridger/share/ament_index/resource_index/package_run_dependencies
[0.991s] -- Up-to-date: /home/jerry/limx_ws/install/robot_visualization/..//mrosbridger/share/ament_index/resource_index/package_run_dependencies/mrosbridger
[0.992s] -- Up-to-date: /home/jerry/limx_ws/install/robot_visualization/..//mrosbridger/lib
[0.992s] -- Up-to-date: /home/jerry/limx_ws/install/robot_visualization/..//mrosbridger/lib/mrosbridger
[0.995s] -- Up-to-date: /home/jerry/limx_ws/install/robot_visualization/..//mrosbridger/lib/mrosbridger/mrosbridger
[0.995s] -- Up-to-date: /home/jerry/limx_ws/install/robot_visualization/..//controller_msgs
[0.995s] -- Up-to-date: /home/jerry/limx_ws/install/robot_visualization/..//controller_msgs/local
[0.999s] -- Up-to-date: /home/jerry/limx_ws/install/robot_visualization/..//controller_msgs/local/lib
[1.001s] -- Up-to-date: /home/jerry/limx_ws/install/robot_visualization/..//controller_msgs/local/lib/python3.10
[1.002s] -- Up-to-date: /home/jerry/limx_ws/install/robot_visualization/..//controller_msgs/local/lib/python3.10/dist-packages
[1.005s] -- Up-to-date: /home/jerry/limx_ws/install/robot_visualization/..//controller_msgs/local/lib/python3.10/dist-packages/controller_msgs-1.0.0-py3.10.egg-info
[1.015s] -- Up-to-date: /home/jerry/limx_ws/install/robot_visualization/..//controller_msgs/local/lib/python3.10/dist-packages/controller_msgs-1.0.0-py3.10.egg-info/SOURCES.txt
[1.015s] -- Up-to-date: /home/jerry/limx_ws/install/robot_visualization/..//controller_msgs/local/lib/python3.10/dist-packages/controller_msgs-1.0.0-py3.10.egg-info/dependency_links.txt
[1.016s] -- Up-to-date: /home/jerry/limx_ws/install/robot_visualization/..//controller_msgs/local/lib/python3.10/dist-packages/controller_msgs-1.0.0-py3.10.egg-info/PKG-INFO
[1.016s] -- Up-to-date: /home/jerry/limx_ws/install/robot_visualization/..//controller_msgs/local/lib/python3.10/dist-packages/controller_msgs-1.0.0-py3.10.egg-info/top_level.txt
[1.017s] -- Up-to-date: /home/jerry/limx_ws/install/robot_visualization/..//controller_msgs/local/lib/python3.10/dist-packages/controller_msgs
[1.017s] -- Up-to-date: /home/jerry/limx_ws/install/robot_visualization/..//controller_msgs/local/lib/python3.10/dist-packages/controller_msgs/_controller_msgs_s.ep.rosidl_typesupport_c.c
[1.018s] -- Up-to-date: /home/jerry/limx_ws/install/robot_visualization/..//controller_msgs/local/lib/python3.10/dist-packages/controller_msgs/__init__.py
[1.019s] -- Up-to-date: /home/jerry/limx_ws/install/robot_visualization/..//controller_msgs/local/lib/python3.10/dist-packages/controller_msgs/libcontroller_msgs__rosidl_generator_py.so
[1.027s] -- Up-to-date: /home/jerry/limx_ws/install/robot_visualization/..//controller_msgs/local/lib/python3.10/dist-packages/controller_msgs/controller_msgs_s__rosidl_typesupport_introspection_c.cpython-310-x86_64-linux-gnu.so
[1.027s] -- Up-to-date: /home/jerry/limx_ws/install/robot_visualization/..//controller_msgs/local/lib/python3.10/dist-packages/controller_msgs/controller_msgs_s__rosidl_typesupport_fastrtps_c.cpython-310-x86_64-linux-gnu.so
[1.027s] -- Up-to-date: /home/jerry/limx_ws/install/robot_visualization/..//controller_msgs/local/lib/python3.10/dist-packages/controller_msgs/_controller_msgs_s.ep.rosidl_typesupport_fastrtps_c.c
[1.028s] -- Up-to-date: /home/jerry/limx_ws/install/robot_visualization/..//controller_msgs/local/lib/python3.10/dist-packages/controller_msgs/msg
[1.028s] -- Up-to-date: /home/jerry/limx_ws/install/robot_visualization/..//controller_msgs/local/lib/python3.10/dist-packages/controller_msgs/msg/_joint_cmd_s.c
[1.039s] -- Up-to-date: /home/jerry/limx_ws/install/robot_visualization/..//controller_msgs/local/lib/python3.10/dist-packages/controller_msgs/msg/__init__.py
[1.039s] -- Up-to-date: /home/jerry/limx_ws/install/robot_visualization/..//controller_msgs/local/lib/python3.10/dist-packages/controller_msgs/msg/_imu_data_s.c
[1.039s] -- Up-to-date: /home/jerry/limx_ws/install/robot_visualization/..//controller_msgs/local/lib/python3.10/dist-packages/controller_msgs/msg/_joint_cmd.py
[1.040s] -- Up-to-date: /home/jerry/limx_ws/install/robot_visualization/..//controller_msgs/local/lib/python3.10/dist-packages/controller_msgs/msg/_imu_data.py
[1.041s] -- Up-to-date: /home/jerry/limx_ws/install/robot_visualization/..//controller_msgs/local/lib/python3.10/dist-packages/controller_msgs/msg/_joint_state.py
[1.041s] -- Up-to-date: /home/jerry/limx_ws/install/robot_visualization/..//controller_msgs/local/lib/python3.10/dist-packages/controller_msgs/msg/_joint_state_s.c
[1.041s] -- Up-to-date: /home/jerry/limx_ws/install/robot_visualization/..//controller_msgs/local/lib/python3.10/dist-packages/controller_msgs/_controller_msgs_s.ep.rosidl_typesupport_introspection_c.c
[1.042s] -- Up-to-date: /home/jerry/limx_ws/install/robot_visualization/..//controller_msgs/local/lib/python3.10/dist-packages/controller_msgs/controller_msgs_s__rosidl_typesupport_c.cpython-310-x86_64-linux-gnu.so
[1.043s] -- Up-to-date: /home/jerry/limx_ws/install/robot_visualization/..//controller_msgs/include
[1.046s] -- Up-to-date: /home/jerry/limx_ws/install/robot_visualization/..//controller_msgs/include/controller_msgs
[1.046s] -- Up-to-date: /home/jerry/limx_ws/install/robot_visualization/..//controller_msgs/include/controller_msgs/controller_msgs
[1.053s] -- Up-to-date: /home/jerry/limx_ws/install/robot_visualization/..//controller_msgs/include/controller_msgs/controller_msgs/msg
[1.057s] -- Up-to-date: /home/jerry/limx_ws/install/robot_visualization/..//controller_msgs/include/controller_msgs/controller_msgs/msg/joint_state.hpp
[1.058s] -- Up-to-date: /home/jerry/limx_ws/install/robot_visualization/..//controller_msgs/include/controller_msgs/controller_msgs/msg/rosidl_generator_cpp__visibility_control.hpp
[1.060s] -- Up-to-date: /home/jerry/limx_ws/install/robot_visualization/..//controller_msgs/include/controller_msgs/controller_msgs/msg/rosidl_generator_c__visibility_control.h
[1.060s] -- Up-to-date: /home/jerry/limx_ws/install/robot_visualization/..//controller_msgs/include/controller_msgs/controller_msgs/msg/rosidl_typesupport_fastrtps_cpp__visibility_control.h
[1.061s] -- Up-to-date: /home/jerry/limx_ws/install/robot_visualization/..//controller_msgs/include/controller_msgs/controller_msgs/msg/rosidl_typesupport_introspection_c__visibility_control.h
[1.062s] -- Up-to-date: /home/jerry/limx_ws/install/robot_visualization/..//controller_msgs/include/controller_msgs/controller_msgs/msg/rosidl_typesupport_fastrtps_c__visibility_control.h
[1.062s] -- Up-to-date: /home/jerry/limx_ws/install/robot_visualization/..//controller_msgs/include/controller_msgs/controller_msgs/msg/joint_state.h
[1.063s] -- Up-to-date: /home/jerry/limx_ws/install/robot_visualization/..//controller_msgs/include/controller_msgs/controller_msgs/msg/imu_data.hpp
[1.063s] -- Up-to-date: /home/jerry/limx_ws/install/robot_visualization/..//controller_msgs/include/controller_msgs/controller_msgs/msg/imu_data.h
[1.064s] -- Up-to-date: /home/jerry/limx_ws/install/robot_visualization/..//controller_msgs/include/controller_msgs/controller_msgs/msg/joint_cmd.hpp
[1.065s] -- Up-to-date: /home/jerry/limx_ws/install/robot_visualization/..//controller_msgs/include/controller_msgs/controller_msgs/msg/detail
[1.065s] -- Up-to-date: /home/jerry/limx_ws/install/robot_visualization/..//controller_msgs/include/controller_msgs/controller_msgs/msg/detail/imu_data__rosidl_typesupport_fastrtps_cpp.hpp
[1.070s] -- Up-to-date: /home/jerry/limx_ws/install/robot_visualization/..//controller_msgs/include/controller_msgs/controller_msgs/msg/detail/joint_state__type_support.hpp
[1.070s] -- Up-to-date: /home/jerry/limx_ws/install/robot_visualization/..//controller_msgs/include/controller_msgs/controller_msgs/msg/detail/joint_cmd__rosidl_typesupport_fastrtps_cpp.hpp
[1.070s] -- Up-to-date: /home/jerry/limx_ws/install/robot_visualization/..//controller_msgs/include/controller_msgs/controller_msgs/msg/detail/joint_state__functions.c
[1.071s] -- Up-to-date: /home/jerry/limx_ws/install/robot_visualization/..//controller_msgs/include/controller_msgs/controller_msgs/msg/detail/imu_data__type_support.cpp
[1.071s] -- Up-to-date: /home/jerry/limx_ws/install/robot_visualization/..//controller_msgs/include/controller_msgs/controller_msgs/msg/detail/joint_cmd__builder.hpp
[1.072s] -- Up-to-date: /home/jerry/limx_ws/install/robot_visualization/..//controller_msgs/include/controller_msgs/controller_msgs/msg/detail/joint_cmd__traits.hpp
[1.075s] -- Up-to-date: /home/jerry/limx_ws/install/robot_visualization/..//controller_msgs/include/controller_msgs/controller_msgs/msg/detail/imu_data__struct.h
[1.076s] -- Up-to-date: /home/jerry/limx_ws/install/robot_visualization/..//controller_msgs/include/controller_msgs/controller_msgs/msg/detail/joint_cmd__type_support.hpp
[1.076s] -- Up-to-date: /home/jerry/limx_ws/install/robot_visualization/..//controller_msgs/include/controller_msgs/controller_msgs/msg/detail/joint_cmd__type_support.h
[1.076s] -- Up-to-date: /home/jerry/limx_ws/install/robot_visualization/..//controller_msgs/include/controller_msgs/controller_msgs/msg/detail/joint_state__rosidl_typesupport_fastrtps_cpp.hpp
[1.077s] -- Up-to-date: /home/jerry/limx_ws/install/robot_visualization/..//controller_msgs/include/controller_msgs/controller_msgs/msg/detail/imu_data__rosidl_typesupport_introspection_c.h
[1.077s] -- Up-to-date: /home/jerry/limx_ws/install/robot_visualization/..//controller_msgs/include/controller_msgs/controller_msgs/msg/detail/joint_state__builder.hpp
[1.078s] -- Up-to-date: /home/jerry/limx_ws/install/robot_visualization/..//controller_msgs/include/controller_msgs/controller_msgs/msg/detail/joint_state__struct.hpp
[1.078s] -- Up-to-date: /home/jerry/limx_ws/install/robot_visualization/..//controller_msgs/include/controller_msgs/controller_msgs/msg/detail/joint_cmd__type_support.cpp
[1.078s] -- Up-to-date: /home/jerry/limx_ws/install/robot_visualization/..//controller_msgs/include/controller_msgs/controller_msgs/msg/detail/joint_state__type_support.h
[1.079s] -- Up-to-date: /home/jerry/limx_ws/install/robot_visualization/..//controller_msgs/include/controller_msgs/controller_msgs/msg/detail/imu_data__functions.c
[1.080s] -- Up-to-date: /home/jerry/limx_ws/install/robot_visualization/..//controller_msgs/include/controller_msgs/controller_msgs/msg/detail/joint_cmd__type_support.c
[1.080s] -- Up-to-date: /home/jerry/limx_ws/install/robot_visualization/..//controller_msgs/include/controller_msgs/controller_msgs/msg/detail/imu_data__type_support.c
[1.081s] -- Up-to-date: /home/jerry/limx_ws/install/robot_visualization/..//controller_msgs/include/controller_msgs/controller_msgs/msg/detail/imu_data__traits.hpp
[1.081s] -- Up-to-date: /home/jerry/limx_ws/install/robot_visualization/..//controller_msgs/include/controller_msgs/controller_msgs/msg/detail/imu_data__type_support.hpp
[1.082s] -- Up-to-date: /home/jerry/limx_ws/install/robot_visualization/..//controller_msgs/include/controller_msgs/controller_msgs/msg/detail/joint_state__struct.h
[1.082s] -- Up-to-date: /home/jerry/limx_ws/install/robot_visualization/..//controller_msgs/include/controller_msgs/controller_msgs/msg/detail/joint_state__rosidl_typesupport_introspection_cpp.hpp
[1.082s] -- Up-to-date: /home/jerry/limx_ws/install/robot_visualization/..//controller_msgs/include/controller_msgs/controller_msgs/msg/detail/joint_state__type_support.cpp
[1.083s] -- Up-to-date: /home/jerry/limx_ws/install/robot_visualization/..//controller_msgs/include/controller_msgs/controller_msgs/msg/detail/joint_cmd__rosidl_typesupport_introspection_c.h
[1.083s] -- Up-to-date: /home/jerry/limx_ws/install/robot_visualization/..//controller_msgs/include/controller_msgs/controller_msgs/msg/detail/imu_data__struct.hpp
[1.083s] -- Up-to-date: /home/jerry/limx_ws/install/robot_visualization/..//controller_msgs/include/controller_msgs/controller_msgs/msg/detail/joint_cmd__functions.h
[1.084s] -- Up-to-date: /home/jerry/limx_ws/install/robot_visualization/..//controller_msgs/include/controller_msgs/controller_msgs/msg/detail/imu_data__rosidl_typesupport_introspection_cpp.hpp
[1.084s] -- Up-to-date: /home/jerry/limx_ws/install/robot_visualization/..//controller_msgs/include/controller_msgs/controller_msgs/msg/detail/joint_cmd__rosidl_typesupport_introspection_cpp.hpp
[1.086s] -- Up-to-date: /home/jerry/limx_ws/install/robot_visualization/..//controller_msgs/include/controller_msgs/controller_msgs/msg/detail/joint_state__functions.h
[1.086s] -- Up-to-date: /home/jerry/limx_ws/install/robot_visualization/..//controller_msgs/include/controller_msgs/controller_msgs/msg/detail/joint_cmd__struct.hpp
[1.086s] -- Up-to-date: /home/jerry/limx_ws/install/robot_visualization/..//controller_msgs/include/controller_msgs/controller_msgs/msg/detail/imu_data__type_support.h
[1.087s] -- Up-to-date: /home/jerry/limx_ws/install/robot_visualization/..//controller_msgs/include/controller_msgs/controller_msgs/msg/detail/imu_data__functions.h
[1.087s] -- Up-to-date: /home/jerry/limx_ws/install/robot_visualization/..//controller_msgs/include/controller_msgs/controller_msgs/msg/detail/joint_cmd__functions.c
[1.087s] -- Up-to-date: /home/jerry/limx_ws/install/robot_visualization/..//controller_msgs/include/controller_msgs/controller_msgs/msg/detail/joint_cmd__struct.h
[1.087s] -- Up-to-date: /home/jerry/limx_ws/install/robot_visualization/..//controller_msgs/include/controller_msgs/controller_msgs/msg/detail/imu_data__rosidl_typesupport_fastrtps_c.h
[1.088s] -- Up-to-date: /home/jerry/limx_ws/install/robot_visualization/..//controller_msgs/include/controller_msgs/controller_msgs/msg/detail/joint_cmd__rosidl_typesupport_fastrtps_c.h
[1.089s] -- Up-to-date: /home/jerry/limx_ws/install/robot_visualization/..//controller_msgs/include/controller_msgs/controller_msgs/msg/detail/joint_state__traits.hpp
[1.089s] -- Up-to-date: /home/jerry/limx_ws/install/robot_visualization/..//controller_msgs/include/controller_msgs/controller_msgs/msg/detail/joint_state__rosidl_typesupport_introspection_c.h
[1.090s] -- Up-to-date: /home/jerry/limx_ws/install/robot_visualization/..//controller_msgs/include/controller_msgs/controller_msgs/msg/detail/joint_state__type_support.c
[1.090s] -- Up-to-date: /home/jerry/limx_ws/install/robot_visualization/..//controller_msgs/include/controller_msgs/controller_msgs/msg/detail/imu_data__builder.hpp
[1.091s] -- Up-to-date: /home/jerry/limx_ws/install/robot_visualization/..//controller_msgs/include/controller_msgs/controller_msgs/msg/detail/joint_state__rosidl_typesupport_fastrtps_c.h
[1.091s] -- Up-to-date: /home/jerry/limx_ws/install/robot_visualization/..//controller_msgs/include/controller_msgs/controller_msgs/msg/joint_cmd.h
[1.092s] -- Up-to-date: /home/jerry/limx_ws/install/robot_visualization/..//controller_msgs/share
[1.096s] -- Up-to-date: /home/jerry/limx_ws/install/robot_visualization/..//controller_msgs/share/colcon-core
[1.096s] -- Up-to-date: /home/jerry/limx_ws/install/robot_visualization/..//controller_msgs/share/colcon-core/packages
[1.101s] -- Up-to-date: /home/jerry/limx_ws/install/robot_visualization/..//controller_msgs/share/colcon-core/packages/controller_msgs
[1.102s] -- Up-to-date: /home/jerry/limx_ws/install/robot_visualization/..//controller_msgs/share/controller_msgs
[1.103s] -- Up-to-date: /home/jerry/limx_ws/install/robot_visualization/..//controller_msgs/share/controller_msgs/package.xml
[1.103s] -- Up-to-date: /home/jerry/limx_ws/install/robot_visualization/..//controller_msgs/share/controller_msgs/cmake
[1.104s] -- Up-to-date: /home/jerry/limx_ws/install/robot_visualization/..//controller_msgs/share/controller_msgs/cmake/export_controller_msgs__rosidl_typesupport_fastrtps_cExport.cmake
[1.104s] -- Up-to-date: /home/jerry/limx_ws/install/robot_visualization/..//controller_msgs/share/controller_msgs/cmake/rosidl_cmake_export_typesupport_targets-extras.cmake
[1.105s] -- Up-to-date: /home/jerry/limx_ws/install/robot_visualization/..//controller_msgs/share/controller_msgs/cmake/export_controller_msgs__rosidl_typesupport_fastrtps_cppExport.cmake
[1.106s] -- Up-to-date: /home/jerry/limx_ws/install/robot_visualization/..//controller_msgs/share/controller_msgs/cmake/export_controller_msgs__rosidl_generator_cppExport.cmake
[1.106s] -- Up-to-date: /home/jerry/limx_ws/install/robot_visualization/..//controller_msgs/share/controller_msgs/cmake/export_controller_msgs__rosidl_typesupport_fastrtps_cExport-release.cmake
[1.107s] -- Up-to-date: /home/jerry/limx_ws/install/robot_visualization/..//controller_msgs/share/controller_msgs/cmake/ament_cmake_export_libraries-extras.cmake
[1.110s] -- Up-to-date: /home/jerry/limx_ws/install/robot_visualization/..//controller_msgs/share/controller_msgs/cmake/export_controller_msgs__rosidl_generator_cExport-release.cmake
[1.110s] -- Up-to-date: /home/jerry/limx_ws/install/robot_visualization/..//controller_msgs/share/controller_msgs/cmake/ament_cmake_export_include_directories-extras.cmake
[1.113s] -- Up-to-date: /home/jerry/limx_ws/install/robot_visualization/..//controller_msgs/share/controller_msgs/cmake/export_controller_msgs__rosidl_generator_pyExport-release.cmake
[1.114s] -- Up-to-date: /home/jerry/limx_ws/install/robot_visualization/..//controller_msgs/share/controller_msgs/cmake/controller_msgs__rosidl_typesupport_introspection_cppExport.cmake
[1.115s] -- Up-to-date: /home/jerry/limx_ws/install/robot_visualization/..//controller_msgs/share/controller_msgs/cmake/rosidl_cmake_export_typesupport_libraries-extras.cmake
[1.116s] -- Up-to-date: /home/jerry/limx_ws/install/robot_visualization/..//controller_msgs/share/controller_msgs/cmake/controller_msgs__rosidl_typesupport_cppExport.cmake
[1.118s] -- Up-to-date: /home/jerry/limx_ws/install/robot_visualization/..//controller_msgs/share/controller_msgs/cmake/controller_msgs__rosidl_typesupport_introspection_cExport-release.cmake
[1.118s] -- Up-to-date: /home/jerry/limx_ws/install/robot_visualization/..//controller_msgs/share/controller_msgs/cmake/controller_msgs__rosidl_typesupport_cppExport-release.cmake
[1.118s] -- Up-to-date: /home/jerry/limx_ws/install/robot_visualization/..//controller_msgs/share/controller_msgs/cmake/export_controller_msgs__rosidl_typesupport_fastrtps_cppExport-release.cmake
[1.119s] -- Up-to-date: /home/jerry/limx_ws/install/robot_visualization/..//controller_msgs/share/controller_msgs/cmake/export_controller_msgs__rosidl_generator_cExport.cmake
[1.119s] -- Up-to-date: /home/jerry/limx_ws/install/robot_visualization/..//controller_msgs/share/controller_msgs/cmake/ament_cmake_export_targets-extras.cmake
[1.119s] -- Up-to-date: /home/jerry/limx_ws/install/robot_visualization/..//controller_msgs/share/controller_msgs/cmake/rosidl_cmake-extras.cmake
[1.120s] -- Up-to-date: /home/jerry/limx_ws/install/robot_visualization/..//controller_msgs/share/controller_msgs/cmake/controller_msgs__rosidl_typesupport_introspection_cExport.cmake
[1.121s] -- Up-to-date: /home/jerry/limx_ws/install/robot_visualization/..//controller_msgs/share/controller_msgs/cmake/ament_cmake_export_dependencies-extras.cmake
[1.121s] -- Up-to-date: /home/jerry/limx_ws/install/robot_visualization/..//controller_msgs/share/controller_msgs/cmake/controller_msgs__rosidl_typesupport_introspection_cppExport-release.cmake
[1.121s] -- Up-to-date: /home/jerry/limx_ws/install/robot_visualization/..//controller_msgs/share/controller_msgs/cmake/controller_msgs__rosidl_typesupport_cExport-release.cmake
[1.121s] -- Up-to-date: /home/jerry/limx_ws/install/robot_visualization/..//controller_msgs/share/controller_msgs/cmake/controller_msgsConfig-version.cmake
[1.122s] -- Up-to-date: /home/jerry/limx_ws/install/robot_visualization/..//controller_msgs/share/controller_msgs/cmake/controller_msgs__rosidl_typesupport_cExport.cmake
[1.123s] -- Up-to-date: /home/jerry/limx_ws/install/robot_visualization/..//controller_msgs/share/controller_msgs/cmake/controller_msgsConfig.cmake
[1.123s] -- Up-to-date: /home/jerry/limx_ws/install/robot_visualization/..//controller_msgs/share/controller_msgs/cmake/export_controller_msgs__rosidl_generator_pyExport.cmake
[1.124s] -- Up-to-date: /home/jerry/limx_ws/install/robot_visualization/..//controller_msgs/share/controller_msgs/local_setup.sh
[1.129s] -- Up-to-date: /home/jerry/limx_ws/install/robot_visualization/..//controller_msgs/share/controller_msgs/hook
[1.129s] -- Up-to-date: /home/jerry/limx_ws/install/robot_visualization/..//controller_msgs/share/controller_msgs/hook/ld_library_path_lib.ps1
[1.130s] -- Up-to-date: /home/jerry/limx_ws/install/robot_visualization/..//controller_msgs/share/controller_msgs/hook/cmake_prefix_path.sh
[1.130s] -- Up-to-date: /home/jerry/limx_ws/install/robot_visualization/..//controller_msgs/share/controller_msgs/hook/cmake_prefix_path.ps1
[1.131s] -- Up-to-date: /home/jerry/limx_ws/install/robot_visualization/..//controller_msgs/share/controller_msgs/hook/cmake_prefix_path.dsv
[1.132s] -- Up-to-date: /home/jerry/limx_ws/install/robot_visualization/..//controller_msgs/share/controller_msgs/hook/ld_library_path_lib.sh
[1.133s] -- Up-to-date: /home/jerry/limx_ws/install/robot_visualization/..//controller_msgs/share/controller_msgs/hook/ld_library_path_lib.dsv
[1.133s] -- Up-to-date: /home/jerry/limx_ws/install/robot_visualization/..//controller_msgs/share/controller_msgs/package.sh
[1.134s] -- Up-to-date: /home/jerry/limx_ws/install/robot_visualization/..//controller_msgs/share/controller_msgs/environment
[1.134s] -- Up-to-date: /home/jerry/limx_ws/install/robot_visualization/..//controller_msgs/share/controller_msgs/environment/pythonpath.dsv
[1.135s] -- Up-to-date: /home/jerry/limx_ws/install/robot_visualization/..//controller_msgs/share/controller_msgs/environment/library_path.dsv
[1.135s] -- Up-to-date: /home/jerry/limx_ws/install/robot_visualization/..//controller_msgs/share/controller_msgs/environment/pythonpath.sh
[1.135s] -- Up-to-date: /home/jerry/limx_ws/install/robot_visualization/..//controller_msgs/share/controller_msgs/environment/library_path.sh
[1.136s] -- Up-to-date: /home/jerry/limx_ws/install/robot_visualization/..//controller_msgs/share/controller_msgs/environment/path.dsv
[1.136s] -- Up-to-date: /home/jerry/limx_ws/install/robot_visualization/..//controller_msgs/share/controller_msgs/environment/path.sh
[1.136s] -- Up-to-date: /home/jerry/limx_ws/install/robot_visualization/..//controller_msgs/share/controller_msgs/environment/ament_prefix_path.sh
[1.137s] -- Up-to-date: /home/jerry/limx_ws/install/robot_visualization/..//controller_msgs/share/controller_msgs/environment/ament_prefix_path.dsv
[1.137s] -- Up-to-date: /home/jerry/limx_ws/install/robot_visualization/..//controller_msgs/share/controller_msgs/package.zsh
[1.137s] -- Up-to-date: /home/jerry/limx_ws/install/robot_visualization/..//controller_msgs/share/controller_msgs/local_setup.dsv
[1.138s] -- Up-to-date: /home/jerry/limx_ws/install/robot_visualization/..//controller_msgs/share/controller_msgs/package.bash
[1.138s] -- Up-to-date: /home/jerry/limx_ws/install/robot_visualization/..//controller_msgs/share/controller_msgs/package.ps1
[1.138s] -- Up-to-date: /home/jerry/limx_ws/install/robot_visualization/..//controller_msgs/share/controller_msgs/package.dsv
[1.139s] -- Up-to-date: /home/jerry/limx_ws/install/robot_visualization/..//controller_msgs/share/controller_msgs/local_setup.zsh
[1.139s] -- Up-to-date: /home/jerry/limx_ws/install/robot_visualization/..//controller_msgs/share/controller_msgs/msg
[1.140s] -- Up-to-date: /home/jerry/limx_ws/install/robot_visualization/..//controller_msgs/share/controller_msgs/msg/IMUData.idl
[1.141s] -- Up-to-date: /home/jerry/limx_ws/install/robot_visualization/..//controller_msgs/share/controller_msgs/msg/JointCmd.msg
[1.150s] -- Up-to-date: /home/jerry/limx_ws/install/robot_visualization/..//controller_msgs/share/controller_msgs/msg/JointCmd.idl
[1.151s] -- Up-to-date: /home/jerry/limx_ws/install/robot_visualization/..//controller_msgs/share/controller_msgs/msg/JointState.idl
[1.151s] -- Up-to-date: /home/jerry/limx_ws/install/robot_visualization/..//controller_msgs/share/controller_msgs/msg/IMUData.msg
[1.151s] -- Up-to-date: /home/jerry/limx_ws/install/robot_visualization/..//controller_msgs/share/controller_msgs/msg/JointState.msg
[1.152s] -- Up-to-date: /home/jerry/limx_ws/install/robot_visualization/..//controller_msgs/share/controller_msgs/local_setup.bash
[1.152s] -- Up-to-date: /home/jerry/limx_ws/install/robot_visualization/..//controller_msgs/share/ament_index
[1.153s] -- Up-to-date: /home/jerry/limx_ws/install/robot_visualization/..//controller_msgs/share/ament_index/resource_index
[1.153s] -- Up-to-date: /home/jerry/limx_ws/install/robot_visualization/..//controller_msgs/share/ament_index/resource_index/rosidl_interfaces
[1.154s] -- Up-to-date: /home/jerry/limx_ws/install/robot_visualization/..//controller_msgs/share/ament_index/resource_index/rosidl_interfaces/controller_msgs
[1.154s] -- Up-to-date: /home/jerry/limx_ws/install/robot_visualization/..//controller_msgs/share/ament_index/resource_index/packages
[1.157s] -- Up-to-date: /home/jerry/limx_ws/install/robot_visualization/..//controller_msgs/share/ament_index/resource_index/packages/controller_msgs
[1.158s] -- Up-to-date: /home/jerry/limx_ws/install/robot_visualization/..//controller_msgs/share/ament_index/resource_index/parent_prefix_path
[1.158s] -- Up-to-date: /home/jerry/limx_ws/install/robot_visualization/..//controller_msgs/share/ament_index/resource_index/parent_prefix_path/controller_msgs
[1.158s] -- Up-to-date: /home/jerry/limx_ws/install/robot_visualization/..//controller_msgs/share/ament_index/resource_index/package_run_dependencies
[1.159s] -- Up-to-date: /home/jerry/limx_ws/install/robot_visualization/..//controller_msgs/share/ament_index/resource_index/package_run_dependencies/controller_msgs
[1.159s] -- Up-to-date: /home/jerry/limx_ws/install/robot_visualization/..//controller_msgs/lib
[1.160s] -- Up-to-date: /home/jerry/limx_ws/install/robot_visualization/..//controller_msgs/lib/libcontroller_msgs__rosidl_generator_py.so
[1.160s] -- Up-to-date: /home/jerry/limx_ws/install/robot_visualization/..//controller_msgs/lib/libcontroller_msgs__rosidl_typesupport_c.so
[1.168s] -- Up-to-date: /home/jerry/limx_ws/install/robot_visualization/..//controller_msgs/lib/libcontroller_msgs__rosidl_typesupport_fastrtps_cpp.so
[1.169s] -- Up-to-date: /home/jerry/limx_ws/install/robot_visualization/..//controller_msgs/lib/libcontroller_msgs__rosidl_typesupport_cpp.so
[1.169s] -- Up-to-date: /home/jerry/limx_ws/install/robot_visualization/..//controller_msgs/lib/libcontroller_msgs__rosidl_generator_c.so
[1.169s] -- Up-to-date: /home/jerry/limx_ws/install/robot_visualization/..//controller_msgs/lib/libcontroller_msgs__rosidl_typesupport_introspection_c.so
[1.170s] -- Up-to-date: /home/jerry/limx_ws/install/robot_visualization/..//controller_msgs/lib/libcontroller_msgs__rosidl_typesupport_introspection_cpp.so
[1.171s] -- Up-to-date: /home/jerry/limx_ws/install/robot_visualization/..//controller_msgs/lib/libcontroller_msgs__rosidl_typesupport_fastrtps_c.so
[1.172s] -- Up-to-date: /home/jerry/limx_ws/install/robot_visualization/share/robot_visualization/launch
[1.172s] -- Up-to-date: /home/jerry/limx_ws/install/robot_visualization/share/robot_visualization/launch/pointfoot_rviz_hw.launch.py
[1.172s] -- Up-to-date: /home/jerry/limx_ws/install/robot_visualization/share/robot_visualization/launch/pointfoot_rviz_sim.launch.py
[1.173s] -- Up-to-date: /home/jerry/limx_ws/install/robot_visualization/share/robot_visualization/launch/pointfoot_plot_sim.launch.py
[1.173s] -- Up-to-date: /home/jerry/limx_ws/install/robot_visualization/share/robot_visualization/launch/pointfoot_plot_hw.launch.py
[1.173s] -- Up-to-date: /home/jerry/limx_ws/install/robot_visualization/share/robot_visualization/launch/rosbridger.launch.py
[1.174s] -- Up-to-date: /home/jerry/limx_ws/install/robot_visualization/share/robot_visualization/rviz
[1.174s] -- Up-to-date: /home/jerry/limx_ws/install/robot_visualization/share/robot_visualization/rviz/pointfoot.rviz
[1.175s] -- Up-to-date: /home/jerry/limx_ws/install/robot_visualization/../mrosbridger/lib/mrosbridger/mrosbridger
[1.175s] -- Up-to-date: /home/jerry/limx_ws/install/robot_visualization/../mrosbridger/bin/mrosbridger
[1.177s] -- Up-to-date: /home/jerry/limx_ws/install/robot_visualization/share/ament_index/resource_index/package_run_dependencies/robot_visualization
[1.178s] -- Up-to-date: /home/jerry/limx_ws/install/robot_visualization/share/ament_index/resource_index/parent_prefix_path/robot_visualization
[1.178s] -- Up-to-date: /home/jerry/limx_ws/install/robot_visualization/share/robot_visualization/environment/ament_prefix_path.sh
[1.178s] -- Installing: /home/jerry/limx_ws/install/robot_visualization/share/robot_visualization/environment/ament_prefix_path.dsv
[1.179s] -- Up-to-date: /home/jerry/limx_ws/install/robot_visualization/share/robot_visualization/environment/path.sh
[1.179s] -- Installing: /home/jerry/limx_ws/install/robot_visualization/share/robot_visualization/environment/path.dsv
[1.182s] -- Up-to-date: /home/jerry/limx_ws/install/robot_visualization/share/robot_visualization/local_setup.bash
[1.182s] -- Up-to-date: /home/jerry/limx_ws/install/robot_visualization/share/robot_visualization/local_setup.sh
[1.183s] -- Up-to-date: /home/jerry/limx_ws/install/robot_visualization/share/robot_visualization/local_setup.zsh
[1.183s] -- Installing: /home/jerry/limx_ws/install/robot_visualization/share/robot_visualization/local_setup.dsv
[1.184s] -- Installing: /home/jerry/limx_ws/install/robot_visualization/share/robot_visualization/package.dsv
[1.184s] -- Up-to-date: /home/jerry/limx_ws/install/robot_visualization/share/ament_index/resource_index/packages/robot_visualization
[1.185s] -- Up-to-date: /home/jerry/limx_ws/install/robot_visualization/share/robot_visualization/cmake/robot_visualizationConfig.cmake
[1.185s] -- Up-to-date: /home/jerry/limx_ws/install/robot_visualization/share/robot_visualization/cmake/robot_visualizationConfig-version.cmake
[1.185s] -- Up-to-date: /home/jerry/limx_ws/install/robot_visualization/share/robot_visualization/package.xml
[1.193s] Invoked command in '/home/jerry/limx_ws/build/robot_visualization' returned '0': CMAKE_PREFIX_PATH=/opt/ros/humble /usr/bin/cmake --install /home/jerry/limx_ws/build/robot_visualization
