[0.035s] Invoking command in '/home/jerry/limx_ws/build/lslidar_driver': AMENT_PREFIX_PATH=/home/jerry/limx_ws/install/lslidar_msgs:${AMENT_PREFIX_PATH} CMAKE_PREFIX_PATH=/home/jerry/limx_ws/install/lslidar_msgs:/opt/ros/humble LD_LIBRARY_PATH=/home/jerry/limx_ws/install/lslidar_msgs/lib:/usr/lib/x86_64-linux-gnu/gazebo-11/plugins:/opt/ros/humble/opt/rviz_ogre_vendor/lib:/opt/ros/humble/lib/x86_64-linux-gnu:/opt/ros/humble/lib:/usr/share/gazebo/../../lib/x86_64-linux-gnu/gazebo-11/plugins PYTHONPATH=/home/jerry/limx_ws/install/lslidar_msgs/local/lib/python3.10/dist-packages:${PYTHONPATH} /usr/bin/cmake --build /home/jerry/limx_ws/build/lslidar_driver -- -j8 -l8
[0.095s] [35m[1mConsolidate compiler generated dependencies of target lslidar_driver_node[0m
[0.138s] [100%] Built target lslidar_driver_node
[0.154s] Invoked command in '/home/jerry/limx_ws/build/lslidar_driver' returned '0': AMENT_PREFIX_PATH=/home/jerry/limx_ws/install/lslidar_msgs:${AMENT_PREFIX_PATH} CMAKE_PREFIX_PATH=/home/jerry/limx_ws/install/lslidar_msgs:/opt/ros/humble LD_LIBRARY_PATH=/home/jerry/limx_ws/install/lslidar_msgs/lib:/usr/lib/x86_64-linux-gnu/gazebo-11/plugins:/opt/ros/humble/opt/rviz_ogre_vendor/lib:/opt/ros/humble/lib/x86_64-linux-gnu:/opt/ros/humble/lib:/usr/share/gazebo/../../lib/x86_64-linux-gnu/gazebo-11/plugins PYTHONPATH=/home/jerry/limx_ws/install/lslidar_msgs/local/lib/python3.10/dist-packages:${PYTHONPATH} /usr/bin/cmake --build /home/jerry/limx_ws/build/lslidar_driver -- -j8 -l8
[0.154s] Invoking command in '/home/jerry/limx_ws/build/lslidar_driver': AMENT_PREFIX_PATH=/home/jerry/limx_ws/install/lslidar_msgs:${AMENT_PREFIX_PATH} CMAKE_PREFIX_PATH=/home/jerry/limx_ws/install/lslidar_msgs:/opt/ros/humble LD_LIBRARY_PATH=/home/jerry/limx_ws/install/lslidar_msgs/lib:/usr/lib/x86_64-linux-gnu/gazebo-11/plugins:/opt/ros/humble/opt/rviz_ogre_vendor/lib:/opt/ros/humble/lib/x86_64-linux-gnu:/opt/ros/humble/lib:/usr/share/gazebo/../../lib/x86_64-linux-gnu/gazebo-11/plugins PYTHONPATH=/home/jerry/limx_ws/install/lslidar_msgs/local/lib/python3.10/dist-packages:${PYTHONPATH} /usr/bin/cmake --install /home/jerry/limx_ws/build/lslidar_driver
[0.161s] -- Install configuration: ""
[0.161s] -- Installing: /home/jerry/limx_ws/install/lslidar_driver/share/lslidar_driver/launch
[0.162s] -- Installing: /home/jerry/limx_ws/install/lslidar_driver/share/lslidar_driver/launch/lslidar_double_launch.py
[0.163s] -- Installing: /home/jerry/limx_ws/install/lslidar_driver/share/lslidar_driver/launch/lsm10p_net_launch.py
[0.163s] -- Installing: /home/jerry/limx_ws/install/lslidar_driver/share/lslidar_driver/launch/lsn10_net_launch.py
[0.164s] -- Installing: /home/jerry/limx_ws/install/lslidar_driver/share/lslidar_driver/launch/lsm10p_uart_launch.py
[0.168s] -- Installing: /home/jerry/limx_ws/install/lslidar_driver/share/lslidar_driver/launch/lsn10p_net_launch.py
[0.169s] -- Installing: /home/jerry/limx_ws/install/lslidar_driver/share/lslidar_driver/launch/lsn10p_launch.py
[0.170s] -- Installing: /home/jerry/limx_ws/install/lslidar_driver/share/lslidar_driver/launch/lsm10_uart_launch.py
[0.170s] -- Installing: /home/jerry/limx_ws/install/lslidar_driver/share/lslidar_driver/launch/lsn10_launch.py
[0.171s] -- Installing: /home/jerry/limx_ws/install/lslidar_driver/share/lslidar_driver/launch/viewer_scan_launch.py
[0.171s] -- Installing: /home/jerry/limx_ws/install/lslidar_driver/share/lslidar_driver/launch/lsm10_net_launch.py
[0.172s] -- Installing: /home/jerry/limx_ws/install/lslidar_driver/share/lslidar_driver/params
[0.173s] -- Installing: /home/jerry/limx_ws/install/lslidar_driver/share/lslidar_driver/params/lidar_uart_ros2
[0.174s] -- Installing: /home/jerry/limx_ws/install/lslidar_driver/share/lslidar_driver/params/lidar_uart_ros2/lsn10p.yaml
[0.176s] -- Installing: /home/jerry/limx_ws/install/lslidar_driver/share/lslidar_driver/params/lidar_uart_ros2/lsm10.yaml
[0.176s] -- Installing: /home/jerry/limx_ws/install/lslidar_driver/share/lslidar_driver/params/lidar_uart_ros2/lsn10.yaml
[0.176s] -- Installing: /home/jerry/limx_ws/install/lslidar_driver/share/lslidar_driver/params/lidar_uart_ros2/lsm10_p.yaml
[0.177s] -- Installing: /home/jerry/limx_ws/install/lslidar_driver/share/lslidar_driver/params/lidar_net_ros2
[0.178s] -- Installing: /home/jerry/limx_ws/install/lslidar_driver/share/lslidar_driver/params/lidar_net_ros2/lsn10_net.yaml
[0.178s] -- Installing: /home/jerry/limx_ws/install/lslidar_driver/share/lslidar_driver/params/lidar_net_ros2/lsn10p_net.yaml
[0.179s] -- Installing: /home/jerry/limx_ws/install/lslidar_driver/share/lslidar_driver/params/lidar_net_ros2/lsm10_net.yaml
[0.179s] -- Installing: /home/jerry/limx_ws/install/lslidar_driver/share/lslidar_driver/params/lidar_net_ros2/lsm10p_net.yaml
[0.180s] -- Installing: /home/jerry/limx_ws/install/lslidar_driver/share/lslidar_driver/rviz
[0.180s] -- Installing: /home/jerry/limx_ws/install/lslidar_driver/share/lslidar_driver/rviz/lslidar.rviz
[0.181s] -- Installing: /home/jerry/limx_ws/install/lslidar_driver/lib/lslidar_driver/lslidar_driver_node
[0.187s] -- Set runtime path of "/home/jerry/limx_ws/install/lslidar_driver/lib/lslidar_driver/lslidar_driver_node" to ""
[0.187s] -- Installing: /home/jerry/limx_ws/install/lslidar_driver/share/ament_index/resource_index/package_run_dependencies/lslidar_driver
[0.187s] -- Installing: /home/jerry/limx_ws/install/lslidar_driver/share/ament_index/resource_index/parent_prefix_path/lslidar_driver
[0.187s] -- Installing: /home/jerry/limx_ws/install/lslidar_driver/share/lslidar_driver/environment/ament_prefix_path.sh
[0.187s] -- Installing: /home/jerry/limx_ws/install/lslidar_driver/share/lslidar_driver/environment/ament_prefix_path.dsv
[0.188s] -- Installing: /home/jerry/limx_ws/install/lslidar_driver/share/lslidar_driver/environment/path.sh
[0.188s] -- Installing: /home/jerry/limx_ws/install/lslidar_driver/share/lslidar_driver/environment/path.dsv
[0.189s] -- Installing: /home/jerry/limx_ws/install/lslidar_driver/share/lslidar_driver/local_setup.bash
[0.189s] -- Installing: /home/jerry/limx_ws/install/lslidar_driver/share/lslidar_driver/local_setup.sh
[0.189s] -- Installing: /home/jerry/limx_ws/install/lslidar_driver/share/lslidar_driver/local_setup.zsh
[0.189s] -- Installing: /home/jerry/limx_ws/install/lslidar_driver/share/lslidar_driver/local_setup.dsv
[0.189s] -- Installing: /home/jerry/limx_ws/install/lslidar_driver/share/lslidar_driver/package.dsv
[0.190s] -- Installing: /home/jerry/limx_ws/install/lslidar_driver/share/ament_index/resource_index/packages/lslidar_driver
[0.190s] -- Installing: /home/jerry/limx_ws/install/lslidar_driver/share/lslidar_driver/cmake/ament_cmake_export_dependencies-extras.cmake
[0.190s] -- Installing: /home/jerry/limx_ws/install/lslidar_driver/share/lslidar_driver/cmake/ament_cmake_export_include_directories-extras.cmake
[0.190s] -- Installing: /home/jerry/limx_ws/install/lslidar_driver/share/lslidar_driver/cmake/lslidar_driverConfig.cmake
[0.190s] -- Installing: /home/jerry/limx_ws/install/lslidar_driver/share/lslidar_driver/cmake/lslidar_driverConfig-version.cmake
[0.191s] -- Installing: /home/jerry/limx_ws/install/lslidar_driver/share/lslidar_driver/package.xml
[0.193s] Invoked command in '/home/jerry/limx_ws/build/lslidar_driver' returned '0': AMENT_PREFIX_PATH=/home/jerry/limx_ws/install/lslidar_msgs:${AMENT_PREFIX_PATH} CMAKE_PREFIX_PATH=/home/jerry/limx_ws/install/lslidar_msgs:/opt/ros/humble LD_LIBRARY_PATH=/home/jerry/limx_ws/install/lslidar_msgs/lib:/usr/lib/x86_64-linux-gnu/gazebo-11/plugins:/opt/ros/humble/opt/rviz_ogre_vendor/lib:/opt/ros/humble/lib/x86_64-linux-gnu:/opt/ros/humble/lib:/usr/share/gazebo/../../lib/x86_64-linux-gnu/gazebo-11/plugins PYTHONPATH=/home/jerry/limx_ws/install/lslidar_msgs/local/lib/python3.10/dist-packages:${PYTHONPATH} /usr/bin/cmake --install /home/jerry/limx_ws/build/lslidar_driver
