[0.099s] Invoking command in '/home/jerry/limx_ws/build/lidar_odometry': CMAKE_PREFIX_PATH=/opt/ros/humble /usr/bin/cmake --build /home/jerry/limx_ws/build/lidar_odometry -- -j8 -l8
[0.343s] [35m[1mConsolidate compiler generated dependencies of target scan_corrector_node[0m
[0.391s] [35m[1mConsolidate compiler generated dependencies of target lidar_odometry_node[0m
[0.809s] [ 40%] Built target scan_corrector_node
[0.856s] [ 60%] [32mBuilding CXX object CMakeFiles/lidar_odometry_node.dir/src/lidar_odometry.cpp.o[0m
[0.857s] [ 80%] [32mBuilding CXX object CMakeFiles/lidar_odometry_node.dir/src/lidar_odometry_node.cpp.o[0m
[16.559s] [01m[K/home/jerry/limx_ws/src/lidar_odometry/src/lidar_odometry_node.cpp:[m[K In constructor ‘[01m[KLidarOdometryNode::LidarOdometryNode()[m[K’:
[16.559s] [01m[K/home/jerry/limx_ws/src/lidar_odometry/src/lidar_odometry_node.cpp:53:7:[m[K [01;31m[Kerror: [m[K‘[01m[Ktf_broadcaster_[m[K’ was not declared in this scope
[16.559s]    53 |       [01;31m[Ktf_broadcaster_[m[K = std::make_unique<tf2_ros::TransformBroadcaster>(this);
[16.560s]       |       [01;31m[K^~~~~~~~~~~~~~~[m[K
[16.561s] [01m[K/home/jerry/limx_ws/src/lidar_odometry/src/lidar_odometry_node.cpp:53:51:[m[K [01;31m[Kerror: [m[K‘[01m[KTransformBroadcaster[m[K’ is not a member of ‘[01m[Ktf2_ros[m[K’
[16.561s]    53 |       tf_broadcaster_ = std::make_unique<tf2_ros::[01;31m[KTransformBroadcaster[m[K>(this);
[16.561s]       |                                                   [01;31m[K^~~~~~~~~~~~~~~~~~~~[m[K
[16.561s] [01m[K/home/jerry/limx_ws/src/lidar_odometry/src/lidar_odometry_node.cpp:53:72:[m[K [01;31m[Kerror: [m[Kno matching function for call to ‘[01m[Kmake_unique<<expression error> >(LidarOdometryNode*)[m[K’
[16.561s]    53 | f_broadcaster_ = [01;31m[Kstd::make_unique<tf2_ros::TransformBroadcaster>(this)[m[K;
[16.562s]       |                  [01;31m[K~~~~~~~~~~~~~~~~~~~~~~~~~~~~~~~~~~~~~~~~~~~~~~~^~~~~~[m[K
[16.562s] 
[16.562s] In file included from [01m[K/usr/include/c++/11/memory:76[m[K,
[16.562s]                  from [01m[K/home/jerry/limx_ws/src/lidar_odometry/src/lidar_odometry_node.cpp:2[m[K:
[16.562s] [01m[K/usr/include/c++/11/bits/unique_ptr.h:961:5:[m[K [01;36m[Knote: [m[Kcandidate: ‘[01m[Ktemplate<class _Tp, class ... _Args> typename std::_MakeUniq<_Tp>::__single_object std::make_unique(_Args&& ...)[m[K’
[16.562s]   961 |     [01;36m[Kmake_unique[m[K(_Args&&... __args)
[16.563s]       |     [01;36m[K^~~~~~~~~~~[m[K
[16.563s] [01m[K/usr/include/c++/11/bits/unique_ptr.h:961:5:[m[K [01;36m[Knote: [m[K  template argument deduction/substitution failed:
[16.563s] [01m[K/home/jerry/limx_ws/src/lidar_odometry/src/lidar_odometry_node.cpp:53:72:[m[K [01;31m[Kerror: [m[Ktemplate argument 1 is invalid
[16.563s]    53 | f_broadcaster_ = [01;31m[Kstd::make_unique<tf2_ros::TransformBroadcaster>(this)[m[K;
[16.563s]       |                  [01;31m[K~~~~~~~~~~~~~~~~~~~~~~~~~~~~~~~~~~~~~~~~~~~~~~~^~~~~~[m[K
[16.563s] 
[16.563s] In file included from [01m[K/usr/include/c++/11/memory:76[m[K,
[16.564s]                  from [01m[K/home/jerry/limx_ws/src/lidar_odometry/src/lidar_odometry_node.cpp:2[m[K:
[16.564s] [01m[K/usr/include/c++/11/bits/unique_ptr.h:967:5:[m[K [01;36m[Knote: [m[Kcandidate: ‘[01m[Ktemplate<class _Tp> typename std::_MakeUniq<_Tp>::__array std::make_unique(std::size_t)[m[K’
[16.564s]   967 |     [01;36m[Kmake_unique[m[K(size_t __num)
[16.564s]       |     [01;36m[K^~~~~~~~~~~[m[K
[16.564s] [01m[K/usr/include/c++/11/bits/unique_ptr.h:967:5:[m[K [01;36m[Knote: [m[K  template argument deduction/substitution failed:
[16.564s] [01m[K/home/jerry/limx_ws/src/lidar_odometry/src/lidar_odometry_node.cpp:53:72:[m[K [01;31m[Kerror: [m[Ktemplate argument 1 is invalid
[16.565s]    53 | f_broadcaster_ = [01;31m[Kstd::make_unique<tf2_ros::TransformBroadcaster>(this)[m[K;
[16.565s]       |                  [01;31m[K~~~~~~~~~~~~~~~~~~~~~~~~~~~~~~~~~~~~~~~~~~~~~~~^~~~~~[m[K
[16.565s] 
[16.565s] In file included from [01m[K/usr/include/c++/11/memory:76[m[K,
[16.565s]                  from [01m[K/home/jerry/limx_ws/src/lidar_odometry/src/lidar_odometry_node.cpp:2[m[K:
[16.565s] [01m[K/usr/include/c++/11/bits/unique_ptr.h:973:5:[m[K [01;36m[Knote: [m[Kcandidate: ‘[01m[Ktemplate<class _Tp, class ... _Args> typename std::_MakeUniq<_Tp>::__invalid_type std::make_unique(_Args&& ...)[m[K’ (deleted)
[16.566s]   973 |     [01;36m[Kmake_unique[m[K(_Args&&...) = delete;
[16.566s]       |     [01;36m[K^~~~~~~~~~~[m[K
[16.566s] [01m[K/usr/include/c++/11/bits/unique_ptr.h:973:5:[m[K [01;36m[Knote: [m[K  template argument deduction/substitution failed:
[16.566s] [01m[K/home/jerry/limx_ws/src/lidar_odometry/src/lidar_odometry_node.cpp:53:72:[m[K [01;31m[Kerror: [m[Ktemplate argument 1 is invalid
[16.566s]    53 | f_broadcaster_ = [01;31m[Kstd::make_unique<tf2_ros::TransformBroadcaster>(this)[m[K;
[16.566s]       |                  [01;31m[K~~~~~~~~~~~~~~~~~~~~~~~~~~~~~~~~~~~~~~~~~~~~~~~^~~~~~[m[K
[16.567s] 
[16.570s] [01m[K/home/jerry/limx_ws/src/lidar_odometry/src/lidar_odometry_node.cpp:[m[K In member function ‘[01m[Kvoid LidarOdometryNode::publish_odometry()[m[K’:
[16.570s] [01m[K/home/jerry/limx_ws/src/lidar_odometry/src/lidar_odometry_node.cpp:101:34:[m[K [01;31m[Kerror: [m[Kinvalid use of non-static member function ‘[01m[Krclcpp::Time rclcpp::Node::now() const[m[K’
[16.571s]   101 |         transform.header.stamp = [01;31m[Know[m[K;
[16.571s]       |                                  [01;31m[K^~~[m[K
[16.571s] In file included from [01m[K/opt/ros/humble/include/rclcpp/rclcpp/executors/single_threaded_executor.hpp:28[m[K,
[16.571s]                  from [01m[K/opt/ros/humble/include/rclcpp/rclcpp/executors.hpp:22[m[K,
[16.571s]                  from [01m[K/opt/ros/humble/include/rclcpp/rclcpp/rclcpp.hpp:155[m[K,
[16.571s]                  from [01m[K/opt/ros/humble/include/pcl_conversions/pcl_conversions/pcl_conversions.h:43[m[K,
[16.572s]                  from [01m[K/home/jerry/limx_ws/src/lidar_odometry/src/lidar_odometry_node.cpp:3[m[K:
[16.572s] [01m[K/opt/ros/humble/include/rclcpp/rclcpp/node.hpp:1126:3:[m[K [01;36m[Knote: [m[Kdeclared here
[16.572s]  1126 |   [01;36m[Know[m[K() const;
[16.572s]       |   [01;36m[K^~~[m[K
[16.584s] [01m[K/home/jerry/limx_ws/src/lidar_odometry/src/lidar_odometry_node.cpp:116:9:[m[K [01;31m[Kerror: [m[K‘[01m[Ktf_broadcaster_[m[K’ was not declared in this scope
[16.584s]   116 |         [01;31m[Ktf_broadcaster_[m[K->sendTransform(transform);
[16.585s]       |         [01;31m[K^~~~~~~~~~~~~~~[m[K
[21.928s] gmake[2]: *** [CMakeFiles/lidar_odometry_node.dir/build.make:76: CMakeFiles/lidar_odometry_node.dir/src/lidar_odometry_node.cpp.o] Error 1
[21.928s] gmake[2]: *** Waiting for unfinished jobs....
[30.408s] gmake[1]: *** [CMakeFiles/Makefile2:139: CMakeFiles/lidar_odometry_node.dir/all] Error 2
[30.408s] gmake: *** [Makefile:146: all] Error 2
[30.415s] Invoked command in '/home/jerry/limx_ws/build/lidar_odometry' returned '2': CMAKE_PREFIX_PATH=/opt/ros/humble /usr/bin/cmake --build /home/jerry/limx_ws/build/lidar_odometry -- -j8 -l8
