[0.027s] Invoking command in '/home/jerry/limx_ws/build/lidar_odometry': CMAKE_PREFIX_PATH=${CMAKE_PREFIX_PATH}:/opt/ros/humble /usr/bin/cmake --build /home/jerry/limx_ws/build/lidar_odometry -- -j8 -l8
[0.085s] [35m[1mConsolidate compiler generated dependencies of target scan_corrector_node[0m
[0.113s] [ 40%] Built target scan_corrector_node
[0.118s] [100%] Built target lidar_odometry_node
[0.192s] Invoked command in '/home/jerry/limx_ws/build/lidar_odometry' returned '0': CMAKE_PREFIX_PATH=${CMAKE_PREFIX_PATH}:/opt/ros/humble /usr/bin/cmake --build /home/jerry/limx_ws/build/lidar_odometry -- -j8 -l8
[0.194s] Invoking command in '/home/jerry/limx_ws/build/lidar_odometry': CMAKE_PREFIX_PATH=${CMAKE_PREFIX_PATH}:/opt/ros/humble /usr/bin/cmake --install /home/jerry/limx_ws/build/lidar_odometry
[0.203s] -- Install configuration: ""
[0.203s] -- Up-to-date: /home/jerry/limx_ws/install/lidar_odometry/lib/lidar_odometry/lidar_odometry_node
[0.203s] -- Up-to-date: /home/jerry/limx_ws/install/lidar_odometry/lib/lidar_odometry/scan_corrector_node
[0.205s] -- Up-to-date: /home/jerry/limx_ws/install/lidar_odometry/share/ament_index/resource_index/package_run_dependencies/lidar_odometry
[0.205s] -- Up-to-date: /home/jerry/limx_ws/install/lidar_odometry/share/ament_index/resource_index/parent_prefix_path/lidar_odometry
[0.206s] -- Up-to-date: /home/jerry/limx_ws/install/lidar_odometry/share/lidar_odometry/environment/ament_prefix_path.sh
[0.206s] -- Up-to-date: /home/jerry/limx_ws/install/lidar_odometry/share/lidar_odometry/environment/ament_prefix_path.dsv
[0.206s] -- Up-to-date: /home/jerry/limx_ws/install/lidar_odometry/share/lidar_odometry/environment/path.sh
[0.206s] -- Up-to-date: /home/jerry/limx_ws/install/lidar_odometry/share/lidar_odometry/environment/path.dsv
[0.206s] -- Up-to-date: /home/jerry/limx_ws/install/lidar_odometry/share/lidar_odometry/local_setup.bash
[0.206s] -- Up-to-date: /home/jerry/limx_ws/install/lidar_odometry/share/lidar_odometry/local_setup.sh
[0.206s] -- Up-to-date: /home/jerry/limx_ws/install/lidar_odometry/share/lidar_odometry/local_setup.zsh
[0.207s] -- Up-to-date: /home/jerry/limx_ws/install/lidar_odometry/share/lidar_odometry/local_setup.dsv
[0.208s] -- Installing: /home/jerry/limx_ws/install/lidar_odometry/share/lidar_odometry/package.dsv
[0.208s] -- Up-to-date: /home/jerry/limx_ws/install/lidar_odometry/share/ament_index/resource_index/packages/lidar_odometry
[0.208s] -- Up-to-date: /home/jerry/limx_ws/install/lidar_odometry/share/lidar_odometry/cmake/lidar_odometryConfig.cmake
[0.208s] -- Up-to-date: /home/jerry/limx_ws/install/lidar_odometry/share/lidar_odometry/cmake/lidar_odometryConfig-version.cmake
[0.208s] -- Up-to-date: /home/jerry/limx_ws/install/lidar_odometry/share/lidar_odometry/package.xml
[0.253s] Invoked command in '/home/jerry/limx_ws/build/lidar_odometry' returned '0': CMAKE_PREFIX_PATH=${CMAKE_PREFIX_PATH}:/opt/ros/humble /usr/bin/cmake --install /home/jerry/limx_ws/build/lidar_odometry
