[0.138s] Invoking command in '/home/jerry/limx_ws/build/robot_hw': CMAKE_PREFIX_PATH=/home/jerry/limx_ws/install/limxsdk_lowlevel:/home/jerry/limx_ws/install/scan_corrector:/opt/ros/humble:/home/jerry/limx_ws/install/robot_visualization:/home/jerry/limx_ws/install/robot_hw:/home/jerry/limx_ws/install/robot_description:/home/jerry/limx_ws/install/robot_controllers:/home/jerry/limx_ws/install/pointfoot_gazebo:/home/jerry/limx_ws/install/mrosbridger:/home/jerry/limx_ws/install/lslidar_driver:/home/jerry/limx_ws/install/lslidar_msgs:/home/jerry/limx_ws/install/limxsdk_sim:/home/jerry/limx_ws/install/lidar_odometry_0:/home/jerry/limx_ws/install/lidar_odometry:/home/jerry/limx_ws/install/controller_msgs LD_LIBRARY_PATH=/home/jerry/limx_ws/install/limxsdk_lowlevel/lib:/home/jerry/limx_ws/install/robot_controllers/lib:/home/jerry/limx_ws/install/pointfoot_gazebo/lib:/home/jerry/limx_ws/install/mrosbridger/lib:/home/jerry/limx_ws/install/lslidar_msgs/lib:/home/jerry/limx_ws/install/limxsdk_sim/lib:/home/jerry/limx_ws/install/controller_msgs/lib:/usr/lib/x86_64-linux-gnu/gazebo-11/plugins:/opt/ros/humble/opt/rviz_ogre_vendor/lib:/opt/ros/humble/lib/x86_64-linux-gnu:/opt/ros/humble/lib:/usr/share/gazebo/../../lib/x86_64-linux-gnu/gazebo-11/plugins /usr/bin/cmake --build /home/jerry/limx_ws/build/robot_hw -- -j8 -l8
[0.694s] [100%] Built target pointfoot_node
[0.752s] Invoked command in '/home/jerry/limx_ws/build/robot_hw' returned '0': CMAKE_PREFIX_PATH=/home/jerry/limx_ws/install/limxsdk_lowlevel:/home/jerry/limx_ws/install/scan_corrector:/opt/ros/humble:/home/jerry/limx_ws/install/robot_visualization:/home/jerry/limx_ws/install/robot_hw:/home/jerry/limx_ws/install/robot_description:/home/jerry/limx_ws/install/robot_controllers:/home/jerry/limx_ws/install/pointfoot_gazebo:/home/jerry/limx_ws/install/mrosbridger:/home/jerry/limx_ws/install/lslidar_driver:/home/jerry/limx_ws/install/lslidar_msgs:/home/jerry/limx_ws/install/limxsdk_sim:/home/jerry/limx_ws/install/lidar_odometry_0:/home/jerry/limx_ws/install/lidar_odometry:/home/jerry/limx_ws/install/controller_msgs LD_LIBRARY_PATH=/home/jerry/limx_ws/install/limxsdk_lowlevel/lib:/home/jerry/limx_ws/install/robot_controllers/lib:/home/jerry/limx_ws/install/pointfoot_gazebo/lib:/home/jerry/limx_ws/install/mrosbridger/lib:/home/jerry/limx_ws/install/lslidar_msgs/lib:/home/jerry/limx_ws/install/limxsdk_sim/lib:/home/jerry/limx_ws/install/controller_msgs/lib:/usr/lib/x86_64-linux-gnu/gazebo-11/plugins:/opt/ros/humble/opt/rviz_ogre_vendor/lib:/opt/ros/humble/lib/x86_64-linux-gnu:/opt/ros/humble/lib:/usr/share/gazebo/../../lib/x86_64-linux-gnu/gazebo-11/plugins /usr/bin/cmake --build /home/jerry/limx_ws/build/robot_hw -- -j8 -l8
[0.763s] Invoking command in '/home/jerry/limx_ws/build/robot_hw': CMAKE_PREFIX_PATH=/home/jerry/limx_ws/install/limxsdk_lowlevel:/home/jerry/limx_ws/install/scan_corrector:/opt/ros/humble:/home/jerry/limx_ws/install/robot_visualization:/home/jerry/limx_ws/install/robot_hw:/home/jerry/limx_ws/install/robot_description:/home/jerry/limx_ws/install/robot_controllers:/home/jerry/limx_ws/install/pointfoot_gazebo:/home/jerry/limx_ws/install/mrosbridger:/home/jerry/limx_ws/install/lslidar_driver:/home/jerry/limx_ws/install/lslidar_msgs:/home/jerry/limx_ws/install/limxsdk_sim:/home/jerry/limx_ws/install/lidar_odometry_0:/home/jerry/limx_ws/install/lidar_odometry:/home/jerry/limx_ws/install/controller_msgs LD_LIBRARY_PATH=/home/jerry/limx_ws/install/limxsdk_lowlevel/lib:/home/jerry/limx_ws/install/robot_controllers/lib:/home/jerry/limx_ws/install/pointfoot_gazebo/lib:/home/jerry/limx_ws/install/mrosbridger/lib:/home/jerry/limx_ws/install/lslidar_msgs/lib:/home/jerry/limx_ws/install/limxsdk_sim/lib:/home/jerry/limx_ws/install/controller_msgs/lib:/usr/lib/x86_64-linux-gnu/gazebo-11/plugins:/opt/ros/humble/opt/rviz_ogre_vendor/lib:/opt/ros/humble/lib/x86_64-linux-gnu:/opt/ros/humble/lib:/usr/share/gazebo/../../lib/x86_64-linux-gnu/gazebo-11/plugins /usr/bin/cmake --install /home/jerry/limx_ws/build/robot_hw
[0.837s] -- Install configuration: ""
[0.839s] -- Up-to-date: /home/jerry/limx_ws/install/robot_hw/lib/robot_hw/pointfoot_node
[0.840s] -- Up-to-date: /home/jerry/limx_ws/install/robot_hw/share/robot_hw/launch
[0.841s] -- Up-to-date: /home/jerry/limx_ws/install/robot_hw/share/robot_hw/launch/pointfoot_hw_slam.launch.py
[0.852s] -- Installing: /home/jerry/limx_ws/install/robot_hw/share/robot_hw/launch/pointfoot_hw.launch.py
[0.854s] -- Up-to-date: /home/jerry/limx_ws/install/robot_hw/share/robot_hw/launch/pointfoot_hw_sim.launch.py
[0.856s] -- Up-to-date: /home/jerry/limx_ws/install/robot_hw/share/robot_hw/config
[0.857s] -- Up-to-date: /home/jerry/limx_ws/install/robot_hw/share/robot_hw/config/joystick.yaml
[0.857s] -- Up-to-date: /home/jerry/limx_ws/install/robot_hw/share/robot_hw/config/robot_hw.yaml
[0.858s] -- Up-to-date: /home/jerry/limx_ws/install/robot_hw/share/robot_hw/config/slam_params.yaml
[0.858s] -- Up-to-date: /home/jerry/limx_ws/install/robot_hw/share/ament_index/resource_index/package_run_dependencies/robot_hw
[0.859s] -- Up-to-date: /home/jerry/limx_ws/install/robot_hw/share/ament_index/resource_index/parent_prefix_path/robot_hw
[0.860s] -- Up-to-date: /home/jerry/limx_ws/install/robot_hw/share/robot_hw/environment/ament_prefix_path.sh
[0.861s] -- Up-to-date: /home/jerry/limx_ws/install/robot_hw/share/robot_hw/environment/ament_prefix_path.dsv
[0.862s] -- Up-to-date: /home/jerry/limx_ws/install/robot_hw/share/robot_hw/environment/path.sh
[0.863s] -- Up-to-date: /home/jerry/limx_ws/install/robot_hw/share/robot_hw/environment/path.dsv
[0.863s] -- Up-to-date: /home/jerry/limx_ws/install/robot_hw/share/robot_hw/local_setup.bash
[0.863s] -- Up-to-date: /home/jerry/limx_ws/install/robot_hw/share/robot_hw/local_setup.sh
[0.863s] -- Up-to-date: /home/jerry/limx_ws/install/robot_hw/share/robot_hw/local_setup.zsh
[0.868s] -- Up-to-date: /home/jerry/limx_ws/install/robot_hw/share/robot_hw/local_setup.dsv
[0.869s] -- Installing: /home/jerry/limx_ws/install/robot_hw/share/robot_hw/package.dsv
[0.869s] -- Up-to-date: /home/jerry/limx_ws/install/robot_hw/share/ament_index/resource_index/packages/robot_hw
[0.870s] -- Up-to-date: /home/jerry/limx_ws/install/robot_hw/share/robot_hw/cmake/robot_hwConfig.cmake
[0.871s] -- Up-to-date: /home/jerry/limx_ws/install/robot_hw/share/robot_hw/cmake/robot_hwConfig-version.cmake
[0.871s] -- Up-to-date: /home/jerry/limx_ws/install/robot_hw/share/robot_hw/package.xml
[0.976s] Invoked command in '/home/jerry/limx_ws/build/robot_hw' returned '0': CMAKE_PREFIX_PATH=/home/jerry/limx_ws/install/limxsdk_lowlevel:/home/jerry/limx_ws/install/scan_corrector:/opt/ros/humble:/home/jerry/limx_ws/install/robot_visualization:/home/jerry/limx_ws/install/robot_hw:/home/jerry/limx_ws/install/robot_description:/home/jerry/limx_ws/install/robot_controllers:/home/jerry/limx_ws/install/pointfoot_gazebo:/home/jerry/limx_ws/install/mrosbridger:/home/jerry/limx_ws/install/lslidar_driver:/home/jerry/limx_ws/install/lslidar_msgs:/home/jerry/limx_ws/install/limxsdk_sim:/home/jerry/limx_ws/install/lidar_odometry_0:/home/jerry/limx_ws/install/lidar_odometry:/home/jerry/limx_ws/install/controller_msgs LD_LIBRARY_PATH=/home/jerry/limx_ws/install/limxsdk_lowlevel/lib:/home/jerry/limx_ws/install/robot_controllers/lib:/home/jerry/limx_ws/install/pointfoot_gazebo/lib:/home/jerry/limx_ws/install/mrosbridger/lib:/home/jerry/limx_ws/install/lslidar_msgs/lib:/home/jerry/limx_ws/install/limxsdk_sim/lib:/home/jerry/limx_ws/install/controller_msgs/lib:/usr/lib/x86_64-linux-gnu/gazebo-11/plugins:/opt/ros/humble/opt/rviz_ogre_vendor/lib:/opt/ros/humble/lib/x86_64-linux-gnu:/opt/ros/humble/lib:/usr/share/gazebo/../../lib/x86_64-linux-gnu/gazebo-11/plugins /usr/bin/cmake --install /home/jerry/limx_ws/build/robot_hw
