[0.058s] Invoking command in '/home/jerry/limx_ws/build/lslidar_msgs': /usr/bin/cmake /home/jerry/limx_ws/src/lidar/lslidar_msgs -DCMAKE_INSTALL_PREFIX=/home/jerry/limx_ws/install/lslidar_msgs
[0.390s] -- The C compiler identification is GNU 11.4.0
[0.667s] -- The CXX compiler identification is GNU 11.4.0
[0.689s] -- Detecting C compiler ABI info
[0.913s] -- Detecting C compiler ABI info - done
[0.919s] -- Check for working C compiler: /usr/bin/cc - skipped
[0.922s] -- Detecting C compile features
[0.923s] -- Detecting C compile features - done
[0.929s] -- Detecting CXX compiler ABI info
[1.170s] -- Detecting CXX compiler ABI info - done
[1.176s] -- Check for working CXX compiler: /usr/bin/c++ - skipped
[1.176s] -- Detecting CXX compile features
[1.177s] -- Detecting CXX compile features - done
[1.198s] [31mCMake Error at CMakeLists.txt:19 (find_package):
[1.198s]   By not providing "Findament_cmake.cmake" in CMAKE_MODULE_PATH this project
[1.198s]   has asked CMake to find a package configuration file provided by
[1.199s]   "ament_cmake", but CMake did not find one.
[1.199s] 
[1.199s]   Could not find a package configuration file provided by "ament_cmake" with
[1.199s]   any of the following names:
[1.199s] 
[1.199s]     ament_cmakeConfig.cmake
[1.199s]     ament_cmake-config.cmake
[1.200s] 
[1.200s]   Add the installation prefix of "ament_cmake" to CMAKE_PREFIX_PATH or set
[1.200s]   "ament_cmake_DIR" to a directory containing one of the above files.  If
[1.200s]   "ament_cmake" provides a separate development package or SDK, be sure it
[1.200s]   has been installed.
[1.200s] 
[1.201s] [0m
[1.201s] -- Configuring incomplete, errors occurred!
[1.201s] See also "/home/jerry/limx_ws/build/lslidar_msgs/CMakeFiles/CMakeOutput.log".
