[0.028s] Invoking command in '/home/jerry/limx_ws/build/lidar_odometry': CMAKE_PREFIX_PATH=${CMAKE_PREFIX_PATH}:/opt/ros/humble /usr/bin/cmake --build /home/jerry/limx_ws/build/lidar_odometry -- -j8 -l8
[0.053s] -- Found ament_cmake: 1.3.12 (/opt/ros/humble/share/ament_cmake/cmake)
[0.177s] -- Found rclcpp: 16.0.17 (/opt/ros/humble/share/rclcpp/cmake)
[0.178s] -- Found rosidl_generator_c: 3.1.8 (/opt/ros/humble/share/rosidl_generator_c/cmake)
[0.178s] -- Found rosidl_adapter: 3.1.8 (/opt/ros/humble/share/rosidl_adapter/cmake)
[0.179s] -- Found rosidl_generator_cpp: 3.1.8 (/opt/ros/humble/share/rosidl_generator_cpp/cmake)
[0.187s] -- Using all available rosidl_typesupport_c: rosidl_typesupport_fastrtps_c;rosidl_typesupport_introspection_c
[0.194s] -- Using all available rosidl_typesupport_cpp: rosidl_typesupport_fastrtps_cpp;rosidl_typesupport_introspection_cpp
[0.226s] -- Found rmw_implementation_cmake: 6.1.2 (/opt/ros/humble/share/rmw_implementation_cmake/cmake)
[0.226s] -- Found rmw_fastrtps_cpp: 6.2.9 (/opt/ros/humble/share/rmw_fastrtps_cpp/cmake)
[0.311s] -- Using RMW implementation 'rmw_fastrtps_cpp' as default
[0.344s] -- Found sensor_msgs: 4.9.0 (/opt/ros/humble/share/sensor_msgs/cmake)
[0.363s] -- Found nav_msgs: 4.9.0 (/opt/ros/humble/share/nav_msgs/cmake)
[0.391s] -- Eigen found (include: /usr/include/eigen3, version: 3.4.0)
[0.419s] -- FLANN found (include: /usr/include, lib: /usr/lib/x86_64-linux-gnu/libflann_cpp.so)
[0.670s] -- OpenNI found (version: 1.5.4.0, include: /usr/include/ni, lib: /usr/lib/libOpenNI.so;libusb::libusb)
[0.675s] -- OpenNI2 found (version: 2.2.0.33, include: /usr/include/openni2, lib: /usr/lib/x86_64-linux-gnu/libOpenNI2.so;libusb::libusb)
[0.675s] [0m** WARNING ** io features related to pcap will be disabled[0m
[0.792s] -- Eigen found (include: /usr/include/eigen3, version: 3.4.0)
[0.798s] -- OpenNI found (version: 1.5.4.0, include: /usr/include/ni, lib: /usr/lib/libOpenNI.so;libusb::libusb)
[0.803s] -- OpenNI2 found (version: 2.2.0.33, include: /usr/include/openni2, lib: /usr/lib/x86_64-linux-gnu/libOpenNI2.so;libusb::libusb)
[0.913s] -- Found Qhull version 8.0.2
[1.041s] -- OpenNI found (version: 1.5.4.0, include: /usr/include/ni, lib: /usr/lib/libOpenNI.so;libusb::libusb)
[1.158s] -- looking for PCL_COMMON
[1.158s] -- looking for PCL_KDTREE
[1.162s] -- looking for PCL_OCTREE
[1.162s] -- looking for PCL_SEARCH
[1.162s] -- looking for PCL_SAMPLE_CONSENSUS
[1.162s] -- looking for PCL_FILTERS
[1.162s] -- looking for PCL_2D
[1.162s] -- looking for PCL_GEOMETRY
[1.163s] -- looking for PCL_IO
[1.163s] -- looking for PCL_FEATURES
[1.163s] -- looking for PCL_ML
[1.163s] -- looking for PCL_SEGMENTATION
[1.163s] -- looking for PCL_VISUALIZATION
[1.163s] -- looking for PCL_SURFACE
[1.163s] -- looking for PCL_REGISTRATION
[1.163s] -- looking for PCL_KEYPOINTS
[1.163s] -- looking for PCL_TRACKING
[1.163s] -- looking for PCL_RECOGNITION
[1.163s] -- looking for PCL_STEREO
[1.163s] -- looking for PCL_APPS
[1.163s] -- looking for PCL_IN_HAND_SCANNER
[1.164s] -- looking for PCL_MODELER
[1.164s] -- looking for PCL_POINT_CLOUD_EDITOR
[1.164s] -- looking for PCL_OUTOFCORE
[1.164s] -- looking for PCL_PEOPLE
[1.165s] -- Found laser_geometry: 2.4.1 (/opt/ros/humble/share/laser_geometry/cmake)
[1.171s] -- Found pcl_conversions: 2.4.5 (/opt/ros/humble/share/pcl_conversions/cmake)
[1.187s] -- Found tf2_eigen: 0.25.18 (/opt/ros/humble/share/tf2_eigen/cmake)
[1.238s] [31mCMake Error at /opt/ros/humble/share/ament_cmake_target_dependencies/cmake/ament_target_dependencies.cmake:77 (message):
[1.238s]   ament_target_dependencies() the passed package name 'tf2_geometry_msgs' was
[1.238s]   not found before
[1.238s] Call Stack (most recent call first):
[1.238s]   CMakeLists.txt:31 (ament_target_dependencies)
[1.238s] 
[1.238s] [0m
[1.238s] -- Configuring incomplete, errors occurred!
[1.238s] See also "/home/jerry/limx_ws/build/lidar_odometry/CMakeFiles/CMakeOutput.log".
[1.249s] gmake: *** [Makefile:294: cmake_check_build_system] Error 1
[1.251s] Invoked command in '/home/jerry/limx_ws/build/lidar_odometry' returned '2': CMAKE_PREFIX_PATH=${CMAKE_PREFIX_PATH}:/opt/ros/humble /usr/bin/cmake --build /home/jerry/limx_ws/build/lidar_odometry -- -j8 -l8
