[0.032s] Invoking command in '/home/jerry/limx_ws/build/lidar_odometry': CMAKE_PREFIX_PATH=${CMAKE_PREFIX_PATH}:/opt/ros/humble /usr/bin/cmake --build /home/jerry/limx_ws/build/lidar_odometry -- -j8 -l8
[0.061s] -- Found ament_cmake: 1.3.12 (/opt/ros/humble/share/ament_cmake/cmake)
[0.196s] -- Found rclcpp: 16.0.17 (/opt/ros/humble/share/rclcpp/cmake)
[0.198s] -- Found rosidl_generator_c: 3.1.8 (/opt/ros/humble/share/rosidl_generator_c/cmake)
[0.199s] -- Found rosidl_adapter: 3.1.8 (/opt/ros/humble/share/rosidl_adapter/cmake)
[0.199s] -- Found rosidl_generator_cpp: 3.1.8 (/opt/ros/humble/share/rosidl_generator_cpp/cmake)
[0.204s] -- Using all available rosidl_typesupport_c: rosidl_typesupport_fastrtps_c;rosidl_typesupport_introspection_c
[0.210s] -- Using all available rosidl_typesupport_cpp: rosidl_typesupport_fastrtps_cpp;rosidl_typesupport_introspection_cpp
[0.233s] -- Found rmw_implementation_cmake: 6.1.2 (/opt/ros/humble/share/rmw_implementation_cmake/cmake)
[0.234s] -- Found rmw_fastrtps_cpp: 6.2.9 (/opt/ros/humble/share/rmw_fastrtps_cpp/cmake)
[0.335s] -- Using RMW implementation 'rmw_fastrtps_cpp' as default
[0.368s] -- Found sensor_msgs: 4.9.0 (/opt/ros/humble/share/sensor_msgs/cmake)
[0.385s] -- Found nav_msgs: 4.9.0 (/opt/ros/humble/share/nav_msgs/cmake)
[0.407s] -- Eigen found (include: /usr/include/eigen3, version: 3.4.0)
[0.440s] -- FLANN found (include: /usr/include, lib: /usr/lib/x86_64-linux-gnu/libflann_cpp.so)
[0.603s] -- Found Eigen3: /usr/include/eigen3 (found version "3.4.0") 
[0.773s] -- OpenNI found (version: 1.5.4.0, include: /usr/include/ni, lib: /usr/lib/libOpenNI.so;libusb::libusb)
[0.778s] -- OpenNI2 found (version: 2.2.0.33, include: /usr/include/openni2, lib: /usr/lib/x86_64-linux-gnu/libOpenNI2.so;libusb::libusb)
[0.779s] [0m** WARNING ** io features related to pcap will be disabled[0m
[0.900s] -- Eigen found (include: /usr/include/eigen3, version: 3.4.0)
[0.905s] -- OpenNI found (version: 1.5.4.0, include: /usr/include/ni, lib: /usr/lib/libOpenNI.so;libusb::libusb)
[0.911s] -- OpenNI2 found (version: 2.2.0.33, include: /usr/include/openni2, lib: /usr/lib/x86_64-linux-gnu/libOpenNI2.so;libusb::libusb)
[1.022s] -- Found Qhull version 8.0.2
[1.143s] -- OpenNI found (version: 1.5.4.0, include: /usr/include/ni, lib: /usr/lib/libOpenNI.so;libusb::libusb)
[1.255s] -- looking for PCL_COMMON
[1.255s] -- looking for PCL_KDTREE
[1.255s] -- looking for PCL_OCTREE
[1.255s] -- looking for PCL_SEARCH
[1.255s] -- looking for PCL_SAMPLE_CONSENSUS
[1.256s] -- looking for PCL_FILTERS
[1.256s] -- looking for PCL_2D
[1.256s] -- looking for PCL_GEOMETRY
[1.256s] -- looking for PCL_IO
[1.256s] -- looking for PCL_FEATURES
[1.257s] -- looking for PCL_ML
[1.257s] -- looking for PCL_SEGMENTATION
[1.257s] -- looking for PCL_VISUALIZATION
[1.258s] -- looking for PCL_SURFACE
[1.258s] -- looking for PCL_REGISTRATION
[1.258s] -- looking for PCL_KEYPOINTS
[1.258s] -- looking for PCL_TRACKING
[1.259s] -- looking for PCL_RECOGNITION
[1.259s] -- looking for PCL_STEREO
[1.259s] -- looking for PCL_APPS
[1.259s] -- looking for PCL_IN_HAND_SCANNER
[1.260s] -- looking for PCL_MODELER
[1.260s] -- looking for PCL_POINT_CLOUD_EDITOR
[1.260s] -- looking for PCL_OUTOFCORE
[1.261s] -- looking for PCL_PEOPLE
[1.262s] -- Found laser_geometry: 2.4.1 (/opt/ros/humble/share/laser_geometry/cmake)
[1.267s] -- Found pcl_conversions: 2.4.5 (/opt/ros/humble/share/pcl_conversions/cmake)
[1.284s] -- Found tf2_eigen: 0.25.18 (/opt/ros/humble/share/tf2_eigen/cmake)
[1.334s] -- Found tf2_geometry_msgs: 0.25.19 (/opt/ros/humble/share/tf2_geometry_msgs/cmake)
[1.338s] -- Found Eigen3: TRUE (found version "3.4.0") 
[1.339s] -- Ensuring Eigen3 include directory is part of orocos-kdl CMake target
[1.347s] -- Found ament_lint_auto: 0.12.14 (/opt/ros/humble/share/ament_lint_auto/cmake)
[1.397s] -- Added test 'cppcheck' to perform static code analysis on C / C++ code
[1.397s] -- Configured cppcheck include dirs: /home/jerry/limx_ws/src/lidar_odometry/include;$<BUILD_INTERFACE:/home/jerry/limx_ws/src/lidar_odometry/include>
[1.397s] -- Configured cppcheck exclude dirs and/or files: 
[1.398s] -- Added test 'lint_cmake' to check CMake code style
[1.398s] -- Added test 'uncrustify' to check C / C++ code style
[1.398s] -- Configured uncrustify additional arguments: 
[1.399s] -- Added test 'xmllint' to check XML markup files
[1.401s] -- Configuring done
[1.442s] -- Generating done
[1.453s] -- Build files have been written to: /home/jerry/limx_ws/build/lidar_odometry
[1.490s] [35m[1mConsolidate compiler generated dependencies of target lidar_odometry_node[0m
[1.498s] [ 20%] [32mBuilding CXX object CMakeFiles/scan_corrector_node.dir/src/scan_corrector_node.cpp.o[0m
[1.506s] [01m[K/home/jerry/limx_ws/src/lidar_odometry/src/scan_corrector_node.cpp:1:10:[m[K [01;31m[Kfatal error: [m[Krclcpp/rclcpp.hpp: No such file or directory
[1.506s]     1 | #include [01;31m[K<rclcpp/rclcpp.hpp>[m[K
[1.506s]       |          [01;31m[K^~~~~~~~~~~~~~~~~~~[m[K
[1.506s] compilation terminated.
[1.507s] gmake[2]: *** [CMakeFiles/scan_corrector_node.dir/build.make:76: CMakeFiles/scan_corrector_node.dir/src/scan_corrector_node.cpp.o] Error 1
[1.507s] gmake[1]: *** [CMakeFiles/Makefile2:165: CMakeFiles/scan_corrector_node.dir/all] Error 2
[1.507s] gmake[1]: *** Waiting for unfinished jobs....
[1.546s] [ 80%] Built target lidar_odometry_node
[1.548s] gmake: *** [Makefile:146: all] Error 2
[1.550s] Invoked command in '/home/jerry/limx_ws/build/lidar_odometry' returned '2': CMAKE_PREFIX_PATH=${CMAKE_PREFIX_PATH}:/opt/ros/humble /usr/bin/cmake --build /home/jerry/limx_ws/build/lidar_odometry -- -j8 -l8
