[0.024s] Invoking command in '/home/jerry/limx_ws/build/limxsdk_sim': CMAKE_PREFIX_PATH=${CMAKE_PREFIX_PATH}:/opt/ros/humble /usr/bin/cmake /home/jerry/limx_ws/src/tron1-gazebo-ros2/limxsdk-sim -DCMAKE_INSTALL_PREFIX=/home/jerry/limx_ws/install/limxsdk_sim
[0.181s] -- The C compiler identification is GNU 11.4.0
[0.253s] -- The CXX compiler identification is GNU 11.4.0
[0.269s] -- Detecting C compiler ABI info
[0.356s] -- Detecting C compiler ABI info - done
[0.360s] -- Check for working C compiler: /usr/bin/cc - skipped
[0.361s] -- Detecting C compile features
[0.363s] -- Detecting C compile features - done
[0.366s] -- Detecting CXX compiler ABI info
[0.485s] -- Detecting CXX compiler ABI info - done
[0.489s] -- Check for working CXX compiler: /usr/bin/c++ - skipped
[0.489s] -- Detecting CXX compile features
[0.490s] -- Detecting CXX compile features - done
[0.490s] [0mCurrently in ROS2 compilation environment[0m
[0.505s] -- Found ament_cmake: 1.3.12 (/opt/ros/humble/share/ament_cmake/cmake)
[0.648s] -- Found Python3: /usr/bin/python3 (found version "3.10.12") found components: Interpreter 
[0.834s] -- Configuring done
[0.838s] -- Generating done
[0.843s] -- Build files have been written to: /home/jerry/limx_ws/build/limxsdk_sim
[0.849s] Invoked command in '/home/jerry/limx_ws/build/limxsdk_sim' returned '0': CMAKE_PREFIX_PATH=${CMAKE_PREFIX_PATH}:/opt/ros/humble /usr/bin/cmake /home/jerry/limx_ws/src/tron1-gazebo-ros2/limxsdk-sim -DCMAKE_INSTALL_PREFIX=/home/jerry/limx_ws/install/limxsdk_sim
[0.851s] Invoking command in '/home/jerry/limx_ws/build/limxsdk_sim': CMAKE_PREFIX_PATH=${CMAKE_PREFIX_PATH}:/opt/ros/humble /usr/bin/cmake --build /home/jerry/limx_ws/build/limxsdk_sim -- -j8 -l8
[0.907s] Invoked command in '/home/jerry/limx_ws/build/limxsdk_sim' returned '0': CMAKE_PREFIX_PATH=${CMAKE_PREFIX_PATH}:/opt/ros/humble /usr/bin/cmake --build /home/jerry/limx_ws/build/limxsdk_sim -- -j8 -l8
[0.909s] Invoking command in '/home/jerry/limx_ws/build/limxsdk_sim': CMAKE_PREFIX_PATH=${CMAKE_PREFIX_PATH}:/opt/ros/humble /usr/bin/cmake --install /home/jerry/limx_ws/build/limxsdk_sim
[0.919s] -- Install configuration: "Release"
[0.919s] -- Installing: /home/jerry/limx_ws/install/limxsdk_sim/include/
[0.920s] -- Installing: /home/jerry/limx_ws/install/limxsdk_sim/include//limxsdk
[0.920s] -- Installing: /home/jerry/limx_ws/install/limxsdk_sim/include//limxsdk/pointfoot_sim.h
[0.921s] -- Installing: /home/jerry/limx_ws/install/limxsdk_sim/include//limxsdk/datatypes.h
[0.922s] -- Installing: /home/jerry/limx_ws/install/limxsdk_sim/include//limxsdk/macros.h
[0.922s] -- Installing: /home/jerry/limx_ws/install/limxsdk_sim/include//limxsdk/wheellegged_sim.h
[0.922s] -- Installing: /home/jerry/limx_ws/install/limxsdk_sim/include//limxsdk/tron2_sim.h
[0.922s] -- Installing: /home/jerry/limx_ws/install/limxsdk_sim/include//limxsdk/humanoid_sim.h
[0.922s] -- Installing: /home/jerry/limx_ws/install/limxsdk_sim/include//limxsdk/apibase.h
[0.922s] -- Installing: /home/jerry/limx_ws/install/limxsdk_sim/lib/.
[0.922s] -- Installing: /home/jerry/limx_ws/install/limxsdk_sim/lib/./liblimxsdk_sim.so
[0.945s] -- Installing: /home/jerry/limx_ws/install/limxsdk_sim/share/limxsdk_sim/environment/library_path.sh
[0.945s] -- Installing: /home/jerry/limx_ws/install/limxsdk_sim/share/limxsdk_sim/environment/library_path.dsv
[0.945s] -- Installing: /home/jerry/limx_ws/install/limxsdk_sim/share/ament_index/resource_index/package_run_dependencies/limxsdk_sim
[0.945s] -- Installing: /home/jerry/limx_ws/install/limxsdk_sim/share/ament_index/resource_index/parent_prefix_path/limxsdk_sim
[0.945s] -- Installing: /home/jerry/limx_ws/install/limxsdk_sim/share/limxsdk_sim/environment/ament_prefix_path.sh
[0.946s] -- Installing: /home/jerry/limx_ws/install/limxsdk_sim/share/limxsdk_sim/environment/ament_prefix_path.dsv
[0.946s] -- Installing: /home/jerry/limx_ws/install/limxsdk_sim/share/limxsdk_sim/environment/path.sh
[0.946s] -- Installing: /home/jerry/limx_ws/install/limxsdk_sim/share/limxsdk_sim/environment/path.dsv
[0.946s] -- Installing: /home/jerry/limx_ws/install/limxsdk_sim/share/limxsdk_sim/local_setup.bash
[0.946s] -- Installing: /home/jerry/limx_ws/install/limxsdk_sim/share/limxsdk_sim/local_setup.sh
[0.946s] -- Installing: /home/jerry/limx_ws/install/limxsdk_sim/share/limxsdk_sim/local_setup.zsh
[0.948s] -- Installing: /home/jerry/limx_ws/install/limxsdk_sim/share/limxsdk_sim/local_setup.dsv
[0.948s] -- Installing: /home/jerry/limx_ws/install/limxsdk_sim/share/limxsdk_sim/package.dsv
[0.948s] -- Installing: /home/jerry/limx_ws/install/limxsdk_sim/share/ament_index/resource_index/packages/limxsdk_sim
[0.948s] -- Installing: /home/jerry/limx_ws/install/limxsdk_sim/share/limxsdk_sim/cmake/ament_cmake_export_include_directories-extras.cmake
[0.948s] -- Installing: /home/jerry/limx_ws/install/limxsdk_sim/share/limxsdk_sim/cmake/ament_cmake_export_libraries-extras.cmake
[0.948s] -- Installing: /home/jerry/limx_ws/install/limxsdk_sim/share/limxsdk_sim/cmake/limxsdk_simConfig.cmake
[0.948s] -- Installing: /home/jerry/limx_ws/install/limxsdk_sim/share/limxsdk_sim/cmake/limxsdk_simConfig-version.cmake
[0.948s] -- Installing: /home/jerry/limx_ws/install/limxsdk_sim/share/limxsdk_sim/package.xml
[0.950s] Invoked command in '/home/jerry/limx_ws/build/limxsdk_sim' returned '0': CMAKE_PREFIX_PATH=${CMAKE_PREFIX_PATH}:/opt/ros/humble /usr/bin/cmake --install /home/jerry/limx_ws/build/limxsdk_sim
