[0.026s] Invoking command in '/home/jerry/limx_ws/build/lidar_odometry': CMAKE_PREFIX_PATH=${CMAKE_PREFIX_PATH}:/opt/ros/humble /usr/bin/cmake --build /home/jerry/limx_ws/build/lidar_odometry -- -j8 -l8
[0.074s] -- Found ament_cmake: 1.3.12 (/opt/ros/humble/share/ament_cmake/cmake)
[0.245s] -- Found rclcpp: 16.0.17 (/opt/ros/humble/share/rclcpp/cmake)
[0.308s] -- Found rosidl_generator_c: 3.1.8 (/opt/ros/humble/share/rosidl_generator_c/cmake)
[0.315s] -- Found rosidl_adapter: 3.1.8 (/opt/ros/humble/share/rosidl_adapter/cmake)
[0.330s] -- Found rosidl_generator_cpp: 3.1.8 (/opt/ros/humble/share/rosidl_generator_cpp/cmake)
[0.349s] -- Using all available rosidl_typesupport_c: rosidl_typesupport_fastrtps_c;rosidl_typesupport_introspection_c
[0.369s] -- Using all available rosidl_typesupport_cpp: rosidl_typesupport_fastrtps_cpp;rosidl_typesupport_introspection_cpp
[0.433s] -- Found rmw_implementation_cmake: 6.1.2 (/opt/ros/humble/share/rmw_implementation_cmake/cmake)
[0.442s] -- Found rmw_fastrtps_cpp: 6.2.9 (/opt/ros/humble/share/rmw_fastrtps_cpp/cmake)
[0.565s] -- Using RMW implementation 'rmw_fastrtps_cpp' as default
[0.643s] -- Found sensor_msgs: 4.9.0 (/opt/ros/humble/share/sensor_msgs/cmake)
[0.678s] -- Found nav_msgs: 4.9.0 (/opt/ros/humble/share/nav_msgs/cmake)
[0.708s] -- Eigen found (include: /usr/include/eigen3, version: 3.4.0)
[0.744s] -- FLANN found (include: /usr/include, lib: /usr/lib/x86_64-linux-gnu/libflann_cpp.so)
[1.088s] -- OpenNI found (version: 1.5.4.0, include: /usr/include/ni, lib: /usr/lib/libOpenNI.so;libusb::libusb)
[1.095s] -- OpenNI2 found (version: 2.2.0.33, include: /usr/include/openni2, lib: /usr/lib/x86_64-linux-gnu/libOpenNI2.so;libusb::libusb)
[1.095s] [0m** WARNING ** io features related to pcap will be disabled[0m
[1.220s] -- Eigen found (include: /usr/include/eigen3, version: 3.4.0)
[1.229s] -- OpenNI found (version: 1.5.4.0, include: /usr/include/ni, lib: /usr/lib/libOpenNI.so;libusb::libusb)
[1.236s] -- OpenNI2 found (version: 2.2.0.33, include: /usr/include/openni2, lib: /usr/lib/x86_64-linux-gnu/libOpenNI2.so;libusb::libusb)
[1.368s] -- Found Qhull version 8.0.2
[1.499s] -- OpenNI found (version: 1.5.4.0, include: /usr/include/ni, lib: /usr/lib/libOpenNI.so;libusb::libusb)
[1.612s] -- looking for PCL_COMMON
[1.612s] -- looking for PCL_KDTREE
[1.612s] -- looking for PCL_OCTREE
[1.612s] -- looking for PCL_SEARCH
[1.613s] -- looking for PCL_SAMPLE_CONSENSUS
[1.613s] -- looking for PCL_FILTERS
[1.613s] -- looking for PCL_2D
[1.614s] -- looking for PCL_GEOMETRY
[1.614s] -- looking for PCL_IO
[1.614s] -- looking for PCL_FEATURES
[1.614s] -- looking for PCL_ML
[1.615s] -- looking for PCL_SEGMENTATION
[1.615s] -- looking for PCL_VISUALIZATION
[1.616s] -- looking for PCL_SURFACE
[1.616s] -- looking for PCL_REGISTRATION
[1.616s] -- looking for PCL_KEYPOINTS
[1.617s] -- looking for PCL_TRACKING
[1.617s] -- looking for PCL_RECOGNITION
[1.617s] -- looking for PCL_STEREO
[1.618s] -- looking for PCL_APPS
[1.618s] -- looking for PCL_IN_HAND_SCANNER
[1.618s] -- looking for PCL_MODELER
[1.619s] -- looking for PCL_POINT_CLOUD_EDITOR
[1.619s] -- looking for PCL_OUTOFCORE
[1.619s] -- looking for PCL_PEOPLE
[1.624s] -- Found laser_geometry: 2.4.1 (/opt/ros/humble/share/laser_geometry/cmake)
[1.635s] -- Found pcl_conversions: 2.4.5 (/opt/ros/humble/share/pcl_conversions/cmake)
[1.663s] -- Found tf2_eigen: 0.25.18 (/opt/ros/humble/share/tf2_eigen/cmake)
[1.720s] [31mCMake Error at /opt/ros/humble/share/ament_cmake_target_dependencies/cmake/ament_target_dependencies.cmake:77 (message):
[1.722s]   ament_target_dependencies() the passed package name 'tf2_geometry_msgs' was
[1.722s]   not found before
[1.722s] Call Stack (most recent call first):
[1.722s]   CMakeLists.txt:31 (ament_target_dependencies)
[1.722s] 
[1.723s] [0m
[1.723s] -- Configuring incomplete, errors occurred!
[1.723s] See also "/home/jerry/limx_ws/build/lidar_odometry/CMakeFiles/CMakeOutput.log".
[1.733s] gmake: *** [Makefile:294: cmake_check_build_system] Error 1
[1.737s] Invoked command in '/home/jerry/limx_ws/build/lidar_odometry' returned '2': CMAKE_PREFIX_PATH=${CMAKE_PREFIX_PATH}:/opt/ros/humble /usr/bin/cmake --build /home/jerry/limx_ws/build/lidar_odometry -- -j8 -l8
