[0.025s] Invoking command in '/home/jerry/limx_ws/build/pointfoot_gazebo': CMAKE_PREFIX_PATH=/home/jerry/limx_ws/install/limxsdk_sim:/home/jerry/limx_ws/install/scan_corrector:/home/jerry/limx_ws/install/robot_visualization:/home/jerry/limx_ws/install/robot_hw:/home/jerry/limx_ws/install/robot_description:/home/jerry/limx_ws/install/robot_controllers:/home/jerry/limx_ws/install/pointfoot_gazebo:/home/jerry/limx_ws/install/mrosbridger:/home/jerry/limx_ws/install/lslidar_driver:/home/jerry/limx_ws/install/lslidar_msgs:/home/jerry/limx_ws/install/limxsdk_lowlevel:/home/jerry/limx_ws/install/lidar_odometry_0:/home/jerry/limx_ws/install/lidar_odometry:/home/jerry/limx_ws/install/controller_msgs:/opt/ros/humble LD_LIBRARY_PATH=/home/jerry/limx_ws/install/limxsdk_sim/lib:/home/jerry/limx_ws/install/robot_controllers/lib:/home/jerry/limx_ws/install/pointfoot_gazebo/lib:/home/jerry/limx_ws/install/mrosbridger/lib:/home/jerry/limx_ws/install/lslidar_msgs/lib:/home/jerry/limx_ws/install/limxsdk_lowlevel/lib:/home/jerry/limx_ws/install/controller_msgs/lib:/usr/lib/x86_64-linux-gnu/gazebo-11/plugins:/opt/ros/humble/opt/rviz_ogre_vendor/lib:/opt/ros/humble/lib/x86_64-linux-gnu:/opt/ros/humble/lib:/usr/share/gazebo/../../lib/x86_64-linux-gnu/gazebo-11/plugins /usr/bin/cmake /home/jerry/limx_ws/src/tron1-gazebo-ros2/pointfoot_gazebo -DCMAKE_INSTALL_PREFIX=/home/jerry/limx_ws/install/pointfoot_gazebo
[0.881s] -- The C compiler identification is GNU 11.4.0
[0.882s] -- The CXX compiler identification is GNU 11.4.0
[0.882s] -- Detecting C compiler ABI info
[0.882s] -- Detecting C compiler ABI info - done
[0.882s] -- Check for working C compiler: /usr/bin/cc - skipped
[0.882s] -- Detecting C compile features
[0.882s] -- Detecting C compile features - done
[0.882s] -- Detecting CXX compiler ABI info
[0.882s] -- Detecting CXX compiler ABI info - done
[0.882s] -- Check for working CXX compiler: /usr/bin/c++ - skipped
[0.882s] -- Detecting CXX compile features
[0.882s] -- Detecting CXX compile features - done
[0.882s] -- Found ament_cmake: 1.3.12 (/opt/ros/humble/share/ament_cmake/cmake)
[0.968s] -- Found Python3: /usr/bin/python3 (found version "3.10.12") found components: Interpreter 
[1.124s] -- Found angles: 1.15.0 (/opt/ros/humble/share/angles/cmake)
[1.135s] -- Found gazebo_dev: 3.9.0 (/opt/ros/humble/share/gazebo_dev/cmake)
[1.165s] -- Found PkgConfig: /usr/bin/pkg-config (found version "0.29.2") 
[1.171s] -- Checking for module 'bullet>=2.82'
[1.202s] --   Found bullet, version 3.05
[1.479s] -- Found fcl: /usr/include (found suitable version "0.7.0", minimum required is "0.5.0") 
[1.626s] -- Found assimp: /usr/include (found version "5.2.0") 
[1.670s] -- Found DART: /usr/include (Required is at least version "6.6") found components: dart 
[2.041s] -- Found Boost: /usr/lib/x86_64-linux-gnu/cmake/Boost-1.74.0/BoostConfig.cmake (found suitable version "1.74.0", minimum required is "1.40.0") found components: thread system filesystem program_options regex iostreams date_time 
[2.083s] -- Found Protobuf: /usr/lib/x86_64-linux-gnu/libprotobuf.so (found version "3.12.4") 
[2.094s] -- Looking for ignition-math6 -- found version 6.15.1
[2.114s] -- Searching for dependencies of ignition-math6
[2.120s] -- Looking for OGRE...
[2.126s] -- OGRE_PREFIX_WATCH changed.
[2.133s] -- Checking for module 'OGRE'
[2.153s] --   Found OGRE, version 1.9.0
[2.245s] -- Found Ogre Ghadamon (1.9.0)
[2.269s] -- Found OGRE: optimized;/usr/lib/x86_64-linux-gnu/libOgreMain.so;debug;/usr/lib/x86_64-linux-gnu/libOgreMain.so
[2.275s] -- Looking for OGRE_Paging...
[2.283s] -- Found OGRE_Paging: optimized;/usr/lib/x86_64-linux-gnu/libOgrePaging.so;debug;/usr/lib/x86_64-linux-gnu/libOgrePaging.so
[2.283s] -- Looking for OGRE_Terrain...
[2.293s] -- Found OGRE_Terrain: optimized;/usr/lib/x86_64-linux-gnu/libOgreTerrain.so;debug;/usr/lib/x86_64-linux-gnu/libOgreTerrain.so
[2.293s] -- Looking for OGRE_Property...
[2.306s] -- Found OGRE_Property: optimized;/usr/lib/x86_64-linux-gnu/libOgreProperty.so;debug;/usr/lib/x86_64-linux-gnu/libOgreProperty.so
[2.307s] -- Looking for OGRE_RTShaderSystem...
[2.311s] -- Found OGRE_RTShaderSystem: optimized;/usr/lib/x86_64-linux-gnu/libOgreRTShaderSystem.so;debug;/usr/lib/x86_64-linux-gnu/libOgreRTShaderSystem.so
[2.313s] -- Looking for OGRE_Volume...
[2.323s] -- Found OGRE_Volume: optimized;/usr/lib/x86_64-linux-gnu/libOgreVolume.so;debug;/usr/lib/x86_64-linux-gnu/libOgreVolume.so
[2.323s] -- Looking for OGRE_Overlay...
[2.331s] -- Found OGRE_Overlay: optimized;/usr/lib/x86_64-linux-gnu/libOgreOverlay.so;debug;/usr/lib/x86_64-linux-gnu/libOgreOverlay.so
[2.550s] -- Looking for ignition-math6 -- found version 6.15.1
[2.560s] -- Looking for ignition-transport8 -- found version 8.2.1
[2.560s] -- Searching for dependencies of ignition-transport8
[2.584s] -- Found Protobuf: /usr/lib/x86_64-linux-gnu/libprotobuf.so (found suitable version "3.12.4", minimum required is "3") 
[2.604s] -- Config-file not installed for ZeroMQ -- checking for pkg-config
[2.619s] -- Checking for module 'libzmq >= 4'
[2.666s] --   Found libzmq , version 4.3.4
[2.786s] -- Found ZeroMQ: TRUE (Required is at least version "4") 
[2.804s] -- Checking for module 'uuid'
[2.842s] --   Found uuid, version 2.37.2
[2.966s] -- Found UUID: TRUE  
[2.977s] -- Looking for ignition-msgs5 -- found version 5.8.1
[2.977s] -- Searching for dependencies of ignition-msgs5
[3.019s] -- Looking for ignition-math6 -- found version 6.15.1
[3.034s] -- Checking for module 'tinyxml2'
[3.082s] --   Found tinyxml2, version 9.0.0
[3.210s] -- Looking for ignition-msgs5 -- found version 5.8.1
[3.230s] -- Looking for ignition-common3 -- found version 3.14.0
[3.231s] -- Searching for dependencies of ignition-common3
[3.236s] -- Looking for dlfcn.h - found
[3.237s] -- Looking for libdl - found
[3.239s] -- Found DL: TRUE  
[3.284s] -- Found tinyobjloader: /usr/lib/x86_64-linux-gnu/cmake/tinyobjloader/tinyobjloader-config.cmake (found version "2.0.0") 
[3.291s] -- Searching for <ignition-common3> component [graphics]
[3.307s] -- Looking for ignition-common3-graphics -- found version 3.14.0
[3.308s] -- Searching for dependencies of ignition-common3-graphics
[3.309s] -- Looking for ignition-math6 -- found version 6.15.1
[3.326s] -- Looking for ignition-fuel_tools4 -- found version 4.4.0
[3.327s] -- Searching for dependencies of ignition-fuel_tools4
[3.596s] -- Found CURL: /usr/lib/x86_64-linux-gnu/libcurl.so (found version "7.81.0")  
[3.631s] -- Checking for module 'jsoncpp'
[3.680s] --   Found jsoncpp, version 1.9.5
[3.802s] -- Found JSONCPP: TRUE  
[3.835s] -- Checking for module 'libzip'
[3.880s] --   Found libzip, version 1.7.3
[4.008s] -- Found ZIP: TRUE  
[4.008s] -- Looking for ignition-common3 -- found version 3.14.0
[4.008s] -- Looking for ignition-math6 -- found version 6.15.1
[4.009s] -- Looking for ignition-msgs5 -- found version 5.8.1
[4.021s] -- Gazebo version: 11.10
[4.021s] -- Checking for module 'tbb'
[4.059s] --   Found tbb, version 2021.5.0
[4.174s] -- Found hardware_interface: 2.53.0 (/opt/ros/humble/share/hardware_interface/cmake)
[4.232s] -- Found rosidl_generator_c: 3.1.8 (/opt/ros/humble/share/rosidl_generator_c/cmake)
[4.239s] -- Found rosidl_adapter: 3.1.8 (/opt/ros/humble/share/rosidl_adapter/cmake)
[4.249s] -- Found rosidl_generator_cpp: 3.1.8 (/opt/ros/humble/share/rosidl_generator_cpp/cmake)
[4.284s] -- Using all available rosidl_typesupport_c: rosidl_typesupport_fastrtps_c;rosidl_typesupport_introspection_c
[4.326s] -- Using all available rosidl_typesupport_cpp: rosidl_typesupport_fastrtps_cpp;rosidl_typesupport_introspection_cpp
[4.723s] -- Found rmw_implementation_cmake: 6.1.2 (/opt/ros/humble/share/rmw_implementation_cmake/cmake)
[4.727s] -- Found rmw_fastrtps_cpp: 6.2.9 (/opt/ros/humble/share/rmw_fastrtps_cpp/cmake)
[4.756s] -- Found TinyXML2 via Config file: TinyXML2_DIR-NOTFOUND
[4.909s] -- Found OpenSSL: /usr/lib/x86_64-linux-gnu/libcrypto.so (found version "3.0.2")  
[4.912s] -- Found TinyXML2 via Config file: TinyXML2_DIR-NOTFOUND
[4.930s] -- Found FastRTPS: /opt/ros/humble/include  
[4.932s] -- Found TinyXML2 via Config file: TinyXML2_DIR-NOTFOUND
[4.955s] -- Found TinyXML2 via Config file: TinyXML2_DIR-NOTFOUND
[4.975s] -- Using RMW implementation 'rmw_fastrtps_cpp' as default
[4.988s] -- Found Threads: TRUE  
[5.036s] -- Found realtime_tools: 2.15.0 (/opt/ros/humble/share/realtime_tools/cmake)
[5.053s] -- Found gazebo_ros2_control: 0.4.10 (/opt/ros/humble/share/gazebo_ros2_control/cmake)
[5.106s] -- Found limxsdk_sim: 0.0.0 (/home/jerry/limx_ws/install/limxsdk_sim/share/limxsdk_sim/cmake)
[5.124s] -- Found ament_lint_auto: 0.12.14 (/opt/ros/humble/share/ament_lint_auto/cmake)
[5.289s] -- Added test 'copyright' to check source files copyright and LICENSE
[5.290s] -- Added test 'cppcheck' to perform static code analysis on C / C++ code
[5.291s] -- Configured cppcheck include dirs: /home/jerry/limx_ws/src/tron1-gazebo-ros2/pointfoot_gazebo/include
[5.292s] -- Configured cppcheck exclude dirs and/or files: 
[5.298s] -- Added test 'cpplint' to check C / C++ code against the Google style
[5.298s] -- Configured cpplint exclude dirs and/or files: 
[5.300s] -- Added test 'flake8' to check Python code syntax and style conventions
[5.306s] -- Added test 'lint_cmake' to check CMake code style
[5.306s] -- Added test 'pep257' to check Python code against some of the docstring style conventions in PEP 257
[5.313s] -- Added test 'uncrustify' to check C / C++ code style
[5.313s] -- Configured uncrustify additional arguments: 
[5.315s] -- Added test 'xmllint' to check XML markup files
[5.325s] -- Configuring done
[5.473s] -- Generating done
[5.498s] -- Build files have been written to: /home/jerry/limx_ws/build/pointfoot_gazebo
[5.528s] Invoked command in '/home/jerry/limx_ws/build/pointfoot_gazebo' returned '0': CMAKE_PREFIX_PATH=/home/jerry/limx_ws/install/limxsdk_sim:/home/jerry/limx_ws/install/scan_corrector:/home/jerry/limx_ws/install/robot_visualization:/home/jerry/limx_ws/install/robot_hw:/home/jerry/limx_ws/install/robot_description:/home/jerry/limx_ws/install/robot_controllers:/home/jerry/limx_ws/install/pointfoot_gazebo:/home/jerry/limx_ws/install/mrosbridger:/home/jerry/limx_ws/install/lslidar_driver:/home/jerry/limx_ws/install/lslidar_msgs:/home/jerry/limx_ws/install/limxsdk_lowlevel:/home/jerry/limx_ws/install/lidar_odometry_0:/home/jerry/limx_ws/install/lidar_odometry:/home/jerry/limx_ws/install/controller_msgs:/opt/ros/humble LD_LIBRARY_PATH=/home/jerry/limx_ws/install/limxsdk_sim/lib:/home/jerry/limx_ws/install/robot_controllers/lib:/home/jerry/limx_ws/install/pointfoot_gazebo/lib:/home/jerry/limx_ws/install/mrosbridger/lib:/home/jerry/limx_ws/install/lslidar_msgs/lib:/home/jerry/limx_ws/install/limxsdk_lowlevel/lib:/home/jerry/limx_ws/install/controller_msgs/lib:/usr/lib/x86_64-linux-gnu/gazebo-11/plugins:/opt/ros/humble/opt/rviz_ogre_vendor/lib:/opt/ros/humble/lib/x86_64-linux-gnu:/opt/ros/humble/lib:/usr/share/gazebo/../../lib/x86_64-linux-gnu/gazebo-11/plugins /usr/bin/cmake /home/jerry/limx_ws/src/tron1-gazebo-ros2/pointfoot_gazebo -DCMAKE_INSTALL_PREFIX=/home/jerry/limx_ws/install/pointfoot_gazebo
[5.529s] Invoking command in '/home/jerry/limx_ws/build/pointfoot_gazebo': CMAKE_PREFIX_PATH=/home/jerry/limx_ws/install/limxsdk_sim:/home/jerry/limx_ws/install/scan_corrector:/home/jerry/limx_ws/install/robot_visualization:/home/jerry/limx_ws/install/robot_hw:/home/jerry/limx_ws/install/robot_description:/home/jerry/limx_ws/install/robot_controllers:/home/jerry/limx_ws/install/pointfoot_gazebo:/home/jerry/limx_ws/install/mrosbridger:/home/jerry/limx_ws/install/lslidar_driver:/home/jerry/limx_ws/install/lslidar_msgs:/home/jerry/limx_ws/install/limxsdk_lowlevel:/home/jerry/limx_ws/install/lidar_odometry_0:/home/jerry/limx_ws/install/lidar_odometry:/home/jerry/limx_ws/install/controller_msgs:/opt/ros/humble LD_LIBRARY_PATH=/home/jerry/limx_ws/install/limxsdk_sim/lib:/home/jerry/limx_ws/install/robot_controllers/lib:/home/jerry/limx_ws/install/pointfoot_gazebo/lib:/home/jerry/limx_ws/install/mrosbridger/lib:/home/jerry/limx_ws/install/lslidar_msgs/lib:/home/jerry/limx_ws/install/limxsdk_lowlevel/lib:/home/jerry/limx_ws/install/controller_msgs/lib:/usr/lib/x86_64-linux-gnu/gazebo-11/plugins:/opt/ros/humble/opt/rviz_ogre_vendor/lib:/opt/ros/humble/lib/x86_64-linux-gnu:/opt/ros/humble/lib:/usr/share/gazebo/../../lib/x86_64-linux-gnu/gazebo-11/plugins /usr/bin/cmake --build /home/jerry/limx_ws/build/pointfoot_gazebo -- -j8 -l8
[5.723s] [ 50%] [32mBuilding CXX object CMakeFiles/poinfoot_gazebo_hardware_plugin.dir/src/PointFootHWSim.cpp.o[0m
