[0.012s] Invoking command in '/home/jerry/limx_ws/build/robot_hw': CMAKE_PREFIX_PATH=/home/jerry/limx_ws/install/limxsdk_lowlevel:/opt/ros/humble:/home/jerry/limx_ws/install/robot_visualization:/home/jerry/limx_ws/install/robot_hw:/home/jerry/limx_ws/install/robot_description:/home/jerry/limx_ws/install/robot_controllers:/home/jerry/limx_ws/install/pointfoot_gazebo:/home/jerry/limx_ws/install/mrosbridger:/home/jerry/limx_ws/install/limxsdk_sim:/home/jerry/limx_ws/install/lidar_odometry:/home/jerry/limx_ws/install/controller_msgs LD_LIBRARY_PATH=/home/jerry/limx_ws/install/limxsdk_lowlevel/lib:/home/jerry/limx_ws/install/robot_controllers/lib:/home/jerry/limx_ws/install/pointfoot_gazebo/lib:/home/jerry/limx_ws/install/mrosbridger/lib:/home/jerry/limx_ws/install/limxsdk_sim/lib:/home/jerry/limx_ws/install/controller_msgs/lib:/usr/lib/x86_64-linux-gnu/gazebo-11/plugins:/opt/ros/humble/opt/rviz_ogre_vendor/lib:/opt/ros/humble/lib/x86_64-linux-gnu:/opt/ros/humble/lib:/usr/share/gazebo/../../lib/x86_64-linux-gnu/gazebo-11/plugins:/usr/share/gazebo/../../lib/x86_64-linux-gnu/gazebo-11/plugins:/usr/share/gazebo/../../lib/x86_64-linux-gnu/gazebo-11/plugins /usr/bin/cmake /home/jerry/limx_ws/src/tron1-rl-deploy-ros2/robot_hw -DCMAKE_INSTALL_PREFIX=/home/jerry/limx_ws/install/robot_hw
[0.061s] -- The C compiler identification is GNU 11.4.0
[0.111s] -- The CXX compiler identification is GNU 11.4.0
[0.117s] -- Detecting C compiler ABI info
[0.188s] -- Detecting C compiler ABI info - done
[0.193s] -- Check for working C compiler: /usr/bin/cc - skipped
[0.194s] -- Detecting C compile features
[0.194s] -- Detecting C compile features - done
[0.196s] -- Detecting CXX compiler ABI info
[0.281s] -- Detecting CXX compiler ABI info - done
[0.286s] -- Check for working CXX compiler: /usr/bin/c++ - skipped
[0.286s] -- Detecting CXX compile features
[0.287s] -- Detecting CXX compile features - done
[0.289s] -- Found ament_cmake: 1.3.12 (/opt/ros/humble/share/ament_cmake/cmake)
[0.409s] -- Found Python3: /usr/bin/python3 (found version "3.10.12") found components: Interpreter 
[0.477s] -- Found rclcpp: 16.0.17 (/opt/ros/humble/share/rclcpp/cmake)
[0.510s] -- Found rosidl_generator_c: 3.1.8 (/opt/ros/humble/share/rosidl_generator_c/cmake)
[0.513s] -- Found rosidl_adapter: 3.1.8 (/opt/ros/humble/share/rosidl_adapter/cmake)
[0.520s] -- Found rosidl_generator_cpp: 3.1.8 (/opt/ros/humble/share/rosidl_generator_cpp/cmake)
[0.528s] -- Using all available rosidl_typesupport_c: rosidl_typesupport_fastrtps_c;rosidl_typesupport_introspection_c
[0.540s] -- Using all available rosidl_typesupport_cpp: rosidl_typesupport_fastrtps_cpp;rosidl_typesupport_introspection_cpp
[0.570s] -- Found rmw_implementation_cmake: 6.1.2 (/opt/ros/humble/share/rmw_implementation_cmake/cmake)
[0.572s] -- Found rmw_fastrtps_cpp: 6.2.9 (/opt/ros/humble/share/rmw_fastrtps_cpp/cmake)
[0.658s] -- Found OpenSSL: /usr/lib/x86_64-linux-gnu/libcrypto.so (found version "3.0.2")  
[0.681s] -- Found FastRTPS: /opt/ros/humble/include  
[0.717s] -- Using RMW implementation 'rmw_fastrtps_cpp' as default
[0.725s] -- Looking for pthread.h
[0.802s] -- Looking for pthread.h - found
[0.803s] -- Performing Test CMAKE_HAVE_LIBC_PTHREAD
[0.878s] -- Performing Test CMAKE_HAVE_LIBC_PTHREAD - Success
[0.879s] -- Found Threads: TRUE  
[0.916s] -- Found hardware_interface: 2.53.0 (/opt/ros/humble/share/hardware_interface/cmake)
[1.026s] -- Found controller_interface: 2.53.0 (/opt/ros/humble/share/controller_interface/cmake)
[1.029s] -- Found controller_manager: 2.53.0 (/opt/ros/humble/share/controller_manager/cmake)
[1.052s] -- Found urdf: 2.6.1 (/opt/ros/humble/share/urdf/cmake)
[1.058s] -- Found limxsdk_lowlevel: 0.0.0 (/home/jerry/limx_ws/install/limxsdk_lowlevel/share/limxsdk_lowlevel/cmake)
[1.109s] -- Configuring done
[1.121s] -- Generating done
[1.125s] -- Build files have been written to: /home/jerry/limx_ws/build/robot_hw
[1.136s] Invoked command in '/home/jerry/limx_ws/build/robot_hw' returned '0': CMAKE_PREFIX_PATH=/home/jerry/limx_ws/install/limxsdk_lowlevel:/opt/ros/humble:/home/jerry/limx_ws/install/robot_visualization:/home/jerry/limx_ws/install/robot_hw:/home/jerry/limx_ws/install/robot_description:/home/jerry/limx_ws/install/robot_controllers:/home/jerry/limx_ws/install/pointfoot_gazebo:/home/jerry/limx_ws/install/mrosbridger:/home/jerry/limx_ws/install/limxsdk_sim:/home/jerry/limx_ws/install/lidar_odometry:/home/jerry/limx_ws/install/controller_msgs LD_LIBRARY_PATH=/home/jerry/limx_ws/install/limxsdk_lowlevel/lib:/home/jerry/limx_ws/install/robot_controllers/lib:/home/jerry/limx_ws/install/pointfoot_gazebo/lib:/home/jerry/limx_ws/install/mrosbridger/lib:/home/jerry/limx_ws/install/limxsdk_sim/lib:/home/jerry/limx_ws/install/controller_msgs/lib:/usr/lib/x86_64-linux-gnu/gazebo-11/plugins:/opt/ros/humble/opt/rviz_ogre_vendor/lib:/opt/ros/humble/lib/x86_64-linux-gnu:/opt/ros/humble/lib:/usr/share/gazebo/../../lib/x86_64-linux-gnu/gazebo-11/plugins:/usr/share/gazebo/../../lib/x86_64-linux-gnu/gazebo-11/plugins:/usr/share/gazebo/../../lib/x86_64-linux-gnu/gazebo-11/plugins /usr/bin/cmake /home/jerry/limx_ws/src/tron1-rl-deploy-ros2/robot_hw -DCMAKE_INSTALL_PREFIX=/home/jerry/limx_ws/install/robot_hw
[1.136s] Invoking command in '/home/jerry/limx_ws/build/robot_hw': CMAKE_PREFIX_PATH=/home/jerry/limx_ws/install/limxsdk_lowlevel:/opt/ros/humble:/home/jerry/limx_ws/install/robot_visualization:/home/jerry/limx_ws/install/robot_hw:/home/jerry/limx_ws/install/robot_description:/home/jerry/limx_ws/install/robot_controllers:/home/jerry/limx_ws/install/pointfoot_gazebo:/home/jerry/limx_ws/install/mrosbridger:/home/jerry/limx_ws/install/limxsdk_sim:/home/jerry/limx_ws/install/lidar_odometry:/home/jerry/limx_ws/install/controller_msgs LD_LIBRARY_PATH=/home/jerry/limx_ws/install/limxsdk_lowlevel/lib:/home/jerry/limx_ws/install/robot_controllers/lib:/home/jerry/limx_ws/install/pointfoot_gazebo/lib:/home/jerry/limx_ws/install/mrosbridger/lib:/home/jerry/limx_ws/install/limxsdk_sim/lib:/home/jerry/limx_ws/install/controller_msgs/lib:/usr/lib/x86_64-linux-gnu/gazebo-11/plugins:/opt/ros/humble/opt/rviz_ogre_vendor/lib:/opt/ros/humble/lib/x86_64-linux-gnu:/opt/ros/humble/lib:/usr/share/gazebo/../../lib/x86_64-linux-gnu/gazebo-11/plugins:/usr/share/gazebo/../../lib/x86_64-linux-gnu/gazebo-11/plugins:/usr/share/gazebo/../../lib/x86_64-linux-gnu/gazebo-11/plugins /usr/bin/cmake --build /home/jerry/limx_ws/build/robot_hw -- -j8 -l8
[1.198s] [ 20%] [32mBuilding CXX object CMakeFiles/pointfoot_node.dir/src/HardwareBase.cpp.o[0m
[1.205s] [ 40%] [32mBuilding CXX object CMakeFiles/pointfoot_node.dir/src/HardwareLoop.cpp.o[0m
[1.209s] [ 60%] [32mBuilding CXX object CMakeFiles/pointfoot_node.dir/src/PointfootHardware.cpp.o[0m
[1.216s] [ 80%] [32mBuilding CXX object CMakeFiles/pointfoot_node.dir/src/PointfootHardwareNode.cpp.o[0m
[5.795s] In file included from [01m[K/home/jerry/limx_ws/src/tron1-rl-deploy-ros2/robot_hw/include/robot_hw/PointfootHardware.h:15[m[K,
[5.796s]                  from [01m[K/home/jerry/limx_ws/src/tron1-rl-deploy-ros2/robot_hw/src/PointfootHardwareNode.cpp:9[m[K:
[5.796s] [01m[K/opt/ros/humble/include/realtime_tools/realtime_tools/realtime_buffer.h:22:100:[m[K [01;36m[Knote: [m[K‘[01m[K#pragma message: This header include is deprecated. Please update your code to use 'realtime_buffer.hpp' header.[m[K’
[5.796s]    22 |   "This header include is deprecated. Please update your code to use 'realtime_buffer.hpp' header."[01;36m[K)[m[K  //NOLINT
[5.796s]       |                                                                                                    [01;36m[K^[m[K
[7.243s] In file included from [01m[K/home/jerry/limx_ws/src/tron1-rl-deploy-ros2/robot_hw/include/robot_hw/PointfootHardware.h:15[m[K,
[7.243s]                  from [01m[K/home/jerry/limx_ws/src/tron1-rl-deploy-ros2/robot_hw/src/PointfootHardware.cpp:5[m[K:
[7.243s] [01m[K/opt/ros/humble/include/realtime_tools/realtime_tools/realtime_buffer.h:22:100:[m[K [01;36m[Knote: [m[K‘[01m[K#pragma message: This header include is deprecated. Please update your code to use 'realtime_buffer.hpp' header.[m[K’
[7.243s]    22 |   "This header include is deprecated. Please update your code to use 'realtime_buffer.hpp' header."[01;36m[K)[m[K  //NOLINT
[7.243s]       |                                                                                                    [01;36m[K^[m[K
[7.395s] In file included from [01m[K/home/jerry/limx_ws/src/tron1-rl-deploy-ros2/robot_hw/include/robot_hw/HardwareBase.h:15[m[K,
[7.395s]                  from [01m[K/home/jerry/limx_ws/src/tron1-rl-deploy-ros2/robot_hw/src/HardwareBase.cpp:5[m[K:
[7.395s] [01m[K/opt/ros/humble/include/realtime_tools/realtime_tools/realtime_buffer.h:22:100:[m[K [01;36m[Knote: [m[K‘[01m[K#pragma message: This header include is deprecated. Please update your code to use 'realtime_buffer.hpp' header.[m[K’
[7.395s]    22 |   "This header include is deprecated. Please update your code to use 'realtime_buffer.hpp' header."[01;36m[K)[m[K  //NOLINT
[7.395s]       |                                                                                                    [01;36m[K^[m[K
[8.365s] In file included from [01m[K/home/jerry/limx_ws/src/tron1-rl-deploy-ros2/robot_hw/include/robot_hw/PointfootHardware.h:15[m[K,
[8.365s]                  from [01m[K/home/jerry/limx_ws/src/tron1-rl-deploy-ros2/robot_hw/include/robot_hw/HardwareLoop.h:17[m[K,
[8.366s]                  from [01m[K/home/jerry/limx_ws/src/tron1-rl-deploy-ros2/robot_hw/src/HardwareLoop.cpp:5[m[K:
[8.366s] [01m[K/opt/ros/humble/include/realtime_tools/realtime_tools/realtime_buffer.h:22:100:[m[K [01;36m[Knote: [m[K‘[01m[K#pragma message: This header include is deprecated. Please update your code to use 'realtime_buffer.hpp' header.[m[K’
[8.366s]    22 |   "This header include is deprecated. Please update your code to use 'realtime_buffer.hpp' header."[01;36m[K)[m[K  //NOLINT
[8.366s]       |                                                                                                    [01;36m[K^[m[K
[10.839s] [100%] [32m[1mLinking CXX executable pointfoot_node[0m
[11.571s] [100%] Built target pointfoot_node
[11.757s] Invoked command in '/home/jerry/limx_ws/build/robot_hw' returned '0': CMAKE_PREFIX_PATH=/home/jerry/limx_ws/install/limxsdk_lowlevel:/opt/ros/humble:/home/jerry/limx_ws/install/robot_visualization:/home/jerry/limx_ws/install/robot_hw:/home/jerry/limx_ws/install/robot_description:/home/jerry/limx_ws/install/robot_controllers:/home/jerry/limx_ws/install/pointfoot_gazebo:/home/jerry/limx_ws/install/mrosbridger:/home/jerry/limx_ws/install/limxsdk_sim:/home/jerry/limx_ws/install/lidar_odometry:/home/jerry/limx_ws/install/controller_msgs LD_LIBRARY_PATH=/home/jerry/limx_ws/install/limxsdk_lowlevel/lib:/home/jerry/limx_ws/install/robot_controllers/lib:/home/jerry/limx_ws/install/pointfoot_gazebo/lib:/home/jerry/limx_ws/install/mrosbridger/lib:/home/jerry/limx_ws/install/limxsdk_sim/lib:/home/jerry/limx_ws/install/controller_msgs/lib:/usr/lib/x86_64-linux-gnu/gazebo-11/plugins:/opt/ros/humble/opt/rviz_ogre_vendor/lib:/opt/ros/humble/lib/x86_64-linux-gnu:/opt/ros/humble/lib:/usr/share/gazebo/../../lib/x86_64-linux-gnu/gazebo-11/plugins:/usr/share/gazebo/../../lib/x86_64-linux-gnu/gazebo-11/plugins:/usr/share/gazebo/../../lib/x86_64-linux-gnu/gazebo-11/plugins /usr/bin/cmake --build /home/jerry/limx_ws/build/robot_hw -- -j8 -l8
[11.865s] Invoking command in '/home/jerry/limx_ws/build/robot_hw': CMAKE_PREFIX_PATH=/home/jerry/limx_ws/install/limxsdk_lowlevel:/opt/ros/humble:/home/jerry/limx_ws/install/robot_visualization:/home/jerry/limx_ws/install/robot_hw:/home/jerry/limx_ws/install/robot_description:/home/jerry/limx_ws/install/robot_controllers:/home/jerry/limx_ws/install/pointfoot_gazebo:/home/jerry/limx_ws/install/mrosbridger:/home/jerry/limx_ws/install/limxsdk_sim:/home/jerry/limx_ws/install/lidar_odometry:/home/jerry/limx_ws/install/controller_msgs LD_LIBRARY_PATH=/home/jerry/limx_ws/install/limxsdk_lowlevel/lib:/home/jerry/limx_ws/install/robot_controllers/lib:/home/jerry/limx_ws/install/pointfoot_gazebo/lib:/home/jerry/limx_ws/install/mrosbridger/lib:/home/jerry/limx_ws/install/limxsdk_sim/lib:/home/jerry/limx_ws/install/controller_msgs/lib:/usr/lib/x86_64-linux-gnu/gazebo-11/plugins:/opt/ros/humble/opt/rviz_ogre_vendor/lib:/opt/ros/humble/lib/x86_64-linux-gnu:/opt/ros/humble/lib:/usr/share/gazebo/../../lib/x86_64-linux-gnu/gazebo-11/plugins:/usr/share/gazebo/../../lib/x86_64-linux-gnu/gazebo-11/plugins:/usr/share/gazebo/../../lib/x86_64-linux-gnu/gazebo-11/plugins /usr/bin/cmake --install /home/jerry/limx_ws/build/robot_hw
[11.895s] -- Install configuration: ""
[11.896s] -- Installing: /home/jerry/limx_ws/install/robot_hw/lib/robot_hw/pointfoot_node
[11.896s] -- Set runtime path of "/home/jerry/limx_ws/install/robot_hw/lib/robot_hw/pointfoot_node" to ""
[11.896s] -- Up-to-date: /home/jerry/limx_ws/install/robot_hw/share/robot_hw/launch
[11.897s] -- Up-to-date: /home/jerry/limx_ws/install/robot_hw/share/robot_hw/launch/pointfoot_hw.launch.py
[11.897s] -- Up-to-date: /home/jerry/limx_ws/install/robot_hw/share/robot_hw/launch/pointfoot_hw_sim.launch.py
[11.897s] -- Up-to-date: /home/jerry/limx_ws/install/robot_hw/share/robot_hw/config
[11.897s] -- Up-to-date: /home/jerry/limx_ws/install/robot_hw/share/robot_hw/config/joystick.yaml
[11.897s] -- Up-to-date: /home/jerry/limx_ws/install/robot_hw/share/robot_hw/config/robot_hw.yaml
[11.897s] -- Installing: /home/jerry/limx_ws/install/robot_hw/share/ament_index/resource_index/package_run_dependencies/robot_hw
[11.897s] -- Installing: /home/jerry/limx_ws/install/robot_hw/share/ament_index/resource_index/parent_prefix_path/robot_hw
[11.897s] -- Up-to-date: /home/jerry/limx_ws/install/robot_hw/share/robot_hw/environment/ament_prefix_path.sh
[11.897s] -- Installing: /home/jerry/limx_ws/install/robot_hw/share/robot_hw/environment/ament_prefix_path.dsv
[11.897s] -- Up-to-date: /home/jerry/limx_ws/install/robot_hw/share/robot_hw/environment/path.sh
[11.897s] -- Installing: /home/jerry/limx_ws/install/robot_hw/share/robot_hw/environment/path.dsv
[11.897s] -- Installing: /home/jerry/limx_ws/install/robot_hw/share/robot_hw/local_setup.bash
[11.898s] -- Installing: /home/jerry/limx_ws/install/robot_hw/share/robot_hw/local_setup.sh
[11.898s] -- Installing: /home/jerry/limx_ws/install/robot_hw/share/robot_hw/local_setup.zsh
[11.899s] -- Installing: /home/jerry/limx_ws/install/robot_hw/share/robot_hw/local_setup.dsv
[11.899s] -- Installing: /home/jerry/limx_ws/install/robot_hw/share/robot_hw/package.dsv
[11.900s] -- Installing: /home/jerry/limx_ws/install/robot_hw/share/ament_index/resource_index/packages/robot_hw
[11.900s] -- Installing: /home/jerry/limx_ws/install/robot_hw/share/robot_hw/cmake/robot_hwConfig.cmake
[11.903s] -- Installing: /home/jerry/limx_ws/install/robot_hw/share/robot_hw/cmake/robot_hwConfig-version.cmake
[11.904s] -- Up-to-date: /home/jerry/limx_ws/install/robot_hw/share/robot_hw/package.xml
[11.917s] Invoked command in '/home/jerry/limx_ws/build/robot_hw' returned '0': CMAKE_PREFIX_PATH=/home/jerry/limx_ws/install/limxsdk_lowlevel:/opt/ros/humble:/home/jerry/limx_ws/install/robot_visualization:/home/jerry/limx_ws/install/robot_hw:/home/jerry/limx_ws/install/robot_description:/home/jerry/limx_ws/install/robot_controllers:/home/jerry/limx_ws/install/pointfoot_gazebo:/home/jerry/limx_ws/install/mrosbridger:/home/jerry/limx_ws/install/limxsdk_sim:/home/jerry/limx_ws/install/lidar_odometry:/home/jerry/limx_ws/install/controller_msgs LD_LIBRARY_PATH=/home/jerry/limx_ws/install/limxsdk_lowlevel/lib:/home/jerry/limx_ws/install/robot_controllers/lib:/home/jerry/limx_ws/install/pointfoot_gazebo/lib:/home/jerry/limx_ws/install/mrosbridger/lib:/home/jerry/limx_ws/install/limxsdk_sim/lib:/home/jerry/limx_ws/install/controller_msgs/lib:/usr/lib/x86_64-linux-gnu/gazebo-11/plugins:/opt/ros/humble/opt/rviz_ogre_vendor/lib:/opt/ros/humble/lib/x86_64-linux-gnu:/opt/ros/humble/lib:/usr/share/gazebo/../../lib/x86_64-linux-gnu/gazebo-11/plugins:/usr/share/gazebo/../../lib/x86_64-linux-gnu/gazebo-11/plugins:/usr/share/gazebo/../../lib/x86_64-linux-gnu/gazebo-11/plugins /usr/bin/cmake --install /home/jerry/limx_ws/build/robot_hw
