[0.029s] Invoking command in '/home/jerry/limx_ws/build/lslidar_driver': AMENT_PREFIX_PATH=/home/jerry/limx_ws/install/lslidar_msgs:${AMENT_PREFIX_PATH} CMAKE_PREFIX_PATH=/home/jerry/limx_ws/install/lslidar_msgs:/opt/ros/humble LD_LIBRARY_PATH=/home/jerry/limx_ws/install/lslidar_msgs/lib:${LD_LIBRARY_PATH} PYTHONPATH=/home/jerry/limx_ws/install/lslidar_msgs/local/lib/python3.10/dist-packages:${PYTHONPATH} /usr/bin/cmake /home/jerry/limx_ws/src/lidar/lslidar_driver -DCMAKE_INSTALL_PREFIX=/home/jerry/limx_ws/install/lslidar_driver
[0.205s] -- The C compiler identification is GNU 11.4.0
[0.373s] -- The CXX compiler identification is GNU 11.4.0
[0.391s] -- Detecting C compiler ABI info
[0.622s] -- Detecting C compiler ABI info - done
[0.628s] -- Check for working C compiler: /usr/bin/cc - skipped
[0.628s] -- Detecting C compile features
[0.629s] -- Detecting C compile features - done
[0.635s] -- Detecting CXX compiler ABI info
[0.901s] -- Detecting CXX compiler ABI info - done
[0.908s] -- Check for working CXX compiler: /usr/bin/c++ - skipped
[0.908s] -- Detecting CXX compile features
[0.909s] -- Detecting CXX compile features - done
[1.458s] -- Found Boost: /usr/lib/x86_64-linux-gnu/cmake/Boost-1.74.0/BoostConfig.cmake (found version "1.74.0") found components: thread 
[1.472s] -- Found rclcpp: 16.0.17 (/opt/ros/humble/share/rclcpp/cmake)
[1.759s] -- Found Python3: /usr/bin/python3 (found version "3.10.12") found components: Interpreter 
[2.027s] -- Found rosidl_generator_c: 3.1.8 (/opt/ros/humble/share/rosidl_generator_c/cmake)
[2.038s] -- Found rosidl_adapter: 3.1.8 (/opt/ros/humble/share/rosidl_adapter/cmake)
[2.057s] -- Found rosidl_generator_cpp: 3.1.8 (/opt/ros/humble/share/rosidl_generator_cpp/cmake)
[2.084s] -- Using all available rosidl_typesupport_c: rosidl_typesupport_fastrtps_c;rosidl_typesupport_introspection_c
[2.116s] -- Using all available rosidl_typesupport_cpp: rosidl_typesupport_fastrtps_cpp;rosidl_typesupport_introspection_cpp
[2.232s] -- Found rmw_implementation_cmake: 6.1.2 (/opt/ros/humble/share/rmw_implementation_cmake/cmake)
[2.241s] -- Found rmw_fastrtps_cpp: 6.2.9 (/opt/ros/humble/share/rmw_fastrtps_cpp/cmake)
[2.516s] -- Found OpenSSL: /usr/lib/x86_64-linux-gnu/libcrypto.so (found version "3.0.2")  
[2.572s] -- Found FastRTPS: /opt/ros/humble/include  
[2.658s] -- Using RMW implementation 'rmw_fastrtps_cpp' as default
[2.685s] -- Found Threads: TRUE  
[2.829s] -- Checking for module 'eigen3'
[2.876s] --   Found eigen3, version 3.4.0
[3.001s] -- Found Eigen: /usr/include/eigen3 (Required is at least version "3.1") 
[3.001s] -- Eigen found (include: /usr/include/eigen3, version: 3.4.0)
[3.042s] -- Found Boost: /usr/lib/x86_64-linux-gnu/cmake/Boost-1.74.0/BoostConfig.cmake (found suitable version "1.74.0", minimum required is "1.65.0") found components: system filesystem date_time iostreams serialization 
[3.075s] -- Checking for module 'flann'
[3.124s] --   Found flann, version 1.9.1
[3.263s] -- Found FLANN: /usr/lib/x86_64-linux-gnu/libflann_cpp.so  
[3.263s] -- FLANN found (include: /usr/include, lib: /usr/lib/x86_64-linux-gnu/libflann_cpp.so)
[3.313s] -- Found GLEW: /usr/lib/x86_64-linux-gnu/libGLEW.so  
[3.324s] -- Found OpenGL: /usr/lib/x86_64-linux-gnu/libOpenGL.so  found components: OpenGL GLX 
[3.800s] -- Found MPI_C: /usr/lib/x86_64-linux-gnu/libmpi.so (found version "3.1") 
[3.800s] -- Found MPI: TRUE (found version "3.1") found components: C 
[3.808s] -- Found JsonCpp: /usr/lib/x86_64-linux-gnu/libjsoncpp.so (found suitable version "1.9.5", minimum required is "0.7.0") 
[3.824s] -- Found ZLIB: /usr/lib/x86_64-linux-gnu/libz.so (found version "1.2.11") 
[3.845s] -- Found PNG: /usr/lib/x86_64-linux-gnu/libpng.so (found version "1.6.37") 
[3.908s] -- Found Eigen3: /usr/include/eigen3 (found version "3.4.0") 
[4.191s] -- Found X11: /usr/include   
[4.193s] -- Looking for XOpenDisplay in /usr/lib/x86_64-linux-gnu/libX11.so;/usr/lib/x86_64-linux-gnu/libXext.so
[4.442s] -- Looking for XOpenDisplay in /usr/lib/x86_64-linux-gnu/libX11.so;/usr/lib/x86_64-linux-gnu/libXext.so - found
[4.443s] -- Looking for gethostbyname
[4.668s] -- Looking for gethostbyname - found
[4.668s] -- Looking for connect
[4.897s] -- Looking for connect - found
[4.898s] -- Looking for remove
[5.126s] -- Looking for remove - found
[5.126s] -- Looking for shmat
[5.357s] -- Looking for shmat - found
[5.358s] -- Looking for IceConnectionNumber in ICE
[5.589s] -- Looking for IceConnectionNumber in ICE - found
[5.849s] -- Found EXPAT: /usr/lib/x86_64-linux-gnu/libexpat.so (found version "2.4.7") 
[5.852s] -- Found double-conversion: /usr/lib/x86_64-linux-gnu/libdouble-conversion.so  
[5.856s] -- Found LZ4: /usr/lib/x86_64-linux-gnu/liblz4.so (found version "1.9.3") 
[5.860s] -- Found LZMA: /usr/lib/x86_64-linux-gnu/liblzma.so (found version "5.2.5") 
[6.003s] -- Found JPEG: /usr/lib/x86_64-linux-gnu/libjpeg.so (found version "80") 
[6.011s] -- Found TIFF: /usr/lib/x86_64-linux-gnu/libtiff.so (found version "4.3.0")  
[6.016s] -- Found Freetype: /usr/lib/x86_64-linux-gnu/libfreetype.so (found version "2.11.1") 
[6.027s] -- Found utf8cpp: /usr/include/utf8cpp  
[6.291s] -- Checking for module 'libusb-1.0'
[6.346s] --   Found libusb-1.0, version 1.0.25
[6.485s] -- Found libusb: /usr/lib/x86_64-linux-gnu/libusb-1.0.so  
[6.488s] -- Found OpenNI: /usr/lib/libOpenNI.so;libusb::libusb (found version "1.5.4.0") 
[6.489s] -- OpenNI found (version: 1.5.4.0, include: /usr/include/ni, lib: /usr/lib/libOpenNI.so;libusb::libusb)
[6.703s] -- Found OpenNI2: /usr/lib/x86_64-linux-gnu/libOpenNI2.so;libusb::libusb (found version "2.2.0.33") 
[6.704s] -- OpenNI2 found (version: 2.2.0.33, include: /usr/include/openni2, lib: /usr/lib/x86_64-linux-gnu/libOpenNI2.so;libusb::libusb)
[6.704s] [0m** WARNING ** io features related to pcap will be disabled[0m
[6.976s] -- Eigen found (include: /usr/include/eigen3, version: 3.4.0)
[6.997s] -- OpenNI found (version: 1.5.4.0, include: /usr/include/ni, lib: /usr/lib/libOpenNI.so;libusb::libusb)
[7.019s] -- OpenNI2 found (version: 2.2.0.33, include: /usr/include/openni2, lib: /usr/lib/x86_64-linux-gnu/libOpenNI2.so;libusb::libusb)
[7.277s] -- Found Qhull version 8.0.2
[7.551s] -- OpenNI found (version: 1.5.4.0, include: /usr/include/ni, lib: /usr/lib/libOpenNI.so;libusb::libusb)
[7.803s] -- looking for PCL_COMMON
[7.804s] -- Found PCL_COMMON: /usr/lib/x86_64-linux-gnu/libpcl_common.so  
[7.805s] -- looking for PCL_KDTREE
[7.805s] -- Found PCL_KDTREE: /usr/lib/x86_64-linux-gnu/libpcl_kdtree.so  
[7.806s] -- looking for PCL_OCTREE
[7.806s] -- Found PCL_OCTREE: /usr/lib/x86_64-linux-gnu/libpcl_octree.so  
[7.806s] -- looking for PCL_SEARCH
[7.807s] -- Found PCL_SEARCH: /usr/lib/x86_64-linux-gnu/libpcl_search.so  
[7.807s] -- looking for PCL_SAMPLE_CONSENSUS
[7.808s] -- Found PCL_SAMPLE_CONSENSUS: /usr/lib/x86_64-linux-gnu/libpcl_sample_consensus.so  
[7.808s] -- looking for PCL_FILTERS
[7.809s] -- Found PCL_FILTERS: /usr/lib/x86_64-linux-gnu/libpcl_filters.so  
[7.809s] -- looking for PCL_2D
[7.809s] -- Found PCL_2D: /usr/include/pcl-1.12  
[7.810s] -- looking for PCL_GEOMETRY
[7.810s] -- Found PCL_GEOMETRY: /usr/include/pcl-1.12  
[7.810s] -- looking for PCL_IO
[7.811s] -- Found PCL_IO: /usr/lib/x86_64-linux-gnu/libpcl_io.so  
[7.811s] -- looking for PCL_FEATURES
[7.812s] -- Found PCL_FEATURES: /usr/lib/x86_64-linux-gnu/libpcl_features.so  
[7.812s] -- looking for PCL_ML
[7.813s] -- Found PCL_ML: /usr/lib/x86_64-linux-gnu/libpcl_ml.so  
[7.813s] -- looking for PCL_SEGMENTATION
[7.814s] -- Found PCL_SEGMENTATION: /usr/lib/x86_64-linux-gnu/libpcl_segmentation.so  
[7.814s] -- looking for PCL_VISUALIZATION
[7.815s] -- Found PCL_VISUALIZATION: /usr/lib/x86_64-linux-gnu/libpcl_visualization.so  
[7.815s] -- looking for PCL_SURFACE
[7.816s] -- Found PCL_SURFACE: /usr/lib/x86_64-linux-gnu/libpcl_surface.so  
[7.816s] -- looking for PCL_REGISTRATION
[7.817s] -- Found PCL_REGISTRATION: /usr/lib/x86_64-linux-gnu/libpcl_registration.so  
[7.817s] -- looking for PCL_KEYPOINTS
[7.818s] -- Found PCL_KEYPOINTS: /usr/lib/x86_64-linux-gnu/libpcl_keypoints.so  
[7.818s] -- looking for PCL_TRACKING
[7.818s] -- Found PCL_TRACKING: /usr/lib/x86_64-linux-gnu/libpcl_tracking.so  
[7.819s] -- looking for PCL_RECOGNITION
[7.819s] -- Found PCL_RECOGNITION: /usr/lib/x86_64-linux-gnu/libpcl_recognition.so  
[7.820s] -- looking for PCL_STEREO
[7.820s] -- Found PCL_STEREO: /usr/lib/x86_64-linux-gnu/libpcl_stereo.so  
[7.820s] -- looking for PCL_APPS
[7.821s] -- Found PCL_APPS: /usr/lib/x86_64-linux-gnu/libpcl_apps.so  
[7.822s] -- looking for PCL_IN_HAND_SCANNER
[7.822s] -- Found PCL_IN_HAND_SCANNER: /usr/include/pcl-1.12  
[7.822s] -- looking for PCL_MODELER
[7.823s] -- Found PCL_MODELER: /usr/include/pcl-1.12  
[7.823s] -- looking for PCL_POINT_CLOUD_EDITOR
[7.825s] -- Found PCL_POINT_CLOUD_EDITOR: /usr/include/pcl-1.12  
[7.826s] -- looking for PCL_OUTOFCORE
[7.826s] -- Found PCL_OUTOFCORE: /usr/lib/x86_64-linux-gnu/libpcl_outofcore.so  
[7.826s] -- looking for PCL_PEOPLE
[7.827s] -- Found PCL_PEOPLE: /usr/lib/x86_64-linux-gnu/libpcl_people.so  
[7.828s] -- Found PCL: pcl_common;pcl_kdtree;pcl_octree;pcl_search;pcl_sample_consensus;pcl_filters;pcl_io;pcl_features;pcl_ml;pcl_segmentation;pcl_visualization;pcl_surface;pcl_registration;pcl_keypoints;pcl_tracking;pcl_recognition;pcl_stereo;pcl_apps;pcl_outofcore;pcl_people;Boost::system;Boost::filesystem;Boost::date_time;Boost::iostreams;Boost::serialization;/usr/lib/libOpenNI.so;libusb::libusb;/usr/lib/x86_64-linux-gnu/libOpenNI2.so;libusb::libusb;VTK::ChartsCore;VTK::CommonColor;VTK::CommonComputationalGeometry;VTK::CommonCore;VTK::CommonDataModel;VTK::CommonExecutionModel;VTK::CommonMath;VTK::CommonMisc;VTK::CommonTransforms;VTK::FiltersCore;VTK::FiltersExtraction;VTK::FiltersGeneral;VTK::FiltersGeometry;VTK::FiltersModeling;VTK::FiltersSources;VTK::ImagingCore;VTK::ImagingSources;VTK::InteractionImage;VTK::InteractionStyle;VTK::InteractionWidgets;VTK::IOCore;VTK::IOGeometry;VTK::IOImage;VTK::IOLegacy;VTK::IOPLY;VTK::RenderingAnnotation;VTK::RenderingCore;VTK::RenderingContext2D;VTK::RenderingLOD;VTK::RenderingFreeType;VTK::ViewsCore;VTK::ViewsContext2D;VTK::RenderingOpenGL2;VTK::GUISupportQt;FLANN::FLANN;QHULL::QHULL  
[7.846s] [31mCMake Error at CMakeLists.txt:22 (find_package):
[7.846s]   By not providing "Finddiagnostic_updater.cmake" in CMAKE_MODULE_PATH this
[7.847s]   project has asked CMake to find a package configuration file provided by
[7.847s]   "diagnostic_updater", but CMake did not find one.
[7.847s] 
[7.847s]   Could not find a package configuration file provided by
[7.847s]   "diagnostic_updater" with any of the following names:
[7.847s] 
[7.847s]     diagnostic_updaterConfig.cmake
[7.847s]     diagnostic_updater-config.cmake
[7.848s] 
[7.848s]   Add the installation prefix of "diagnostic_updater" to CMAKE_PREFIX_PATH or
[7.848s]   set "diagnostic_updater_DIR" to a directory containing one of the above
[7.848s]   files.  If "diagnostic_updater" provides a separate development package or
[7.848s]   SDK, be sure it has been installed.
[7.848s] 
[7.848s] [0m
[7.849s] -- Configuring incomplete, errors occurred!
[7.849s] See also "/home/jerry/limx_ws/build/lslidar_driver/CMakeFiles/CMakeOutput.log".
[7.880s] Invoked command in '/home/jerry/limx_ws/build/lslidar_driver' returned '1': AMENT_PREFIX_PATH=/home/jerry/limx_ws/install/lslidar_msgs:${AMENT_PREFIX_PATH} CMAKE_PREFIX_PATH=/home/jerry/limx_ws/install/lslidar_msgs:/opt/ros/humble LD_LIBRARY_PATH=/home/jerry/limx_ws/install/lslidar_msgs/lib:${LD_LIBRARY_PATH} PYTHONPATH=/home/jerry/limx_ws/install/lslidar_msgs/local/lib/python3.10/dist-packages:${PYTHONPATH} /usr/bin/cmake /home/jerry/limx_ws/src/lidar/lslidar_driver -DCMAKE_INSTALL_PREFIX=/home/jerry/limx_ws/install/lslidar_driver
