-- Install configuration: "Release"
-- Up-to-date: /home/jerry/limx_ws/install/limxsdk_sim/include/
-- Up-to-date: /home/jerry/limx_ws/install/limxsdk_sim/include//limxsdk
-- Up-to-date: /home/jerry/limx_ws/install/limxsdk_sim/include//limxsdk/pointfoot_sim.h
-- Up-to-date: /home/jerry/limx_ws/install/limxsdk_sim/include//limxsdk/datatypes.h
-- Up-to-date: /home/jerry/limx_ws/install/limxsdk_sim/include//limxsdk/macros.h
-- Up-to-date: /home/jerry/limx_ws/install/limxsdk_sim/include//limxsdk/wheellegged_sim.h
-- Up-to-date: /home/jerry/limx_ws/install/limxsdk_sim/include//limxsdk/tron2_sim.h
-- Up-to-date: /home/jerry/limx_ws/install/limxsdk_sim/include//limxsdk/humanoid_sim.h
-- Up-to-date: /home/jerry/limx_ws/install/limxsdk_sim/include//limxsdk/apibase.h
-- Up-to-date: /home/jerry/limx_ws/install/limxsdk_sim/lib/.
-- Up-to-date: /home/jerry/limx_ws/install/limxsdk_sim/lib/./liblimxsdk_sim.so
-- Up-to-date: /home/jerry/limx_ws/install/limxsdk_sim/share/limxsdk_sim/environment/library_path.sh
-- Up-to-date: /home/jerry/limx_ws/install/limxsdk_sim/share/limxsdk_sim/environment/library_path.dsv
-- Up-to-date: /home/jerry/limx_ws/install/limxsdk_sim/share/ament_index/resource_index/package_run_dependencies/limxsdk_sim
-- Up-to-date: /home/jerry/limx_ws/install/limxsdk_sim/share/ament_index/resource_index/parent_prefix_path/limxsdk_sim
-- Up-to-date: /home/jerry/limx_ws/install/limxsdk_sim/share/limxsdk_sim/environment/ament_prefix_path.sh
-- Up-to-date: /home/jerry/limx_ws/install/limxsdk_sim/share/limxsdk_sim/environment/ament_prefix_path.dsv
-- Up-to-date: /home/jerry/limx_ws/install/limxsdk_sim/share/limxsdk_sim/environment/path.sh
-- Up-to-date: /home/jerry/limx_ws/install/limxsdk_sim/share/limxsdk_sim/environment/path.dsv
-- Up-to-date: /home/jerry/limx_ws/install/limxsdk_sim/share/limxsdk_sim/local_setup.bash
-- Up-to-date: /home/jerry/limx_ws/install/limxsdk_sim/share/limxsdk_sim/local_setup.sh
-- Up-to-date: /home/jerry/limx_ws/install/limxsdk_sim/share/limxsdk_sim/local_setup.zsh
-- Up-to-date: /home/jerry/limx_ws/install/limxsdk_sim/share/limxsdk_sim/local_setup.dsv
-- Installing: /home/jerry/limx_ws/install/limxsdk_sim/share/limxsdk_sim/package.dsv
-- Up-to-date: /home/jerry/limx_ws/install/limxsdk_sim/share/ament_index/resource_index/packages/limxsdk_sim
-- Up-to-date: /home/jerry/limx_ws/install/limxsdk_sim/share/limxsdk_sim/cmake/ament_cmake_export_include_directories-extras.cmake
-- Up-to-date: /home/jerry/limx_ws/install/limxsdk_sim/share/limxsdk_sim/cmake/ament_cmake_export_libraries-extras.cmake
-- Up-to-date: /home/jerry/limx_ws/install/limxsdk_sim/share/limxsdk_sim/cmake/limxsdk_simConfig.cmake
-- Up-to-date: /home/jerry/limx_ws/install/limxsdk_sim/share/limxsdk_sim/cmake/limxsdk_simConfig-version.cmake
-- Up-to-date: /home/jerry/limx_ws/install/limxsdk_sim/share/limxsdk_sim/package.xml
