[0.070s] Invoking command in '/home/jerry/limx_ws/build/robot_controllers': CMAKE_PREFIX_PATH=/home/jerry/limx_ws/install/limxsdk_lowlevel:/home/jerry/limx_ws/install/scan_corrector:/opt/ros/humble:/home/jerry/limx_ws/install/robot_visualization:/home/jerry/limx_ws/install/robot_hw:/home/jerry/limx_ws/install/robot_description:/home/jerry/limx_ws/install/robot_controllers:/home/jerry/limx_ws/install/pointfoot_gazebo:/home/jerry/limx_ws/install/mrosbridger:/home/jerry/limx_ws/install/lslidar_driver:/home/jerry/limx_ws/install/lslidar_msgs:/home/jerry/limx_ws/install/limxsdk_sim:/home/jerry/limx_ws/install/lidar_odometry_0:/home/jerry/limx_ws/install/lidar_odometry:/home/jerry/limx_ws/install/controller_msgs LD_LIBRARY_PATH=/home/jerry/limx_ws/install/limxsdk_lowlevel/lib:/home/jerry/limx_ws/install/robot_controllers/lib:/home/jerry/limx_ws/install/pointfoot_gazebo/lib:/home/jerry/limx_ws/install/mrosbridger/lib:/home/jerry/limx_ws/install/lslidar_msgs/lib:/home/jerry/limx_ws/install/limxsdk_sim/lib:/home/jerry/limx_ws/install/controller_msgs/lib:/usr/lib/x86_64-linux-gnu/gazebo-11/plugins:/opt/ros/humble/opt/rviz_ogre_vendor/lib:/opt/ros/humble/lib/x86_64-linux-gnu:/opt/ros/humble/lib:/usr/share/gazebo/../../lib/x86_64-linux-gnu/gazebo-11/plugins /usr/bin/cmake --build /home/jerry/limx_ws/build/robot_controllers -- -j8 -l8
[0.433s] [100%] Built target robot_controllers
[0.558s] Invoked command in '/home/jerry/limx_ws/build/robot_controllers' returned '0': CMAKE_PREFIX_PATH=/home/jerry/limx_ws/install/limxsdk_lowlevel:/home/jerry/limx_ws/install/scan_corrector:/opt/ros/humble:/home/jerry/limx_ws/install/robot_visualization:/home/jerry/limx_ws/install/robot_hw:/home/jerry/limx_ws/install/robot_description:/home/jerry/limx_ws/install/robot_controllers:/home/jerry/limx_ws/install/pointfoot_gazebo:/home/jerry/limx_ws/install/mrosbridger:/home/jerry/limx_ws/install/lslidar_driver:/home/jerry/limx_ws/install/lslidar_msgs:/home/jerry/limx_ws/install/limxsdk_sim:/home/jerry/limx_ws/install/lidar_odometry_0:/home/jerry/limx_ws/install/lidar_odometry:/home/jerry/limx_ws/install/controller_msgs LD_LIBRARY_PATH=/home/jerry/limx_ws/install/limxsdk_lowlevel/lib:/home/jerry/limx_ws/install/robot_controllers/lib:/home/jerry/limx_ws/install/pointfoot_gazebo/lib:/home/jerry/limx_ws/install/mrosbridger/lib:/home/jerry/limx_ws/install/lslidar_msgs/lib:/home/jerry/limx_ws/install/limxsdk_sim/lib:/home/jerry/limx_ws/install/controller_msgs/lib:/usr/lib/x86_64-linux-gnu/gazebo-11/plugins:/opt/ros/humble/opt/rviz_ogre_vendor/lib:/opt/ros/humble/lib/x86_64-linux-gnu:/opt/ros/humble/lib:/usr/share/gazebo/../../lib/x86_64-linux-gnu/gazebo-11/plugins /usr/bin/cmake --build /home/jerry/limx_ws/build/robot_controllers -- -j8 -l8
[0.563s] Invoking command in '/home/jerry/limx_ws/build/robot_controllers': CMAKE_PREFIX_PATH=/home/jerry/limx_ws/install/limxsdk_lowlevel:/home/jerry/limx_ws/install/scan_corrector:/opt/ros/humble:/home/jerry/limx_ws/install/robot_visualization:/home/jerry/limx_ws/install/robot_hw:/home/jerry/limx_ws/install/robot_description:/home/jerry/limx_ws/install/robot_controllers:/home/jerry/limx_ws/install/pointfoot_gazebo:/home/jerry/limx_ws/install/mrosbridger:/home/jerry/limx_ws/install/lslidar_driver:/home/jerry/limx_ws/install/lslidar_msgs:/home/jerry/limx_ws/install/limxsdk_sim:/home/jerry/limx_ws/install/lidar_odometry_0:/home/jerry/limx_ws/install/lidar_odometry:/home/jerry/limx_ws/install/controller_msgs LD_LIBRARY_PATH=/home/jerry/limx_ws/install/limxsdk_lowlevel/lib:/home/jerry/limx_ws/install/robot_controllers/lib:/home/jerry/limx_ws/install/pointfoot_gazebo/lib:/home/jerry/limx_ws/install/mrosbridger/lib:/home/jerry/limx_ws/install/lslidar_msgs/lib:/home/jerry/limx_ws/install/limxsdk_sim/lib:/home/jerry/limx_ws/install/controller_msgs/lib:/usr/lib/x86_64-linux-gnu/gazebo-11/plugins:/opt/ros/humble/opt/rviz_ogre_vendor/lib:/opt/ros/humble/lib/x86_64-linux-gnu:/opt/ros/humble/lib:/usr/share/gazebo/../../lib/x86_64-linux-gnu/gazebo-11/plugins /usr/bin/cmake --install /home/jerry/limx_ws/build/robot_controllers
[0.604s] -- Install configuration: ""
[0.604s] -- Up-to-date: /home/jerry/limx_ws/install/robot_controllers/share/robot_controllers/robot_controllers_plugin.xml
[0.607s] -- Up-to-date: /home/jerry/limx_ws/install/robot_controllers/lib/librobot_controllers.so
[0.611s] -- Up-to-date: /home/jerry/limx_ws/install/robot_controllers/include
[0.611s] -- Up-to-date: /home/jerry/limx_ws/install/robot_controllers/include/robot_controllers
[0.611s] -- Up-to-date: /home/jerry/limx_ws/install/robot_controllers/include/robot_controllers/WheelfootController.h
[0.611s] -- Up-to-date: /home/jerry/limx_ws/install/robot_controllers/include/robot_controllers/PointfootController.h
[0.611s] -- Up-to-date: /home/jerry/limx_ws/install/robot_controllers/include/robot_controllers/ControllerBase.h
[0.614s] -- Up-to-date: /home/jerry/limx_ws/install/robot_controllers/include/robot_controllers/SolefootController.h
[0.616s] -- Up-to-date: /home/jerry/limx_ws/install/robot_controllers/share/robot_controllers//config
[0.616s] -- Up-to-date: /home/jerry/limx_ws/install/robot_controllers/share/robot_controllers//config/pointfoot
[0.619s] -- Up-to-date: /home/jerry/limx_ws/install/robot_controllers/share/robot_controllers//config/pointfoot/PF_P441B
[0.620s] -- Up-to-date: /home/jerry/limx_ws/install/robot_controllers/share/robot_controllers//config/pointfoot/PF_P441B/params.yaml
[0.621s] -- Up-to-date: /home/jerry/limx_ws/install/robot_controllers/share/robot_controllers//config/pointfoot/PF_P441B/policy
[0.621s] -- Up-to-date: /home/jerry/limx_ws/install/robot_controllers/share/robot_controllers//config/pointfoot/PF_P441B/policy/isaaclab
[0.622s] -- Up-to-date: /home/jerry/limx_ws/install/robot_controllers/share/robot_controllers//config/pointfoot/PF_P441B/policy/isaaclab/encoder.onnx
[0.622s] -- Up-to-date: /home/jerry/limx_ws/install/robot_controllers/share/robot_controllers//config/pointfoot/PF_P441B/policy/isaaclab/policy.onnx
[0.622s] -- Up-to-date: /home/jerry/limx_ws/install/robot_controllers/share/robot_controllers//config/pointfoot/PF_P441B/policy/isaacgym
[0.623s] -- Up-to-date: /home/jerry/limx_ws/install/robot_controllers/share/robot_controllers//config/pointfoot/PF_P441B/policy/isaacgym/encoder.onnx
[0.623s] -- Up-to-date: /home/jerry/limx_ws/install/robot_controllers/share/robot_controllers//config/pointfoot/PF_P441B/policy/isaacgym/policy.onnx
[0.623s] -- Up-to-date: /home/jerry/limx_ws/install/robot_controllers/share/robot_controllers//config/pointfoot/PF_TRON1B
[0.623s] -- Up-to-date: /home/jerry/limx_ws/install/robot_controllers/share/robot_controllers//config/pointfoot/PF_TRON1B/params.yaml
[0.624s] -- Up-to-date: /home/jerry/limx_ws/install/robot_controllers/share/robot_controllers//config/pointfoot/PF_TRON1B/policy
[0.624s] -- Up-to-date: /home/jerry/limx_ws/install/robot_controllers/share/robot_controllers//config/pointfoot/PF_TRON1B/policy/isaaclab
[0.624s] -- Up-to-date: /home/jerry/limx_ws/install/robot_controllers/share/robot_controllers//config/pointfoot/PF_TRON1B/policy/isaaclab/encoder.onnx
[0.624s] -- Up-to-date: /home/jerry/limx_ws/install/robot_controllers/share/robot_controllers//config/pointfoot/PF_TRON1B/policy/isaaclab/policy.onnx
[0.624s] -- Up-to-date: /home/jerry/limx_ws/install/robot_controllers/share/robot_controllers//config/pointfoot/PF_TRON1B/policy/isaacgym
[0.626s] -- Up-to-date: /home/jerry/limx_ws/install/robot_controllers/share/robot_controllers//config/pointfoot/PF_TRON1B/policy/isaacgym/encoder.onnx
[0.626s] -- Up-to-date: /home/jerry/limx_ws/install/robot_controllers/share/robot_controllers//config/pointfoot/PF_TRON1B/policy/isaacgym/policy.onnx
[0.627s] -- Up-to-date: /home/jerry/limx_ws/install/robot_controllers/share/robot_controllers//config/pointfoot/PF_P441A
[0.628s] -- Up-to-date: /home/jerry/limx_ws/install/robot_controllers/share/robot_controllers//config/pointfoot/PF_P441A/params.yaml
[0.628s] -- Up-to-date: /home/jerry/limx_ws/install/robot_controllers/share/robot_controllers//config/pointfoot/PF_P441A/policy
[0.630s] -- Up-to-date: /home/jerry/limx_ws/install/robot_controllers/share/robot_controllers//config/pointfoot/PF_P441A/policy/isaaclab
[0.630s] -- Up-to-date: /home/jerry/limx_ws/install/robot_controllers/share/robot_controllers//config/pointfoot/PF_P441A/policy/isaaclab/encoder.onnx
[0.630s] -- Up-to-date: /home/jerry/limx_ws/install/robot_controllers/share/robot_controllers//config/pointfoot/PF_P441A/policy/isaaclab/policy.onnx
[0.631s] -- Up-to-date: /home/jerry/limx_ws/install/robot_controllers/share/robot_controllers//config/pointfoot/PF_P441A/policy/isaacgym
[0.631s] -- Up-to-date: /home/jerry/limx_ws/install/robot_controllers/share/robot_controllers//config/pointfoot/PF_P441A/policy/isaacgym/encoder.onnx
[0.631s] -- Up-to-date: /home/jerry/limx_ws/install/robot_controllers/share/robot_controllers//config/pointfoot/PF_P441A/policy/isaacgym/policy.onnx
[0.631s] -- Up-to-date: /home/jerry/limx_ws/install/robot_controllers/share/robot_controllers//config/pointfoot/WF_TRON1B
[0.631s] -- Up-to-date: /home/jerry/limx_ws/install/robot_controllers/share/robot_controllers//config/pointfoot/WF_TRON1B/params.yaml
[0.631s] -- Up-to-date: /home/jerry/limx_ws/install/robot_controllers/share/robot_controllers//config/pointfoot/WF_TRON1B/policy
[0.632s] -- Up-to-date: /home/jerry/limx_ws/install/robot_controllers/share/robot_controllers//config/pointfoot/WF_TRON1B/policy/isaaclab
[0.632s] -- Up-to-date: /home/jerry/limx_ws/install/robot_controllers/share/robot_controllers//config/pointfoot/WF_TRON1B/policy/isaaclab/encoder.onnx
[0.632s] -- Up-to-date: /home/jerry/limx_ws/install/robot_controllers/share/robot_controllers//config/pointfoot/WF_TRON1B/policy/isaaclab/policy.onnx
[0.632s] -- Up-to-date: /home/jerry/limx_ws/install/robot_controllers/share/robot_controllers//config/pointfoot/WF_TRON1B/policy/isaacgym
[0.632s] -- Up-to-date: /home/jerry/limx_ws/install/robot_controllers/share/robot_controllers//config/pointfoot/WF_TRON1B/policy/isaacgym/encoder.onnx
[0.633s] -- Up-to-date: /home/jerry/limx_ws/install/robot_controllers/share/robot_controllers//config/pointfoot/WF_TRON1B/policy/isaacgym/policy.onnx
[0.633s] -- Up-to-date: /home/jerry/limx_ws/install/robot_controllers/share/robot_controllers//config/pointfoot/SF_TRON1B
[0.634s] -- Up-to-date: /home/jerry/limx_ws/install/robot_controllers/share/robot_controllers//config/pointfoot/SF_TRON1B/params.yaml
[0.636s] -- Up-to-date: /home/jerry/limx_ws/install/robot_controllers/share/robot_controllers//config/pointfoot/SF_TRON1B/policy
[0.636s] -- Up-to-date: /home/jerry/limx_ws/install/robot_controllers/share/robot_controllers//config/pointfoot/SF_TRON1B/policy/isaaclab
[0.636s] -- Up-to-date: /home/jerry/limx_ws/install/robot_controllers/share/robot_controllers//config/pointfoot/SF_TRON1B/policy/isaaclab/encoder.onnx
[0.637s] -- Up-to-date: /home/jerry/limx_ws/install/robot_controllers/share/robot_controllers//config/pointfoot/SF_TRON1B/policy/isaaclab/policy.onnx
[0.637s] -- Up-to-date: /home/jerry/limx_ws/install/robot_controllers/share/robot_controllers//config/pointfoot/SF_TRON1B/policy/isaacgym
[0.638s] -- Up-to-date: /home/jerry/limx_ws/install/robot_controllers/share/robot_controllers//config/pointfoot/SF_TRON1B/policy/isaacgym/encoder.onnx
[0.638s] -- Up-to-date: /home/jerry/limx_ws/install/robot_controllers/share/robot_controllers//config/pointfoot/SF_TRON1B/policy/isaacgym/policy.onnx
[0.639s] -- Up-to-date: /home/jerry/limx_ws/install/robot_controllers/share/robot_controllers//config/pointfoot/PF_P441C2
[0.639s] -- Up-to-date: /home/jerry/limx_ws/install/robot_controllers/share/robot_controllers//config/pointfoot/PF_P441C2/params.yaml
[0.640s] -- Up-to-date: /home/jerry/limx_ws/install/robot_controllers/share/robot_controllers//config/pointfoot/PF_P441C2/policy
[0.640s] -- Up-to-date: /home/jerry/limx_ws/install/robot_controllers/share/robot_controllers//config/pointfoot/PF_P441C2/policy/isaaclab
[0.642s] -- Up-to-date: /home/jerry/limx_ws/install/robot_controllers/share/robot_controllers//config/pointfoot/PF_P441C2/policy/isaaclab/encoder.onnx
[0.642s] -- Up-to-date: /home/jerry/limx_ws/install/robot_controllers/share/robot_controllers//config/pointfoot/PF_P441C2/policy/isaaclab/policy.onnx
[0.643s] -- Up-to-date: /home/jerry/limx_ws/install/robot_controllers/share/robot_controllers//config/pointfoot/PF_P441C2/policy/isaacgym
[0.645s] -- Up-to-date: /home/jerry/limx_ws/install/robot_controllers/share/robot_controllers//config/pointfoot/PF_P441C2/policy/isaacgym/encoder.onnx
[0.645s] -- Up-to-date: /home/jerry/limx_ws/install/robot_controllers/share/robot_controllers//config/pointfoot/PF_P441C2/policy/isaacgym/policy.onnx
[0.645s] -- Up-to-date: /home/jerry/limx_ws/install/robot_controllers/share/robot_controllers//config/pointfoot/WF_TRON1A
[0.649s] -- Up-to-date: /home/jerry/limx_ws/install/robot_controllers/share/robot_controllers//config/pointfoot/WF_TRON1A/params.yaml
[0.649s] -- Up-to-date: /home/jerry/limx_ws/install/robot_controllers/share/robot_controllers//config/pointfoot/WF_TRON1A/policy
[0.651s] -- Up-to-date: /home/jerry/limx_ws/install/robot_controllers/share/robot_controllers//config/pointfoot/WF_TRON1A/policy/isaaclab
[0.652s] -- Up-to-date: /home/jerry/limx_ws/install/robot_controllers/share/robot_controllers//config/pointfoot/WF_TRON1A/policy/isaaclab/encoder.onnx
[0.653s] -- Up-to-date: /home/jerry/limx_ws/install/robot_controllers/share/robot_controllers//config/pointfoot/WF_TRON1A/policy/isaaclab/policy.onnx
[0.653s] -- Up-to-date: /home/jerry/limx_ws/install/robot_controllers/share/robot_controllers//config/pointfoot/WF_TRON1A/policy/isaacgym
[0.653s] -- Up-to-date: /home/jerry/limx_ws/install/robot_controllers/share/robot_controllers//config/pointfoot/WF_TRON1A/policy/isaacgym/encoder.onnx
[0.655s] -- Up-to-date: /home/jerry/limx_ws/install/robot_controllers/share/robot_controllers//config/pointfoot/WF_TRON1A/policy/isaacgym/policy.onnx
[0.656s] -- Up-to-date: /home/jerry/limx_ws/install/robot_controllers/share/robot_controllers//config/pointfoot/SF_TRON1A
[0.669s] -- Up-to-date: /home/jerry/limx_ws/install/robot_controllers/share/robot_controllers//config/pointfoot/SF_TRON1A/params.yaml
[0.669s] -- Up-to-date: /home/jerry/limx_ws/install/robot_controllers/share/robot_controllers//config/pointfoot/SF_TRON1A/policy
[0.670s] -- Up-to-date: /home/jerry/limx_ws/install/robot_controllers/share/robot_controllers//config/pointfoot/SF_TRON1A/policy/isaaclab
[0.670s] -- Up-to-date: /home/jerry/limx_ws/install/robot_controllers/share/robot_controllers//config/pointfoot/SF_TRON1A/policy/isaaclab/encoder.onnx
[0.670s] -- Up-to-date: /home/jerry/limx_ws/install/robot_controllers/share/robot_controllers//config/pointfoot/SF_TRON1A/policy/isaaclab/policy.onnx
[0.671s] -- Up-to-date: /home/jerry/limx_ws/install/robot_controllers/share/robot_controllers//config/pointfoot/SF_TRON1A/policy/isaacgym
[0.671s] -- Up-to-date: /home/jerry/limx_ws/install/robot_controllers/share/robot_controllers//config/pointfoot/SF_TRON1A/policy/isaacgym/encoder.onnx
[0.672s] -- Up-to-date: /home/jerry/limx_ws/install/robot_controllers/share/robot_controllers//config/pointfoot/SF_TRON1A/policy/isaacgym/policy.onnx
[0.673s] -- Up-to-date: /home/jerry/limx_ws/install/robot_controllers/share/robot_controllers//config/pointfoot/PF_TRON1A
[0.673s] -- Up-to-date: /home/jerry/limx_ws/install/robot_controllers/share/robot_controllers//config/pointfoot/PF_TRON1A/params.yaml
[0.674s] -- Up-to-date: /home/jerry/limx_ws/install/robot_controllers/share/robot_controllers//config/pointfoot/PF_TRON1A/policy
[0.674s] -- Up-to-date: /home/jerry/limx_ws/install/robot_controllers/share/robot_controllers//config/pointfoot/PF_TRON1A/policy/isaaclab
[0.680s] -- Up-to-date: /home/jerry/limx_ws/install/robot_controllers/share/robot_controllers//config/pointfoot/PF_TRON1A/policy/isaaclab/encoder.onnx
[0.680s] -- Up-to-date: /home/jerry/limx_ws/install/robot_controllers/share/robot_controllers//config/pointfoot/PF_TRON1A/policy/isaaclab/policy.onnx
[0.682s] -- Up-to-date: /home/jerry/limx_ws/install/robot_controllers/share/robot_controllers//config/pointfoot/PF_TRON1A/policy/isaacgym
[0.682s] -- Up-to-date: /home/jerry/limx_ws/install/robot_controllers/share/robot_controllers//config/pointfoot/PF_TRON1A/policy/isaacgym/encoder.onnx
[0.683s] -- Up-to-date: /home/jerry/limx_ws/install/robot_controllers/share/robot_controllers//config/pointfoot/PF_TRON1A/policy/isaacgym/policy.onnx
[0.683s] -- Up-to-date: /home/jerry/limx_ws/install/robot_controllers/share/robot_controllers//config/pointfoot/PF_P441C
[0.684s] -- Up-to-date: /home/jerry/limx_ws/install/robot_controllers/share/robot_controllers//config/pointfoot/PF_P441C/params.yaml
[0.684s] -- Up-to-date: /home/jerry/limx_ws/install/robot_controllers/share/robot_controllers//config/pointfoot/PF_P441C/policy
[0.685s] -- Up-to-date: /home/jerry/limx_ws/install/robot_controllers/share/robot_controllers//config/pointfoot/PF_P441C/policy/isaaclab
[0.685s] -- Up-to-date: /home/jerry/limx_ws/install/robot_controllers/share/robot_controllers//config/pointfoot/PF_P441C/policy/isaaclab/encoder.onnx
[0.686s] -- Up-to-date: /home/jerry/limx_ws/install/robot_controllers/share/robot_controllers//config/pointfoot/PF_P441C/policy/isaaclab/policy.onnx
[0.687s] -- Up-to-date: /home/jerry/limx_ws/install/robot_controllers/share/robot_controllers//config/pointfoot/PF_P441C/policy/isaacgym
[0.691s] -- Up-to-date: /home/jerry/limx_ws/install/robot_controllers/share/robot_controllers//config/pointfoot/PF_P441C/policy/isaacgym/encoder.onnx
[0.691s] -- Up-to-date: /home/jerry/limx_ws/install/robot_controllers/share/robot_controllers//config/pointfoot/PF_P441C/policy/isaacgym/policy.onnx
[0.691s] -- Up-to-date: /home/jerry/limx_ws/install/robot_controllers/share/robot_controllers//config/robot_controllers.yaml
[0.691s] -- Up-to-date: /home/jerry/limx_ws/install/robot_controllers/share/robot_controllers/environment/library_path.sh
[0.692s] -- Up-to-date: /home/jerry/limx_ws/install/robot_controllers/share/robot_controllers/environment/library_path.dsv
[0.692s] -- Up-to-date: /home/jerry/limx_ws/install/robot_controllers/share/ament_index/resource_index/package_run_dependencies/robot_controllers
[0.693s] -- Up-to-date: /home/jerry/limx_ws/install/robot_controllers/share/ament_index/resource_index/parent_prefix_path/robot_controllers
[0.694s] -- Up-to-date: /home/jerry/limx_ws/install/robot_controllers/share/robot_controllers/environment/ament_prefix_path.sh
[0.695s] -- Up-to-date: /home/jerry/limx_ws/install/robot_controllers/share/robot_controllers/environment/ament_prefix_path.dsv
[0.696s] -- Up-to-date: /home/jerry/limx_ws/install/robot_controllers/share/robot_controllers/environment/path.sh
[0.696s] -- Up-to-date: /home/jerry/limx_ws/install/robot_controllers/share/robot_controllers/environment/path.dsv
[0.697s] -- Up-to-date: /home/jerry/limx_ws/install/robot_controllers/share/robot_controllers/local_setup.bash
[0.697s] -- Up-to-date: /home/jerry/limx_ws/install/robot_controllers/share/robot_controllers/local_setup.sh
[0.698s] -- Up-to-date: /home/jerry/limx_ws/install/robot_controllers/share/robot_controllers/local_setup.zsh
[0.698s] -- Up-to-date: /home/jerry/limx_ws/install/robot_controllers/share/robot_controllers/local_setup.dsv
[0.699s] -- Installing: /home/jerry/limx_ws/install/robot_controllers/share/robot_controllers/package.dsv
[0.707s] -- Up-to-date: /home/jerry/limx_ws/install/robot_controllers/share/ament_index/resource_index/packages/robot_controllers
[0.708s] -- Up-to-date: /home/jerry/limx_ws/install/robot_controllers/share/ament_index/resource_index/controller_interface__pluginlib__plugin/robot_controllers
[0.709s] -- Up-to-date: /home/jerry/limx_ws/install/robot_controllers/share/robot_controllers/cmake/ament_cmake_export_include_directories-extras.cmake
[0.709s] -- Up-to-date: /home/jerry/limx_ws/install/robot_controllers/share/robot_controllers/cmake/ament_cmake_export_libraries-extras.cmake
[0.724s] -- Up-to-date: /home/jerry/limx_ws/install/robot_controllers/share/robot_controllers/cmake/ament_cmake_export_dependencies-extras.cmake
[0.725s] -- Up-to-date: /home/jerry/limx_ws/install/robot_controllers/share/robot_controllers/cmake/robot_controllersConfig.cmake
[0.725s] -- Up-to-date: /home/jerry/limx_ws/install/robot_controllers/share/robot_controllers/cmake/robot_controllersConfig-version.cmake
[0.726s] -- Up-to-date: /home/jerry/limx_ws/install/robot_controllers/share/robot_controllers/package.xml
[0.742s] Invoked command in '/home/jerry/limx_ws/build/robot_controllers' returned '0': CMAKE_PREFIX_PATH=/home/jerry/limx_ws/install/limxsdk_lowlevel:/home/jerry/limx_ws/install/scan_corrector:/opt/ros/humble:/home/jerry/limx_ws/install/robot_visualization:/home/jerry/limx_ws/install/robot_hw:/home/jerry/limx_ws/install/robot_description:/home/jerry/limx_ws/install/robot_controllers:/home/jerry/limx_ws/install/pointfoot_gazebo:/home/jerry/limx_ws/install/mrosbridger:/home/jerry/limx_ws/install/lslidar_driver:/home/jerry/limx_ws/install/lslidar_msgs:/home/jerry/limx_ws/install/limxsdk_sim:/home/jerry/limx_ws/install/lidar_odometry_0:/home/jerry/limx_ws/install/lidar_odometry:/home/jerry/limx_ws/install/controller_msgs LD_LIBRARY_PATH=/home/jerry/limx_ws/install/limxsdk_lowlevel/lib:/home/jerry/limx_ws/install/robot_controllers/lib:/home/jerry/limx_ws/install/pointfoot_gazebo/lib:/home/jerry/limx_ws/install/mrosbridger/lib:/home/jerry/limx_ws/install/lslidar_msgs/lib:/home/jerry/limx_ws/install/limxsdk_sim/lib:/home/jerry/limx_ws/install/controller_msgs/lib:/usr/lib/x86_64-linux-gnu/gazebo-11/plugins:/opt/ros/humble/opt/rviz_ogre_vendor/lib:/opt/ros/humble/lib/x86_64-linux-gnu:/opt/ros/humble/lib:/usr/share/gazebo/../../lib/x86_64-linux-gnu/gazebo-11/plugins /usr/bin/cmake --install /home/jerry/limx_ws/build/robot_controllers
