[35m[1mConsolidate compiler generated dependencies of target scan_corrector_node[0m
[35m[1mConsolidate compiler generated dependencies of target lidar_odometry_node[0m
[ 40%] Built target scan_corrector_node
[ 60%] [32mBuilding CXX object CMakeFiles/lidar_odometry_node.dir/src/lidar_odometry.cpp.o[0m
[ 80%] [32m[1mLinking CXX executable lidar_odometry_node[0m
[100%] Built target lidar_odometry_node
-- Install configuration: ""
-- Installing: /home/jerry/limx_ws/install/lidar_odometry/lib/lidar_odometry/lidar_odometry_node
-- Set runtime path of "/home/jerry/limx_ws/install/lidar_odometry/lib/lidar_odometry/lidar_odometry_node" to ""
-- Installing: /home/jerry/limx_ws/install/lidar_odometry/lib/lidar_odometry/scan_corrector_node
-- Set runtime path of "/home/jerry/limx_ws/install/lidar_odometry/lib/lidar_odometry/scan_corrector_node" to ""
-- Installing: /home/jerry/limx_ws/install/lidar_odometry/share/ament_index/resource_index/package_run_dependencies/lidar_odometry
-- Installing: /home/jerry/limx_ws/install/lidar_odometry/share/ament_index/resource_index/parent_prefix_path/lidar_odometry
-- Installing: /home/jerry/limx_ws/install/lidar_odometry/share/lidar_odometry/environment/ament_prefix_path.sh
-- Installing: /home/jerry/limx_ws/install/lidar_odometry/share/lidar_odometry/environment/ament_prefix_path.dsv
-- Installing: /home/jerry/limx_ws/install/lidar_odometry/share/lidar_odometry/environment/path.sh
-- Installing: /home/jerry/limx_ws/install/lidar_odometry/share/lidar_odometry/environment/path.dsv
-- Installing: /home/jerry/limx_ws/install/lidar_odometry/share/lidar_odometry/local_setup.bash
-- Installing: /home/jerry/limx_ws/install/lidar_odometry/share/lidar_odometry/local_setup.sh
-- Installing: /home/jerry/limx_ws/install/lidar_odometry/share/lidar_odometry/local_setup.zsh
-- Installing: /home/jerry/limx_ws/install/lidar_odometry/share/lidar_odometry/local_setup.dsv
-- Installing: /home/jerry/limx_ws/install/lidar_odometry/share/lidar_odometry/package.dsv
-- Installing: /home/jerry/limx_ws/install/lidar_odometry/share/ament_index/resource_index/packages/lidar_odometry
-- Installing: /home/jerry/limx_ws/install/lidar_odometry/share/lidar_odometry/cmake/lidar_odometryConfig.cmake
-- Installing: /home/jerry/limx_ws/install/lidar_odometry/share/lidar_odometry/cmake/lidar_odometryConfig-version.cmake
-- Installing: /home/jerry/limx_ws/install/lidar_odometry/share/lidar_odometry/package.xml
