[0.053s] Invoking command in '/home/jerry/limx_ws/build/lidar_odometry': CMAKE_PREFIX_PATH=/opt/ros/humble:${CMAKE_PREFIX_PATH} /usr/bin/cmake --build /home/jerry/limx_ws/build/lidar_odometry -- -j8 -l8
[0.249s] [ 20%] [32mBuilding CXX object CMakeFiles/scan_corrector_node.dir/src/scan_corrector_node.cpp.o[0m
[0.264s] [ 40%] [32mBuilding CXX object CMakeFiles/lidar_odometry_node.dir/src/lidar_odometry.cpp.o[0m
[4.532s] [01m[K/home/jerry/limx_ws/src/lidar_odometry/src/scan_corrector_node.cpp:[m[K In member function ‘[01m[Kvoid ScanPitchCorrector::sync_callback(const ConstSharedPtr&, const ConstSharedPtr&)[m[K’:
[4.532s] [01m[K/home/jerry/limx_ws/src/lidar_odometry/src/scan_corrector_node.cpp:121:14:[m[K [01;31m[Kerror: [m[Kredeclaration of ‘[01m[Kdouble r_corrected[m[K’
[4.532s]   121 |       double [01;31m[Kr_corrected[m[K = r_xy / std::cos(theta);  // 投影到水平平面
[4.532s]       |              [01;31m[K^~~~~~~~~~~[m[K
[4.532s] [01m[K/home/jerry/limx_ws/src/lidar_odometry/src/scan_corrector_node.cpp:114:14:[m[K [01;36m[Knote: [m[K‘[01m[Kdouble r_corrected[m[K’ previously declared here
[4.532s]   114 |       double [01;36m[Kr_corrected[m[K = std::sqrt(p_corrected.x() * p_corrected.x() + p_corrected.y() * p_corrected.y());
[4.532s]       |              [01;36m[K^~~~~~~~~~~[m[K
[10.453s] gmake[2]: *** [CMakeFiles/scan_corrector_node.dir/build.make:76: CMakeFiles/scan_corrector_node.dir/src/scan_corrector_node.cpp.o] Error 1
[10.454s] gmake[1]: *** [CMakeFiles/Makefile2:165: CMakeFiles/scan_corrector_node.dir/all] Error 2
[10.454s] gmake[1]: *** Waiting for unfinished jobs....
[10.853s] [01m[K/home/jerry/limx_ws/src/lidar_odometry/src/lidar_odometry.cpp:[m[K In member function ‘[01m[Kpcl::PointCloud<pcl::PointXYZ>::Ptr LidarOdometry::deskew_pointcloud(const pcl::PointCloud<pcl::PointXYZ>&, double, double, const Vector3d&)[m[K’:
[10.853s] [01m[K/home/jerry/limx_ws/src/lidar_odometry/src/lidar_odometry.cpp:130:25:[m[K [01;35m[Kwarning: [m[Kvariable ‘[01m[Ktrans_delta[m[K’ set but not used [[01;35m[K]8;;https://gcc.gnu.org/onlinedocs/gcc/Warning-Options.html#index-Wunused-but-set-variable-Wunused-but-set-variable]8;;[m[K]
[10.853s]   130 |         Eigen::Vector3d [01;35m[Ktrans_delta[m[K = linear_vel * delta_t;
[10.854s]       |                         [01;35m[K^~~~~~~~~~~[m[K
[19.911s] [ 60%] [32m[1mLinking CXX executable lidar_odometry_node[0m
[22.498s] [ 80%] Built target lidar_odometry_node
[22.499s] gmake: *** [Makefile:146: all] Error 2
[22.503s] Invoked command in '/home/jerry/limx_ws/build/lidar_odometry' returned '2': CMAKE_PREFIX_PATH=/opt/ros/humble:${CMAKE_PREFIX_PATH} /usr/bin/cmake --build /home/jerry/limx_ws/build/lidar_odometry -- -j8 -l8
