[0.024s] Invoking command in '/home/jerry/limx_ws/build/lidar_odometry_0': CMAKE_PREFIX_PATH=/opt/ros/humble /usr/bin/cmake --build /home/jerry/limx_ws/build/lidar_odometry_0 -- -j8 -l8
[0.085s] [35m[1mConsolidate compiler generated dependencies of target lidar_odometry_node_0[0m
[0.187s] [ 33%] [32mBuilding CXX object CMakeFiles/lidar_odometry_node_0.dir/src/lidar_odometry_node_0.cpp.o[0m
[0.187s] [ 66%] [32mBuilding CXX object CMakeFiles/lidar_odometry_node_0.dir/src/lidar_odometry_0.cpp.o[0m
[6.553s] In file included from [01m[K/usr/include/x86_64-linux-gnu/c++/11/bits/c++allocator.h:33[m[K,
[6.553s]                  from [01m[K/usr/include/c++/11/bits/allocator.h:46[m[K,
[6.553s]                  from [01m[K/usr/include/c++/11/string:41[m[K,
[6.553s]                  from [01m[K/usr/include/c++/11/bits/locale_classes.h:40[m[K,
[6.553s]                  from [01m[K/usr/include/c++/11/bits/ios_base.h:41[m[K,
[6.553s]                  from [01m[K/usr/include/c++/11/ios:42[m[K,
[6.554s]                  from [01m[K/usr/include/c++/11/istream:38[m[K,
[6.554s]                  from [01m[K/usr/include/c++/11/sstream:38[m[K,
[6.554s]                  from [01m[K/usr/include/c++/11/complex:45[m[K,
[6.554s]                  from [01m[K/usr/include/eigen3/Eigen/Core:50[m[K,
[6.554s]                  from [01m[K/home/jerry/limx_ws/src/lidar_odometry_0/include/lidar_odometry/lidar_odometry_0.hpp:5[m[K,
[6.554s]                  from [01m[K/home/jerry/limx_ws/src/lidar_odometry_0/src/lidar_odometry_0.cpp:2[m[K:
[6.554s] /usr/include/c++/11/ext/new_allocator.h: In instantiation of ‘[01m[Kvoid __gnu_cxx::new_allocator<_Tp>::construct(_Up*, _Args&& ...) [with _Up = pcl::PointCloud<pcl::PointXYZ>; _Args = {std::shared_ptr<pcl::PointCloud<pcl::PointXYZ> >&}; _Tp = pcl::PointCloud<pcl::PointXYZ>][m[K’:
[6.554s] [01m[K/usr/include/c++/11/bits/alloc_traits.h:516:17:[m[K   required from ‘[01m[Kstatic void std::allocator_traits<std::allocator<_CharT> >::construct(std::allocator_traits<std::allocator<_CharT> >::allocator_type&, _Up*, _Args&& ...) [with _Up = pcl::PointCloud<pcl::PointXYZ>; _Args = {std::shared_ptr<pcl::PointCloud<pcl::PointXYZ> >&}; _Tp = pcl::PointCloud<pcl::PointXYZ>; std::allocator_traits<std::allocator<_CharT> >::allocator_type = std::allocator<pcl::PointCloud<pcl::PointXYZ> >][m[K’
[6.554s] [01m[K/usr/include/c++/11/bits/shared_ptr_base.h:519:39:[m[K   required from ‘[01m[Kstd::_Sp_counted_ptr_inplace<_Tp, _Alloc, _Lp>::_Sp_counted_ptr_inplace(_Alloc, _Args&& ...) [with _Args = {std::shared_ptr<pcl::PointCloud<pcl::PointXYZ> >&}; _Tp = pcl::PointCloud<pcl::PointXYZ>; _Alloc = std::allocator<pcl::PointCloud<pcl::PointXYZ> >; __gnu_cxx::_Lock_policy _Lp = __gnu_cxx::_S_atomic][m[K’
[6.554s] [01m[K/usr/include/c++/11/bits/shared_ptr_base.h:650:16:[m[K   required from ‘[01m[Kstd::__shared_count<_Lp>::__shared_count(_Tp*&, std::_Sp_alloc_shared_tag<_Alloc>, _Args&& ...) [with _Tp = pcl::PointCloud<pcl::PointXYZ>; _Alloc = std::allocator<pcl::PointCloud<pcl::PointXYZ> >; _Args = {std::shared_ptr<pcl::PointCloud<pcl::PointXYZ> >&}; __gnu_cxx::_Lock_policy _Lp = __gnu_cxx::_S_atomic][m[K’
[6.554s] [01m[K/usr/include/c++/11/bits/shared_ptr_base.h:1342:14:[m[K   required from ‘[01m[Kstd::__shared_ptr<_Tp, _Lp>::__shared_ptr(std::_Sp_alloc_shared_tag<_Tp>, _Args&& ...) [with _Alloc = std::allocator<pcl::PointCloud<pcl::PointXYZ> >; _Args = {std::shared_ptr<pcl::PointCloud<pcl::PointXYZ> >&}; _Tp = pcl::PointCloud<pcl::PointXYZ>; __gnu_cxx::_Lock_policy _Lp = __gnu_cxx::_S_atomic][m[K’
[6.554s] [01m[K/usr/include/c++/11/bits/shared_ptr.h:409:59:[m[K   required from ‘[01m[Kstd::shared_ptr<_Tp>::shared_ptr(std::_Sp_alloc_shared_tag<_Tp>, _Args&& ...) [with _Alloc = std::allocator<pcl::PointCloud<pcl::PointXYZ> >; _Args = {std::shared_ptr<pcl::PointCloud<pcl::PointXYZ> >&}; _Tp = pcl::PointCloud<pcl::PointXYZ>][m[K’
[6.554s] [01m[K/usr/include/c++/11/bits/shared_ptr.h:862:14:[m[K   required from ‘[01m[Kstd::shared_ptr<_Tp> std::allocate_shared(const _Alloc&, _Args&& ...) [with _Tp = pcl::PointCloud<pcl::PointXYZ>; _Alloc = std::allocator<pcl::PointCloud<pcl::PointXYZ> >; _Args = {std::shared_ptr<pcl::PointCloud<pcl::PointXYZ> >&}][m[K’
[6.554s] [01m[K/usr/include/c++/11/bits/shared_ptr.h:878:39:[m[K   required from ‘[01m[Kstd::shared_ptr<_Tp> std::make_shared(_Args&& ...) [with _Tp = pcl::PointCloud<pcl::PointXYZ>; _Args = {std::shared_ptr<pcl::PointCloud<pcl::PointXYZ> >&}][m[K’
[6.554s] [01m[K/home/jerry/limx_ws/src/lidar_odometry_0/src/lidar_odometry_0.cpp:84:74:[m[K   required from here
[6.554s] [01m[K/usr/include/c++/11/ext/new_allocator.h:162:11:[m[K [01;31m[Kerror: [m[Kno matching function for call to ‘[01m[Kpcl::PointCloud<pcl::PointXYZ>::PointCloud(std::shared_ptr<pcl::PointCloud<pcl::PointXYZ> >&)[m[K’
[6.554s]   162 |         { [01;31m[K::new((void *)__p) _Up(std::forward<_Args>(__args)...)[m[K; }
[6.554s]       |           [01;31m[K^~~~~~~~~~~~~~~~~~~~~~~~~~~~~~~~~~~~~~~~~~~~~~~~~~~~~~[m[K
[6.554s] In file included from [01m[K/usr/include/pcl-1.12/pcl/common/io.h:46[m[K,
[6.554s]                  from [01m[K/usr/include/pcl-1.12/pcl/registration/correspondence_estimation.h:43[m[K,
[6.554s]                  from [01m[K/usr/include/pcl-1.12/pcl/registration/icp.h:44[m[K,
[6.554s]                  from [01m[K/usr/include/pcl-1.12/pcl/registration/gicp.h:44[m[K,
[6.554s]                  from [01m[K/home/jerry/limx_ws/src/lidar_odometry_0/include/lidar_odometry/lidar_odometry_0.hpp:7[m[K,
[6.554s]                  from [01m[K/home/jerry/limx_ws/src/lidar_odometry_0/src/lidar_odometry_0.cpp:2[m[K:
[6.554s] [01m[K/usr/include/pcl-1.12/pcl/point_cloud.h:201:7:[m[K [01;36m[Knote: [m[Kcandidate: ‘[01m[Kpcl::PointCloud<PointT>::PointCloud(uint32_t, uint32_t, const PointT&) [with PointT = pcl::PointXYZ; uint32_t = unsigned int][m[K’
[6.554s]   201 |       [01;36m[KPointCloud[m[K (std::uint32_t width_, std::uint32_t height_, const PointT& value_ = PointT ())
[6.554s]       |       [01;36m[K^~~~~~~~~~[m[K
[6.555s] [01m[K/usr/include/pcl-1.12/pcl/point_cloud.h:201:7:[m[K [01;36m[Knote: [m[K  candidate expects 3 arguments, 1 provided
[6.555s] [01m[K/usr/include/pcl-1.12/pcl/point_cloud.h:185:7:[m[K [01;36m[Knote: [m[Kcandidate: ‘[01m[Kpcl::PointCloud<PointT>::PointCloud(const pcl::PointCloud<PointT>&, const Indices&) [with PointT = pcl::PointXYZ; pcl::Indices = std::vector<int, std::allocator<int> >][m[K’
[6.555s]   185 |       [01;36m[KPointCloud[m[K (const PointCloud<PointT> &pc,
[6.555s]       |       [01;36m[K^~~~~~~~~~[m[K
[6.555s] [01m[K/usr/include/pcl-1.12/pcl/point_cloud.h:185:7:[m[K [01;36m[Knote: [m[K  candidate expects 2 arguments, 1 provided
[6.555s] [01m[K/usr/include/pcl-1.12/pcl/point_cloud.h:179:7:[m[K [01;36m[Knote: [m[Kcandidate: ‘[01m[Kpcl::PointCloud<PointT>::PointCloud() [with PointT = pcl::PointXYZ][m[K’
[6.555s]   179 |       [01;36m[KPointCloud[m[K () = default;
[6.555s]       |       [01;36m[K^~~~~~~~~~[m[K
[6.555s] [01m[K/usr/include/pcl-1.12/pcl/point_cloud.h:179:7:[m[K [01;36m[Knote: [m[K  candidate expects 0 arguments, 1 provided
[6.555s] [01m[K/usr/include/pcl-1.12/pcl/point_cloud.h:172:21:[m[K [01;36m[Knote: [m[Kcandidate: ‘[01m[Kpcl::PointCloud<pcl::PointXYZ>::PointCloud(const pcl::PointCloud<pcl::PointXYZ>&)[m[K’
[6.555s]   172 |   class PCL_EXPORTS [01;36m[KPointCloud[m[K
[6.555s]       |                     [01;36m[K^~~~~~~~~~[m[K
[6.555s] [01m[K/usr/include/pcl-1.12/pcl/point_cloud.h:172:21:[m[K [01;36m[Knote: [m[K  no known conversion for argument 1 from ‘[01m[Kstd::shared_ptr<pcl::PointCloud<pcl::PointXYZ> >[m[K’ to ‘[01m[Kconst pcl::PointCloud<pcl::PointXYZ>&[m[K’
[6.555s] [01m[K/usr/include/pcl-1.12/pcl/point_cloud.h:172:21:[m[K [01;36m[Knote: [m[Kcandidate: ‘[01m[Kpcl::PointCloud<pcl::PointXYZ>::PointCloud(pcl::PointCloud<pcl::PointXYZ>&&)[m[K’
[6.555s] [01m[K/usr/include/pcl-1.12/pcl/point_cloud.h:172:21:[m[K [01;36m[Knote: [m[K  no known conversion for argument 1 from ‘[01m[Kstd::shared_ptr<pcl::PointCloud<pcl::PointXYZ> >[m[K’ to ‘[01m[Kpcl::PointCloud<pcl::PointXYZ>&&[m[K’
[10.416s] gmake[2]: *** [CMakeFiles/lidar_odometry_node_0.dir/build.make:90: CMakeFiles/lidar_odometry_node_0.dir/src/lidar_odometry_0.cpp.o] Error 1
[10.416s] gmake[2]: *** Waiting for unfinished jobs....
[11.198s] gmake[1]: *** [CMakeFiles/Makefile2:137: CMakeFiles/lidar_odometry_node_0.dir/all] Error 2
[11.198s] gmake: *** [Makefile:146: all] Error 2
[11.201s] Invoked command in '/home/jerry/limx_ws/build/lidar_odometry_0' returned '2': CMAKE_PREFIX_PATH=/opt/ros/humble /usr/bin/cmake --build /home/jerry/limx_ws/build/lidar_odometry_0 -- -j8 -l8
