[0.034s] Invoking command in '/home/jerry/limx_ws/build/lidar_odometry': CMAKE_PREFIX_PATH=/opt/ros/humble:${CMAKE_PREFIX_PATH} /usr/bin/cmake --build /home/jerry/limx_ws/build/lidar_odometry -- -j8 -l8
[0.119s] [35m[1mConsolidate compiler generated dependencies of target lidar_odometry_node[0m
[0.163s] [ 20%] [32mBuilding CXX object CMakeFiles/scan_corrector_node.dir/src/scan_corrector_node.cpp.o[0m
[0.184s] [ 40%] [32mBuilding CXX object CMakeFiles/lidar_odometry_node.dir/src/lidar_odometry_node.cpp.o[0m
[11.041s] [ 60%] [32m[1mLinking CXX executable scan_corrector_node[0m
[11.611s] [ 60%] Built target scan_corrector_node
[12.233s] [ 80%] [32m[1mLinking CXX executable lidar_odometry_node[0m
[13.334s] [100%] Built target lidar_odometry_node
[13.353s] Invoked command in '/home/jerry/limx_ws/build/lidar_odometry' returned '0': CMAKE_PREFIX_PATH=/opt/ros/humble:${CMAKE_PREFIX_PATH} /usr/bin/cmake --build /home/jerry/limx_ws/build/lidar_odometry -- -j8 -l8
[13.355s] Invoking command in '/home/jerry/limx_ws/build/lidar_odometry': CMAKE_PREFIX_PATH=/opt/ros/humble:${CMAKE_PREFIX_PATH} /usr/bin/cmake --install /home/jerry/limx_ws/build/lidar_odometry
[13.366s] -- Install configuration: ""
[13.367s] -- Installing: /home/jerry/limx_ws/install/lidar_odometry/lib/lidar_odometry/lidar_odometry_node
[13.378s] -- Set runtime path of "/home/jerry/limx_ws/install/lidar_odometry/lib/lidar_odometry/lidar_odometry_node" to ""
[13.379s] -- Installing: /home/jerry/limx_ws/install/lidar_odometry/lib/lidar_odometry/scan_corrector_node
[13.567s] -- Set runtime path of "/home/jerry/limx_ws/install/lidar_odometry/lib/lidar_odometry/scan_corrector_node" to ""
[13.567s] -- Up-to-date: /home/jerry/limx_ws/install/lidar_odometry/share/ament_index/resource_index/package_run_dependencies/lidar_odometry
[13.567s] -- Up-to-date: /home/jerry/limx_ws/install/lidar_odometry/share/ament_index/resource_index/parent_prefix_path/lidar_odometry
[13.567s] -- Up-to-date: /home/jerry/limx_ws/install/lidar_odometry/share/lidar_odometry/environment/ament_prefix_path.sh
[13.567s] -- Up-to-date: /home/jerry/limx_ws/install/lidar_odometry/share/lidar_odometry/environment/ament_prefix_path.dsv
[13.567s] -- Up-to-date: /home/jerry/limx_ws/install/lidar_odometry/share/lidar_odometry/environment/path.sh
[13.567s] -- Up-to-date: /home/jerry/limx_ws/install/lidar_odometry/share/lidar_odometry/environment/path.dsv
[13.567s] -- Up-to-date: /home/jerry/limx_ws/install/lidar_odometry/share/lidar_odometry/local_setup.bash
[13.567s] -- Up-to-date: /home/jerry/limx_ws/install/lidar_odometry/share/lidar_odometry/local_setup.sh
[13.567s] -- Up-to-date: /home/jerry/limx_ws/install/lidar_odometry/share/lidar_odometry/local_setup.zsh
[13.568s] -- Up-to-date: /home/jerry/limx_ws/install/lidar_odometry/share/lidar_odometry/local_setup.dsv
[13.568s] -- Installing: /home/jerry/limx_ws/install/lidar_odometry/share/lidar_odometry/package.dsv
[13.568s] -- Up-to-date: /home/jerry/limx_ws/install/lidar_odometry/share/ament_index/resource_index/packages/lidar_odometry
[13.568s] -- Up-to-date: /home/jerry/limx_ws/install/lidar_odometry/share/lidar_odometry/cmake/lidar_odometryConfig.cmake
[13.568s] -- Up-to-date: /home/jerry/limx_ws/install/lidar_odometry/share/lidar_odometry/cmake/lidar_odometryConfig-version.cmake
[13.568s] -- Up-to-date: /home/jerry/limx_ws/install/lidar_odometry/share/lidar_odometry/package.xml
[13.570s] Invoked command in '/home/jerry/limx_ws/build/lidar_odometry' returned '0': CMAKE_PREFIX_PATH=/opt/ros/humble:${CMAKE_PREFIX_PATH} /usr/bin/cmake --install /home/jerry/limx_ws/build/lidar_odometry
