[0.040s] Invoking command in '/home/jerry/limx_ws/build/robot_controllers': AMENT_PREFIX_PATH=/home/jerry/limx_ws/install/limxsdk_lowlevel:${AMENT_PREFIX_PATH} CMAKE_PREFIX_PATH=/home/jerry/limx_ws/install/limxsdk_lowlevel:/opt/ros/humble LD_LIBRARY_PATH=/home/jerry/limx_ws/install/limxsdk_lowlevel/lib:${LD_LIBRARY_PATH} /usr/bin/cmake --build /home/jerry/limx_ws/build/robot_controllers -- -j8 -l8
[0.328s] [100%] Built target robot_controllers
[0.369s] Invoked command in '/home/jerry/limx_ws/build/robot_controllers' returned '0': AMENT_PREFIX_PATH=/home/jerry/limx_ws/install/limxsdk_lowlevel:${AMENT_PREFIX_PATH} CMAKE_PREFIX_PATH=/home/jerry/limx_ws/install/limxsdk_lowlevel:/opt/ros/humble LD_LIBRARY_PATH=/home/jerry/limx_ws/install/limxsdk_lowlevel/lib:${LD_LIBRARY_PATH} /usr/bin/cmake --build /home/jerry/limx_ws/build/robot_controllers -- -j8 -l8
[0.378s] Invoking command in '/home/jerry/limx_ws/build/robot_controllers': AMENT_PREFIX_PATH=/home/jerry/limx_ws/install/limxsdk_lowlevel:${AMENT_PREFIX_PATH} CMAKE_PREFIX_PATH=/home/jerry/limx_ws/install/limxsdk_lowlevel:/opt/ros/humble LD_LIBRARY_PATH=/home/jerry/limx_ws/install/limxsdk_lowlevel/lib:${LD_LIBRARY_PATH} /usr/bin/cmake --install /home/jerry/limx_ws/build/robot_controllers
[0.408s] -- Install configuration: ""
[0.413s] -- Up-to-date: /home/jerry/limx_ws/install/robot_controllers/share/robot_controllers/robot_controllers_plugin.xml
[0.414s] -- Up-to-date: /home/jerry/limx_ws/install/robot_controllers/lib/librobot_controllers.so
[0.416s] -- Up-to-date: /home/jerry/limx_ws/install/robot_controllers/include
[0.417s] -- Up-to-date: /home/jerry/limx_ws/install/robot_controllers/include/robot_controllers
[0.424s] -- Up-to-date: /home/jerry/limx_ws/install/robot_controllers/include/robot_controllers/WheelfootController.h
[0.427s] -- Up-to-date: /home/jerry/limx_ws/install/robot_controllers/include/robot_controllers/PointfootController.h
[0.427s] -- Up-to-date: /home/jerry/limx_ws/install/robot_controllers/include/robot_controllers/ControllerBase.h
[0.427s] -- Up-to-date: /home/jerry/limx_ws/install/robot_controllers/include/robot_controllers/SolefootController.h
[0.428s] -- Up-to-date: /home/jerry/limx_ws/install/robot_controllers/share/robot_controllers//config
[0.429s] -- Up-to-date: /home/jerry/limx_ws/install/robot_controllers/share/robot_controllers//config/pointfoot
[0.429s] -- Up-to-date: /home/jerry/limx_ws/install/robot_controllers/share/robot_controllers//config/pointfoot/PF_P441B
[0.429s] -- Up-to-date: /home/jerry/limx_ws/install/robot_controllers/share/robot_controllers//config/pointfoot/PF_P441B/params.yaml
[0.430s] -- Up-to-date: /home/jerry/limx_ws/install/robot_controllers/share/robot_controllers//config/pointfoot/PF_P441B/policy
[0.430s] -- Up-to-date: /home/jerry/limx_ws/install/robot_controllers/share/robot_controllers//config/pointfoot/PF_P441B/policy/isaaclab
[0.431s] -- Up-to-date: /home/jerry/limx_ws/install/robot_controllers/share/robot_controllers//config/pointfoot/PF_P441B/policy/isaaclab/encoder.onnx
[0.431s] -- Up-to-date: /home/jerry/limx_ws/install/robot_controllers/share/robot_controllers//config/pointfoot/PF_P441B/policy/isaaclab/policy.onnx
[0.431s] -- Up-to-date: /home/jerry/limx_ws/install/robot_controllers/share/robot_controllers//config/pointfoot/PF_P441B/policy/isaacgym
[0.431s] -- Up-to-date: /home/jerry/limx_ws/install/robot_controllers/share/robot_controllers//config/pointfoot/PF_P441B/policy/isaacgym/encoder.onnx
[0.431s] -- Up-to-date: /home/jerry/limx_ws/install/robot_controllers/share/robot_controllers//config/pointfoot/PF_P441B/policy/isaacgym/policy.onnx
[0.432s] -- Up-to-date: /home/jerry/limx_ws/install/robot_controllers/share/robot_controllers//config/pointfoot/PF_TRON1B
[0.432s] -- Up-to-date: /home/jerry/limx_ws/install/robot_controllers/share/robot_controllers//config/pointfoot/PF_TRON1B/params.yaml
[0.432s] -- Up-to-date: /home/jerry/limx_ws/install/robot_controllers/share/robot_controllers//config/pointfoot/PF_TRON1B/policy
[0.437s] -- Up-to-date: /home/jerry/limx_ws/install/robot_controllers/share/robot_controllers//config/pointfoot/PF_TRON1B/policy/isaaclab
[0.438s] -- Up-to-date: /home/jerry/limx_ws/install/robot_controllers/share/robot_controllers//config/pointfoot/PF_TRON1B/policy/isaaclab/encoder.onnx
[0.439s] -- Up-to-date: /home/jerry/limx_ws/install/robot_controllers/share/robot_controllers//config/pointfoot/PF_TRON1B/policy/isaaclab/policy.onnx
[0.440s] -- Up-to-date: /home/jerry/limx_ws/install/robot_controllers/share/robot_controllers//config/pointfoot/PF_TRON1B/policy/isaacgym
[0.444s] -- Up-to-date: /home/jerry/limx_ws/install/robot_controllers/share/robot_controllers//config/pointfoot/PF_TRON1B/policy/isaacgym/encoder.onnx
[0.444s] -- Up-to-date: /home/jerry/limx_ws/install/robot_controllers/share/robot_controllers//config/pointfoot/PF_TRON1B/policy/isaacgym/policy.onnx
[0.444s] -- Up-to-date: /home/jerry/limx_ws/install/robot_controllers/share/robot_controllers//config/pointfoot/PF_P441A
[0.444s] -- Up-to-date: /home/jerry/limx_ws/install/robot_controllers/share/robot_controllers//config/pointfoot/PF_P441A/params.yaml
[0.445s] -- Up-to-date: /home/jerry/limx_ws/install/robot_controllers/share/robot_controllers//config/pointfoot/PF_P441A/policy
[0.445s] -- Up-to-date: /home/jerry/limx_ws/install/robot_controllers/share/robot_controllers//config/pointfoot/PF_P441A/policy/isaaclab
[0.446s] -- Up-to-date: /home/jerry/limx_ws/install/robot_controllers/share/robot_controllers//config/pointfoot/PF_P441A/policy/isaaclab/encoder.onnx
[0.450s] -- Up-to-date: /home/jerry/limx_ws/install/robot_controllers/share/robot_controllers//config/pointfoot/PF_P441A/policy/isaaclab/policy.onnx
[0.451s] -- Up-to-date: /home/jerry/limx_ws/install/robot_controllers/share/robot_controllers//config/pointfoot/PF_P441A/policy/isaacgym
[0.451s] -- Up-to-date: /home/jerry/limx_ws/install/robot_controllers/share/robot_controllers//config/pointfoot/PF_P441A/policy/isaacgym/encoder.onnx
[0.451s] -- Up-to-date: /home/jerry/limx_ws/install/robot_controllers/share/robot_controllers//config/pointfoot/PF_P441A/policy/isaacgym/policy.onnx
[0.452s] -- Up-to-date: /home/jerry/limx_ws/install/robot_controllers/share/robot_controllers//config/pointfoot/WF_TRON1B
[0.454s] -- Up-to-date: /home/jerry/limx_ws/install/robot_controllers/share/robot_controllers//config/pointfoot/WF_TRON1B/params.yaml
[0.455s] -- Up-to-date: /home/jerry/limx_ws/install/robot_controllers/share/robot_controllers//config/pointfoot/WF_TRON1B/policy
[0.455s] -- Up-to-date: /home/jerry/limx_ws/install/robot_controllers/share/robot_controllers//config/pointfoot/WF_TRON1B/policy/isaaclab
[0.456s] -- Up-to-date: /home/jerry/limx_ws/install/robot_controllers/share/robot_controllers//config/pointfoot/WF_TRON1B/policy/isaaclab/encoder.onnx
[0.456s] -- Up-to-date: /home/jerry/limx_ws/install/robot_controllers/share/robot_controllers//config/pointfoot/WF_TRON1B/policy/isaaclab/policy.onnx
[0.457s] -- Up-to-date: /home/jerry/limx_ws/install/robot_controllers/share/robot_controllers//config/pointfoot/WF_TRON1B/policy/isaacgym
[0.459s] -- Up-to-date: /home/jerry/limx_ws/install/robot_controllers/share/robot_controllers//config/pointfoot/WF_TRON1B/policy/isaacgym/encoder.onnx
[0.460s] -- Up-to-date: /home/jerry/limx_ws/install/robot_controllers/share/robot_controllers//config/pointfoot/WF_TRON1B/policy/isaacgym/policy.onnx
[0.462s] -- Up-to-date: /home/jerry/limx_ws/install/robot_controllers/share/robot_controllers//config/pointfoot/SF_TRON1B
[0.462s] -- Up-to-date: /home/jerry/limx_ws/install/robot_controllers/share/robot_controllers//config/pointfoot/SF_TRON1B/params.yaml
[0.463s] -- Up-to-date: /home/jerry/limx_ws/install/robot_controllers/share/robot_controllers//config/pointfoot/SF_TRON1B/policy
[0.464s] -- Up-to-date: /home/jerry/limx_ws/install/robot_controllers/share/robot_controllers//config/pointfoot/SF_TRON1B/policy/isaaclab
[0.465s] -- Up-to-date: /home/jerry/limx_ws/install/robot_controllers/share/robot_controllers//config/pointfoot/SF_TRON1B/policy/isaaclab/encoder.onnx
[0.465s] -- Up-to-date: /home/jerry/limx_ws/install/robot_controllers/share/robot_controllers//config/pointfoot/SF_TRON1B/policy/isaaclab/policy.onnx
[0.466s] -- Up-to-date: /home/jerry/limx_ws/install/robot_controllers/share/robot_controllers//config/pointfoot/SF_TRON1B/policy/isaacgym
[0.467s] -- Up-to-date: /home/jerry/limx_ws/install/robot_controllers/share/robot_controllers//config/pointfoot/SF_TRON1B/policy/isaacgym/encoder.onnx
[0.469s] -- Up-to-date: /home/jerry/limx_ws/install/robot_controllers/share/robot_controllers//config/pointfoot/SF_TRON1B/policy/isaacgym/policy.onnx
[0.470s] -- Up-to-date: /home/jerry/limx_ws/install/robot_controllers/share/robot_controllers//config/pointfoot/PF_P441C2
[0.490s] -- Up-to-date: /home/jerry/limx_ws/install/robot_controllers/share/robot_controllers//config/pointfoot/PF_P441C2/params.yaml
[0.490s] -- Up-to-date: /home/jerry/limx_ws/install/robot_controllers/share/robot_controllers//config/pointfoot/PF_P441C2/policy
[0.493s] -- Up-to-date: /home/jerry/limx_ws/install/robot_controllers/share/robot_controllers//config/pointfoot/PF_P441C2/policy/isaaclab
[0.495s] -- Up-to-date: /home/jerry/limx_ws/install/robot_controllers/share/robot_controllers//config/pointfoot/PF_P441C2/policy/isaaclab/encoder.onnx
[0.495s] -- Up-to-date: /home/jerry/limx_ws/install/robot_controllers/share/robot_controllers//config/pointfoot/PF_P441C2/policy/isaaclab/policy.onnx
[0.496s] -- Up-to-date: /home/jerry/limx_ws/install/robot_controllers/share/robot_controllers//config/pointfoot/PF_P441C2/policy/isaacgym
[0.497s] -- Up-to-date: /home/jerry/limx_ws/install/robot_controllers/share/robot_controllers//config/pointfoot/PF_P441C2/policy/isaacgym/encoder.onnx
[0.499s] -- Up-to-date: /home/jerry/limx_ws/install/robot_controllers/share/robot_controllers//config/pointfoot/PF_P441C2/policy/isaacgym/policy.onnx
[0.500s] -- Up-to-date: /home/jerry/limx_ws/install/robot_controllers/share/robot_controllers//config/pointfoot/WF_TRON1A
[0.510s] -- Up-to-date: /home/jerry/limx_ws/install/robot_controllers/share/robot_controllers//config/pointfoot/WF_TRON1A/params.yaml
[0.510s] -- Up-to-date: /home/jerry/limx_ws/install/robot_controllers/share/robot_controllers//config/pointfoot/WF_TRON1A/policy
[0.516s] -- Up-to-date: /home/jerry/limx_ws/install/robot_controllers/share/robot_controllers//config/pointfoot/WF_TRON1A/policy/isaaclab
[0.520s] -- Up-to-date: /home/jerry/limx_ws/install/robot_controllers/share/robot_controllers//config/pointfoot/WF_TRON1A/policy/isaaclab/encoder.onnx
[0.527s] -- Up-to-date: /home/jerry/limx_ws/install/robot_controllers/share/robot_controllers//config/pointfoot/WF_TRON1A/policy/isaaclab/policy.onnx
[0.527s] -- Up-to-date: /home/jerry/limx_ws/install/robot_controllers/share/robot_controllers//config/pointfoot/WF_TRON1A/policy/isaacgym
[0.528s] -- Up-to-date: /home/jerry/limx_ws/install/robot_controllers/share/robot_controllers//config/pointfoot/WF_TRON1A/policy/isaacgym/encoder.onnx
[0.529s] -- Up-to-date: /home/jerry/limx_ws/install/robot_controllers/share/robot_controllers//config/pointfoot/WF_TRON1A/policy/isaacgym/policy.onnx
[0.530s] -- Up-to-date: /home/jerry/limx_ws/install/robot_controllers/share/robot_controllers//config/pointfoot/SF_TRON1A
[0.530s] -- Up-to-date: /home/jerry/limx_ws/install/robot_controllers/share/robot_controllers//config/pointfoot/SF_TRON1A/params.yaml
[0.531s] -- Up-to-date: /home/jerry/limx_ws/install/robot_controllers/share/robot_controllers//config/pointfoot/SF_TRON1A/policy
[0.532s] -- Up-to-date: /home/jerry/limx_ws/install/robot_controllers/share/robot_controllers//config/pointfoot/SF_TRON1A/policy/isaaclab
[0.533s] -- Up-to-date: /home/jerry/limx_ws/install/robot_controllers/share/robot_controllers//config/pointfoot/SF_TRON1A/policy/isaaclab/encoder.onnx
[0.534s] -- Up-to-date: /home/jerry/limx_ws/install/robot_controllers/share/robot_controllers//config/pointfoot/SF_TRON1A/policy/isaaclab/policy.onnx
[0.535s] -- Up-to-date: /home/jerry/limx_ws/install/robot_controllers/share/robot_controllers//config/pointfoot/SF_TRON1A/policy/isaacgym
[0.535s] -- Up-to-date: /home/jerry/limx_ws/install/robot_controllers/share/robot_controllers//config/pointfoot/SF_TRON1A/policy/isaacgym/encoder.onnx
[0.536s] -- Up-to-date: /home/jerry/limx_ws/install/robot_controllers/share/robot_controllers//config/pointfoot/SF_TRON1A/policy/isaacgym/policy.onnx
[0.536s] -- Up-to-date: /home/jerry/limx_ws/install/robot_controllers/share/robot_controllers//config/pointfoot/PF_TRON1A
[0.539s] -- Up-to-date: /home/jerry/limx_ws/install/robot_controllers/share/robot_controllers//config/pointfoot/PF_TRON1A/params.yaml
[0.539s] -- Up-to-date: /home/jerry/limx_ws/install/robot_controllers/share/robot_controllers//config/pointfoot/PF_TRON1A/policy
[0.539s] -- Up-to-date: /home/jerry/limx_ws/install/robot_controllers/share/robot_controllers//config/pointfoot/PF_TRON1A/policy/isaaclab
[0.540s] -- Up-to-date: /home/jerry/limx_ws/install/robot_controllers/share/robot_controllers//config/pointfoot/PF_TRON1A/policy/isaaclab/encoder.onnx
[0.540s] -- Up-to-date: /home/jerry/limx_ws/install/robot_controllers/share/robot_controllers//config/pointfoot/PF_TRON1A/policy/isaaclab/policy.onnx
[0.541s] -- Up-to-date: /home/jerry/limx_ws/install/robot_controllers/share/robot_controllers//config/pointfoot/PF_TRON1A/policy/isaacgym
[0.541s] -- Up-to-date: /home/jerry/limx_ws/install/robot_controllers/share/robot_controllers//config/pointfoot/PF_TRON1A/policy/isaacgym/encoder.onnx
[0.541s] -- Up-to-date: /home/jerry/limx_ws/install/robot_controllers/share/robot_controllers//config/pointfoot/PF_TRON1A/policy/isaacgym/policy.onnx
[0.541s] -- Up-to-date: /home/jerry/limx_ws/install/robot_controllers/share/robot_controllers//config/pointfoot/PF_P441C
[0.542s] -- Up-to-date: /home/jerry/limx_ws/install/robot_controllers/share/robot_controllers//config/pointfoot/PF_P441C/params.yaml
[0.542s] -- Up-to-date: /home/jerry/limx_ws/install/robot_controllers/share/robot_controllers//config/pointfoot/PF_P441C/policy
[0.544s] -- Up-to-date: /home/jerry/limx_ws/install/robot_controllers/share/robot_controllers//config/pointfoot/PF_P441C/policy/isaaclab
[0.544s] -- Up-to-date: /home/jerry/limx_ws/install/robot_controllers/share/robot_controllers//config/pointfoot/PF_P441C/policy/isaaclab/encoder.onnx
[0.545s] -- Up-to-date: /home/jerry/limx_ws/install/robot_controllers/share/robot_controllers//config/pointfoot/PF_P441C/policy/isaaclab/policy.onnx
[0.545s] -- Up-to-date: /home/jerry/limx_ws/install/robot_controllers/share/robot_controllers//config/pointfoot/PF_P441C/policy/isaacgym
[0.546s] -- Up-to-date: /home/jerry/limx_ws/install/robot_controllers/share/robot_controllers//config/pointfoot/PF_P441C/policy/isaacgym/encoder.onnx
[0.547s] -- Up-to-date: /home/jerry/limx_ws/install/robot_controllers/share/robot_controllers//config/pointfoot/PF_P441C/policy/isaacgym/policy.onnx
[0.547s] -- Up-to-date: /home/jerry/limx_ws/install/robot_controllers/share/robot_controllers//config/robot_controllers.yaml
[0.548s] -- Up-to-date: /home/jerry/limx_ws/install/robot_controllers/share/robot_controllers/environment/library_path.sh
[0.548s] -- Up-to-date: /home/jerry/limx_ws/install/robot_controllers/share/robot_controllers/environment/library_path.dsv
[0.548s] -- Up-to-date: /home/jerry/limx_ws/install/robot_controllers/share/ament_index/resource_index/package_run_dependencies/robot_controllers
[0.549s] -- Up-to-date: /home/jerry/limx_ws/install/robot_controllers/share/ament_index/resource_index/parent_prefix_path/robot_controllers
[0.550s] -- Up-to-date: /home/jerry/limx_ws/install/robot_controllers/share/robot_controllers/environment/ament_prefix_path.sh
[0.550s] -- Up-to-date: /home/jerry/limx_ws/install/robot_controllers/share/robot_controllers/environment/ament_prefix_path.dsv
[0.550s] -- Up-to-date: /home/jerry/limx_ws/install/robot_controllers/share/robot_controllers/environment/path.sh
[0.551s] -- Up-to-date: /home/jerry/limx_ws/install/robot_controllers/share/robot_controllers/environment/path.dsv
[0.551s] -- Up-to-date: /home/jerry/limx_ws/install/robot_controllers/share/robot_controllers/local_setup.bash
[0.552s] -- Up-to-date: /home/jerry/limx_ws/install/robot_controllers/share/robot_controllers/local_setup.sh
[0.552s] -- Up-to-date: /home/jerry/limx_ws/install/robot_controllers/share/robot_controllers/local_setup.zsh
[0.552s] -- Up-to-date: /home/jerry/limx_ws/install/robot_controllers/share/robot_controllers/local_setup.dsv
[0.552s] -- Installing: /home/jerry/limx_ws/install/robot_controllers/share/robot_controllers/package.dsv
[0.553s] -- Up-to-date: /home/jerry/limx_ws/install/robot_controllers/share/ament_index/resource_index/packages/robot_controllers
[0.554s] -- Up-to-date: /home/jerry/limx_ws/install/robot_controllers/share/ament_index/resource_index/controller_interface__pluginlib__plugin/robot_controllers
[0.554s] -- Up-to-date: /home/jerry/limx_ws/install/robot_controllers/share/robot_controllers/cmake/ament_cmake_export_include_directories-extras.cmake
[0.554s] -- Up-to-date: /home/jerry/limx_ws/install/robot_controllers/share/robot_controllers/cmake/ament_cmake_export_libraries-extras.cmake
[0.555s] -- Up-to-date: /home/jerry/limx_ws/install/robot_controllers/share/robot_controllers/cmake/ament_cmake_export_dependencies-extras.cmake
[0.556s] -- Up-to-date: /home/jerry/limx_ws/install/robot_controllers/share/robot_controllers/cmake/robot_controllersConfig.cmake
[0.556s] -- Up-to-date: /home/jerry/limx_ws/install/robot_controllers/share/robot_controllers/cmake/robot_controllersConfig-version.cmake
[0.556s] -- Up-to-date: /home/jerry/limx_ws/install/robot_controllers/share/robot_controllers/package.xml
[0.606s] Invoked command in '/home/jerry/limx_ws/build/robot_controllers' returned '0': AMENT_PREFIX_PATH=/home/jerry/limx_ws/install/limxsdk_lowlevel:${AMENT_PREFIX_PATH} CMAKE_PREFIX_PATH=/home/jerry/limx_ws/install/limxsdk_lowlevel:/opt/ros/humble LD_LIBRARY_PATH=/home/jerry/limx_ws/install/limxsdk_lowlevel/lib:${LD_LIBRARY_PATH} /usr/bin/cmake --install /home/jerry/limx_ws/build/robot_controllers
