[0.101s] Invoking command in '/home/jerry/limx_ws/build/lidar_odometry_0': CMAKE_PREFIX_PATH=/home/jerry/limx_ws/install/scan_corrector:/opt/ros/humble:/home/jerry/limx_ws/install/robot_visualization:/home/jerry/limx_ws/install/robot_hw:/home/jerry/limx_ws/install/robot_description:/home/jerry/limx_ws/install/robot_controllers:/home/jerry/limx_ws/install/pointfoot_gazebo:/home/jerry/limx_ws/install/mrosbridger:/home/jerry/limx_ws/install/lslidar_driver:/home/jerry/limx_ws/install/lslidar_msgs:/home/jerry/limx_ws/install/limxsdk_sim:/home/jerry/limx_ws/install/limxsdk_lowlevel:/home/jerry/limx_ws/install/lidar_odometry_0:/home/jerry/limx_ws/install/lidar_odometry:/home/jerry/limx_ws/install/controller_msgs /usr/bin/cmake --build /home/jerry/limx_ws/build/lidar_odometry_0 -- -j8 -l8
[0.632s] [ 33%] [32mBuilding CXX object CMakeFiles/lidar_odometry_node_0.dir/src/lidar_odometry_node_0.cpp.o[0m
[17.722s] [01m[K/home/jerry/limx_ws/src/lidar_odometry_0/src/lidar_odometry_node_0.cpp:[m[K In member function ‘[01m[Kvoid LidarOdometryNode::publish_odometry()[m[K’:
[17.722s] [01m[K/home/jerry/limx_ws/src/lidar_odometry_0/src/lidar_odometry_node_0.cpp:100:34:[m[K [01;31m[Kerror: [m[Kinvalid use of non-static member function ‘[01m[Krclcpp::Time rclcpp::Node::now() const[m[K’
[17.723s]   100 |         transform.header.stamp = [01;31m[Know[m[K;
[17.723s]       |                                  [01;31m[K^~~[m[K
[17.723s] In file included from [01m[K/opt/ros/humble/include/rclcpp/rclcpp/executors/single_threaded_executor.hpp:28[m[K,
[17.723s]                  from [01m[K/opt/ros/humble/include/rclcpp/rclcpp/executors.hpp:22[m[K,
[17.723s]                  from [01m[K/opt/ros/humble/include/rclcpp/rclcpp/rclcpp.hpp:155[m[K,
[17.723s]                  from [01m[K/opt/ros/humble/include/pcl_conversions/pcl_conversions/pcl_conversions.h:43[m[K,
[17.724s]                  from [01m[K/home/jerry/limx_ws/src/lidar_odometry_0/src/lidar_odometry_node_0.cpp:3[m[K:
[17.724s] [01m[K/opt/ros/humble/include/rclcpp/rclcpp/node.hpp:1126:3:[m[K [01;36m[Knote: [m[Kdeclared here
[17.724s]  1126 |   [01;36m[Know[m[K() const;
[17.724s]       |   [01;36m[K^~~[m[K
[17.739s] [01m[K/home/jerry/limx_ws/src/lidar_odometry_0/src/lidar_odometry_node_0.cpp:115:9:[m[K [01;31m[Kerror: [m[K‘[01m[Ktf_broadcaster_[m[K’ was not declared in this scope
[17.739s]   115 |         [01;31m[Ktf_broadcaster_[m[K->sendTransform(transform);
[17.739s]       |         [01;31m[K^~~~~~~~~~~~~~~[m[K
[23.434s] gmake[2]: *** [CMakeFiles/lidar_odometry_node_0.dir/build.make:76: CMakeFiles/lidar_odometry_node_0.dir/src/lidar_odometry_node_0.cpp.o] Error 1
[23.434s] gmake[1]: *** [CMakeFiles/Makefile2:137: CMakeFiles/lidar_odometry_node_0.dir/all] Error 2
[23.435s] gmake: *** [Makefile:146: all] Error 2
[23.442s] Invoked command in '/home/jerry/limx_ws/build/lidar_odometry_0' returned '2': CMAKE_PREFIX_PATH=/home/jerry/limx_ws/install/scan_corrector:/opt/ros/humble:/home/jerry/limx_ws/install/robot_visualization:/home/jerry/limx_ws/install/robot_hw:/home/jerry/limx_ws/install/robot_description:/home/jerry/limx_ws/install/robot_controllers:/home/jerry/limx_ws/install/pointfoot_gazebo:/home/jerry/limx_ws/install/mrosbridger:/home/jerry/limx_ws/install/lslidar_driver:/home/jerry/limx_ws/install/lslidar_msgs:/home/jerry/limx_ws/install/limxsdk_sim:/home/jerry/limx_ws/install/limxsdk_lowlevel:/home/jerry/limx_ws/install/lidar_odometry_0:/home/jerry/limx_ws/install/lidar_odometry:/home/jerry/limx_ws/install/controller_msgs /usr/bin/cmake --build /home/jerry/limx_ws/build/lidar_odometry_0 -- -j8 -l8
