[0.070s] Invoking command in '/home/jerry/limx_ws/build/lidar_odometry_0': CMAKE_PREFIX_PATH=/opt/ros/humble /usr/bin/cmake --build /home/jerry/limx_ws/build/lidar_odometry_0 -- -j8 -l8
[0.520s] [100%] Built target lidar_odometry_node_0
[0.704s] Invoked command in '/home/jerry/limx_ws/build/lidar_odometry_0' returned '0': CMAKE_PREFIX_PATH=/opt/ros/humble /usr/bin/cmake --build /home/jerry/limx_ws/build/lidar_odometry_0 -- -j8 -l8
[0.705s] Invoking command in '/home/jerry/limx_ws/build/lidar_odometry_0': CMAKE_PREFIX_PATH=/opt/ros/humble /usr/bin/cmake --install /home/jerry/limx_ws/build/lidar_odometry_0
[0.727s] -- Install configuration: ""
[0.728s] -- Up-to-date: /home/jerry/limx_ws/install/lidar_odometry_0/lib/lidar_odometry_0/lidar_odometry_node_0
[0.730s] -- Up-to-date: /home/jerry/limx_ws/install/lidar_odometry_0/share/ament_index/resource_index/package_run_dependencies/lidar_odometry_0
[0.731s] -- Up-to-date: /home/jerry/limx_ws/install/lidar_odometry_0/share/ament_index/resource_index/parent_prefix_path/lidar_odometry_0
[0.731s] -- Up-to-date: /home/jerry/limx_ws/install/lidar_odometry_0/share/lidar_odometry_0/environment/ament_prefix_path.sh
[0.731s] -- Up-to-date: /home/jerry/limx_ws/install/lidar_odometry_0/share/lidar_odometry_0/environment/ament_prefix_path.dsv
[0.732s] -- Up-to-date: /home/jerry/limx_ws/install/lidar_odometry_0/share/lidar_odometry_0/environment/path.sh
[0.732s] -- Up-to-date: /home/jerry/limx_ws/install/lidar_odometry_0/share/lidar_odometry_0/environment/path.dsv
[0.733s] -- Up-to-date: /home/jerry/limx_ws/install/lidar_odometry_0/share/lidar_odometry_0/local_setup.bash
[0.733s] -- Up-to-date: /home/jerry/limx_ws/install/lidar_odometry_0/share/lidar_odometry_0/local_setup.sh
[0.734s] -- Up-to-date: /home/jerry/limx_ws/install/lidar_odometry_0/share/lidar_odometry_0/local_setup.zsh
[0.734s] -- Up-to-date: /home/jerry/limx_ws/install/lidar_odometry_0/share/lidar_odometry_0/local_setup.dsv
[0.735s] -- Installing: /home/jerry/limx_ws/install/lidar_odometry_0/share/lidar_odometry_0/package.dsv
[0.736s] -- Up-to-date: /home/jerry/limx_ws/install/lidar_odometry_0/share/ament_index/resource_index/packages/lidar_odometry_0
[0.737s] -- Up-to-date: /home/jerry/limx_ws/install/lidar_odometry_0/share/lidar_odometry_0/cmake/lidar_odometry_0Config.cmake
[0.737s] -- Up-to-date: /home/jerry/limx_ws/install/lidar_odometry_0/share/lidar_odometry_0/cmake/lidar_odometry_0Config-version.cmake
[0.738s] -- Up-to-date: /home/jerry/limx_ws/install/lidar_odometry_0/share/lidar_odometry_0/package.xml
[0.824s] Invoked command in '/home/jerry/limx_ws/build/lidar_odometry_0' returned '0': CMAKE_PREFIX_PATH=/opt/ros/humble /usr/bin/cmake --install /home/jerry/limx_ws/build/lidar_odometry_0
