[0.137s] Invoking command in '/home/jerry/limx_ws/build/limxsdk_lowlevel': CMAKE_PREFIX_PATH=/home/jerry/limx_ws/install/scan_corrector:/opt/ros/humble:/home/jerry/limx_ws/install/robot_visualization:/home/jerry/limx_ws/install/robot_hw:/home/jerry/limx_ws/install/robot_description:/home/jerry/limx_ws/install/robot_controllers:/home/jerry/limx_ws/install/pointfoot_gazebo:/home/jerry/limx_ws/install/mrosbridger:/home/jerry/limx_ws/install/lslidar_driver:/home/jerry/limx_ws/install/lslidar_msgs:/home/jerry/limx_ws/install/limxsdk_sim:/home/jerry/limx_ws/install/limxsdk_lowlevel:/home/jerry/limx_ws/install/lidar_odometry_0:/home/jerry/limx_ws/install/lidar_odometry:/home/jerry/limx_ws/install/controller_msgs /usr/bin/cmake --build /home/jerry/limx_ws/build/limxsdk_lowlevel -- -j8 -l8
[0.530s] [ 50%] Built target pf_joint_move
[0.532s] [100%] Built target pf_groupJoints_move
[0.622s] Invoked command in '/home/jerry/limx_ws/build/limxsdk_lowlevel' returned '0': CMAKE_PREFIX_PATH=/home/jerry/limx_ws/install/scan_corrector:/opt/ros/humble:/home/jerry/limx_ws/install/robot_visualization:/home/jerry/limx_ws/install/robot_hw:/home/jerry/limx_ws/install/robot_description:/home/jerry/limx_ws/install/robot_controllers:/home/jerry/limx_ws/install/pointfoot_gazebo:/home/jerry/limx_ws/install/mrosbridger:/home/jerry/limx_ws/install/lslidar_driver:/home/jerry/limx_ws/install/lslidar_msgs:/home/jerry/limx_ws/install/limxsdk_sim:/home/jerry/limx_ws/install/limxsdk_lowlevel:/home/jerry/limx_ws/install/lidar_odometry_0:/home/jerry/limx_ws/install/lidar_odometry:/home/jerry/limx_ws/install/controller_msgs /usr/bin/cmake --build /home/jerry/limx_ws/build/limxsdk_lowlevel -- -j8 -l8
[0.623s] Invoking command in '/home/jerry/limx_ws/build/limxsdk_lowlevel': CMAKE_PREFIX_PATH=/home/jerry/limx_ws/install/scan_corrector:/opt/ros/humble:/home/jerry/limx_ws/install/robot_visualization:/home/jerry/limx_ws/install/robot_hw:/home/jerry/limx_ws/install/robot_description:/home/jerry/limx_ws/install/robot_controllers:/home/jerry/limx_ws/install/pointfoot_gazebo:/home/jerry/limx_ws/install/mrosbridger:/home/jerry/limx_ws/install/lslidar_driver:/home/jerry/limx_ws/install/lslidar_msgs:/home/jerry/limx_ws/install/limxsdk_sim:/home/jerry/limx_ws/install/limxsdk_lowlevel:/home/jerry/limx_ws/install/lidar_odometry_0:/home/jerry/limx_ws/install/lidar_odometry:/home/jerry/limx_ws/install/controller_msgs /usr/bin/cmake --install /home/jerry/limx_ws/build/limxsdk_lowlevel
[0.980s] -- Install configuration: "Release"
[0.986s] -- Up-to-date: /home/jerry/limx_ws/install/limxsdk_lowlevel/include/
[0.986s] -- Up-to-date: /home/jerry/limx_ws/install/limxsdk_lowlevel/include//limxsdk
[0.990s] -- Up-to-date: /home/jerry/limx_ws/install/limxsdk_lowlevel/include//limxsdk/pointfoot.h
[0.990s] -- Up-to-date: /home/jerry/limx_ws/install/limxsdk_lowlevel/include//limxsdk/tron2.h
[0.991s] -- Up-to-date: /home/jerry/limx_ws/install/limxsdk_lowlevel/include//limxsdk/wheellegged.h
[0.991s] -- Up-to-date: /home/jerry/limx_ws/install/limxsdk_lowlevel/include//limxsdk/datatypes.h
[0.992s] -- Up-to-date: /home/jerry/limx_ws/install/limxsdk_lowlevel/include//limxsdk/macros.h
[0.992s] -- Up-to-date: /home/jerry/limx_ws/install/limxsdk_lowlevel/include//limxsdk/ability
[0.993s] -- Up-to-date: /home/jerry/limx_ws/install/limxsdk_lowlevel/include//limxsdk/ability/yaml_config_parser.h
[0.993s] -- Up-to-date: /home/jerry/limx_ws/install/limxsdk_lowlevel/include//limxsdk/ability/ability_manager.h
[0.994s] -- Up-to-date: /home/jerry/limx_ws/install/limxsdk_lowlevel/include//limxsdk/ability/rate.h
[0.994s] -- Up-to-date: /home/jerry/limx_ws/install/limxsdk_lowlevel/include//limxsdk/ability/plugin_loader.h
[0.996s] -- Up-to-date: /home/jerry/limx_ws/install/limxsdk_lowlevel/include//limxsdk/ability/plugin_registry.h
[0.997s] -- Up-to-date: /home/jerry/limx_ws/install/limxsdk_lowlevel/include//limxsdk/ability/robot_data.h
[0.997s] -- Up-to-date: /home/jerry/limx_ws/install/limxsdk_lowlevel/include//limxsdk/ability/base_ability.h
[1.008s] -- Up-to-date: /home/jerry/limx_ws/install/limxsdk_lowlevel/include//limxsdk/humanoid.h
[1.009s] -- Up-to-date: /home/jerry/limx_ws/install/limxsdk_lowlevel/include//limxsdk/apibase.h
[1.011s] -- Up-to-date: /home/jerry/limx_ws/install/limxsdk_lowlevel/lib/.
[1.012s] -- Up-to-date: /home/jerry/limx_ws/install/limxsdk_lowlevel/lib/./liblimxsdk_lowlevel.so
[1.013s] -- Up-to-date: /home/jerry/limx_ws/install/limxsdk_lowlevel/share/limxsdk_lowlevel/environment/library_path.sh
[1.013s] -- Up-to-date: /home/jerry/limx_ws/install/limxsdk_lowlevel/share/limxsdk_lowlevel/environment/library_path.dsv
[1.017s] -- Up-to-date: /home/jerry/limx_ws/install/limxsdk_lowlevel/share/ament_index/resource_index/package_run_dependencies/limxsdk_lowlevel
[1.018s] -- Up-to-date: /home/jerry/limx_ws/install/limxsdk_lowlevel/share/ament_index/resource_index/parent_prefix_path/limxsdk_lowlevel
[1.018s] -- Up-to-date: /home/jerry/limx_ws/install/limxsdk_lowlevel/share/limxsdk_lowlevel/environment/ament_prefix_path.sh
[1.020s] -- Up-to-date: /home/jerry/limx_ws/install/limxsdk_lowlevel/share/limxsdk_lowlevel/environment/ament_prefix_path.dsv
[1.020s] -- Up-to-date: /home/jerry/limx_ws/install/limxsdk_lowlevel/share/limxsdk_lowlevel/environment/path.sh
[1.022s] -- Up-to-date: /home/jerry/limx_ws/install/limxsdk_lowlevel/share/limxsdk_lowlevel/environment/path.dsv
[1.023s] -- Up-to-date: /home/jerry/limx_ws/install/limxsdk_lowlevel/share/limxsdk_lowlevel/local_setup.bash
[1.023s] -- Up-to-date: /home/jerry/limx_ws/install/limxsdk_lowlevel/share/limxsdk_lowlevel/local_setup.sh
[1.024s] -- Up-to-date: /home/jerry/limx_ws/install/limxsdk_lowlevel/share/limxsdk_lowlevel/local_setup.zsh
[1.024s] -- Up-to-date: /home/jerry/limx_ws/install/limxsdk_lowlevel/share/limxsdk_lowlevel/local_setup.dsv
[1.043s] -- Installing: /home/jerry/limx_ws/install/limxsdk_lowlevel/share/limxsdk_lowlevel/package.dsv
[1.044s] -- Up-to-date: /home/jerry/limx_ws/install/limxsdk_lowlevel/share/ament_index/resource_index/packages/limxsdk_lowlevel
[1.044s] -- Up-to-date: /home/jerry/limx_ws/install/limxsdk_lowlevel/share/limxsdk_lowlevel/cmake/ament_cmake_export_libraries-extras.cmake
[1.044s] -- Up-to-date: /home/jerry/limx_ws/install/limxsdk_lowlevel/share/limxsdk_lowlevel/cmake/ament_cmake_export_include_directories-extras.cmake
[1.044s] -- Up-to-date: /home/jerry/limx_ws/install/limxsdk_lowlevel/share/limxsdk_lowlevel/cmake/limxsdk_lowlevelConfig.cmake
[1.071s] -- Up-to-date: /home/jerry/limx_ws/install/limxsdk_lowlevel/share/limxsdk_lowlevel/cmake/limxsdk_lowlevelConfig-version.cmake
[1.071s] -- Up-to-date: /home/jerry/limx_ws/install/limxsdk_lowlevel/share/limxsdk_lowlevel/package.xml
[1.090s] -- Up-to-date: /home/jerry/limx_ws/install/limxsdk_lowlevel/lib/limxsdk_lowlevel/pf_joint_move
[1.096s] -- Up-to-date: /home/jerry/limx_ws/install/limxsdk_lowlevel/lib/limxsdk_lowlevel/pf_groupJoints_move
[1.109s] Invoked command in '/home/jerry/limx_ws/build/limxsdk_lowlevel' returned '0': CMAKE_PREFIX_PATH=/home/jerry/limx_ws/install/scan_corrector:/opt/ros/humble:/home/jerry/limx_ws/install/robot_visualization:/home/jerry/limx_ws/install/robot_hw:/home/jerry/limx_ws/install/robot_description:/home/jerry/limx_ws/install/robot_controllers:/home/jerry/limx_ws/install/pointfoot_gazebo:/home/jerry/limx_ws/install/mrosbridger:/home/jerry/limx_ws/install/lslidar_driver:/home/jerry/limx_ws/install/lslidar_msgs:/home/jerry/limx_ws/install/limxsdk_sim:/home/jerry/limx_ws/install/limxsdk_lowlevel:/home/jerry/limx_ws/install/lidar_odometry_0:/home/jerry/limx_ws/install/lidar_odometry:/home/jerry/limx_ws/install/controller_msgs /usr/bin/cmake --install /home/jerry/limx_ws/build/limxsdk_lowlevel
