[0.033s] Invoking command in '/home/jerry/limx_ws/build/rf2o_laser_odometry': CMAKE_PREFIX_PATH=${CMAKE_PREFIX_PATH}:/opt/ros/humble /usr/bin/cmake --build /home/jerry/limx_ws/build/rf2o_laser_odometry -- -j8 -l8
[0.122s] [35m[1mConsolidate compiler generated dependencies of target rf2o_laser_odometry_node[0m
[0.155s] [ 20%] [32mBuilding CXX object CMakeFiles/rf2o_laser_odometry_node.dir/src/CLaserOdometry2DNode.cpp.o[0m
[0.191s] [ 60%] Built target rf2o_laser_odometry
[11.476s] [ 80%] [32m[1mLinking CXX executable rf2o_laser_odometry_node[0m
[12.511s] [100%] Built target rf2o_laser_odometry_node
[12.526s] Invoked command in '/home/jerry/limx_ws/build/rf2o_laser_odometry' returned '0': CMAKE_PREFIX_PATH=${CMAKE_PREFIX_PATH}:/opt/ros/humble /usr/bin/cmake --build /home/jerry/limx_ws/build/rf2o_laser_odometry -- -j8 -l8
[12.529s] Invoking command in '/home/jerry/limx_ws/build/rf2o_laser_odometry': CMAKE_PREFIX_PATH=${CMAKE_PREFIX_PATH}:/opt/ros/humble /usr/bin/cmake --install /home/jerry/limx_ws/build/rf2o_laser_odometry
[12.539s] -- Install configuration: ""
[12.539s] -- Installing: /home/jerry/limx_ws/install/rf2o_laser_odometry/lib/rf2o_laser_odometry/rf2o_laser_odometry_node
[12.565s] -- Set runtime path of "/home/jerry/limx_ws/install/rf2o_laser_odometry/lib/rf2o_laser_odometry/rf2o_laser_odometry_node" to ""
[12.565s] -- Up-to-date: /home/jerry/limx_ws/install/rf2o_laser_odometry/share/rf2o_laser_odometry/launch
[12.565s] -- Up-to-date: /home/jerry/limx_ws/install/rf2o_laser_odometry/share/rf2o_laser_odometry/launch/rf2o_laser_odometry.launch.py
[12.565s] -- Up-to-date: /home/jerry/limx_ws/install/rf2o_laser_odometry/share/ament_index/resource_index/package_run_dependencies/rf2o_laser_odometry
[12.565s] -- Up-to-date: /home/jerry/limx_ws/install/rf2o_laser_odometry/share/ament_index/resource_index/parent_prefix_path/rf2o_laser_odometry
[12.565s] -- Up-to-date: /home/jerry/limx_ws/install/rf2o_laser_odometry/share/rf2o_laser_odometry/environment/ament_prefix_path.sh
[12.565s] -- Up-to-date: /home/jerry/limx_ws/install/rf2o_laser_odometry/share/rf2o_laser_odometry/environment/ament_prefix_path.dsv
[12.565s] -- Up-to-date: /home/jerry/limx_ws/install/rf2o_laser_odometry/share/rf2o_laser_odometry/environment/path.sh
[12.565s] -- Up-to-date: /home/jerry/limx_ws/install/rf2o_laser_odometry/share/rf2o_laser_odometry/environment/path.dsv
[12.565s] -- Up-to-date: /home/jerry/limx_ws/install/rf2o_laser_odometry/share/rf2o_laser_odometry/local_setup.bash
[12.565s] -- Up-to-date: /home/jerry/limx_ws/install/rf2o_laser_odometry/share/rf2o_laser_odometry/local_setup.sh
[12.565s] -- Up-to-date: /home/jerry/limx_ws/install/rf2o_laser_odometry/share/rf2o_laser_odometry/local_setup.zsh
[12.565s] -- Up-to-date: /home/jerry/limx_ws/install/rf2o_laser_odometry/share/rf2o_laser_odometry/local_setup.dsv
[12.565s] -- Installing: /home/jerry/limx_ws/install/rf2o_laser_odometry/share/rf2o_laser_odometry/package.dsv
[12.566s] -- Up-to-date: /home/jerry/limx_ws/install/rf2o_laser_odometry/share/ament_index/resource_index/packages/rf2o_laser_odometry
[12.566s] -- Up-to-date: /home/jerry/limx_ws/install/rf2o_laser_odometry/share/rf2o_laser_odometry/cmake/rf2o_laser_odometryConfig.cmake
[12.566s] -- Up-to-date: /home/jerry/limx_ws/install/rf2o_laser_odometry/share/rf2o_laser_odometry/cmake/rf2o_laser_odometryConfig-version.cmake
[12.566s] -- Up-to-date: /home/jerry/limx_ws/install/rf2o_laser_odometry/share/rf2o_laser_odometry/package.xml
[12.569s] Invoked command in '/home/jerry/limx_ws/build/rf2o_laser_odometry' returned '0': CMAKE_PREFIX_PATH=${CMAKE_PREFIX_PATH}:/opt/ros/humble /usr/bin/cmake --install /home/jerry/limx_ws/build/rf2o_laser_odometry
