[0.041s] Invoking command in '/home/jerry/limx_ws/build/lidar_odometry': CMAKE_PREFIX_PATH=/opt/ros/humble:${CMAKE_PREFIX_PATH} /usr/bin/cmake --build /home/jerry/limx_ws/build/lidar_odometry -- -j8 -l8
[0.167s] [35m[1mConsolidate compiler generated dependencies of target lidar_odometry_node[0m
[0.188s] [ 40%] Built target scan_corrector_node
[0.281s] [ 60%] [32mBuilding CXX object CMakeFiles/lidar_odometry_node.dir/src/lidar_odometry_node.cpp.o[0m
[0.281s] [ 80%] [32mBuilding CXX object CMakeFiles/lidar_odometry_node.dir/src/lidar_odometry.cpp.o[0m
[6.861s] [01m[K/home/jerry/limx_ws/src/lidar_odometry/src/lidar_odometry.cpp:[m[K In member function ‘[01m[Kvoid LidarOdometry::process_scan_data(ScanDataPtr)[m[K’:
[6.861s] [01m[K/home/jerry/limx_ws/src/lidar_odometry/src/lidar_odometry.cpp:48:54:[m[K [01;31m[Kerror: [m[K‘[01m[Klast_deskewed[m[K’ was not declared in this scope
[6.861s]    48 |         pcl::PointCloud<pcl::PointXYZ>::Ptr source = [01;31m[Klast_deskewed[m[K;
[6.861s]       |                                                      [01;31m[K^~~~~~~~~~~~~[m[K
[6.874s] [01m[K/home/jerry/limx_ws/src/lidar_odometry/src/lidar_odometry.cpp:63:29:[m[K [01;31m[Kerror: [m[K‘[01m[Ksource_deskew[m[K’ was not declared in this scope
[6.874s]    63 |         voxel.setInputCloud([01;31m[Ksource_deskew[m[K);
[6.874s]       |                             [01;31m[K^~~~~~~~~~~~~[m[K
[6.908s] [01m[K/home/jerry/limx_ws/src/lidar_odometry/src/lidar_odometry.cpp:115:9:[m[K [01;31m[Kerror: [m[K‘[01m[Klast_deskewed[m[K’ was not declared in this scope
[6.908s]   115 |         [01;31m[Klast_deskewed[m[K = scan_ptr->point_cloud; // 首次
[6.908s]       |         [01;31m[K^~~~~~~~~~~~~[m[K
[13.368s] gmake[2]: *** [CMakeFiles/lidar_odometry_node.dir/build.make:90: CMakeFiles/lidar_odometry_node.dir/src/lidar_odometry.cpp.o] Error 1
[13.368s] gmake[2]: *** Waiting for unfinished jobs....
[14.342s] gmake[1]: *** [CMakeFiles/Makefile2:139: CMakeFiles/lidar_odometry_node.dir/all] Error 2
[14.343s] gmake: *** [Makefile:146: all] Error 2
[14.346s] Invoked command in '/home/jerry/limx_ws/build/lidar_odometry' returned '2': CMAKE_PREFIX_PATH=/opt/ros/humble:${CMAKE_PREFIX_PATH} /usr/bin/cmake --build /home/jerry/limx_ws/build/lidar_odometry -- -j8 -l8
