[0.052s] Invoking command in '/home/jerry/limx_ws/build/robot_hw': AMENT_PREFIX_PATH=/home/jerry/limx_ws/install/limxsdk_lowlevel:${AMENT_PREFIX_PATH} CMAKE_PREFIX_PATH=/home/jerry/limx_ws/install/limxsdk_lowlevel:/opt/ros/humble LD_LIBRARY_PATH=/home/jerry/limx_ws/install/limxsdk_lowlevel/lib:/usr/lib/x86_64-linux-gnu/gazebo-11/plugins:/opt/ros/humble/opt/rviz_ogre_vendor/lib:/opt/ros/humble/lib/x86_64-linux-gnu:/opt/ros/humble/lib:/usr/share/gazebo/../../lib/x86_64-linux-gnu/gazebo-11/plugins /usr/bin/cmake /home/jerry/limx_ws/src/tron1-rl-deploy-ros2/robot_hw -DCMAKE_INSTALL_PREFIX=/home/jerry/limx_ws/install/robot_hw
[1.725s] -- The C compiler identification is GNU 11.4.0
[1.725s] -- The CXX compiler identification is GNU 11.4.0
[1.725s] -- Detecting C compiler ABI info
[1.726s] -- Detecting C compiler ABI info - done
[1.726s] -- Check for working C compiler: /usr/bin/cc - skipped
[1.726s] -- Detecting C compile features
[1.726s] -- Detecting C compile features - done
[1.726s] -- Detecting CXX compiler ABI info
[1.726s] -- Detecting CXX compiler ABI info - done
[1.726s] -- Check for working CXX compiler: /usr/bin/c++ - skipped
[1.726s] -- Detecting CXX compile features
[1.726s] -- Detecting CXX compile features - done
[1.726s] -- Found ament_cmake: 1.3.12 (/opt/ros/humble/share/ament_cmake/cmake)
[1.726s] -- Found Python3: /usr/bin/python3 (found version "3.10.12") found components: Interpreter 
[1.726s] -- Found rclcpp: 16.0.17 (/opt/ros/humble/share/rclcpp/cmake)
[1.726s] -- Found rosidl_generator_c: 3.1.8 (/opt/ros/humble/share/rosidl_generator_c/cmake)
[1.726s] -- Found rosidl_adapter: 3.1.8 (/opt/ros/humble/share/rosidl_adapter/cmake)
[1.726s] -- Found rosidl_generator_cpp: 3.1.8 (/opt/ros/humble/share/rosidl_generator_cpp/cmake)
[1.726s] -- Using all available rosidl_typesupport_c: rosidl_typesupport_fastrtps_c;rosidl_typesupport_introspection_c
[1.726s] -- Using all available rosidl_typesupport_cpp: rosidl_typesupport_fastrtps_cpp;rosidl_typesupport_introspection_cpp
[1.726s] -- Found rmw_implementation_cmake: 6.1.2 (/opt/ros/humble/share/rmw_implementation_cmake/cmake)
[1.726s] -- Found rmw_fastrtps_cpp: 6.2.9 (/opt/ros/humble/share/rmw_fastrtps_cpp/cmake)
[1.809s] -- Found OpenSSL: /usr/lib/x86_64-linux-gnu/libcrypto.so (found version "3.0.2")  
[1.851s] -- Found FastRTPS: /opt/ros/humble/include  
[1.896s] -- Using RMW implementation 'rmw_fastrtps_cpp' as default
[1.904s] -- Looking for pthread.h
[2.030s] -- Looking for pthread.h - found
[2.031s] -- Performing Test CMAKE_HAVE_LIBC_PTHREAD
[2.266s] -- Performing Test CMAKE_HAVE_LIBC_PTHREAD - Success
[2.266s] -- Found Threads: TRUE  
[2.348s] -- Found rclpy: 3.3.19 (/opt/ros/humble/share/rclpy/cmake)
[2.348s] -- Found hardware_interface: 2.53.0 (/opt/ros/humble/share/hardware_interface/cmake)
[2.576s] -- Found controller_interface: 2.53.0 (/opt/ros/humble/share/controller_interface/cmake)
[2.580s] -- Found controller_manager: 2.53.0 (/opt/ros/humble/share/controller_manager/cmake)
[2.645s] -- Found urdf: 2.6.1 (/opt/ros/humble/share/urdf/cmake)
[2.673s] -- Found limxsdk_lowlevel: 0.0.0 (/home/jerry/limx_ws/install/limxsdk_lowlevel/share/limxsdk_lowlevel/cmake)
[2.807s] -- Configuring done
[2.843s] -- Generating done
[2.860s] -- Build files have been written to: /home/jerry/limx_ws/build/robot_hw
[2.883s] Invoked command in '/home/jerry/limx_ws/build/robot_hw' returned '0': AMENT_PREFIX_PATH=/home/jerry/limx_ws/install/limxsdk_lowlevel:${AMENT_PREFIX_PATH} CMAKE_PREFIX_PATH=/home/jerry/limx_ws/install/limxsdk_lowlevel:/opt/ros/humble LD_LIBRARY_PATH=/home/jerry/limx_ws/install/limxsdk_lowlevel/lib:/usr/lib/x86_64-linux-gnu/gazebo-11/plugins:/opt/ros/humble/opt/rviz_ogre_vendor/lib:/opt/ros/humble/lib/x86_64-linux-gnu:/opt/ros/humble/lib:/usr/share/gazebo/../../lib/x86_64-linux-gnu/gazebo-11/plugins /usr/bin/cmake /home/jerry/limx_ws/src/tron1-rl-deploy-ros2/robot_hw -DCMAKE_INSTALL_PREFIX=/home/jerry/limx_ws/install/robot_hw
[2.884s] Invoking command in '/home/jerry/limx_ws/build/robot_hw': AMENT_PREFIX_PATH=/home/jerry/limx_ws/install/limxsdk_lowlevel:${AMENT_PREFIX_PATH} CMAKE_PREFIX_PATH=/home/jerry/limx_ws/install/limxsdk_lowlevel:/opt/ros/humble LD_LIBRARY_PATH=/home/jerry/limx_ws/install/limxsdk_lowlevel/lib:/usr/lib/x86_64-linux-gnu/gazebo-11/plugins:/opt/ros/humble/opt/rviz_ogre_vendor/lib:/opt/ros/humble/lib/x86_64-linux-gnu:/opt/ros/humble/lib:/usr/share/gazebo/../../lib/x86_64-linux-gnu/gazebo-11/plugins /usr/bin/cmake --build /home/jerry/limx_ws/build/robot_hw -- -j8 -l8
[3.173s] [ 20%] [32mBuilding CXX object CMakeFiles/pointfoot_node.dir/src/PointfootHardwareNode.cpp.o[0m
[3.173s] [ 40%] [32mBuilding CXX object CMakeFiles/pointfoot_node.dir/src/HardwareBase.cpp.o[0m
[3.174s] [ 60%] [32mBuilding CXX object CMakeFiles/pointfoot_node.dir/src/PointfootHardware.cpp.o[0m
[3.174s] [ 80%] [32mBuilding CXX object CMakeFiles/pointfoot_node.dir/src/HardwareLoop.cpp.o[0m
[12.404s] In file included from [01m[K/home/jerry/limx_ws/src/tron1-rl-deploy-ros2/robot_hw/include/robot_hw/PointfootHardware.h:15[m[K,
[12.420s]                  from [01m[K/home/jerry/limx_ws/src/tron1-rl-deploy-ros2/robot_hw/src/PointfootHardware.cpp:5[m[K:
[12.428s] [01m[K/opt/ros/humble/include/realtime_tools/realtime_tools/realtime_buffer.h:22:100:[m[K [01;36m[Knote: [m[K‘[01m[K#pragma message: This header include is deprecated. Please update your code to use 'realtime_buffer.hpp' header.[m[K’
[12.428s]    22 |   "This header include is deprecated. Please update your code to use 'realtime_buffer.hpp' header."[01;36m[K)[m[K  //NOLINT
[12.428s]       |                                                                                                    [01;36m[K^[m[K
[12.449s] In file included from [01m[K/home/jerry/limx_ws/src/tron1-rl-deploy-ros2/robot_hw/include/robot_hw/HardwareBase.h:15[m[K,
[12.449s]                  from [01m[K/home/jerry/limx_ws/src/tron1-rl-deploy-ros2/robot_hw/src/HardwareBase.cpp:5[m[K:
[12.449s] [01m[K/opt/ros/humble/include/realtime_tools/realtime_tools/realtime_buffer.h:22:100:[m[K [01;36m[Knote: [m[K‘[01m[K#pragma message: This header include is deprecated. Please update your code to use 'realtime_buffer.hpp' header.[m[K’
[12.449s]    22 | lease update your code to use 'realtime_buffer.hpp' header."[01;36m[K)[m[K  //NOLINT
[12.449s]       |                                                             [01;36m[K^[m[K
[12.449s] 
[13.038s] In file included from [01m[K/home/jerry/limx_ws/src/tron1-rl-deploy-ros2/robot_hw/include/robot_hw/PointfootHardware.h:15[m[K,
[13.039s]                  from [01m[K/home/jerry/limx_ws/src/tron1-rl-deploy-ros2/robot_hw/src/PointfootHardwareNode.cpp:9[m[K:
[13.039s] [01m[K/opt/ros/humble/include/realtime_tools/realtime_tools/realtime_buffer.h:22:100:[m[K [01;36m[Knote: [m[K‘[01m[K#pragma message: This header include is deprecated. Please update your code to use 'realtime_buffer.hpp' header.[m[K’
[13.039s]    22 |   "This header include is deprecated. Please update your code to use 'realtime_buffer.hpp' header."[01;36m[K)[m[K  //NOLINT
[13.039s]       |                                                                                                    [01;36m[K^[m[K
[14.563s] In file included from [01m[K/home/jerry/limx_ws/src/tron1-rl-deploy-ros2/robot_hw/include/robot_hw/PointfootHardware.h:15[m[K,
[15.076s]                  from [01m[K/home/jerry/limx_ws/src/tron1-rl-deploy-ros2/robot_hw/include/robot_hw/HardwareLoop.h:17[m[K,
[15.076s]                  from [01m[K/home/jerry/limx_ws/src/tron1-rl-deploy-ros2/robot_hw/src/HardwareLoop.cpp:5[m[K:
[15.076s] [01m[K/opt/ros/humble/include/realtime_tools/realtime_tools/realtime_buffer.h:22:100:[m[K [01;36m[Knote: [m[K‘[01m[K#pragma message: This header include is deprecated. Please update your code to use 'realtime_buffer.hpp' header.[m[K’
[15.076s]    22 |   "This header include is deprecated. Please update your code to use 'realtime_buffer.hpp' header."[01;36m[K)[m[K  //NOLINT
[15.079s]       |                                                                                                    [01;36m[K^[m[K
[20.309s] [100%] [32m[1mLinking CXX executable pointfoot_node[0m
[21.753s] [100%] Built target pointfoot_node
[23.253s] Invoked command in '/home/jerry/limx_ws/build/robot_hw' returned '0': AMENT_PREFIX_PATH=/home/jerry/limx_ws/install/limxsdk_lowlevel:${AMENT_PREFIX_PATH} CMAKE_PREFIX_PATH=/home/jerry/limx_ws/install/limxsdk_lowlevel:/opt/ros/humble LD_LIBRARY_PATH=/home/jerry/limx_ws/install/limxsdk_lowlevel/lib:/usr/lib/x86_64-linux-gnu/gazebo-11/plugins:/opt/ros/humble/opt/rviz_ogre_vendor/lib:/opt/ros/humble/lib/x86_64-linux-gnu:/opt/ros/humble/lib:/usr/share/gazebo/../../lib/x86_64-linux-gnu/gazebo-11/plugins /usr/bin/cmake --build /home/jerry/limx_ws/build/robot_hw -- -j8 -l8
[24.435s] Invoking command in '/home/jerry/limx_ws/build/robot_hw': AMENT_PREFIX_PATH=/home/jerry/limx_ws/install/limxsdk_lowlevel:${AMENT_PREFIX_PATH} CMAKE_PREFIX_PATH=/home/jerry/limx_ws/install/limxsdk_lowlevel:/opt/ros/humble LD_LIBRARY_PATH=/home/jerry/limx_ws/install/limxsdk_lowlevel/lib:/usr/lib/x86_64-linux-gnu/gazebo-11/plugins:/opt/ros/humble/opt/rviz_ogre_vendor/lib:/opt/ros/humble/lib/x86_64-linux-gnu:/opt/ros/humble/lib:/usr/share/gazebo/../../lib/x86_64-linux-gnu/gazebo-11/plugins /usr/bin/cmake --install /home/jerry/limx_ws/build/robot_hw
[25.642s] -- Install configuration: ""
[25.840s] -- Installing: /home/jerry/limx_ws/install/robot_hw/lib/robot_hw/pointfoot_node
[25.846s] -- Set runtime path of "/home/jerry/limx_ws/install/robot_hw/lib/robot_hw/pointfoot_node" to ""
[25.846s] -- Installing: /home/jerry/limx_ws/install/robot_hw/share/robot_hw/launch
[25.846s] -- Installing: /home/jerry/limx_ws/install/robot_hw/share/robot_hw/launch/pointfoot_hw_slam.launch.py
[25.846s] -- Installing: /home/jerry/limx_ws/install/robot_hw/share/robot_hw/launch/pointfoot_hw.launch.py
[25.846s] -- Installing: /home/jerry/limx_ws/install/robot_hw/share/robot_hw/launch/pointfoot_hw_sim.launch.py
[25.847s] -- Installing: /home/jerry/limx_ws/install/robot_hw/share/robot_hw/config
[25.847s] -- Installing: /home/jerry/limx_ws/install/robot_hw/share/robot_hw/config/joystick.yaml
[25.847s] -- Installing: /home/jerry/limx_ws/install/robot_hw/share/robot_hw/config/robot_hw.yaml
[25.847s] -- Installing: /home/jerry/limx_ws/install/robot_hw/share/robot_hw/config/slam_params.yaml
[25.847s] -- Installing: /home/jerry/limx_ws/install/robot_hw/share/ament_index/resource_index/package_run_dependencies/robot_hw
[25.847s] -- Installing: /home/jerry/limx_ws/install/robot_hw/share/ament_index/resource_index/parent_prefix_path/robot_hw
[25.847s] -- Installing: /home/jerry/limx_ws/install/robot_hw/share/robot_hw/environment/ament_prefix_path.sh
[25.847s] -- Installing: /home/jerry/limx_ws/install/robot_hw/share/robot_hw/environment/ament_prefix_path.dsv
[25.847s] -- Installing: /home/jerry/limx_ws/install/robot_hw/share/robot_hw/environment/path.sh
[25.847s] -- Installing: /home/jerry/limx_ws/install/robot_hw/share/robot_hw/environment/path.dsv
[25.847s] -- Installing: /home/jerry/limx_ws/install/robot_hw/share/robot_hw/local_setup.bash
[25.847s] -- Installing: /home/jerry/limx_ws/install/robot_hw/share/robot_hw/local_setup.sh
[25.847s] -- Installing: /home/jerry/limx_ws/install/robot_hw/share/robot_hw/local_setup.zsh
[25.847s] -- Installing: /home/jerry/limx_ws/install/robot_hw/share/robot_hw/local_setup.dsv
[25.847s] -- Installing: /home/jerry/limx_ws/install/robot_hw/share/robot_hw/package.dsv
[25.847s] -- Installing: /home/jerry/limx_ws/install/robot_hw/share/ament_index/resource_index/packages/robot_hw
[25.847s] -- Installing: /home/jerry/limx_ws/install/robot_hw/share/robot_hw/cmake/robot_hwConfig.cmake
[25.847s] -- Installing: /home/jerry/limx_ws/install/robot_hw/share/robot_hw/cmake/robot_hwConfig-version.cmake
[25.847s] -- Installing: /home/jerry/limx_ws/install/robot_hw/share/robot_hw/package.xml
[32.548s] Invoked command in '/home/jerry/limx_ws/build/robot_hw' returned '0': AMENT_PREFIX_PATH=/home/jerry/limx_ws/install/limxsdk_lowlevel:${AMENT_PREFIX_PATH} CMAKE_PREFIX_PATH=/home/jerry/limx_ws/install/limxsdk_lowlevel:/opt/ros/humble LD_LIBRARY_PATH=/home/jerry/limx_ws/install/limxsdk_lowlevel/lib:/usr/lib/x86_64-linux-gnu/gazebo-11/plugins:/opt/ros/humble/opt/rviz_ogre_vendor/lib:/opt/ros/humble/lib/x86_64-linux-gnu:/opt/ros/humble/lib:/usr/share/gazebo/../../lib/x86_64-linux-gnu/gazebo-11/plugins /usr/bin/cmake --install /home/jerry/limx_ws/build/robot_hw
