[0.033s] Invoking command in '/home/jerry/limx_ws/build/scan_corrector': CMAKE_PREFIX_PATH=${CMAKE_PREFIX_PATH}:/opt/ros/humble /usr/bin/cmake /home/jerry/limx_ws/src/scan_corrector -DCMAKE_INSTALL_PREFIX=/home/jerry/limx_ws/install/scan_corrector
[0.191s] -- The C compiler identification is GNU 11.4.0
[0.221s] -- The CXX compiler identification is GNU 11.4.0
[0.226s] -- Detecting C compiler ABI info
[0.306s] -- Detecting C compiler ABI info - done
[0.314s] -- Check for working C compiler: /usr/bin/cc - skipped
[0.314s] -- Detecting C compile features
[0.316s] -- Detecting C compile features - done
[0.318s] -- Detecting CXX compiler ABI info
[0.408s] -- Detecting CXX compiler ABI info - done
[0.413s] -- Check for working CXX compiler: /usr/bin/c++ - skipped
[0.413s] -- Detecting CXX compile features
[0.413s] -- Detecting CXX compile features - done
[0.419s] -- Found ament_cmake: 1.3.12 (/opt/ros/humble/share/ament_cmake/cmake)
[0.550s] -- Found Python3: /usr/bin/python3 (found version "3.10.12") found components: Interpreter 
[0.636s] -- Found rclcpp: 16.0.17 (/opt/ros/humble/share/rclcpp/cmake)
[0.680s] -- Found rosidl_generator_c: 3.1.8 (/opt/ros/humble/share/rosidl_generator_c/cmake)
[0.686s] -- Found rosidl_adapter: 3.1.8 (/opt/ros/humble/share/rosidl_adapter/cmake)
[0.695s] -- Found rosidl_generator_cpp: 3.1.8 (/opt/ros/humble/share/rosidl_generator_cpp/cmake)
[0.708s] -- Using all available rosidl_typesupport_c: rosidl_typesupport_fastrtps_c;rosidl_typesupport_introspection_c
[0.724s] -- Using all available rosidl_typesupport_cpp: rosidl_typesupport_fastrtps_cpp;rosidl_typesupport_introspection_cpp
[0.770s] -- Found rmw_implementation_cmake: 6.1.2 (/opt/ros/humble/share/rmw_implementation_cmake/cmake)
[0.774s] -- Found rmw_fastrtps_cpp: 6.2.9 (/opt/ros/humble/share/rmw_fastrtps_cpp/cmake)
[0.878s] -- Found OpenSSL: /usr/lib/x86_64-linux-gnu/libcrypto.so (found version "3.0.2")  
[0.907s] -- Found FastRTPS: /opt/ros/humble/include  
[0.947s] -- Using RMW implementation 'rmw_fastrtps_cpp' as default
[0.958s] -- Looking for pthread.h
[1.039s] -- Looking for pthread.h - found
[1.040s] -- Performing Test CMAKE_HAVE_LIBC_PTHREAD
[1.118s] -- Performing Test CMAKE_HAVE_LIBC_PTHREAD - Success
[1.119s] -- Found Threads: TRUE  
[1.166s] -- Found sensor_msgs: 4.9.0 (/opt/ros/humble/share/sensor_msgs/cmake)
[1.195s] -- Found tf2_ros: 0.25.18 (/opt/ros/humble/share/tf2_ros/cmake)
[1.366s] -- Found ament_lint_auto: 0.12.14 (/opt/ros/humble/share/ament_lint_auto/cmake)
[1.455s] -- Added test 'cppcheck' to perform static code analysis on C / C++ code
[1.456s] -- Configured cppcheck include dirs: $<BUILD_INTERFACE:/home/jerry/limx_ws/src/scan_corrector/include>
[1.456s] -- Configured cppcheck exclude dirs and/or files: 
[1.457s] -- Added test 'lint_cmake' to check CMake code style
[1.459s] -- Added test 'uncrustify' to check C / C++ code style
[1.459s] -- Configured uncrustify additional arguments: 
[1.460s] -- Added test 'xmllint' to check XML markup files
[1.465s] -- Configuring done
[1.475s] -- Generating done
[1.479s] -- Build files have been written to: /home/jerry/limx_ws/build/scan_corrector
[1.490s] Invoked command in '/home/jerry/limx_ws/build/scan_corrector' returned '0': CMAKE_PREFIX_PATH=${CMAKE_PREFIX_PATH}:/opt/ros/humble /usr/bin/cmake /home/jerry/limx_ws/src/scan_corrector -DCMAKE_INSTALL_PREFIX=/home/jerry/limx_ws/install/scan_corrector
[1.492s] Invoking command in '/home/jerry/limx_ws/build/scan_corrector': CMAKE_PREFIX_PATH=${CMAKE_PREFIX_PATH}:/opt/ros/humble /usr/bin/cmake --build /home/jerry/limx_ws/build/scan_corrector -- -j8 -l8
[1.557s] [ 50%] [32mBuilding CXX object CMakeFiles/scan_corrector_node.dir/src/scan_corrector_node.cpp.o[0m
[1.596s] [100%] [32m[1mLinking CXX executable scan_corrector_node[0m
[1.694s] [100%] Built target scan_corrector_node
[1.706s] Invoked command in '/home/jerry/limx_ws/build/scan_corrector' returned '0': CMAKE_PREFIX_PATH=${CMAKE_PREFIX_PATH}:/opt/ros/humble /usr/bin/cmake --build /home/jerry/limx_ws/build/scan_corrector -- -j8 -l8
[1.709s] Invoking command in '/home/jerry/limx_ws/build/scan_corrector': CMAKE_PREFIX_PATH=${CMAKE_PREFIX_PATH}:/opt/ros/humble /usr/bin/cmake --install /home/jerry/limx_ws/build/scan_corrector
[1.717s] -- Install configuration: ""
[1.717s] -- Installing: /home/jerry/limx_ws/install/scan_corrector/lib/scan_corrector/scan_corrector_node
[1.718s] -- Set runtime path of "/home/jerry/limx_ws/install/scan_corrector/lib/scan_corrector/scan_corrector_node" to ""
[1.718s] -- Installing: /home/jerry/limx_ws/install/scan_corrector/share/ament_index/resource_index/package_run_dependencies/scan_corrector
[1.718s] -- Installing: /home/jerry/limx_ws/install/scan_corrector/share/ament_index/resource_index/parent_prefix_path/scan_corrector
[1.719s] -- Installing: /home/jerry/limx_ws/install/scan_corrector/share/scan_corrector/environment/ament_prefix_path.sh
[1.719s] -- Installing: /home/jerry/limx_ws/install/scan_corrector/share/scan_corrector/environment/ament_prefix_path.dsv
[1.719s] -- Installing: /home/jerry/limx_ws/install/scan_corrector/share/scan_corrector/environment/path.sh
[1.719s] -- Installing: /home/jerry/limx_ws/install/scan_corrector/share/scan_corrector/environment/path.dsv
[1.719s] -- Installing: /home/jerry/limx_ws/install/scan_corrector/share/scan_corrector/local_setup.bash
[1.719s] -- Installing: /home/jerry/limx_ws/install/scan_corrector/share/scan_corrector/local_setup.sh
[1.720s] -- Installing: /home/jerry/limx_ws/install/scan_corrector/share/scan_corrector/local_setup.zsh
[1.720s] -- Installing: /home/jerry/limx_ws/install/scan_corrector/share/scan_corrector/local_setup.dsv
[1.720s] -- Installing: /home/jerry/limx_ws/install/scan_corrector/share/scan_corrector/package.dsv
[1.721s] -- Installing: /home/jerry/limx_ws/install/scan_corrector/share/ament_index/resource_index/packages/scan_corrector
[1.721s] -- Installing: /home/jerry/limx_ws/install/scan_corrector/share/scan_corrector/cmake/scan_correctorConfig.cmake
[1.721s] -- Installing: /home/jerry/limx_ws/install/scan_corrector/share/scan_corrector/cmake/scan_correctorConfig-version.cmake
[1.721s] -- Installing: /home/jerry/limx_ws/install/scan_corrector/share/scan_corrector/package.xml
