[0.027s] Invoking command in '/home/jerry/limx_ws/build/lidar_odometry': CMAKE_PREFIX_PATH=${CMAKE_PREFIX_PATH}:/opt/ros/humble /usr/bin/cmake --build /home/jerry/limx_ws/build/lidar_odometry -- -j8 -l8
[0.093s] [ 20%] [32mBuilding CXX object CMakeFiles/scan_corrector_node.dir/src/scan_corrector_node.cpp.o[0m
[0.136s] [ 40%] [32mBuilding CXX object CMakeFiles/lidar_odometry_node.dir/src/lidar_odometry.cpp.o[0m
[4.752s] [01m[K/home/jerry/limx_ws/src/lidar_odometry/src/lidar_odometry.cpp:[m[K In member function ‘[01m[Kvoid LidarOdometry::process_scan_data(ScanDataPtr)[m[K’:
[4.752s] [01m[K/home/jerry/limx_ws/src/lidar_odometry/src/lidar_odometry.cpp:45:14:[m[K [01;31m[Kerror: [m[K‘[01m[KVoxelGrid[m[K’ is not a member of ‘[01m[Kpcl[m[K’
[4.752s]    45 |         pcl::[01;31m[KVoxelGrid[m[K<pcl::PointXYZ> voxel;
[4.752s]       |              [01;31m[K^~~~~~~~~[m[K
[4.753s] [01m[K/home/jerry/limx_ws/src/lidar_odometry/src/lidar_odometry.cpp:45:37:[m[K [01;31m[Kerror: [m[Kexpected primary-expression before ‘[01m[K>[m[K’ token
[4.753s]    45 |         pcl::VoxelGrid<pcl::PointXYZ[01;31m[K>[m[K voxel;
[4.753s]       |                                     [01;31m[K^[m[K
[4.760s] [01m[K/home/jerry/limx_ws/src/lidar_odometry/src/lidar_odometry.cpp:45:39:[m[K [01;31m[Kerror: [m[K‘[01m[Kvoxel[m[K’ was not declared in this scope
[4.760s]    45 |         pcl::VoxelGrid<pcl::PointXYZ> [01;31m[Kvoxel[m[K;
[4.760s]       |                                       [01;31m[K^~~~~[m[K
[4.773s] [01m[K/home/jerry/limx_ws/src/lidar_odometry/src/lidar_odometry.cpp:48:23:[m[K [01;31m[Kerror: [m[K‘[01m[Ksource_filtered[m[K’ was not declared in this scope
[4.773s]    48 |         voxel.filter(*[01;31m[Ksource_filtered[m[K);
[4.773s]       |                       [01;31m[K^~~~~~~~~~~~~~~[m[K
[4.775s] [01m[K/home/jerry/limx_ws/src/lidar_odometry/src/lidar_odometry.cpp:55:14:[m[K [01;31m[Kerror: [m[K‘[01m[KStatisticalOutlierRemoval[m[K’ is not a member of ‘[01m[Kpcl[m[K’
[4.775s]    55 |         pcl::[01;31m[KStatisticalOutlierRemoval[m[K<pcl::PointXYZ> sor;
[4.775s]       |              [01;31m[K^~~~~~~~~~~~~~~~~~~~~~~~~[m[K
[4.775s] [01m[K/home/jerry/limx_ws/src/lidar_odometry/src/lidar_odometry.cpp:55:53:[m[K [01;31m[Kerror: [m[Kexpected primary-expression before ‘[01m[K>[m[K’ token
[4.775s]    55 |         pcl::StatisticalOutlierRemoval<pcl::PointXYZ[01;31m[K>[m[K sor;
[4.775s]       |                                                     [01;31m[K^[m[K
[4.781s] [01m[K/home/jerry/limx_ws/src/lidar_odometry/src/lidar_odometry.cpp:55:55:[m[K [01;31m[Kerror: [m[K‘[01m[Ksor[m[K’ was not declared in this scope
[4.781s]    55 |         pcl::StatisticalOutlierRemoval<pcl::PointXYZ> [01;31m[Ksor[m[K;
[4.781s]       |                                                       [01;31m[K^~~[m[K
[10.422s] [ 60%] [32m[1mLinking CXX executable scan_corrector_node[0m
[10.453s] gmake[2]: *** [CMakeFiles/lidar_odometry_node.dir/build.make:90: CMakeFiles/lidar_odometry_node.dir/src/lidar_odometry.cpp.o] Error 1
[10.453s] gmake[1]: *** [CMakeFiles/Makefile2:139: CMakeFiles/lidar_odometry_node.dir/all] Error 2
[10.454s] gmake[1]: *** Waiting for unfinished jobs....
[10.897s] [ 60%] Built target scan_corrector_node
[10.898s] gmake: *** [Makefile:146: all] Error 2
[10.901s] Invoked command in '/home/jerry/limx_ws/build/lidar_odometry' returned '2': CMAKE_PREFIX_PATH=${CMAKE_PREFIX_PATH}:/opt/ros/humble /usr/bin/cmake --build /home/jerry/limx_ws/build/lidar_odometry -- -j8 -l8
