[0.023s] Invoking command in '/home/jerry/limx_ws/build/lidar_odometry_0': CMAKE_PREFIX_PATH=${CMAKE_PREFIX_PATH}:/opt/ros/humble /usr/bin/cmake --build /home/jerry/limx_ws/build/lidar_odometry_0 -- -j8 -l8
[0.096s] [35m[1mConsolidate compiler generated dependencies of target lidar_odometry_node_0[0m
[0.178s] [ 33%] [32mBuilding CXX object CMakeFiles/lidar_odometry_node_0.dir/src/lidar_odometry_node_0.cpp.o[0m
[5.220s] [01m[K/home/jerry/limx_ws/src/lidar_odometry_0/src/lidar_odometry_node_0.cpp:[m[K In constructor ‘[01m[KLidarOdometryNode::LidarOdometryNode()[m[K’:
[5.220s] [01m[K/home/jerry/limx_ws/src/lidar_odometry_0/src/lidar_odometry_node_0.cpp:49:7:[m[K [01;31m[Kerror: [m[Kno match for ‘[01m[Koperator=[m[K’ (operand types are ‘[01m[Kstd::shared_ptr<message_filters::Subscriber<sensor_msgs::msg::LaserScan_<std::allocator<void> > > >[m[K’ and ‘[01m[Kstd::shared_ptr<rclcpp::Subscription<sensor_msgs::msg::LaserScan_<std::allocator<void> >, std::allocator<void>, sensor_msgs::msg::LaserScan_<std::allocator<void> >, sensor_msgs::msg::LaserScan_<std::allocator<void> >, rclcpp::message_memory_strategy::MessageMemoryStrategy<sensor_msgs::msg::LaserScan_<std::allocator<void> >, std::allocator<void> > > >[m[K’)
[5.220s]    49 |       [01;31m[K)[m[K;
[5.220s]       |       [01;31m[K^[m[K
[5.220s] In file included from [01m[K/usr/include/c++/11/memory:77[m[K,
[5.220s]                  from [01m[K/home/jerry/limx_ws/src/lidar_odometry_0/src/lidar_odometry_node_0.cpp:2[m[K:
[5.220s] [01m[K/usr/include/c++/11/bits/shared_ptr.h:363:9:[m[K [01;36m[Knote: [m[Kcandidate: ‘[01m[Ktemplate<class _Yp> std::shared_ptr<_Tp>::_Assignable<const std::shared_ptr<_Yp>&> std::shared_ptr<_Tp>::operator=(const std::shared_ptr<_Yp>&) [with _Yp = _Yp; _Tp = message_filters::Subscriber<sensor_msgs::msg::LaserScan_<std::allocator<void> > >][m[K’
[5.220s]   363 |         [01;36m[Koperator[m[K=(const shared_ptr<_Yp>& __r) noexcept
[5.220s]       |         [01;36m[K^~~~~~~~[m[K
[5.220s] [01m[K/usr/include/c++/11/bits/shared_ptr.h:363:9:[m[K [01;36m[Knote: [m[K  template argument deduction/substitution failed:
[5.220s] /usr/include/c++/11/bits/shared_ptr.h: In substitution of ‘[01m[Ktemplate<class _Tp> template<class _Arg> using _Assignable = typename std::enable_if<std::is_assignable<std::__shared_ptr<_Tp>&, _Arg>::value, std::shared_ptr<_Tp>&>::type [with _Arg = const std::shared_ptr<rclcpp::Subscription<sensor_msgs::msg::LaserScan_<std::allocator<void> >, std::allocator<void>, sensor_msgs::msg::LaserScan_<std::allocator<void> >, sensor_msgs::msg::LaserScan_<std::allocator<void> >, rclcpp::message_memory_strategy::MessageMemoryStrategy<sensor_msgs::msg::LaserScan_<std::allocator<void> >, std::allocator<void> > > >&; _Tp = message_filters::Subscriber<sensor_msgs::msg::LaserScan_<std::allocator<void> > >][m[K’:
[5.220s] [01m[K/usr/include/c++/11/bits/shared_ptr.h:363:2:[m[K   required by substitution of ‘[01m[Ktemplate<class _Yp> std::shared_ptr<message_filters::Subscriber<sensor_msgs::msg::LaserScan_<std::allocator<void> > > >::_Assignable<const std::shared_ptr<_Tp>&> std::shared_ptr<message_filters::Subscriber<sensor_msgs::msg::LaserScan_<std::allocator<void> > > >::operator=<_Yp>(const std::shared_ptr<_Tp>&) [with _Yp = rclcpp::Subscription<sensor_msgs::msg::LaserScan_<std::allocator<void> >, std::allocator<void>, sensor_msgs::msg::LaserScan_<std::allocator<void> >, sensor_msgs::msg::LaserScan_<std::allocator<void> >, rclcpp::message_memory_strategy::MessageMemoryStrategy<sensor_msgs::msg::LaserScan_<std::allocator<void> >, std::allocator<void> > >][m[K’
[5.220s] [01m[K/home/jerry/limx_ws/src/lidar_odometry_0/src/lidar_odometry_node_0.cpp:49:7:[m[K   required from here
[5.220s] [01m[K/usr/include/c++/11/bits/shared_ptr.h:130:15:[m[K [01;31m[Kerror: [m[Kno type named ‘[01m[Ktype[m[K’ in ‘[01m[Kstruct std::enable_if<false, std::shared_ptr<message_filters::Subscriber<sensor_msgs::msg::LaserScan_<std::allocator<void> > > >&>[m[K’
[5.221s]   130 |         using [01;31m[K_Assignable[m[K = typename enable_if<
[5.221s]       |               [01;31m[K^~~~~~~~~~~[m[K
[5.221s] [01m[K/usr/include/c++/11/bits/shared_ptr.h:374:9:[m[K [01;36m[Knote: [m[Kcandidate: ‘[01m[Ktemplate<class _Yp> std::shared_ptr<_Tp>::_Assignable<std::auto_ptr<_Up> > std::shared_ptr<_Tp>::operator=(std::auto_ptr<_Up>&&) [with _Yp = _Yp; _Tp = message_filters::Subscriber<sensor_msgs::msg::LaserScan_<std::allocator<void> > >][m[K’
[5.221s]   374 |         [01;36m[Koperator[m[K=(auto_ptr<_Yp>&& __r)
[5.221s]       |         [01;36m[K^~~~~~~~[m[K
[5.221s] [01m[K/usr/include/c++/11/bits/shared_ptr.h:374:9:[m[K [01;36m[Knote: [m[K  template argument deduction/substitution failed:
[5.221s] [01m[K/home/jerry/limx_ws/src/lidar_odometry_0/src/lidar_odometry_node_0.cpp:49:7:[m[K [01;36m[Knote: [m[K  ‘[01m[Kstd::shared_ptr<rclcpp::Subscription<sensor_msgs::msg::LaserScan_<std::allocator<void> >, std::allocator<void>, sensor_msgs::msg::LaserScan_<std::allocator<void> >, sensor_msgs::msg::LaserScan_<std::allocator<void> >, rclcpp::message_memory_strategy::MessageMemoryStrategy<sensor_msgs::msg::LaserScan_<std::allocator<void> >, std::allocator<void> > > >[m[K’ is not derived from ‘[01m[Kstd::auto_ptr<_Up>[m[K’
[5.221s]    49 |       [01;36m[K)[m[K;
[5.221s]       |       [01;36m[K^[m[K
[5.221s] In file included from [01m[K/usr/include/c++/11/memory:77[m[K,
[5.221s]                  from [01m[K/home/jerry/limx_ws/src/lidar_odometry_0/src/lidar_odometry_node_0.cpp:2[m[K:
[5.221s] [01m[K/usr/include/c++/11/bits/shared_ptr.h:391:9:[m[K [01;36m[Knote: [m[Kcandidate: ‘[01m[Ktemplate<class _Yp> std::shared_ptr<_Tp>::_Assignable<std::shared_ptr<_Yp> > std::shared_ptr<_Tp>::operator=(std::shared_ptr<_Yp>&&) [with _Yp = _Yp; _Tp = message_filters::Subscriber<sensor_msgs::msg::LaserScan_<std::allocator<void> > >][m[K’
[5.221s]   391 |         [01;36m[Koperator[m[K=(shared_ptr<_Yp>&& __r) noexcept
[5.221s]       |         [01;36m[K^~~~~~~~[m[K
[5.221s] [01m[K/usr/include/c++/11/bits/shared_ptr.h:391:9:[m[K [01;36m[Knote: [m[K  template argument deduction/substitution failed:
[5.221s] /usr/include/c++/11/bits/shared_ptr.h: In substitution of ‘[01m[Ktemplate<class _Tp> template<class _Arg> using _Assignable = typename std::enable_if<std::is_assignable<std::__shared_ptr<_Tp>&, _Arg>::value, std::shared_ptr<_Tp>&>::type [with _Arg = std::shared_ptr<rclcpp::Subscription<sensor_msgs::msg::LaserScan_<std::allocator<void> >, std::allocator<void>, sensor_msgs::msg::LaserScan_<std::allocator<void> >, sensor_msgs::msg::LaserScan_<std::allocator<void> >, rclcpp::message_memory_strategy::MessageMemoryStrategy<sensor_msgs::msg::LaserScan_<std::allocator<void> >, std::allocator<void> > > >; _Tp = message_filters::Subscriber<sensor_msgs::msg::LaserScan_<std::allocator<void> > >][m[K’:
[5.221s] [01m[K/usr/include/c++/11/bits/shared_ptr.h:391:2:[m[K   required by substitution of ‘[01m[Ktemplate<class _Yp> std::shared_ptr<message_filters::Subscriber<sensor_msgs::msg::LaserScan_<std::allocator<void> > > >::_Assignable<std::shared_ptr<_Tp> > std::shared_ptr<message_filters::Subscriber<sensor_msgs::msg::LaserScan_<std::allocator<void> > > >::operator=<_Yp>(std::shared_ptr<_Tp>&&) [with _Yp = rclcpp::Subscription<sensor_msgs::msg::LaserScan_<std::allocator<void> >, std::allocator<void>, sensor_msgs::msg::LaserScan_<std::allocator<void> >, sensor_msgs::msg::LaserScan_<std::allocator<void> >, rclcpp::message_memory_strategy::MessageMemoryStrategy<sensor_msgs::msg::LaserScan_<std::allocator<void> >, std::allocator<void> > >][m[K’
[5.221s] [01m[K/home/jerry/limx_ws/src/lidar_odometry_0/src/lidar_odometry_node_0.cpp:49:7:[m[K   required from here
[5.221s] [01m[K/usr/include/c++/11/bits/shared_ptr.h:130:15:[m[K [01;31m[Kerror: [m[Kno type named ‘[01m[Ktype[m[K’ in ‘[01m[Kstruct std::enable_if<false, std::shared_ptr<message_filters::Subscriber<sensor_msgs::msg::LaserScan_<std::allocator<void> > > >&>[m[K’
[5.221s]   130 |         using [01;31m[K_Assignable[m[K = typename enable_if<
[5.221s]       |               [01;31m[K^~~~~~~~~~~[m[K
[5.221s] [01m[K/usr/include/c++/11/bits/shared_ptr.h:399:9:[m[K [01;36m[Knote: [m[Kcandidate: ‘[01m[Ktemplate<class _Yp, class _Del> std::shared_ptr<_Tp>::_Assignable<std::unique_ptr<_Up, _Ep> > std::shared_ptr<_Tp>::operator=(std::unique_ptr<_Up, _Ep>&&) [with _Yp = _Yp; _Del = _Del; _Tp = message_filters::Subscriber<sensor_msgs::msg::LaserScan_<std::allocator<void> > >][m[K’
[5.221s]   399 |         [01;36m[Koperator[m[K=(unique_ptr<_Yp, _Del>&& __r)
[5.221s]       |         [01;36m[K^~~~~~~~[m[K
[5.221s] [01m[K/usr/include/c++/11/bits/shared_ptr.h:399:9:[m[K [01;36m[Knote: [m[K  template argument deduction/substitution failed:
[5.221s] [01m[K/home/jerry/limx_ws/src/lidar_odometry_0/src/lidar_odometry_node_0.cpp:49:7:[m[K [01;36m[Knote: [m[K  ‘[01m[Kstd::shared_ptr<rclcpp::Subscription<sensor_msgs::msg::LaserScan_<std::allocator<void> >, std::allocator<void>, sensor_msgs::msg::LaserScan_<std::allocator<void> >, sensor_msgs::msg::LaserScan_<std::allocator<void> >, rclcpp::message_memory_strategy::MessageMemoryStrategy<sensor_msgs::msg::LaserScan_<std::allocator<void> >, std::allocator<void> > > >[m[K’ is not derived from ‘[01m[Kstd::unique_ptr<_Tp, _Dp>[m[K’
[5.221s]    49 |       [01;36m[K)[m[K;
[5.221s]       |       [01;36m[K^[m[K
[5.221s] In file included from [01m[K/usr/include/c++/11/memory:77[m[K,
[5.221s]                  from [01m[K/home/jerry/limx_ws/src/lidar_odometry_0/src/lidar_odometry_node_0.cpp:2[m[K:
[5.221s] [01m[K/usr/include/c++/11/bits/shared_ptr.h:359:19:[m[K [01;36m[Knote: [m[Kcandidate: ‘[01m[Kstd::shared_ptr<_Tp>& std::shared_ptr<_Tp>::operator=(const std::shared_ptr<_Tp>&) [with _Tp = message_filters::Subscriber<sensor_msgs::msg::LaserScan_<std::allocator<void> > >][m[K’
[5.222s]   359 |       shared_ptr& [01;36m[Koperator[m[K=(const shared_ptr&) noexcept = default;
[5.222s]       |                   [01;36m[K^~~~~~~~[m[K
[5.222s] [01m[K/usr/include/c++/11/bits/shared_ptr.h:359:29:[m[K [01;36m[Knote: [m[K  no known conversion for argument 1 from ‘[01m[Kstd::shared_ptr<rclcpp::Subscription<sensor_msgs::msg::LaserScan_<std::allocator<void> >, std::allocator<void>, sensor_msgs::msg::LaserScan_<std::allocator<void> >, sensor_msgs::msg::LaserScan_<std::allocator<void> >, rclcpp::message_memory_strategy::MessageMemoryStrategy<sensor_msgs::msg::LaserScan_<std::allocator<void> >, std::allocator<void> > > >[m[K’ to ‘[01m[Kconst std::shared_ptr<message_filters::Subscriber<sensor_msgs::msg::LaserScan_<std::allocator<void> > > >&[m[K’
[5.222s]   359 |       shared_ptr& operator=([01;36m[Kconst shared_ptr&[m[K) noexcept = default;
[5.222s]       |                             [01;36m[K^~~~~~~~~~~~~~~~~[m[K
[5.222s] [01m[K/usr/include/c++/11/bits/shared_ptr.h:383:7:[m[K [01;36m[Knote: [m[Kcandidate: ‘[01m[Kstd::shared_ptr<_Tp>& std::shared_ptr<_Tp>::operator=(std::shared_ptr<_Tp>&&) [with _Tp = message_filters::Subscriber<sensor_msgs::msg::LaserScan_<std::allocator<void> > >][m[K’
[5.222s]   383 |       [01;36m[Koperator[m[K=(shared_ptr&& __r) noexcept
[5.222s]       |       [01;36m[K^~~~~~~~[m[K
[5.222s] [01m[K/usr/include/c++/11/bits/shared_ptr.h:383:30:[m[K [01;36m[Knote: [m[K  no known conversion for argument 1 from ‘[01m[Kstd::shared_ptr<rclcpp::Subscription<sensor_msgs::msg::LaserScan_<std::allocator<void> >, std::allocator<void>, sensor_msgs::msg::LaserScan_<std::allocator<void> >, sensor_msgs::msg::LaserScan_<std::allocator<void> >, rclcpp::message_memory_strategy::MessageMemoryStrategy<sensor_msgs::msg::LaserScan_<std::allocator<void> >, std::allocator<void> > > >[m[K’ to ‘[01m[Kstd::shared_ptr<message_filters::Subscriber<sensor_msgs::msg::LaserScan_<std::allocator<void> > > >&&[m[K’
[5.222s]   383 |       operator=([01;36m[Kshared_ptr&& __r[m[K) noexcept
[5.222s]       |                 [01;36m[K~~~~~~~~~~~~~^~~[m[K
[8.169s] gmake[2]: *** [CMakeFiles/lidar_odometry_node_0.dir/build.make:76: CMakeFiles/lidar_odometry_node_0.dir/src/lidar_odometry_node_0.cpp.o] Error 1
[8.170s] gmake[1]: *** [CMakeFiles/Makefile2:137: CMakeFiles/lidar_odometry_node_0.dir/all] Error 2
[8.170s] gmake: *** [Makefile:146: all] Error 2
[8.172s] Invoked command in '/home/jerry/limx_ws/build/lidar_odometry_0' returned '2': CMAKE_PREFIX_PATH=${CMAKE_PREFIX_PATH}:/opt/ros/humble /usr/bin/cmake --build /home/jerry/limx_ws/build/lidar_odometry_0 -- -j8 -l8
