[0.027s] Invoking command in '/home/jerry/limx_ws/build/lidar_odometry': CMAKE_PREFIX_PATH=${CMAKE_PREFIX_PATH}:/opt/ros/humble /usr/bin/cmake --build /home/jerry/limx_ws/build/lidar_odometry -- -j8 -l8
[0.061s] -- Found ament_cmake: 1.3.12 (/opt/ros/humble/share/ament_cmake/cmake)
[0.167s] -- Found rclcpp: 16.0.17 (/opt/ros/humble/share/rclcpp/cmake)
[0.172s] -- Found rosidl_generator_c: 3.1.8 (/opt/ros/humble/share/rosidl_generator_c/cmake)
[0.174s] -- Found rosidl_adapter: 3.1.8 (/opt/ros/humble/share/rosidl_adapter/cmake)
[0.178s] -- Found rosidl_generator_cpp: 3.1.8 (/opt/ros/humble/share/rosidl_generator_cpp/cmake)
[0.184s] -- Using all available rosidl_typesupport_c: rosidl_typesupport_fastrtps_c;rosidl_typesupport_introspection_c
[0.192s] -- Using all available rosidl_typesupport_cpp: rosidl_typesupport_fastrtps_cpp;rosidl_typesupport_introspection_cpp
[0.213s] -- Found rmw_implementation_cmake: 6.1.2 (/opt/ros/humble/share/rmw_implementation_cmake/cmake)
[0.216s] -- Found rmw_fastrtps_cpp: 6.2.9 (/opt/ros/humble/share/rmw_fastrtps_cpp/cmake)
[0.304s] -- Using RMW implementation 'rmw_fastrtps_cpp' as default
[0.346s] -- Found sensor_msgs: 4.9.0 (/opt/ros/humble/share/sensor_msgs/cmake)
[0.354s] -- Found nav_msgs: 4.9.0 (/opt/ros/humble/share/nav_msgs/cmake)
[0.377s] -- Eigen found (include: /usr/include/eigen3, version: 3.4.0)
[0.402s] -- FLANN found (include: /usr/include, lib: /usr/lib/x86_64-linux-gnu/libflann_cpp.so)
[0.543s] -- Found Eigen3: /usr/include/eigen3 (found version "3.4.0") 
[0.625s] -- OpenNI found (version: 1.5.4.0, include: /usr/include/ni, lib: /usr/lib/libOpenNI.so;libusb::libusb)
[0.630s] -- OpenNI2 found (version: 2.2.0.33, include: /usr/include/openni2, lib: /usr/lib/x86_64-linux-gnu/libOpenNI2.so;libusb::libusb)
[0.630s] [0m** WARNING ** io features related to pcap will be disabled[0m
[0.741s] -- Eigen found (include: /usr/include/eigen3, version: 3.4.0)
[0.746s] -- OpenNI found (version: 1.5.4.0, include: /usr/include/ni, lib: /usr/lib/libOpenNI.so;libusb::libusb)
[0.752s] -- OpenNI2 found (version: 2.2.0.33, include: /usr/include/openni2, lib: /usr/lib/x86_64-linux-gnu/libOpenNI2.so;libusb::libusb)
[0.862s] -- Found Qhull version 8.0.2
[0.988s] -- OpenNI found (version: 1.5.4.0, include: /usr/include/ni, lib: /usr/lib/libOpenNI.so;libusb::libusb)
[1.117s] -- looking for PCL_COMMON
[1.118s] -- looking for PCL_KDTREE
[1.118s] -- looking for PCL_OCTREE
[1.118s] -- looking for PCL_SEARCH
[1.119s] -- looking for PCL_SAMPLE_CONSENSUS
[1.119s] -- looking for PCL_FILTERS
[1.119s] -- looking for PCL_2D
[1.119s] -- looking for PCL_GEOMETRY
[1.119s] -- looking for PCL_IO
[1.119s] -- looking for PCL_FEATURES
[1.120s] -- looking for PCL_ML
[1.120s] -- looking for PCL_SEGMENTATION
[1.120s] -- looking for PCL_VISUALIZATION
[1.121s] -- looking for PCL_SURFACE
[1.121s] -- looking for PCL_REGISTRATION
[1.121s] -- looking for PCL_KEYPOINTS
[1.121s] -- looking for PCL_TRACKING
[1.122s] -- looking for PCL_RECOGNITION
[1.122s] -- looking for PCL_STEREO
[1.123s] -- looking for PCL_APPS
[1.123s] -- looking for PCL_IN_HAND_SCANNER
[1.123s] -- looking for PCL_MODELER
[1.123s] -- looking for PCL_POINT_CLOUD_EDITOR
[1.123s] -- looking for PCL_OUTOFCORE
[1.124s] -- looking for PCL_PEOPLE
[1.126s] -- Found laser_geometry: 2.4.1 (/opt/ros/humble/share/laser_geometry/cmake)
[1.133s] -- Found pcl_conversions: 2.4.5 (/opt/ros/humble/share/pcl_conversions/cmake)
[1.152s] -- Found tf2_eigen: 0.25.18 (/opt/ros/humble/share/tf2_eigen/cmake)
[1.205s] -- Found tf2_geometry_msgs: 0.25.19 (/opt/ros/humble/share/tf2_geometry_msgs/cmake)
[1.209s] -- Found Eigen3: TRUE (found version "3.4.0") 
[1.209s] -- Ensuring Eigen3 include directory is part of orocos-kdl CMake target
[1.219s] -- Found ament_lint_auto: 0.12.14 (/opt/ros/humble/share/ament_lint_auto/cmake)
[1.270s] -- Added test 'cppcheck' to perform static code analysis on C / C++ code
[1.271s] -- Configured cppcheck include dirs: /home/jerry/limx_ws/src/lidar_odometry/include;$<BUILD_INTERFACE:/home/jerry/limx_ws/src/lidar_odometry/include>
[1.271s] -- Configured cppcheck exclude dirs and/or files: 
[1.271s] -- Added test 'lint_cmake' to check CMake code style
[1.272s] -- Added test 'uncrustify' to check C / C++ code style
[1.272s] -- Configured uncrustify additional arguments: 
[1.272s] -- Added test 'xmllint' to check XML markup files
[1.273s] -- Configuring done
[1.309s] -- Generating done
[1.321s] -- Build files have been written to: /home/jerry/limx_ws/build/lidar_odometry
[1.358s] [35m[1mConsolidate compiler generated dependencies of target lidar_odometry_node[0m
[1.368s] [ 20%] [32mBuilding CXX object CMakeFiles/scan_corrector_node.dir/src/scan_corrector_node.cpp.o[0m
[1.399s] [ 60%] [32mBuilding CXX object CMakeFiles/lidar_odometry_node.dir/src/lidar_odometry_node.cpp.o[0m
[1.399s] [ 60%] [32mBuilding CXX object CMakeFiles/lidar_odometry_node.dir/src/lidar_odometry.cpp.o[0m
[8.069s] [ 80%] [32m[1mLinking CXX executable scan_corrector_node[0m
[8.383s] [ 80%] Built target scan_corrector_node
[16.285s] [100%] [32m[1mLinking CXX executable lidar_odometry_node[0m
[17.400s] [100%] Built target lidar_odometry_node
[17.412s] Invoked command in '/home/jerry/limx_ws/build/lidar_odometry' returned '0': CMAKE_PREFIX_PATH=${CMAKE_PREFIX_PATH}:/opt/ros/humble /usr/bin/cmake --build /home/jerry/limx_ws/build/lidar_odometry -- -j8 -l8
[17.414s] Invoking command in '/home/jerry/limx_ws/build/lidar_odometry': CMAKE_PREFIX_PATH=${CMAKE_PREFIX_PATH}:/opt/ros/humble /usr/bin/cmake --install /home/jerry/limx_ws/build/lidar_odometry
[17.421s] -- Install configuration: ""
[17.421s] -- Installing: /home/jerry/limx_ws/install/lidar_odometry/lib/lidar_odometry/lidar_odometry_node
[17.439s] -- Set runtime path of "/home/jerry/limx_ws/install/lidar_odometry/lib/lidar_odometry/lidar_odometry_node" to ""
[17.439s] -- Installing: /home/jerry/limx_ws/install/lidar_odometry/lib/lidar_odometry/scan_corrector_node
[17.445s] -- Set runtime path of "/home/jerry/limx_ws/install/lidar_odometry/lib/lidar_odometry/scan_corrector_node" to ""
[17.445s] -- Installing: /home/jerry/limx_ws/install/lidar_odometry/share/ament_index/resource_index/package_run_dependencies/lidar_odometry
[17.445s] -- Installing: /home/jerry/limx_ws/install/lidar_odometry/share/ament_index/resource_index/parent_prefix_path/lidar_odometry
[17.445s] -- Up-to-date: /home/jerry/limx_ws/install/lidar_odometry/share/lidar_odometry/environment/ament_prefix_path.sh
[17.446s] -- Installing: /home/jerry/limx_ws/install/lidar_odometry/share/lidar_odometry/environment/ament_prefix_path.dsv
[17.446s] -- Up-to-date: /home/jerry/limx_ws/install/lidar_odometry/share/lidar_odometry/environment/path.sh
[17.446s] -- Installing: /home/jerry/limx_ws/install/lidar_odometry/share/lidar_odometry/environment/path.dsv
[17.446s] -- Up-to-date: /home/jerry/limx_ws/install/lidar_odometry/share/lidar_odometry/local_setup.bash
[17.446s] -- Up-to-date: /home/jerry/limx_ws/install/lidar_odometry/share/lidar_odometry/local_setup.sh
[17.446s] -- Up-to-date: /home/jerry/limx_ws/install/lidar_odometry/share/lidar_odometry/local_setup.zsh
[17.446s] -- Installing: /home/jerry/limx_ws/install/lidar_odometry/share/lidar_odometry/local_setup.dsv
[17.447s] -- Installing: /home/jerry/limx_ws/install/lidar_odometry/share/lidar_odometry/package.dsv
[17.447s] -- Up-to-date: /home/jerry/limx_ws/install/lidar_odometry/share/ament_index/resource_index/packages/lidar_odometry
[17.447s] -- Up-to-date: /home/jerry/limx_ws/install/lidar_odometry/share/lidar_odometry/cmake/lidar_odometryConfig.cmake
[17.447s] -- Up-to-date: /home/jerry/limx_ws/install/lidar_odometry/share/lidar_odometry/cmake/lidar_odometryConfig-version.cmake
[17.447s] -- Installing: /home/jerry/limx_ws/install/lidar_odometry/share/lidar_odometry/package.xml
[17.449s] Invoked command in '/home/jerry/limx_ws/build/lidar_odometry' returned '0': CMAKE_PREFIX_PATH=${CMAKE_PREFIX_PATH}:/opt/ros/humble /usr/bin/cmake --install /home/jerry/limx_ws/build/lidar_odometry
