[0.101s] Invoking command in '/home/jerry/limx_ws/build/limxsdk_lowlevel': CMAKE_PREFIX_PATH=/opt/ros/humble /usr/bin/cmake --build /home/jerry/limx_ws/build/limxsdk_lowlevel -- -j8 -l8
[0.453s] [ 50%] Built target pf_groupJoints_move
[0.481s] [100%] Built target pf_joint_move
[0.566s] Invoked command in '/home/jerry/limx_ws/build/limxsdk_lowlevel' returned '0': CMAKE_PREFIX_PATH=/opt/ros/humble /usr/bin/cmake --build /home/jerry/limx_ws/build/limxsdk_lowlevel -- -j8 -l8
[0.579s] Invoking command in '/home/jerry/limx_ws/build/limxsdk_lowlevel': CMAKE_PREFIX_PATH=/opt/ros/humble /usr/bin/cmake --install /home/jerry/limx_ws/build/limxsdk_lowlevel
[0.736s] -- Install configuration: "Release"
[0.737s] -- Up-to-date: /home/jerry/limx_ws/install/limxsdk_lowlevel/include/
[0.737s] -- Up-to-date: /home/jerry/limx_ws/install/limxsdk_lowlevel/include//limxsdk
[0.737s] -- Up-to-date: /home/jerry/limx_ws/install/limxsdk_lowlevel/include//limxsdk/pointfoot.h
[0.738s] -- Up-to-date: /home/jerry/limx_ws/install/limxsdk_lowlevel/include//limxsdk/tron2.h
[0.738s] -- Up-to-date: /home/jerry/limx_ws/install/limxsdk_lowlevel/include//limxsdk/wheellegged.h
[0.752s] -- Up-to-date: /home/jerry/limx_ws/install/limxsdk_lowlevel/include//limxsdk/datatypes.h
[0.752s] -- Up-to-date: /home/jerry/limx_ws/install/limxsdk_lowlevel/include//limxsdk/macros.h
[0.752s] -- Up-to-date: /home/jerry/limx_ws/install/limxsdk_lowlevel/include//limxsdk/ability
[0.752s] -- Up-to-date: /home/jerry/limx_ws/install/limxsdk_lowlevel/include//limxsdk/ability/yaml_config_parser.h
[0.753s] -- Up-to-date: /home/jerry/limx_ws/install/limxsdk_lowlevel/include//limxsdk/ability/ability_manager.h
[0.753s] -- Up-to-date: /home/jerry/limx_ws/install/limxsdk_lowlevel/include//limxsdk/ability/rate.h
[0.753s] -- Up-to-date: /home/jerry/limx_ws/install/limxsdk_lowlevel/include//limxsdk/ability/plugin_loader.h
[0.753s] -- Up-to-date: /home/jerry/limx_ws/install/limxsdk_lowlevel/include//limxsdk/ability/plugin_registry.h
[0.766s] -- Up-to-date: /home/jerry/limx_ws/install/limxsdk_lowlevel/include//limxsdk/ability/robot_data.h
[0.766s] -- Up-to-date: /home/jerry/limx_ws/install/limxsdk_lowlevel/include//limxsdk/ability/base_ability.h
[0.766s] -- Up-to-date: /home/jerry/limx_ws/install/limxsdk_lowlevel/include//limxsdk/humanoid.h
[0.767s] -- Up-to-date: /home/jerry/limx_ws/install/limxsdk_lowlevel/include//limxsdk/apibase.h
[0.767s] -- Up-to-date: /home/jerry/limx_ws/install/limxsdk_lowlevel/lib/.
[0.771s] -- Up-to-date: /home/jerry/limx_ws/install/limxsdk_lowlevel/lib/./liblimxsdk_lowlevel.so
[0.775s] -- Up-to-date: /home/jerry/limx_ws/install/limxsdk_lowlevel/share/limxsdk_lowlevel/environment/library_path.sh
[0.781s] -- Up-to-date: /home/jerry/limx_ws/install/limxsdk_lowlevel/share/limxsdk_lowlevel/environment/library_path.dsv
[0.800s] -- Up-to-date: /home/jerry/limx_ws/install/limxsdk_lowlevel/share/ament_index/resource_index/package_run_dependencies/limxsdk_lowlevel
[0.800s] -- Up-to-date: /home/jerry/limx_ws/install/limxsdk_lowlevel/share/ament_index/resource_index/parent_prefix_path/limxsdk_lowlevel
[0.801s] -- Up-to-date: /home/jerry/limx_ws/install/limxsdk_lowlevel/share/limxsdk_lowlevel/environment/ament_prefix_path.sh
[0.801s] -- Up-to-date: /home/jerry/limx_ws/install/limxsdk_lowlevel/share/limxsdk_lowlevel/environment/ament_prefix_path.dsv
[0.802s] -- Up-to-date: /home/jerry/limx_ws/install/limxsdk_lowlevel/share/limxsdk_lowlevel/environment/path.sh
[0.802s] -- Up-to-date: /home/jerry/limx_ws/install/limxsdk_lowlevel/share/limxsdk_lowlevel/environment/path.dsv
[0.803s] -- Up-to-date: /home/jerry/limx_ws/install/limxsdk_lowlevel/share/limxsdk_lowlevel/local_setup.bash
[0.804s] -- Up-to-date: /home/jerry/limx_ws/install/limxsdk_lowlevel/share/limxsdk_lowlevel/local_setup.sh
[0.804s] -- Up-to-date: /home/jerry/limx_ws/install/limxsdk_lowlevel/share/limxsdk_lowlevel/local_setup.zsh
[0.818s] -- Up-to-date: /home/jerry/limx_ws/install/limxsdk_lowlevel/share/limxsdk_lowlevel/local_setup.dsv
[0.818s] -- Installing: /home/jerry/limx_ws/install/limxsdk_lowlevel/share/limxsdk_lowlevel/package.dsv
[0.819s] -- Up-to-date: /home/jerry/limx_ws/install/limxsdk_lowlevel/share/ament_index/resource_index/packages/limxsdk_lowlevel
[0.819s] -- Up-to-date: /home/jerry/limx_ws/install/limxsdk_lowlevel/share/limxsdk_lowlevel/cmake/ament_cmake_export_libraries-extras.cmake
[0.819s] -- Up-to-date: /home/jerry/limx_ws/install/limxsdk_lowlevel/share/limxsdk_lowlevel/cmake/ament_cmake_export_include_directories-extras.cmake
[0.820s] -- Up-to-date: /home/jerry/limx_ws/install/limxsdk_lowlevel/share/limxsdk_lowlevel/cmake/limxsdk_lowlevelConfig.cmake
[0.820s] -- Up-to-date: /home/jerry/limx_ws/install/limxsdk_lowlevel/share/limxsdk_lowlevel/cmake/limxsdk_lowlevelConfig-version.cmake
[0.820s] -- Up-to-date: /home/jerry/limx_ws/install/limxsdk_lowlevel/share/limxsdk_lowlevel/package.xml
[0.851s] -- Up-to-date: /home/jerry/limx_ws/install/limxsdk_lowlevel/lib/limxsdk_lowlevel/pf_joint_move
[0.870s] -- Up-to-date: /home/jerry/limx_ws/install/limxsdk_lowlevel/lib/limxsdk_lowlevel/pf_groupJoints_move
[1.003s] Invoked command in '/home/jerry/limx_ws/build/limxsdk_lowlevel' returned '0': CMAKE_PREFIX_PATH=/opt/ros/humble /usr/bin/cmake --install /home/jerry/limx_ws/build/limxsdk_lowlevel
