[0.118s] Invoking command in '/home/jerry/limx_ws/build/lslidar_msgs': CMAKE_PREFIX_PATH=/opt/ros/humble /usr/bin/cmake --build /home/jerry/limx_ws/build/lslidar_msgs -- -j8 -l8
[0.454s] [  1%] Built target lslidar_msgs__cpp
[0.457s] [ 12%] Built target lslidar_msgs__rosidl_generator_c
[0.557s] [ 12%] Built target ament_cmake_python_copy_lslidar_msgs
[0.825s] [ 23%] Built target lslidar_msgs__rosidl_typesupport_fastrtps_cpp
[0.845s] [ 34%] Built target lslidar_msgs__rosidl_typesupport_cpp
[0.877s] [ 46%] Built target lslidar_msgs__rosidl_typesupport_introspection_cpp
[0.878s] [ 57%] Built target lslidar_msgs__rosidl_typesupport_introspection_c
[0.919s] [ 68%] Built target lslidar_msgs__rosidl_typesupport_fastrtps_c
[0.976s] [ 79%] Built target lslidar_msgs__rosidl_typesupport_c
[0.977s] [ 79%] Built target lslidar_msgs
[0.990s] [ 80%] Built target lslidar_msgs__py
[1.143s] [ 90%] Built target lslidar_msgs__rosidl_generator_py
[1.302s] [ 93%] Built target lslidar_msgs__rosidl_typesupport_introspection_c__pyext
[1.303s] [ 96%] Built target lslidar_msgs__rosidl_typesupport_c__pyext
[1.314s] [100%] Built target lslidar_msgs__rosidl_typesupport_fastrtps_c__pyext
[1.336s] running egg_info
[1.337s] writing lslidar_msgs.egg-info/PKG-INFO
[1.338s] writing dependency_links to lslidar_msgs.egg-info/dependency_links.txt
[1.339s] writing top-level names to lslidar_msgs.egg-info/top_level.txt
[1.339s] reading manifest file 'lslidar_msgs.egg-info/SOURCES.txt'
[1.340s] writing manifest file 'lslidar_msgs.egg-info/SOURCES.txt'
[1.392s] [100%] Built target ament_cmake_python_build_lslidar_msgs_egg
[1.445s] Invoked command in '/home/jerry/limx_ws/build/lslidar_msgs' returned '0': CMAKE_PREFIX_PATH=/opt/ros/humble /usr/bin/cmake --build /home/jerry/limx_ws/build/lslidar_msgs -- -j8 -l8
[1.448s] Invoking command in '/home/jerry/limx_ws/build/lslidar_msgs': CMAKE_PREFIX_PATH=/opt/ros/humble /usr/bin/cmake --install /home/jerry/limx_ws/build/lslidar_msgs
[1.479s] -- Install configuration: ""
[1.479s] -- Up-to-date: /home/jerry/limx_ws/install/lslidar_msgs/share/ament_index/resource_index/rosidl_interfaces/lslidar_msgs
[1.479s] -- Up-to-date: /home/jerry/limx_ws/install/lslidar_msgs/include/lslidar_msgs/lslidar_msgs
[1.484s] -- Up-to-date: /home/jerry/limx_ws/install/lslidar_msgs/include/lslidar_msgs/lslidar_msgs/msg
[1.486s] -- Up-to-date: /home/jerry/limx_ws/install/lslidar_msgs/include/lslidar_msgs/lslidar_msgs/msg/lslidar_point.h
[1.488s] -- Up-to-date: /home/jerry/limx_ws/install/lslidar_msgs/include/lslidar_msgs/lslidar_msgs/msg/rosidl_generator_c__visibility_control.h
[1.489s] -- Up-to-date: /home/jerry/limx_ws/install/lslidar_msgs/include/lslidar_msgs/lslidar_msgs/msg/lslidar_difop.h
[1.490s] -- Up-to-date: /home/jerry/limx_ws/install/lslidar_msgs/include/lslidar_msgs/lslidar_msgs/msg/detail
[1.490s] -- Up-to-date: /home/jerry/limx_ws/install/lslidar_msgs/include/lslidar_msgs/lslidar_msgs/msg/detail/lslidar_scan__functions.h
[1.490s] -- Up-to-date: /home/jerry/limx_ws/install/lslidar_msgs/include/lslidar_msgs/lslidar_msgs/msg/detail/lslidar_difop__functions.c
[1.490s] -- Up-to-date: /home/jerry/limx_ws/install/lslidar_msgs/include/lslidar_msgs/lslidar_msgs/msg/detail/lslidar_scan__struct.h
[1.490s] -- Up-to-date: /home/jerry/limx_ws/install/lslidar_msgs/include/lslidar_msgs/lslidar_msgs/msg/detail/lslidar_packet__type_support.h
[1.491s] -- Up-to-date: /home/jerry/limx_ws/install/lslidar_msgs/include/lslidar_msgs/lslidar_msgs/msg/detail/lslidar_difop__struct.h
[1.491s] -- Up-to-date: /home/jerry/limx_ws/install/lslidar_msgs/include/lslidar_msgs/lslidar_msgs/msg/detail/lslidar_scan__type_support.h
[1.491s] -- Up-to-date: /home/jerry/limx_ws/install/lslidar_msgs/include/lslidar_msgs/lslidar_msgs/msg/detail/lslidar_scan__functions.c
[1.491s] -- Up-to-date: /home/jerry/limx_ws/install/lslidar_msgs/include/lslidar_msgs/lslidar_msgs/msg/detail/lslidar_point__functions.c
[1.491s] -- Up-to-date: /home/jerry/limx_ws/install/lslidar_msgs/include/lslidar_msgs/lslidar_msgs/msg/detail/lslidar_packet__functions.c
[1.494s] -- Up-to-date: /home/jerry/limx_ws/install/lslidar_msgs/include/lslidar_msgs/lslidar_msgs/msg/detail/lslidar_point__struct.h
[1.496s] -- Up-to-date: /home/jerry/limx_ws/install/lslidar_msgs/include/lslidar_msgs/lslidar_msgs/msg/detail/lslidar_difop__type_support.h
[1.498s] -- Up-to-date: /home/jerry/limx_ws/install/lslidar_msgs/include/lslidar_msgs/lslidar_msgs/msg/detail/lslidar_packet__functions.h
[1.498s] -- Up-to-date: /home/jerry/limx_ws/install/lslidar_msgs/include/lslidar_msgs/lslidar_msgs/msg/detail/lslidar_sweep__functions.h
[1.498s] -- Up-to-date: /home/jerry/limx_ws/install/lslidar_msgs/include/lslidar_msgs/lslidar_msgs/msg/detail/lslidar_difop__functions.h
[1.499s] -- Up-to-date: /home/jerry/limx_ws/install/lslidar_msgs/include/lslidar_msgs/lslidar_msgs/msg/detail/lslidar_sweep__functions.c
[1.499s] -- Up-to-date: /home/jerry/limx_ws/install/lslidar_msgs/include/lslidar_msgs/lslidar_msgs/msg/detail/lslidar_packet__struct.h
[1.499s] -- Up-to-date: /home/jerry/limx_ws/install/lslidar_msgs/include/lslidar_msgs/lslidar_msgs/msg/detail/lslidar_sweep__struct.h
[1.499s] -- Up-to-date: /home/jerry/limx_ws/install/lslidar_msgs/include/lslidar_msgs/lslidar_msgs/msg/detail/lslidar_point__functions.h
[1.499s] -- Up-to-date: /home/jerry/limx_ws/install/lslidar_msgs/include/lslidar_msgs/lslidar_msgs/msg/detail/lslidar_sweep__type_support.h
[1.500s] -- Up-to-date: /home/jerry/limx_ws/install/lslidar_msgs/include/lslidar_msgs/lslidar_msgs/msg/detail/lslidar_point__type_support.h
[1.500s] -- Up-to-date: /home/jerry/limx_ws/install/lslidar_msgs/include/lslidar_msgs/lslidar_msgs/msg/lslidar_packet.h
[1.500s] -- Up-to-date: /home/jerry/limx_ws/install/lslidar_msgs/include/lslidar_msgs/lslidar_msgs/msg/lslidar_scan.h
[1.501s] -- Up-to-date: /home/jerry/limx_ws/install/lslidar_msgs/include/lslidar_msgs/lslidar_msgs/msg/lslidar_sweep.h
[1.501s] -- Up-to-date: /home/jerry/limx_ws/install/lslidar_msgs/share/lslidar_msgs/environment/library_path.sh
[1.501s] -- Up-to-date: /home/jerry/limx_ws/install/lslidar_msgs/share/lslidar_msgs/environment/library_path.dsv
[1.501s] -- Up-to-date: /home/jerry/limx_ws/install/lslidar_msgs/lib/liblslidar_msgs__rosidl_generator_c.so
[1.502s] -- Up-to-date: /home/jerry/limx_ws/install/lslidar_msgs/include/lslidar_msgs/lslidar_msgs
[1.502s] -- Up-to-date: /home/jerry/limx_ws/install/lslidar_msgs/include/lslidar_msgs/lslidar_msgs/msg
[1.502s] -- Up-to-date: /home/jerry/limx_ws/install/lslidar_msgs/include/lslidar_msgs/lslidar_msgs/msg/rosidl_typesupport_fastrtps_c__visibility_control.h
[1.502s] -- Up-to-date: /home/jerry/limx_ws/install/lslidar_msgs/include/lslidar_msgs/lslidar_msgs/msg/detail
[1.503s] -- Up-to-date: /home/jerry/limx_ws/install/lslidar_msgs/include/lslidar_msgs/lslidar_msgs/msg/detail/lslidar_sweep__rosidl_typesupport_fastrtps_c.h
[1.503s] -- Up-to-date: /home/jerry/limx_ws/install/lslidar_msgs/include/lslidar_msgs/lslidar_msgs/msg/detail/lslidar_difop__rosidl_typesupport_fastrtps_c.h
[1.503s] -- Up-to-date: /home/jerry/limx_ws/install/lslidar_msgs/include/lslidar_msgs/lslidar_msgs/msg/detail/lslidar_scan__rosidl_typesupport_fastrtps_c.h
[1.503s] -- Up-to-date: /home/jerry/limx_ws/install/lslidar_msgs/include/lslidar_msgs/lslidar_msgs/msg/detail/lslidar_point__rosidl_typesupport_fastrtps_c.h
[1.503s] -- Up-to-date: /home/jerry/limx_ws/install/lslidar_msgs/include/lslidar_msgs/lslidar_msgs/msg/detail/lslidar_packet__rosidl_typesupport_fastrtps_c.h
[1.504s] -- Up-to-date: /home/jerry/limx_ws/install/lslidar_msgs/lib/liblslidar_msgs__rosidl_typesupport_fastrtps_c.so
[1.504s] -- Up-to-date: /home/jerry/limx_ws/install/lslidar_msgs/include/lslidar_msgs/lslidar_msgs
[1.505s] -- Up-to-date: /home/jerry/limx_ws/install/lslidar_msgs/include/lslidar_msgs/lslidar_msgs/msg
[1.506s] -- Up-to-date: /home/jerry/limx_ws/install/lslidar_msgs/include/lslidar_msgs/lslidar_msgs/msg/rosidl_generator_cpp__visibility_control.hpp
[1.506s] -- Up-to-date: /home/jerry/limx_ws/install/lslidar_msgs/include/lslidar_msgs/lslidar_msgs/msg/lslidar_difop.hpp
[1.506s] -- Up-to-date: /home/jerry/limx_ws/install/lslidar_msgs/include/lslidar_msgs/lslidar_msgs/msg/lslidar_scan.hpp
[1.506s] -- Up-to-date: /home/jerry/limx_ws/install/lslidar_msgs/include/lslidar_msgs/lslidar_msgs/msg/detail
[1.506s] -- Up-to-date: /home/jerry/limx_ws/install/lslidar_msgs/include/lslidar_msgs/lslidar_msgs/msg/detail/lslidar_point__traits.hpp
[1.507s] -- Up-to-date: /home/jerry/limx_ws/install/lslidar_msgs/include/lslidar_msgs/lslidar_msgs/msg/detail/lslidar_sweep__struct.hpp
[1.507s] -- Up-to-date: /home/jerry/limx_ws/install/lslidar_msgs/include/lslidar_msgs/lslidar_msgs/msg/detail/lslidar_packet__builder.hpp
[1.508s] -- Up-to-date: /home/jerry/limx_ws/install/lslidar_msgs/include/lslidar_msgs/lslidar_msgs/msg/detail/lslidar_difop__type_support.hpp
[1.508s] -- Up-to-date: /home/jerry/limx_ws/install/lslidar_msgs/include/lslidar_msgs/lslidar_msgs/msg/detail/lslidar_sweep__type_support.hpp
[1.509s] -- Up-to-date: /home/jerry/limx_ws/install/lslidar_msgs/include/lslidar_msgs/lslidar_msgs/msg/detail/lslidar_scan__type_support.hpp
[1.509s] -- Up-to-date: /home/jerry/limx_ws/install/lslidar_msgs/include/lslidar_msgs/lslidar_msgs/msg/detail/lslidar_sweep__traits.hpp
[1.510s] -- Up-to-date: /home/jerry/limx_ws/install/lslidar_msgs/include/lslidar_msgs/lslidar_msgs/msg/detail/lslidar_scan__builder.hpp
[1.510s] -- Up-to-date: /home/jerry/limx_ws/install/lslidar_msgs/include/lslidar_msgs/lslidar_msgs/msg/detail/lslidar_packet__traits.hpp
[1.510s] -- Up-to-date: /home/jerry/limx_ws/install/lslidar_msgs/include/lslidar_msgs/lslidar_msgs/msg/detail/lslidar_scan__struct.hpp
[1.511s] -- Up-to-date: /home/jerry/limx_ws/install/lslidar_msgs/include/lslidar_msgs/lslidar_msgs/msg/detail/lslidar_point__type_support.hpp
[1.512s] -- Up-to-date: /home/jerry/limx_ws/install/lslidar_msgs/include/lslidar_msgs/lslidar_msgs/msg/detail/lslidar_packet__type_support.hpp
[1.513s] -- Up-to-date: /home/jerry/limx_ws/install/lslidar_msgs/include/lslidar_msgs/lslidar_msgs/msg/detail/lslidar_point__struct.hpp
[1.513s] -- Up-to-date: /home/jerry/limx_ws/install/lslidar_msgs/include/lslidar_msgs/lslidar_msgs/msg/detail/lslidar_difop__struct.hpp
[1.514s] -- Up-to-date: /home/jerry/limx_ws/install/lslidar_msgs/include/lslidar_msgs/lslidar_msgs/msg/detail/lslidar_sweep__builder.hpp
[1.515s] -- Up-to-date: /home/jerry/limx_ws/install/lslidar_msgs/include/lslidar_msgs/lslidar_msgs/msg/detail/lslidar_scan__traits.hpp
[1.516s] -- Up-to-date: /home/jerry/limx_ws/install/lslidar_msgs/include/lslidar_msgs/lslidar_msgs/msg/detail/lslidar_difop__builder.hpp
[1.518s] -- Up-to-date: /home/jerry/limx_ws/install/lslidar_msgs/include/lslidar_msgs/lslidar_msgs/msg/detail/lslidar_packet__struct.hpp
[1.518s] -- Up-to-date: /home/jerry/limx_ws/install/lslidar_msgs/include/lslidar_msgs/lslidar_msgs/msg/detail/lslidar_difop__traits.hpp
[1.518s] -- Up-to-date: /home/jerry/limx_ws/install/lslidar_msgs/include/lslidar_msgs/lslidar_msgs/msg/detail/lslidar_point__builder.hpp
[1.518s] -- Up-to-date: /home/jerry/limx_ws/install/lslidar_msgs/include/lslidar_msgs/lslidar_msgs/msg/lslidar_point.hpp
[1.519s] -- Up-to-date: /home/jerry/limx_ws/install/lslidar_msgs/include/lslidar_msgs/lslidar_msgs/msg/lslidar_sweep.hpp
[1.519s] -- Up-to-date: /home/jerry/limx_ws/install/lslidar_msgs/include/lslidar_msgs/lslidar_msgs/msg/lslidar_packet.hpp
[1.519s] -- Up-to-date: /home/jerry/limx_ws/install/lslidar_msgs/include/lslidar_msgs/lslidar_msgs
[1.523s] -- Up-to-date: /home/jerry/limx_ws/install/lslidar_msgs/include/lslidar_msgs/lslidar_msgs/msg
[1.534s] -- Up-to-date: /home/jerry/limx_ws/install/lslidar_msgs/include/lslidar_msgs/lslidar_msgs/msg/rosidl_typesupport_fastrtps_cpp__visibility_control.h
[1.535s] -- Up-to-date: /home/jerry/limx_ws/install/lslidar_msgs/include/lslidar_msgs/lslidar_msgs/msg/detail
[1.536s] -- Up-to-date: /home/jerry/limx_ws/install/lslidar_msgs/include/lslidar_msgs/lslidar_msgs/msg/detail/lslidar_packet__rosidl_typesupport_fastrtps_cpp.hpp
[1.542s] -- Up-to-date: /home/jerry/limx_ws/install/lslidar_msgs/include/lslidar_msgs/lslidar_msgs/msg/detail/lslidar_scan__rosidl_typesupport_fastrtps_cpp.hpp
[1.542s] -- Up-to-date: /home/jerry/limx_ws/install/lslidar_msgs/include/lslidar_msgs/lslidar_msgs/msg/detail/dds_fastrtps
[1.546s] -- Up-to-date: /home/jerry/limx_ws/install/lslidar_msgs/include/lslidar_msgs/lslidar_msgs/msg/detail/lslidar_point__rosidl_typesupport_fastrtps_cpp.hpp
[1.546s] -- Up-to-date: /home/jerry/limx_ws/install/lslidar_msgs/include/lslidar_msgs/lslidar_msgs/msg/detail/lslidar_sweep__rosidl_typesupport_fastrtps_cpp.hpp
[1.548s] -- Up-to-date: /home/jerry/limx_ws/install/lslidar_msgs/include/lslidar_msgs/lslidar_msgs/msg/detail/lslidar_difop__rosidl_typesupport_fastrtps_cpp.hpp
[1.556s] -- Up-to-date: /home/jerry/limx_ws/install/lslidar_msgs/lib/liblslidar_msgs__rosidl_typesupport_fastrtps_cpp.so
[1.556s] -- Up-to-date: /home/jerry/limx_ws/install/lslidar_msgs/include/lslidar_msgs/lslidar_msgs
[1.556s] -- Up-to-date: /home/jerry/limx_ws/install/lslidar_msgs/include/lslidar_msgs/lslidar_msgs/msg
[1.557s] -- Up-to-date: /home/jerry/limx_ws/install/lslidar_msgs/include/lslidar_msgs/lslidar_msgs/msg/rosidl_typesupport_introspection_c__visibility_control.h
[1.558s] -- Up-to-date: /home/jerry/limx_ws/install/lslidar_msgs/include/lslidar_msgs/lslidar_msgs/msg/detail
[1.558s] -- Up-to-date: /home/jerry/limx_ws/install/lslidar_msgs/include/lslidar_msgs/lslidar_msgs/msg/detail/lslidar_difop__rosidl_typesupport_introspection_c.h
[1.558s] -- Up-to-date: /home/jerry/limx_ws/install/lslidar_msgs/include/lslidar_msgs/lslidar_msgs/msg/detail/lslidar_point__type_support.c
[1.559s] -- Up-to-date: /home/jerry/limx_ws/install/lslidar_msgs/include/lslidar_msgs/lslidar_msgs/msg/detail/lslidar_difop__type_support.c
[1.559s] -- Up-to-date: /home/jerry/limx_ws/install/lslidar_msgs/include/lslidar_msgs/lslidar_msgs/msg/detail/lslidar_point__rosidl_typesupport_introspection_c.h
[1.559s] -- Up-to-date: /home/jerry/limx_ws/install/lslidar_msgs/include/lslidar_msgs/lslidar_msgs/msg/detail/lslidar_packet__type_support.c
[1.559s] -- Up-to-date: /home/jerry/limx_ws/install/lslidar_msgs/include/lslidar_msgs/lslidar_msgs/msg/detail/lslidar_sweep__type_support.c
[1.560s] -- Up-to-date: /home/jerry/limx_ws/install/lslidar_msgs/include/lslidar_msgs/lslidar_msgs/msg/detail/lslidar_packet__rosidl_typesupport_introspection_c.h
[1.560s] -- Up-to-date: /home/jerry/limx_ws/install/lslidar_msgs/include/lslidar_msgs/lslidar_msgs/msg/detail/lslidar_scan__rosidl_typesupport_introspection_c.h
[1.560s] -- Up-to-date: /home/jerry/limx_ws/install/lslidar_msgs/include/lslidar_msgs/lslidar_msgs/msg/detail/lslidar_scan__type_support.c
[1.560s] -- Up-to-date: /home/jerry/limx_ws/install/lslidar_msgs/include/lslidar_msgs/lslidar_msgs/msg/detail/lslidar_sweep__rosidl_typesupport_introspection_c.h
[1.561s] -- Up-to-date: /home/jerry/limx_ws/install/lslidar_msgs/lib/liblslidar_msgs__rosidl_typesupport_introspection_c.so
[1.562s] -- Up-to-date: /home/jerry/limx_ws/install/lslidar_msgs/lib/liblslidar_msgs__rosidl_typesupport_c.so
[1.562s] -- Up-to-date: /home/jerry/limx_ws/install/lslidar_msgs/include/lslidar_msgs/lslidar_msgs
[1.562s] -- Up-to-date: /home/jerry/limx_ws/install/lslidar_msgs/include/lslidar_msgs/lslidar_msgs/msg
[1.563s] -- Up-to-date: /home/jerry/limx_ws/install/lslidar_msgs/include/lslidar_msgs/lslidar_msgs/msg/detail
[1.563s] -- Up-to-date: /home/jerry/limx_ws/install/lslidar_msgs/include/lslidar_msgs/lslidar_msgs/msg/detail/lslidar_difop__type_support.cpp
[1.563s] -- Up-to-date: /home/jerry/limx_ws/install/lslidar_msgs/include/lslidar_msgs/lslidar_msgs/msg/detail/lslidar_scan__type_support.cpp
[1.563s] -- Up-to-date: /home/jerry/limx_ws/install/lslidar_msgs/include/lslidar_msgs/lslidar_msgs/msg/detail/lslidar_packet__rosidl_typesupport_introspection_cpp.hpp
[1.563s] -- Up-to-date: /home/jerry/limx_ws/install/lslidar_msgs/include/lslidar_msgs/lslidar_msgs/msg/detail/lslidar_point__rosidl_typesupport_introspection_cpp.hpp
[1.563s] -- Up-to-date: /home/jerry/limx_ws/install/lslidar_msgs/include/lslidar_msgs/lslidar_msgs/msg/detail/lslidar_sweep__rosidl_typesupport_introspection_cpp.hpp
[1.564s] -- Up-to-date: /home/jerry/limx_ws/install/lslidar_msgs/include/lslidar_msgs/lslidar_msgs/msg/detail/lslidar_point__type_support.cpp
[1.564s] -- Up-to-date: /home/jerry/limx_ws/install/lslidar_msgs/include/lslidar_msgs/lslidar_msgs/msg/detail/lslidar_sweep__type_support.cpp
[1.564s] -- Up-to-date: /home/jerry/limx_ws/install/lslidar_msgs/include/lslidar_msgs/lslidar_msgs/msg/detail/lslidar_scan__rosidl_typesupport_introspection_cpp.hpp
[1.564s] -- Up-to-date: /home/jerry/limx_ws/install/lslidar_msgs/include/lslidar_msgs/lslidar_msgs/msg/detail/lslidar_packet__type_support.cpp
[1.564s] -- Up-to-date: /home/jerry/limx_ws/install/lslidar_msgs/include/lslidar_msgs/lslidar_msgs/msg/detail/lslidar_difop__rosidl_typesupport_introspection_cpp.hpp
[1.565s] -- Up-to-date: /home/jerry/limx_ws/install/lslidar_msgs/lib/liblslidar_msgs__rosidl_typesupport_introspection_cpp.so
[1.565s] -- Up-to-date: /home/jerry/limx_ws/install/lslidar_msgs/lib/liblslidar_msgs__rosidl_typesupport_cpp.so
[1.566s] -- Up-to-date: /home/jerry/limx_ws/install/lslidar_msgs/share/lslidar_msgs/environment/pythonpath.sh
[1.566s] -- Up-to-date: /home/jerry/limx_ws/install/lslidar_msgs/share/lslidar_msgs/environment/pythonpath.dsv
[1.566s] -- Up-to-date: /home/jerry/limx_ws/install/lslidar_msgs/local/lib/python3.10/dist-packages/lslidar_msgs-1.2.0-py3.10.egg-info
[1.566s] -- Installing: /home/jerry/limx_ws/install/lslidar_msgs/local/lib/python3.10/dist-packages/lslidar_msgs-1.2.0-py3.10.egg-info/SOURCES.txt
[1.566s] -- Installing: /home/jerry/limx_ws/install/lslidar_msgs/local/lib/python3.10/dist-packages/lslidar_msgs-1.2.0-py3.10.egg-info/dependency_links.txt
[1.567s] -- Installing: /home/jerry/limx_ws/install/lslidar_msgs/local/lib/python3.10/dist-packages/lslidar_msgs-1.2.0-py3.10.egg-info/PKG-INFO
[1.567s] -- Installing: /home/jerry/limx_ws/install/lslidar_msgs/local/lib/python3.10/dist-packages/lslidar_msgs-1.2.0-py3.10.egg-info/top_level.txt
[1.567s] -- Up-to-date: /home/jerry/limx_ws/install/lslidar_msgs/local/lib/python3.10/dist-packages/lslidar_msgs
[1.568s] -- Up-to-date: /home/jerry/limx_ws/install/lslidar_msgs/local/lib/python3.10/dist-packages/lslidar_msgs/_lslidar_msgs_s.ep.rosidl_typesupport_c.c
[1.568s] -- Up-to-date: /home/jerry/limx_ws/install/lslidar_msgs/local/lib/python3.10/dist-packages/lslidar_msgs/__init__.py
[1.568s] -- Up-to-date: /home/jerry/limx_ws/install/lslidar_msgs/local/lib/python3.10/dist-packages/lslidar_msgs/lslidar_msgs_s__rosidl_typesupport_introspection_c.cpython-310-x86_64-linux-gnu.so
[1.568s] -- Up-to-date: /home/jerry/limx_ws/install/lslidar_msgs/local/lib/python3.10/dist-packages/lslidar_msgs/lslidar_msgs_s__rosidl_typesupport_fastrtps_c.cpython-310-x86_64-linux-gnu.so
[1.568s] -- Up-to-date: /home/jerry/limx_ws/install/lslidar_msgs/local/lib/python3.10/dist-packages/lslidar_msgs/_lslidar_msgs_s.ep.rosidl_typesupport_fastrtps_c.c
[1.568s] -- Up-to-date: /home/jerry/limx_ws/install/lslidar_msgs/local/lib/python3.10/dist-packages/lslidar_msgs/liblslidar_msgs__rosidl_generator_py.so
[1.569s] -- Up-to-date: /home/jerry/limx_ws/install/lslidar_msgs/local/lib/python3.10/dist-packages/lslidar_msgs/lslidar_msgs_s__rosidl_typesupport_c.cpython-310-x86_64-linux-gnu.so
[1.569s] -- Up-to-date: /home/jerry/limx_ws/install/lslidar_msgs/local/lib/python3.10/dist-packages/lslidar_msgs/msg
[1.569s] -- Up-to-date: /home/jerry/limx_ws/install/lslidar_msgs/local/lib/python3.10/dist-packages/lslidar_msgs/msg/_lslidar_difop_s.c
[1.570s] -- Up-to-date: /home/jerry/limx_ws/install/lslidar_msgs/local/lib/python3.10/dist-packages/lslidar_msgs/msg/_lslidar_point_s.c
[1.570s] -- Up-to-date: /home/jerry/limx_ws/install/lslidar_msgs/local/lib/python3.10/dist-packages/lslidar_msgs/msg/_lslidar_difop.py
[1.571s] -- Up-to-date: /home/jerry/limx_ws/install/lslidar_msgs/local/lib/python3.10/dist-packages/lslidar_msgs/msg/_lslidar_point.py
[1.571s] -- Up-to-date: /home/jerry/limx_ws/install/lslidar_msgs/local/lib/python3.10/dist-packages/lslidar_msgs/msg/__init__.py
[1.572s] -- Up-to-date: /home/jerry/limx_ws/install/lslidar_msgs/local/lib/python3.10/dist-packages/lslidar_msgs/msg/_lslidar_packet.py
[1.572s] -- Up-to-date: /home/jerry/limx_ws/install/lslidar_msgs/local/lib/python3.10/dist-packages/lslidar_msgs/msg/_lslidar_scan_s.c
[1.572s] -- Up-to-date: /home/jerry/limx_ws/install/lslidar_msgs/local/lib/python3.10/dist-packages/lslidar_msgs/msg/_lslidar_packet_s.c
[1.572s] -- Up-to-date: /home/jerry/limx_ws/install/lslidar_msgs/local/lib/python3.10/dist-packages/lslidar_msgs/msg/_lslidar_scan.py
[1.573s] -- Up-to-date: /home/jerry/limx_ws/install/lslidar_msgs/local/lib/python3.10/dist-packages/lslidar_msgs/msg/_lslidar_sweep.py
[1.573s] -- Up-to-date: /home/jerry/limx_ws/install/lslidar_msgs/local/lib/python3.10/dist-packages/lslidar_msgs/msg/_lslidar_sweep_s.c
[1.574s] -- Up-to-date: /home/jerry/limx_ws/install/lslidar_msgs/local/lib/python3.10/dist-packages/lslidar_msgs/_lslidar_msgs_s.ep.rosidl_typesupport_introspection_c.c
[1.704s] Listing '/home/jerry/limx_ws/install/lslidar_msgs/local/lib/python3.10/dist-packages/lslidar_msgs'...
[1.706s] Listing '/home/jerry/limx_ws/install/lslidar_msgs/local/lib/python3.10/dist-packages/lslidar_msgs/msg'...
[1.706s] -- Up-to-date: /home/jerry/limx_ws/install/lslidar_msgs/local/lib/python3.10/dist-packages/lslidar_msgs/lslidar_msgs_s__rosidl_typesupport_fastrtps_c.cpython-310-x86_64-linux-gnu.so
[1.706s] -- Up-to-date: /home/jerry/limx_ws/install/lslidar_msgs/local/lib/python3.10/dist-packages/lslidar_msgs/lslidar_msgs_s__rosidl_typesupport_introspection_c.cpython-310-x86_64-linux-gnu.so
[1.707s] -- Up-to-date: /home/jerry/limx_ws/install/lslidar_msgs/local/lib/python3.10/dist-packages/lslidar_msgs/lslidar_msgs_s__rosidl_typesupport_c.cpython-310-x86_64-linux-gnu.so
[1.707s] -- Up-to-date: /home/jerry/limx_ws/install/lslidar_msgs/lib/liblslidar_msgs__rosidl_generator_py.so
[1.707s] -- Up-to-date: /home/jerry/limx_ws/install/lslidar_msgs/share/lslidar_msgs/msg/LslidarDifop.idl
[1.708s] -- Up-to-date: /home/jerry/limx_ws/install/lslidar_msgs/share/lslidar_msgs/msg/LslidarPacket.idl
[1.709s] -- Up-to-date: /home/jerry/limx_ws/install/lslidar_msgs/share/lslidar_msgs/msg/LslidarPoint.idl
[1.709s] -- Up-to-date: /home/jerry/limx_ws/install/lslidar_msgs/share/lslidar_msgs/msg/LslidarScan.idl
[1.709s] -- Up-to-date: /home/jerry/limx_ws/install/lslidar_msgs/share/lslidar_msgs/msg/LslidarSweep.idl
[1.710s] -- Up-to-date: /home/jerry/limx_ws/install/lslidar_msgs/share/lslidar_msgs/msg/LslidarDifop.msg
[1.711s] -- Up-to-date: /home/jerry/limx_ws/install/lslidar_msgs/share/lslidar_msgs/msg/LslidarPacket.msg
[1.713s] -- Up-to-date: /home/jerry/limx_ws/install/lslidar_msgs/share/lslidar_msgs/msg/LslidarPoint.msg
[1.713s] -- Up-to-date: /home/jerry/limx_ws/install/lslidar_msgs/share/lslidar_msgs/msg/LslidarScan.msg
[1.714s] -- Up-to-date: /home/jerry/limx_ws/install/lslidar_msgs/share/lslidar_msgs/msg/LslidarSweep.msg
[1.715s] -- Up-to-date: /home/jerry/limx_ws/install/lslidar_msgs/share/ament_index/resource_index/package_run_dependencies/lslidar_msgs
[1.715s] -- Up-to-date: /home/jerry/limx_ws/install/lslidar_msgs/share/ament_index/resource_index/parent_prefix_path/lslidar_msgs
[1.715s] -- Up-to-date: /home/jerry/limx_ws/install/lslidar_msgs/share/lslidar_msgs/environment/ament_prefix_path.sh
[1.716s] -- Up-to-date: /home/jerry/limx_ws/install/lslidar_msgs/share/lslidar_msgs/environment/ament_prefix_path.dsv
[1.717s] -- Up-to-date: /home/jerry/limx_ws/install/lslidar_msgs/share/lslidar_msgs/environment/path.sh
[1.717s] -- Up-to-date: /home/jerry/limx_ws/install/lslidar_msgs/share/lslidar_msgs/environment/path.dsv
[1.718s] -- Up-to-date: /home/jerry/limx_ws/install/lslidar_msgs/share/lslidar_msgs/local_setup.bash
[1.719s] -- Up-to-date: /home/jerry/limx_ws/install/lslidar_msgs/share/lslidar_msgs/local_setup.sh
[1.719s] -- Up-to-date: /home/jerry/limx_ws/install/lslidar_msgs/share/lslidar_msgs/local_setup.zsh
[1.720s] -- Up-to-date: /home/jerry/limx_ws/install/lslidar_msgs/share/lslidar_msgs/local_setup.dsv
[1.720s] -- Installing: /home/jerry/limx_ws/install/lslidar_msgs/share/lslidar_msgs/package.dsv
[1.721s] -- Up-to-date: /home/jerry/limx_ws/install/lslidar_msgs/share/ament_index/resource_index/packages/lslidar_msgs
[1.722s] -- Up-to-date: /home/jerry/limx_ws/install/lslidar_msgs/share/lslidar_msgs/cmake/export_lslidar_msgs__rosidl_generator_cExport.cmake
[1.722s] -- Up-to-date: /home/jerry/limx_ws/install/lslidar_msgs/share/lslidar_msgs/cmake/export_lslidar_msgs__rosidl_generator_cExport-noconfig.cmake
[1.723s] -- Up-to-date: /home/jerry/limx_ws/install/lslidar_msgs/share/lslidar_msgs/cmake/export_lslidar_msgs__rosidl_typesupport_fastrtps_cExport.cmake
[1.723s] -- Up-to-date: /home/jerry/limx_ws/install/lslidar_msgs/share/lslidar_msgs/cmake/export_lslidar_msgs__rosidl_typesupport_fastrtps_cExport-noconfig.cmake
[1.724s] -- Up-to-date: /home/jerry/limx_ws/install/lslidar_msgs/share/lslidar_msgs/cmake/export_lslidar_msgs__rosidl_generator_cppExport.cmake
[1.724s] -- Up-to-date: /home/jerry/limx_ws/install/lslidar_msgs/share/lslidar_msgs/cmake/export_lslidar_msgs__rosidl_typesupport_fastrtps_cppExport.cmake
[1.724s] -- Up-to-date: /home/jerry/limx_ws/install/lslidar_msgs/share/lslidar_msgs/cmake/export_lslidar_msgs__rosidl_typesupport_fastrtps_cppExport-noconfig.cmake
[1.725s] -- Up-to-date: /home/jerry/limx_ws/install/lslidar_msgs/share/lslidar_msgs/cmake/lslidar_msgs__rosidl_typesupport_introspection_cExport.cmake
[1.726s] -- Up-to-date: /home/jerry/limx_ws/install/lslidar_msgs/share/lslidar_msgs/cmake/lslidar_msgs__rosidl_typesupport_introspection_cExport-noconfig.cmake
[1.726s] -- Up-to-date: /home/jerry/limx_ws/install/lslidar_msgs/share/lslidar_msgs/cmake/lslidar_msgs__rosidl_typesupport_cExport.cmake
[1.727s] -- Up-to-date: /home/jerry/limx_ws/install/lslidar_msgs/share/lslidar_msgs/cmake/lslidar_msgs__rosidl_typesupport_cExport-noconfig.cmake
[1.728s] -- Up-to-date: /home/jerry/limx_ws/install/lslidar_msgs/share/lslidar_msgs/cmake/lslidar_msgs__rosidl_typesupport_introspection_cppExport.cmake
[1.728s] -- Up-to-date: /home/jerry/limx_ws/install/lslidar_msgs/share/lslidar_msgs/cmake/lslidar_msgs__rosidl_typesupport_introspection_cppExport-noconfig.cmake
[1.729s] -- Up-to-date: /home/jerry/limx_ws/install/lslidar_msgs/share/lslidar_msgs/cmake/lslidar_msgs__rosidl_typesupport_cppExport.cmake
[1.730s] -- Up-to-date: /home/jerry/limx_ws/install/lslidar_msgs/share/lslidar_msgs/cmake/lslidar_msgs__rosidl_typesupport_cppExport-noconfig.cmake
[1.730s] -- Up-to-date: /home/jerry/limx_ws/install/lslidar_msgs/share/lslidar_msgs/cmake/export_lslidar_msgs__rosidl_generator_pyExport.cmake
[1.732s] -- Up-to-date: /home/jerry/limx_ws/install/lslidar_msgs/share/lslidar_msgs/cmake/export_lslidar_msgs__rosidl_generator_pyExport-noconfig.cmake
[1.732s] -- Up-to-date: /home/jerry/limx_ws/install/lslidar_msgs/share/lslidar_msgs/cmake/rosidl_cmake-extras.cmake
[1.733s] -- Up-to-date: /home/jerry/limx_ws/install/lslidar_msgs/share/lslidar_msgs/cmake/ament_cmake_export_dependencies-extras.cmake
[1.733s] -- Up-to-date: /home/jerry/limx_ws/install/lslidar_msgs/share/lslidar_msgs/cmake/ament_cmake_export_include_directories-extras.cmake
[1.733s] -- Up-to-date: /home/jerry/limx_ws/install/lslidar_msgs/share/lslidar_msgs/cmake/ament_cmake_export_libraries-extras.cmake
[1.734s] -- Up-to-date: /home/jerry/limx_ws/install/lslidar_msgs/share/lslidar_msgs/cmake/ament_cmake_export_targets-extras.cmake
[1.734s] -- Up-to-date: /home/jerry/limx_ws/install/lslidar_msgs/share/lslidar_msgs/cmake/rosidl_cmake_export_typesupport_targets-extras.cmake
[1.735s] -- Up-to-date: /home/jerry/limx_ws/install/lslidar_msgs/share/lslidar_msgs/cmake/rosidl_cmake_export_typesupport_libraries-extras.cmake
[1.735s] -- Up-to-date: /home/jerry/limx_ws/install/lslidar_msgs/share/lslidar_msgs/cmake/lslidar_msgsConfig.cmake
[1.735s] -- Up-to-date: /home/jerry/limx_ws/install/lslidar_msgs/share/lslidar_msgs/cmake/lslidar_msgsConfig-version.cmake
[1.736s] -- Up-to-date: /home/jerry/limx_ws/install/lslidar_msgs/share/lslidar_msgs/package.xml
[1.800s] Invoked command in '/home/jerry/limx_ws/build/lslidar_msgs' returned '0': CMAKE_PREFIX_PATH=/opt/ros/humble /usr/bin/cmake --install /home/jerry/limx_ws/build/lslidar_msgs
