[0.147s] Invoking command in '/home/jerry/limx_ws/build/robot_visualization': CMAKE_PREFIX_PATH=/home/jerry/limx_ws/install/scan_corrector:/opt/ros/humble:/home/jerry/limx_ws/install/robot_visualization:/home/jerry/limx_ws/install/robot_hw:/home/jerry/limx_ws/install/robot_description:/home/jerry/limx_ws/install/robot_controllers:/home/jerry/limx_ws/install/pointfoot_gazebo:/home/jerry/limx_ws/install/mrosbridger:/home/jerry/limx_ws/install/lslidar_driver:/home/jerry/limx_ws/install/lslidar_msgs:/home/jerry/limx_ws/install/limxsdk_sim:/home/jerry/limx_ws/install/limxsdk_lowlevel:/home/jerry/limx_ws/install/lidar_odometry_0:/home/jerry/limx_ws/install/lidar_odometry:/home/jerry/limx_ws/install/controller_msgs /usr/bin/cmake --build /home/jerry/limx_ws/build/robot_visualization -- -j8 -l8
[0.534s] Invoked command in '/home/jerry/limx_ws/build/robot_visualization' returned '0': CMAKE_PREFIX_PATH=/home/jerry/limx_ws/install/scan_corrector:/opt/ros/humble:/home/jerry/limx_ws/install/robot_visualization:/home/jerry/limx_ws/install/robot_hw:/home/jerry/limx_ws/install/robot_description:/home/jerry/limx_ws/install/robot_controllers:/home/jerry/limx_ws/install/pointfoot_gazebo:/home/jerry/limx_ws/install/mrosbridger:/home/jerry/limx_ws/install/lslidar_driver:/home/jerry/limx_ws/install/lslidar_msgs:/home/jerry/limx_ws/install/limxsdk_sim:/home/jerry/limx_ws/install/limxsdk_lowlevel:/home/jerry/limx_ws/install/lidar_odometry_0:/home/jerry/limx_ws/install/lidar_odometry:/home/jerry/limx_ws/install/controller_msgs /usr/bin/cmake --build /home/jerry/limx_ws/build/robot_visualization -- -j8 -l8
[0.546s] Invoking command in '/home/jerry/limx_ws/build/robot_visualization': CMAKE_PREFIX_PATH=/home/jerry/limx_ws/install/scan_corrector:/opt/ros/humble:/home/jerry/limx_ws/install/robot_visualization:/home/jerry/limx_ws/install/robot_hw:/home/jerry/limx_ws/install/robot_description:/home/jerry/limx_ws/install/robot_controllers:/home/jerry/limx_ws/install/pointfoot_gazebo:/home/jerry/limx_ws/install/mrosbridger:/home/jerry/limx_ws/install/lslidar_driver:/home/jerry/limx_ws/install/lslidar_msgs:/home/jerry/limx_ws/install/limxsdk_sim:/home/jerry/limx_ws/install/limxsdk_lowlevel:/home/jerry/limx_ws/install/lidar_odometry_0:/home/jerry/limx_ws/install/lidar_odometry:/home/jerry/limx_ws/install/controller_msgs /usr/bin/cmake --install /home/jerry/limx_ws/build/robot_visualization
[0.665s] -- Install configuration: ""
[0.666s] -- Up-to-date: /home/jerry/limx_ws/install/robot_visualization/../
[0.666s] -- Up-to-date: /home/jerry/limx_ws/install/robot_visualization/..//mrosbridger
[0.677s] -- Up-to-date: /home/jerry/limx_ws/install/robot_visualization/..//mrosbridger/bin
[0.679s] -- Up-to-date: /home/jerry/limx_ws/install/robot_visualization/..//mrosbridger/bin/mrosbridger
[0.681s] -- Up-to-date: /home/jerry/limx_ws/install/robot_visualization/..//mrosbridger/local
[0.684s] -- Up-to-date: /home/jerry/limx_ws/install/robot_visualization/..//mrosbridger/local/lib
[0.684s] -- Up-to-date: /home/jerry/limx_ws/install/robot_visualization/..//mrosbridger/local/lib/python3.10
[0.684s] -- Up-to-date: /home/jerry/limx_ws/install/robot_visualization/..//mrosbridger/local/lib/python3.10/dist-packages
[0.685s] -- Up-to-date: /home/jerry/limx_ws/install/robot_visualization/..//mrosbridger/local/lib/python3.10/dist-packages/mrosbridger
[0.685s] -- Up-to-date: /home/jerry/limx_ws/install/robot_visualization/..//mrosbridger/local/lib/python3.10/dist-packages/mrosbridger/__init__.py
[0.685s] -- Up-to-date: /home/jerry/limx_ws/install/robot_visualization/..//mrosbridger/local/lib/python3.10/dist-packages/mrosbridger-0.9.7-py3.10.egg-info
[0.685s] -- Up-to-date: /home/jerry/limx_ws/install/robot_visualization/..//mrosbridger/local/lib/python3.10/dist-packages/mrosbridger-0.9.7-py3.10.egg-info/SOURCES.txt
[0.691s] -- Up-to-date: /home/jerry/limx_ws/install/robot_visualization/..//mrosbridger/local/lib/python3.10/dist-packages/mrosbridger-0.9.7-py3.10.egg-info/dependency_links.txt
[0.691s] -- Up-to-date: /home/jerry/limx_ws/install/robot_visualization/..//mrosbridger/local/lib/python3.10/dist-packages/mrosbridger-0.9.7-py3.10.egg-info/PKG-INFO
[0.691s] -- Up-to-date: /home/jerry/limx_ws/install/robot_visualization/..//mrosbridger/local/lib/python3.10/dist-packages/mrosbridger-0.9.7-py3.10.egg-info/top_level.txt
[0.691s] -- Up-to-date: /home/jerry/limx_ws/install/robot_visualization/..//mrosbridger/share
[0.691s] -- Up-to-date: /home/jerry/limx_ws/install/robot_visualization/..//mrosbridger/share/mrosbridger
[0.692s] -- Up-to-date: /home/jerry/limx_ws/install/robot_visualization/..//mrosbridger/share/mrosbridger/package.xml
[0.692s] -- Up-to-date: /home/jerry/limx_ws/install/robot_visualization/..//mrosbridger/share/mrosbridger/launch
[0.692s] -- Up-to-date: /home/jerry/limx_ws/install/robot_visualization/..//mrosbridger/share/mrosbridger/launch/mrosbridger.launch.py
[0.692s] -- Up-to-date: /home/jerry/limx_ws/install/robot_visualization/..//mrosbridger/share/mrosbridger/cmake
[0.692s] -- Up-to-date: /home/jerry/limx_ws/install/robot_visualization/..//mrosbridger/share/mrosbridger/cmake/mrosbridgerConfig.cmake
[0.692s] -- Up-to-date: /home/jerry/limx_ws/install/robot_visualization/..//mrosbridger/share/mrosbridger/cmake/ament_cmake_export_libraries-extras.cmake
[0.693s] -- Up-to-date: /home/jerry/limx_ws/install/robot_visualization/..//mrosbridger/share/mrosbridger/cmake/ament_cmake_export_include_directories-extras.cmake
[0.693s] -- Up-to-date: /home/jerry/limx_ws/install/robot_visualization/..//mrosbridger/share/mrosbridger/cmake/mrosbridgerConfig-version.cmake
[0.693s] -- Up-to-date: /home/jerry/limx_ws/install/robot_visualization/..//mrosbridger/share/mrosbridger/local_setup.sh
[0.693s] -- Up-to-date: /home/jerry/limx_ws/install/robot_visualization/..//mrosbridger/share/mrosbridger/hook
[0.703s] -- Up-to-date: /home/jerry/limx_ws/install/robot_visualization/..//mrosbridger/share/mrosbridger/hook/pythonscriptspath.sh
[0.703s] -- Up-to-date: /home/jerry/limx_ws/install/robot_visualization/..//mrosbridger/share/mrosbridger/hook/pythonscriptspath.dsv
[0.703s] -- Up-to-date: /home/jerry/limx_ws/install/robot_visualization/..//mrosbridger/share/mrosbridger/hook/cmake_prefix_path.sh
[0.704s] -- Up-to-date: /home/jerry/limx_ws/install/robot_visualization/..//mrosbridger/share/mrosbridger/hook/pythonscriptspath.ps1
[0.704s] -- Up-to-date: /home/jerry/limx_ws/install/robot_visualization/..//mrosbridger/share/mrosbridger/hook/path.dsv
[0.705s] -- Up-to-date: /home/jerry/limx_ws/install/robot_visualization/..//mrosbridger/share/mrosbridger/hook/cmake_prefix_path.ps1
[0.705s] -- Up-to-date: /home/jerry/limx_ws/install/robot_visualization/..//mrosbridger/share/mrosbridger/hook/path.sh
[0.705s] -- Up-to-date: /home/jerry/limx_ws/install/robot_visualization/..//mrosbridger/share/mrosbridger/hook/cmake_prefix_path.dsv
[0.705s] -- Up-to-date: /home/jerry/limx_ws/install/robot_visualization/..//mrosbridger/share/mrosbridger/hook/path.ps1
[0.706s] -- Up-to-date: /home/jerry/limx_ws/install/robot_visualization/..//mrosbridger/share/mrosbridger/package.sh
[0.706s] -- Up-to-date: /home/jerry/limx_ws/install/robot_visualization/..//mrosbridger/share/mrosbridger/environment
[0.706s] -- Up-to-date: /home/jerry/limx_ws/install/robot_visualization/..//mrosbridger/share/mrosbridger/environment/pythonpath.dsv
[0.715s] -- Up-to-date: /home/jerry/limx_ws/install/robot_visualization/..//mrosbridger/share/mrosbridger/environment/library_path.dsv
[0.716s] -- Up-to-date: /home/jerry/limx_ws/install/robot_visualization/..//mrosbridger/share/mrosbridger/environment/pythonpath.sh
[0.716s] -- Up-to-date: /home/jerry/limx_ws/install/robot_visualization/..//mrosbridger/share/mrosbridger/environment/library_path.sh
[0.716s] -- Up-to-date: /home/jerry/limx_ws/install/robot_visualization/..//mrosbridger/share/mrosbridger/environment/path.dsv
[0.716s] -- Up-to-date: /home/jerry/limx_ws/install/robot_visualization/..//mrosbridger/share/mrosbridger/environment/path.sh
[0.717s] -- Up-to-date: /home/jerry/limx_ws/install/robot_visualization/..//mrosbridger/share/mrosbridger/environment/ament_prefix_path.sh
[0.726s] -- Up-to-date: /home/jerry/limx_ws/install/robot_visualization/..//mrosbridger/share/mrosbridger/environment/ament_prefix_path.dsv
[0.726s] -- Up-to-date: /home/jerry/limx_ws/install/robot_visualization/..//mrosbridger/share/mrosbridger/package.zsh
[0.729s] -- Up-to-date: /home/jerry/limx_ws/install/robot_visualization/..//mrosbridger/share/mrosbridger/local_setup.dsv
[0.729s] -- Up-to-date: /home/jerry/limx_ws/install/robot_visualization/..//mrosbridger/share/mrosbridger/package.bash
[0.729s] -- Up-to-date: /home/jerry/limx_ws/install/robot_visualization/..//mrosbridger/share/mrosbridger/package.ps1
[0.729s] -- Up-to-date: /home/jerry/limx_ws/install/robot_visualization/..//mrosbridger/share/mrosbridger/package.dsv
[0.729s] -- Up-to-date: /home/jerry/limx_ws/install/robot_visualization/..//mrosbridger/share/mrosbridger/local_setup.zsh
[0.730s] -- Up-to-date: /home/jerry/limx_ws/install/robot_visualization/..//mrosbridger/share/mrosbridger/local_setup.bash
[0.730s] -- Up-to-date: /home/jerry/limx_ws/install/robot_visualization/..//mrosbridger/share/colcon-core
[0.730s] -- Up-to-date: /home/jerry/limx_ws/install/robot_visualization/..//mrosbridger/share/colcon-core/packages
[0.730s] -- Up-to-date: /home/jerry/limx_ws/install/robot_visualization/..//mrosbridger/share/colcon-core/packages/mrosbridger
[0.740s] -- Up-to-date: /home/jerry/limx_ws/install/robot_visualization/..//mrosbridger/share/ament_index
[0.741s] -- Up-to-date: /home/jerry/limx_ws/install/robot_visualization/..//mrosbridger/share/ament_index/resource_index
[0.741s] -- Up-to-date: /home/jerry/limx_ws/install/robot_visualization/..//mrosbridger/share/ament_index/resource_index/packages
[0.741s] -- Up-to-date: /home/jerry/limx_ws/install/robot_visualization/..//mrosbridger/share/ament_index/resource_index/packages/mrosbridger
[0.741s] -- Up-to-date: /home/jerry/limx_ws/install/robot_visualization/..//mrosbridger/share/ament_index/resource_index/parent_prefix_path
[0.741s] -- Up-to-date: /home/jerry/limx_ws/install/robot_visualization/..//mrosbridger/share/ament_index/resource_index/parent_prefix_path/mrosbridger
[0.742s] -- Up-to-date: /home/jerry/limx_ws/install/robot_visualization/..//mrosbridger/share/ament_index/resource_index/package_run_dependencies
[0.742s] -- Up-to-date: /home/jerry/limx_ws/install/robot_visualization/..//mrosbridger/share/ament_index/resource_index/package_run_dependencies/mrosbridger
[0.742s] -- Up-to-date: /home/jerry/limx_ws/install/robot_visualization/..//mrosbridger/lib
[0.742s] -- Up-to-date: /home/jerry/limx_ws/install/robot_visualization/..//mrosbridger/lib/mrosbridger
[0.760s] -- Up-to-date: /home/jerry/limx_ws/install/robot_visualization/..//mrosbridger/lib/mrosbridger/mrosbridger
[0.761s] -- Up-to-date: /home/jerry/limx_ws/install/robot_visualization/..//controller_msgs
[0.761s] -- Up-to-date: /home/jerry/limx_ws/install/robot_visualization/..//controller_msgs/local
[0.761s] -- Up-to-date: /home/jerry/limx_ws/install/robot_visualization/..//controller_msgs/local/lib
[0.761s] -- Up-to-date: /home/jerry/limx_ws/install/robot_visualization/..//controller_msgs/local/lib/python3.10
[0.762s] -- Up-to-date: /home/jerry/limx_ws/install/robot_visualization/..//controller_msgs/local/lib/python3.10/dist-packages
[0.762s] -- Up-to-date: /home/jerry/limx_ws/install/robot_visualization/..//controller_msgs/local/lib/python3.10/dist-packages/controller_msgs-1.0.0-py3.10.egg-info
[0.762s] -- Up-to-date: /home/jerry/limx_ws/install/robot_visualization/..//controller_msgs/local/lib/python3.10/dist-packages/controller_msgs-1.0.0-py3.10.egg-info/SOURCES.txt
[0.762s] -- Up-to-date: /home/jerry/limx_ws/install/robot_visualization/..//controller_msgs/local/lib/python3.10/dist-packages/controller_msgs-1.0.0-py3.10.egg-info/dependency_links.txt
[0.762s] -- Up-to-date: /home/jerry/limx_ws/install/robot_visualization/..//controller_msgs/local/lib/python3.10/dist-packages/controller_msgs-1.0.0-py3.10.egg-info/PKG-INFO
[0.762s] -- Up-to-date: /home/jerry/limx_ws/install/robot_visualization/..//controller_msgs/local/lib/python3.10/dist-packages/controller_msgs-1.0.0-py3.10.egg-info/top_level.txt
[0.773s] -- Up-to-date: /home/jerry/limx_ws/install/robot_visualization/..//controller_msgs/local/lib/python3.10/dist-packages/controller_msgs
[0.773s] -- Up-to-date: /home/jerry/limx_ws/install/robot_visualization/..//controller_msgs/local/lib/python3.10/dist-packages/controller_msgs/_controller_msgs_s.ep.rosidl_typesupport_c.c
[0.774s] -- Up-to-date: /home/jerry/limx_ws/install/robot_visualization/..//controller_msgs/local/lib/python3.10/dist-packages/controller_msgs/__init__.py
[0.774s] -- Up-to-date: /home/jerry/limx_ws/install/robot_visualization/..//controller_msgs/local/lib/python3.10/dist-packages/controller_msgs/libcontroller_msgs__rosidl_generator_py.so
[0.774s] -- Up-to-date: /home/jerry/limx_ws/install/robot_visualization/..//controller_msgs/local/lib/python3.10/dist-packages/controller_msgs/controller_msgs_s__rosidl_typesupport_introspection_c.cpython-310-x86_64-linux-gnu.so
[0.774s] -- Up-to-date: /home/jerry/limx_ws/install/robot_visualization/..//controller_msgs/local/lib/python3.10/dist-packages/controller_msgs/controller_msgs_s__rosidl_typesupport_fastrtps_c.cpython-310-x86_64-linux-gnu.so
[0.774s] -- Up-to-date: /home/jerry/limx_ws/install/robot_visualization/..//controller_msgs/local/lib/python3.10/dist-packages/controller_msgs/_controller_msgs_s.ep.rosidl_typesupport_fastrtps_c.c
[0.775s] -- Up-to-date: /home/jerry/limx_ws/install/robot_visualization/..//controller_msgs/local/lib/python3.10/dist-packages/controller_msgs/msg
[0.775s] -- Up-to-date: /home/jerry/limx_ws/install/robot_visualization/..//controller_msgs/local/lib/python3.10/dist-packages/controller_msgs/msg/_joint_cmd_s.c
[0.775s] -- Up-to-date: /home/jerry/limx_ws/install/robot_visualization/..//controller_msgs/local/lib/python3.10/dist-packages/controller_msgs/msg/__init__.py
[0.775s] -- Up-to-date: /home/jerry/limx_ws/install/robot_visualization/..//controller_msgs/local/lib/python3.10/dist-packages/controller_msgs/msg/_imu_data_s.c
[0.775s] -- Up-to-date: /home/jerry/limx_ws/install/robot_visualization/..//controller_msgs/local/lib/python3.10/dist-packages/controller_msgs/msg/_joint_cmd.py
[0.776s] -- Up-to-date: /home/jerry/limx_ws/install/robot_visualization/..//controller_msgs/local/lib/python3.10/dist-packages/controller_msgs/msg/_imu_data.py
[0.776s] -- Up-to-date: /home/jerry/limx_ws/install/robot_visualization/..//controller_msgs/local/lib/python3.10/dist-packages/controller_msgs/msg/_joint_state.py
[0.776s] -- Up-to-date: /home/jerry/limx_ws/install/robot_visualization/..//controller_msgs/local/lib/python3.10/dist-packages/controller_msgs/msg/_joint_state_s.c
[0.776s] -- Up-to-date: /home/jerry/limx_ws/install/robot_visualization/..//controller_msgs/local/lib/python3.10/dist-packages/controller_msgs/_controller_msgs_s.ep.rosidl_typesupport_introspection_c.c
[0.776s] -- Up-to-date: /home/jerry/limx_ws/install/robot_visualization/..//controller_msgs/local/lib/python3.10/dist-packages/controller_msgs/controller_msgs_s__rosidl_typesupport_c.cpython-310-x86_64-linux-gnu.so
[0.786s] -- Up-to-date: /home/jerry/limx_ws/install/robot_visualization/..//controller_msgs/include
[0.788s] -- Up-to-date: /home/jerry/limx_ws/install/robot_visualization/..//controller_msgs/include/controller_msgs
[0.789s] -- Up-to-date: /home/jerry/limx_ws/install/robot_visualization/..//controller_msgs/include/controller_msgs/controller_msgs
[0.789s] -- Up-to-date: /home/jerry/limx_ws/install/robot_visualization/..//controller_msgs/include/controller_msgs/controller_msgs/msg
[0.789s] -- Up-to-date: /home/jerry/limx_ws/install/robot_visualization/..//controller_msgs/include/controller_msgs/controller_msgs/msg/joint_state.hpp
[0.789s] -- Up-to-date: /home/jerry/limx_ws/install/robot_visualization/..//controller_msgs/include/controller_msgs/controller_msgs/msg/rosidl_generator_cpp__visibility_control.hpp
[0.789s] -- Up-to-date: /home/jerry/limx_ws/install/robot_visualization/..//controller_msgs/include/controller_msgs/controller_msgs/msg/rosidl_generator_c__visibility_control.h
[0.789s] -- Up-to-date: /home/jerry/limx_ws/install/robot_visualization/..//controller_msgs/include/controller_msgs/controller_msgs/msg/rosidl_typesupport_fastrtps_cpp__visibility_control.h
[0.790s] -- Up-to-date: /home/jerry/limx_ws/install/robot_visualization/..//controller_msgs/include/controller_msgs/controller_msgs/msg/rosidl_typesupport_introspection_c__visibility_control.h
[0.790s] -- Up-to-date: /home/jerry/limx_ws/install/robot_visualization/..//controller_msgs/include/controller_msgs/controller_msgs/msg/rosidl_typesupport_fastrtps_c__visibility_control.h
[0.790s] -- Up-to-date: /home/jerry/limx_ws/install/robot_visualization/..//controller_msgs/include/controller_msgs/controller_msgs/msg/joint_state.h
[0.794s] -- Up-to-date: /home/jerry/limx_ws/install/robot_visualization/..//controller_msgs/include/controller_msgs/controller_msgs/msg/imu_data.hpp
[0.794s] -- Up-to-date: /home/jerry/limx_ws/install/robot_visualization/..//controller_msgs/include/controller_msgs/controller_msgs/msg/imu_data.h
[0.794s] -- Up-to-date: /home/jerry/limx_ws/install/robot_visualization/..//controller_msgs/include/controller_msgs/controller_msgs/msg/joint_cmd.hpp
[0.795s] -- Up-to-date: /home/jerry/limx_ws/install/robot_visualization/..//controller_msgs/include/controller_msgs/controller_msgs/msg/detail
[0.795s] -- Up-to-date: /home/jerry/limx_ws/install/robot_visualization/..//controller_msgs/include/controller_msgs/controller_msgs/msg/detail/imu_data__rosidl_typesupport_fastrtps_cpp.hpp
[0.795s] -- Up-to-date: /home/jerry/limx_ws/install/robot_visualization/..//controller_msgs/include/controller_msgs/controller_msgs/msg/detail/joint_state__type_support.hpp
[0.795s] -- Up-to-date: /home/jerry/limx_ws/install/robot_visualization/..//controller_msgs/include/controller_msgs/controller_msgs/msg/detail/joint_cmd__rosidl_typesupport_fastrtps_cpp.hpp
[0.795s] -- Up-to-date: /home/jerry/limx_ws/install/robot_visualization/..//controller_msgs/include/controller_msgs/controller_msgs/msg/detail/joint_state__functions.c
[0.796s] -- Up-to-date: /home/jerry/limx_ws/install/robot_visualization/..//controller_msgs/include/controller_msgs/controller_msgs/msg/detail/imu_data__type_support.cpp
[0.796s] -- Up-to-date: /home/jerry/limx_ws/install/robot_visualization/..//controller_msgs/include/controller_msgs/controller_msgs/msg/detail/joint_cmd__builder.hpp
[0.796s] -- Up-to-date: /home/jerry/limx_ws/install/robot_visualization/..//controller_msgs/include/controller_msgs/controller_msgs/msg/detail/joint_cmd__traits.hpp
[0.796s] -- Up-to-date: /home/jerry/limx_ws/install/robot_visualization/..//controller_msgs/include/controller_msgs/controller_msgs/msg/detail/imu_data__struct.h
[0.796s] -- Up-to-date: /home/jerry/limx_ws/install/robot_visualization/..//controller_msgs/include/controller_msgs/controller_msgs/msg/detail/joint_cmd__type_support.hpp
[0.796s] -- Up-to-date: /home/jerry/limx_ws/install/robot_visualization/..//controller_msgs/include/controller_msgs/controller_msgs/msg/detail/joint_cmd__type_support.h
[0.797s] -- Up-to-date: /home/jerry/limx_ws/install/robot_visualization/..//controller_msgs/include/controller_msgs/controller_msgs/msg/detail/joint_state__rosidl_typesupport_fastrtps_cpp.hpp
[0.797s] -- Up-to-date: /home/jerry/limx_ws/install/robot_visualization/..//controller_msgs/include/controller_msgs/controller_msgs/msg/detail/imu_data__rosidl_typesupport_introspection_c.h
[0.797s] -- Up-to-date: /home/jerry/limx_ws/install/robot_visualization/..//controller_msgs/include/controller_msgs/controller_msgs/msg/detail/joint_state__builder.hpp
[0.797s] -- Up-to-date: /home/jerry/limx_ws/install/robot_visualization/..//controller_msgs/include/controller_msgs/controller_msgs/msg/detail/joint_state__struct.hpp
[0.806s] -- Up-to-date: /home/jerry/limx_ws/install/robot_visualization/..//controller_msgs/include/controller_msgs/controller_msgs/msg/detail/joint_cmd__type_support.cpp
[0.806s] -- Up-to-date: /home/jerry/limx_ws/install/robot_visualization/..//controller_msgs/include/controller_msgs/controller_msgs/msg/detail/joint_state__type_support.h
[0.806s] -- Up-to-date: /home/jerry/limx_ws/install/robot_visualization/..//controller_msgs/include/controller_msgs/controller_msgs/msg/detail/imu_data__functions.c
[0.807s] -- Up-to-date: /home/jerry/limx_ws/install/robot_visualization/..//controller_msgs/include/controller_msgs/controller_msgs/msg/detail/joint_cmd__type_support.c
[0.807s] -- Up-to-date: /home/jerry/limx_ws/install/robot_visualization/..//controller_msgs/include/controller_msgs/controller_msgs/msg/detail/imu_data__type_support.c
[0.807s] -- Up-to-date: /home/jerry/limx_ws/install/robot_visualization/..//controller_msgs/include/controller_msgs/controller_msgs/msg/detail/imu_data__traits.hpp
[0.807s] -- Up-to-date: /home/jerry/limx_ws/install/robot_visualization/..//controller_msgs/include/controller_msgs/controller_msgs/msg/detail/imu_data__type_support.hpp
[0.807s] -- Up-to-date: /home/jerry/limx_ws/install/robot_visualization/..//controller_msgs/include/controller_msgs/controller_msgs/msg/detail/joint_state__struct.h
[0.808s] -- Up-to-date: /home/jerry/limx_ws/install/robot_visualization/..//controller_msgs/include/controller_msgs/controller_msgs/msg/detail/joint_state__rosidl_typesupport_introspection_cpp.hpp
[0.808s] -- Up-to-date: /home/jerry/limx_ws/install/robot_visualization/..//controller_msgs/include/controller_msgs/controller_msgs/msg/detail/joint_state__type_support.cpp
[0.808s] -- Up-to-date: /home/jerry/limx_ws/install/robot_visualization/..//controller_msgs/include/controller_msgs/controller_msgs/msg/detail/joint_cmd__rosidl_typesupport_introspection_c.h
[0.808s] -- Up-to-date: /home/jerry/limx_ws/install/robot_visualization/..//controller_msgs/include/controller_msgs/controller_msgs/msg/detail/imu_data__struct.hpp
[0.808s] -- Up-to-date: /home/jerry/limx_ws/install/robot_visualization/..//controller_msgs/include/controller_msgs/controller_msgs/msg/detail/joint_cmd__functions.h
[0.809s] -- Up-to-date: /home/jerry/limx_ws/install/robot_visualization/..//controller_msgs/include/controller_msgs/controller_msgs/msg/detail/imu_data__rosidl_typesupport_introspection_cpp.hpp
[0.809s] -- Up-to-date: /home/jerry/limx_ws/install/robot_visualization/..//controller_msgs/include/controller_msgs/controller_msgs/msg/detail/joint_cmd__rosidl_typesupport_introspection_cpp.hpp
[0.809s] -- Up-to-date: /home/jerry/limx_ws/install/robot_visualization/..//controller_msgs/include/controller_msgs/controller_msgs/msg/detail/joint_state__functions.h
[0.809s] -- Up-to-date: /home/jerry/limx_ws/install/robot_visualization/..//controller_msgs/include/controller_msgs/controller_msgs/msg/detail/joint_cmd__struct.hpp
[0.817s] -- Up-to-date: /home/jerry/limx_ws/install/robot_visualization/..//controller_msgs/include/controller_msgs/controller_msgs/msg/detail/imu_data__type_support.h
[0.817s] -- Up-to-date: /home/jerry/limx_ws/install/robot_visualization/..//controller_msgs/include/controller_msgs/controller_msgs/msg/detail/imu_data__functions.h
[0.818s] -- Up-to-date: /home/jerry/limx_ws/install/robot_visualization/..//controller_msgs/include/controller_msgs/controller_msgs/msg/detail/joint_cmd__functions.c
[0.818s] -- Up-to-date: /home/jerry/limx_ws/install/robot_visualization/..//controller_msgs/include/controller_msgs/controller_msgs/msg/detail/joint_cmd__struct.h
[0.818s] -- Up-to-date: /home/jerry/limx_ws/install/robot_visualization/..//controller_msgs/include/controller_msgs/controller_msgs/msg/detail/imu_data__rosidl_typesupport_fastrtps_c.h
[0.829s] -- Up-to-date: /home/jerry/limx_ws/install/robot_visualization/..//controller_msgs/include/controller_msgs/controller_msgs/msg/detail/joint_cmd__rosidl_typesupport_fastrtps_c.h
[0.829s] -- Up-to-date: /home/jerry/limx_ws/install/robot_visualization/..//controller_msgs/include/controller_msgs/controller_msgs/msg/detail/joint_state__traits.hpp
[0.830s] -- Up-to-date: /home/jerry/limx_ws/install/robot_visualization/..//controller_msgs/include/controller_msgs/controller_msgs/msg/detail/joint_state__rosidl_typesupport_introspection_c.h
[0.830s] -- Up-to-date: /home/jerry/limx_ws/install/robot_visualization/..//controller_msgs/include/controller_msgs/controller_msgs/msg/detail/joint_state__type_support.c
[0.830s] -- Up-to-date: /home/jerry/limx_ws/install/robot_visualization/..//controller_msgs/include/controller_msgs/controller_msgs/msg/detail/imu_data__builder.hpp
[0.830s] -- Up-to-date: /home/jerry/limx_ws/install/robot_visualization/..//controller_msgs/include/controller_msgs/controller_msgs/msg/detail/joint_state__rosidl_typesupport_fastrtps_c.h
[0.831s] -- Up-to-date: /home/jerry/limx_ws/install/robot_visualization/..//controller_msgs/include/controller_msgs/controller_msgs/msg/joint_cmd.h
[0.831s] -- Up-to-date: /home/jerry/limx_ws/install/robot_visualization/..//controller_msgs/share
[0.831s] -- Up-to-date: /home/jerry/limx_ws/install/robot_visualization/..//controller_msgs/share/colcon-core
[0.831s] -- Up-to-date: /home/jerry/limx_ws/install/robot_visualization/..//controller_msgs/share/colcon-core/packages
[0.831s] -- Up-to-date: /home/jerry/limx_ws/install/robot_visualization/..//controller_msgs/share/colcon-core/packages/controller_msgs
[0.831s] -- Up-to-date: /home/jerry/limx_ws/install/robot_visualization/..//controller_msgs/share/controller_msgs
[0.832s] -- Up-to-date: /home/jerry/limx_ws/install/robot_visualization/..//controller_msgs/share/controller_msgs/package.xml
[0.832s] -- Up-to-date: /home/jerry/limx_ws/install/robot_visualization/..//controller_msgs/share/controller_msgs/cmake
[0.832s] -- Up-to-date: /home/jerry/limx_ws/install/robot_visualization/..//controller_msgs/share/controller_msgs/cmake/export_controller_msgs__rosidl_typesupport_fastrtps_cExport.cmake
[0.832s] -- Up-to-date: /home/jerry/limx_ws/install/robot_visualization/..//controller_msgs/share/controller_msgs/cmake/rosidl_cmake_export_typesupport_targets-extras.cmake
[0.832s] -- Up-to-date: /home/jerry/limx_ws/install/robot_visualization/..//controller_msgs/share/controller_msgs/cmake/export_controller_msgs__rosidl_typesupport_fastrtps_cppExport.cmake
[0.841s] -- Up-to-date: /home/jerry/limx_ws/install/robot_visualization/..//controller_msgs/share/controller_msgs/cmake/export_controller_msgs__rosidl_generator_cppExport.cmake
[0.841s] -- Up-to-date: /home/jerry/limx_ws/install/robot_visualization/..//controller_msgs/share/controller_msgs/cmake/export_controller_msgs__rosidl_typesupport_fastrtps_cExport-release.cmake
[0.841s] -- Up-to-date: /home/jerry/limx_ws/install/robot_visualization/..//controller_msgs/share/controller_msgs/cmake/ament_cmake_export_libraries-extras.cmake
[0.841s] -- Up-to-date: /home/jerry/limx_ws/install/robot_visualization/..//controller_msgs/share/controller_msgs/cmake/export_controller_msgs__rosidl_generator_cExport-release.cmake
[0.842s] -- Up-to-date: /home/jerry/limx_ws/install/robot_visualization/..//controller_msgs/share/controller_msgs/cmake/ament_cmake_export_include_directories-extras.cmake
[0.842s] -- Up-to-date: /home/jerry/limx_ws/install/robot_visualization/..//controller_msgs/share/controller_msgs/cmake/export_controller_msgs__rosidl_generator_pyExport-release.cmake
[0.842s] -- Up-to-date: /home/jerry/limx_ws/install/robot_visualization/..//controller_msgs/share/controller_msgs/cmake/controller_msgs__rosidl_typesupport_introspection_cppExport.cmake
[0.842s] -- Up-to-date: /home/jerry/limx_ws/install/robot_visualization/..//controller_msgs/share/controller_msgs/cmake/rosidl_cmake_export_typesupport_libraries-extras.cmake
[0.842s] -- Up-to-date: /home/jerry/limx_ws/install/robot_visualization/..//controller_msgs/share/controller_msgs/cmake/controller_msgs__rosidl_typesupport_cppExport.cmake
[0.848s] -- Up-to-date: /home/jerry/limx_ws/install/robot_visualization/..//controller_msgs/share/controller_msgs/cmake/controller_msgs__rosidl_typesupport_introspection_cExport-release.cmake
[0.849s] -- Up-to-date: /home/jerry/limx_ws/install/robot_visualization/..//controller_msgs/share/controller_msgs/cmake/controller_msgs__rosidl_typesupport_cppExport-release.cmake
[0.854s] -- Up-to-date: /home/jerry/limx_ws/install/robot_visualization/..//controller_msgs/share/controller_msgs/cmake/export_controller_msgs__rosidl_typesupport_fastrtps_cppExport-release.cmake
[0.855s] -- Up-to-date: /home/jerry/limx_ws/install/robot_visualization/..//controller_msgs/share/controller_msgs/cmake/export_controller_msgs__rosidl_generator_cExport.cmake
[0.856s] -- Up-to-date: /home/jerry/limx_ws/install/robot_visualization/..//controller_msgs/share/controller_msgs/cmake/ament_cmake_export_targets-extras.cmake
[0.856s] -- Up-to-date: /home/jerry/limx_ws/install/robot_visualization/..//controller_msgs/share/controller_msgs/cmake/rosidl_cmake-extras.cmake
[0.856s] -- Up-to-date: /home/jerry/limx_ws/install/robot_visualization/..//controller_msgs/share/controller_msgs/cmake/controller_msgs__rosidl_typesupport_introspection_cExport.cmake
[0.856s] -- Up-to-date: /home/jerry/limx_ws/install/robot_visualization/..//controller_msgs/share/controller_msgs/cmake/ament_cmake_export_dependencies-extras.cmake
[0.856s] -- Up-to-date: /home/jerry/limx_ws/install/robot_visualization/..//controller_msgs/share/controller_msgs/cmake/controller_msgs__rosidl_typesupport_introspection_cppExport-release.cmake
[0.856s] -- Up-to-date: /home/jerry/limx_ws/install/robot_visualization/..//controller_msgs/share/controller_msgs/cmake/controller_msgs__rosidl_typesupport_cExport-release.cmake
[0.857s] -- Up-to-date: /home/jerry/limx_ws/install/robot_visualization/..//controller_msgs/share/controller_msgs/cmake/controller_msgsConfig-version.cmake
[0.857s] -- Up-to-date: /home/jerry/limx_ws/install/robot_visualization/..//controller_msgs/share/controller_msgs/cmake/controller_msgs__rosidl_typesupport_cExport.cmake
[0.864s] -- Up-to-date: /home/jerry/limx_ws/install/robot_visualization/..//controller_msgs/share/controller_msgs/cmake/controller_msgsConfig.cmake
[0.864s] -- Up-to-date: /home/jerry/limx_ws/install/robot_visualization/..//controller_msgs/share/controller_msgs/cmake/export_controller_msgs__rosidl_generator_pyExport.cmake
[0.864s] -- Up-to-date: /home/jerry/limx_ws/install/robot_visualization/..//controller_msgs/share/controller_msgs/local_setup.sh
[0.864s] -- Up-to-date: /home/jerry/limx_ws/install/robot_visualization/..//controller_msgs/share/controller_msgs/hook
[0.865s] -- Up-to-date: /home/jerry/limx_ws/install/robot_visualization/..//controller_msgs/share/controller_msgs/hook/ld_library_path_lib.ps1
[0.865s] -- Up-to-date: /home/jerry/limx_ws/install/robot_visualization/..//controller_msgs/share/controller_msgs/hook/cmake_prefix_path.sh
[0.865s] -- Up-to-date: /home/jerry/limx_ws/install/robot_visualization/..//controller_msgs/share/controller_msgs/hook/cmake_prefix_path.ps1
[0.865s] -- Up-to-date: /home/jerry/limx_ws/install/robot_visualization/..//controller_msgs/share/controller_msgs/hook/cmake_prefix_path.dsv
[0.865s] -- Up-to-date: /home/jerry/limx_ws/install/robot_visualization/..//controller_msgs/share/controller_msgs/hook/ld_library_path_lib.sh
[0.865s] -- Up-to-date: /home/jerry/limx_ws/install/robot_visualization/..//controller_msgs/share/controller_msgs/hook/ld_library_path_lib.dsv
[0.866s] -- Up-to-date: /home/jerry/limx_ws/install/robot_visualization/..//controller_msgs/share/controller_msgs/package.sh
[0.866s] -- Up-to-date: /home/jerry/limx_ws/install/robot_visualization/..//controller_msgs/share/controller_msgs/environment
[0.866s] -- Up-to-date: /home/jerry/limx_ws/install/robot_visualization/..//controller_msgs/share/controller_msgs/environment/pythonpath.dsv
[0.866s] -- Up-to-date: /home/jerry/limx_ws/install/robot_visualization/..//controller_msgs/share/controller_msgs/environment/library_path.dsv
[0.876s] -- Up-to-date: /home/jerry/limx_ws/install/robot_visualization/..//controller_msgs/share/controller_msgs/environment/pythonpath.sh
[0.876s] -- Up-to-date: /home/jerry/limx_ws/install/robot_visualization/..//controller_msgs/share/controller_msgs/environment/library_path.sh
[0.876s] -- Up-to-date: /home/jerry/limx_ws/install/robot_visualization/..//controller_msgs/share/controller_msgs/environment/path.dsv
[0.876s] -- Up-to-date: /home/jerry/limx_ws/install/robot_visualization/..//controller_msgs/share/controller_msgs/environment/path.sh
[0.877s] -- Up-to-date: /home/jerry/limx_ws/install/robot_visualization/..//controller_msgs/share/controller_msgs/environment/ament_prefix_path.sh
[0.877s] -- Up-to-date: /home/jerry/limx_ws/install/robot_visualization/..//controller_msgs/share/controller_msgs/environment/ament_prefix_path.dsv
[0.877s] -- Up-to-date: /home/jerry/limx_ws/install/robot_visualization/..//controller_msgs/share/controller_msgs/package.zsh
[0.877s] -- Up-to-date: /home/jerry/limx_ws/install/robot_visualization/..//controller_msgs/share/controller_msgs/local_setup.dsv
[0.877s] -- Up-to-date: /home/jerry/limx_ws/install/robot_visualization/..//controller_msgs/share/controller_msgs/package.bash
[0.877s] -- Up-to-date: /home/jerry/limx_ws/install/robot_visualization/..//controller_msgs/share/controller_msgs/package.ps1
[0.878s] -- Up-to-date: /home/jerry/limx_ws/install/robot_visualization/..//controller_msgs/share/controller_msgs/package.dsv
[0.878s] -- Up-to-date: /home/jerry/limx_ws/install/robot_visualization/..//controller_msgs/share/controller_msgs/local_setup.zsh
[0.878s] -- Up-to-date: /home/jerry/limx_ws/install/robot_visualization/..//controller_msgs/share/controller_msgs/msg
[0.878s] -- Up-to-date: /home/jerry/limx_ws/install/robot_visualization/..//controller_msgs/share/controller_msgs/msg/IMUData.idl
[0.878s] -- Up-to-date: /home/jerry/limx_ws/install/robot_visualization/..//controller_msgs/share/controller_msgs/msg/JointCmd.msg
[0.885s] -- Up-to-date: /home/jerry/limx_ws/install/robot_visualization/..//controller_msgs/share/controller_msgs/msg/JointCmd.idl
[0.886s] -- Up-to-date: /home/jerry/limx_ws/install/robot_visualization/..//controller_msgs/share/controller_msgs/msg/JointState.idl
[0.886s] -- Up-to-date: /home/jerry/limx_ws/install/robot_visualization/..//controller_msgs/share/controller_msgs/msg/IMUData.msg
[0.886s] -- Up-to-date: /home/jerry/limx_ws/install/robot_visualization/..//controller_msgs/share/controller_msgs/msg/JointState.msg
[0.886s] -- Up-to-date: /home/jerry/limx_ws/install/robot_visualization/..//controller_msgs/share/controller_msgs/local_setup.bash
[0.887s] -- Up-to-date: /home/jerry/limx_ws/install/robot_visualization/..//controller_msgs/share/ament_index
[0.887s] -- Up-to-date: /home/jerry/limx_ws/install/robot_visualization/..//controller_msgs/share/ament_index/resource_index
[0.887s] -- Up-to-date: /home/jerry/limx_ws/install/robot_visualization/..//controller_msgs/share/ament_index/resource_index/rosidl_interfaces
[0.887s] -- Up-to-date: /home/jerry/limx_ws/install/robot_visualization/..//controller_msgs/share/ament_index/resource_index/rosidl_interfaces/controller_msgs
[0.887s] -- Up-to-date: /home/jerry/limx_ws/install/robot_visualization/..//controller_msgs/share/ament_index/resource_index/packages
[0.896s] -- Up-to-date: /home/jerry/limx_ws/install/robot_visualization/..//controller_msgs/share/ament_index/resource_index/packages/controller_msgs
[0.896s] -- Up-to-date: /home/jerry/limx_ws/install/robot_visualization/..//controller_msgs/share/ament_index/resource_index/parent_prefix_path
[0.897s] -- Up-to-date: /home/jerry/limx_ws/install/robot_visualization/..//controller_msgs/share/ament_index/resource_index/parent_prefix_path/controller_msgs
[0.898s] -- Up-to-date: /home/jerry/limx_ws/install/robot_visualization/..//controller_msgs/share/ament_index/resource_index/package_run_dependencies
[0.898s] -- Up-to-date: /home/jerry/limx_ws/install/robot_visualization/..//controller_msgs/share/ament_index/resource_index/package_run_dependencies/controller_msgs
[0.898s] -- Up-to-date: /home/jerry/limx_ws/install/robot_visualization/..//controller_msgs/lib
[0.898s] -- Up-to-date: /home/jerry/limx_ws/install/robot_visualization/..//controller_msgs/lib/libcontroller_msgs__rosidl_generator_py.so
[0.916s] -- Up-to-date: /home/jerry/limx_ws/install/robot_visualization/..//controller_msgs/lib/libcontroller_msgs__rosidl_typesupport_c.so
[0.916s] -- Up-to-date: /home/jerry/limx_ws/install/robot_visualization/..//controller_msgs/lib/libcontroller_msgs__rosidl_typesupport_fastrtps_cpp.so
[0.917s] -- Up-to-date: /home/jerry/limx_ws/install/robot_visualization/..//controller_msgs/lib/libcontroller_msgs__rosidl_typesupport_cpp.so
[0.917s] -- Up-to-date: /home/jerry/limx_ws/install/robot_visualization/..//controller_msgs/lib/libcontroller_msgs__rosidl_generator_c.so
[0.917s] -- Up-to-date: /home/jerry/limx_ws/install/robot_visualization/..//controller_msgs/lib/libcontroller_msgs__rosidl_typesupport_introspection_c.so
[0.917s] -- Up-to-date: /home/jerry/limx_ws/install/robot_visualization/..//controller_msgs/lib/libcontroller_msgs__rosidl_typesupport_introspection_cpp.so
[0.917s] -- Up-to-date: /home/jerry/limx_ws/install/robot_visualization/..//controller_msgs/lib/libcontroller_msgs__rosidl_typesupport_fastrtps_c.so
[0.917s] -- Up-to-date: /home/jerry/limx_ws/install/robot_visualization/share/robot_visualization/launch
[0.918s] -- Up-to-date: /home/jerry/limx_ws/install/robot_visualization/share/robot_visualization/launch/pointfoot_rviz_hw.launch.py
[0.918s] -- Up-to-date: /home/jerry/limx_ws/install/robot_visualization/share/robot_visualization/launch/pointfoot_rviz_sim.launch.py
[0.918s] -- Up-to-date: /home/jerry/limx_ws/install/robot_visualization/share/robot_visualization/launch/pointfoot_plot_sim.launch.py
[0.918s] -- Up-to-date: /home/jerry/limx_ws/install/robot_visualization/share/robot_visualization/launch/pointfoot_plot_hw.launch.py
[0.918s] -- Up-to-date: /home/jerry/limx_ws/install/robot_visualization/share/robot_visualization/launch/rosbridger.launch.py
[0.918s] -- Up-to-date: /home/jerry/limx_ws/install/robot_visualization/share/robot_visualization/rviz
[0.922s] -- Up-to-date: /home/jerry/limx_ws/install/robot_visualization/share/robot_visualization/rviz/pointfoot.rviz
[0.922s] -- Up-to-date: /home/jerry/limx_ws/install/robot_visualization/../mrosbridger/lib/mrosbridger/mrosbridger
[0.947s] -- Up-to-date: /home/jerry/limx_ws/install/robot_visualization/../mrosbridger/bin/mrosbridger
[0.947s] -- Up-to-date: /home/jerry/limx_ws/install/robot_visualization/share/ament_index/resource_index/package_run_dependencies/robot_visualization
[0.977s] -- Up-to-date: /home/jerry/limx_ws/install/robot_visualization/share/ament_index/resource_index/parent_prefix_path/robot_visualization
[0.977s] -- Up-to-date: /home/jerry/limx_ws/install/robot_visualization/share/robot_visualization/environment/ament_prefix_path.sh
[0.977s] -- Up-to-date: /home/jerry/limx_ws/install/robot_visualization/share/robot_visualization/environment/ament_prefix_path.dsv
[0.978s] -- Up-to-date: /home/jerry/limx_ws/install/robot_visualization/share/robot_visualization/environment/path.sh
[0.978s] -- Up-to-date: /home/jerry/limx_ws/install/robot_visualization/share/robot_visualization/environment/path.dsv
[0.978s] -- Up-to-date: /home/jerry/limx_ws/install/robot_visualization/share/robot_visualization/local_setup.bash
[0.978s] -- Up-to-date: /home/jerry/limx_ws/install/robot_visualization/share/robot_visualization/local_setup.sh
[0.978s] -- Up-to-date: /home/jerry/limx_ws/install/robot_visualization/share/robot_visualization/local_setup.zsh
[0.979s] -- Up-to-date: /home/jerry/limx_ws/install/robot_visualization/share/robot_visualization/local_setup.dsv
[0.979s] -- Installing: /home/jerry/limx_ws/install/robot_visualization/share/robot_visualization/package.dsv
[0.979s] -- Up-to-date: /home/jerry/limx_ws/install/robot_visualization/share/ament_index/resource_index/packages/robot_visualization
[0.979s] -- Up-to-date: /home/jerry/limx_ws/install/robot_visualization/share/robot_visualization/cmake/robot_visualizationConfig.cmake
[0.984s] -- Up-to-date: /home/jerry/limx_ws/install/robot_visualization/share/robot_visualization/cmake/robot_visualizationConfig-version.cmake
[0.984s] -- Up-to-date: /home/jerry/limx_ws/install/robot_visualization/share/robot_visualization/package.xml
[1.107s] Invoked command in '/home/jerry/limx_ws/build/robot_visualization' returned '0': CMAKE_PREFIX_PATH=/home/jerry/limx_ws/install/scan_corrector:/opt/ros/humble:/home/jerry/limx_ws/install/robot_visualization:/home/jerry/limx_ws/install/robot_hw:/home/jerry/limx_ws/install/robot_description:/home/jerry/limx_ws/install/robot_controllers:/home/jerry/limx_ws/install/pointfoot_gazebo:/home/jerry/limx_ws/install/mrosbridger:/home/jerry/limx_ws/install/lslidar_driver:/home/jerry/limx_ws/install/lslidar_msgs:/home/jerry/limx_ws/install/limxsdk_sim:/home/jerry/limx_ws/install/limxsdk_lowlevel:/home/jerry/limx_ws/install/lidar_odometry_0:/home/jerry/limx_ws/install/lidar_odometry:/home/jerry/limx_ws/install/controller_msgs /usr/bin/cmake --install /home/jerry/limx_ws/build/robot_visualization
