-- The C compiler identification is GNU 11.4.0
-- The CXX compiler identification is GNU 11.4.0
-- Detecting C compiler ABI info
-- Detecting C compiler ABI info - done
-- Check for working C compiler: /usr/bin/cc - skipped
-- Detecting C compile features
-- Detecting C compile features - done
-- Detecting CXX compiler ABI info
-- Detecting CXX compiler ABI info - done
-- Check for working CXX compiler: /usr/bin/c++ - skipped
-- Detecting CXX compile features
-- Detecting CXX compile features - done
-- Found ament_cmake: 1.3.12 (/opt/ros/humble/share/ament_cmake/cmake)
-- Found Python3: /usr/bin/python3 (found version "3.10.12") found components: Interpreter 
-- Found angles: 1.15.0 (/opt/ros/humble/share/angles/cmake)
-- Found gazebo_dev: 3.9.0 (/opt/ros/humble/share/gazebo_dev/cmake)
-- Found PkgConfig: /usr/bin/pkg-config (found version "0.29.2") 
-- Checking for module 'bullet>=2.82'
--   Found bullet, version 3.05
-- Found fcl: /usr/include (found suitable version "0.7.0", minimum required is "0.5.0") 
-- Found assimp: /usr/include (found version "5.2.0") 
-- Found DART: /usr/include (Required is at least version "6.6") found components: dart 
-- Found Boost: /usr/lib/x86_64-linux-gnu/cmake/Boost-1.74.0/BoostConfig.cmake (found suitable version "1.74.0", minimum required is "1.40.0") found components: thread system filesystem program_options regex iostreams date_time 
-- Found Protobuf: /usr/lib/x86_64-linux-gnu/libprotobuf.so (found version "3.12.4") 
-- Looking for ignition-math6 -- found version 6.15.1
-- Searching for dependencies of ignition-math6
-- Looking for OGRE...
-- OGRE_PREFIX_WATCH changed.
-- Checking for module 'OGRE'
--   Found OGRE, version 1.9.0
-- Found Ogre Ghadamon (1.9.0)
-- Found OGRE: optimized;/usr/lib/x86_64-linux-gnu/libOgreMain.so;debug;/usr/lib/x86_64-linux-gnu/libOgreMain.so
-- Looking for OGRE_Paging...
-- Found OGRE_Paging: optimized;/usr/lib/x86_64-linux-gnu/libOgrePaging.so;debug;/usr/lib/x86_64-linux-gnu/libOgrePaging.so
-- Looking for OGRE_Terrain...
-- Found OGRE_Terrain: optimized;/usr/lib/x86_64-linux-gnu/libOgreTerrain.so;debug;/usr/lib/x86_64-linux-gnu/libOgreTerrain.so
-- Looking for OGRE_Property...
-- Found OGRE_Property: optimized;/usr/lib/x86_64-linux-gnu/libOgreProperty.so;debug;/usr/lib/x86_64-linux-gnu/libOgreProperty.so
-- Looking for OGRE_RTShaderSystem...
-- Found OGRE_RTShaderSystem: optimized;/usr/lib/x86_64-linux-gnu/libOgreRTShaderSystem.so;debug;/usr/lib/x86_64-linux-gnu/libOgreRTShaderSystem.so
-- Looking for OGRE_Volume...
-- Found OGRE_Volume: optimized;/usr/lib/x86_64-linux-gnu/libOgreVolume.so;debug;/usr/lib/x86_64-linux-gnu/libOgreVolume.so
-- Looking for OGRE_Overlay...
-- Found OGRE_Overlay: optimized;/usr/lib/x86_64-linux-gnu/libOgreOverlay.so;debug;/usr/lib/x86_64-linux-gnu/libOgreOverlay.so
-- Looking for ignition-math6 -- found version 6.15.1
-- Looking for ignition-transport8 -- found version 8.2.1
-- Searching for dependencies of ignition-transport8
-- Found Protobuf: /usr/lib/x86_64-linux-gnu/libprotobuf.so (found suitable version "3.12.4", minimum required is "3") 
-- Config-file not installed for ZeroMQ -- checking for pkg-config
-- Checking for module 'libzmq >= 4'
--   Found libzmq , version 4.3.4
-- Found ZeroMQ: TRUE (Required is at least version "4") 
-- Checking for module 'uuid'
--   Found uuid, version 2.37.2
-- Found UUID: TRUE  
-- Looking for ignition-msgs5 -- found version 5.8.1
-- Searching for dependencies of ignition-msgs5
-- Looking for ignition-math6 -- found version 6.15.1
-- Checking for module 'tinyxml2'
--   Found tinyxml2, version 9.0.0
-- Looking for ignition-msgs5 -- found version 5.8.1
-- Looking for ignition-common3 -- found version 3.14.0
-- Searching for dependencies of ignition-common3
-- Looking for dlfcn.h - found
-- Looking for libdl - found
-- Found DL: TRUE  
-- Found tinyobjloader: /usr/lib/x86_64-linux-gnu/cmake/tinyobjloader/tinyobjloader-config.cmake (found version "2.0.0") 
-- Searching for <ignition-common3> component [graphics]
-- Looking for ignition-common3-graphics -- found version 3.14.0
-- Searching for dependencies of ignition-common3-graphics
-- Looking for ignition-math6 -- found version 6.15.1
-- Looking for ignition-fuel_tools4 -- found version 4.4.0
-- Searching for dependencies of ignition-fuel_tools4
-- Found CURL: /usr/lib/x86_64-linux-gnu/libcurl.so (found version "7.81.0")  
-- Checking for module 'jsoncpp'
--   Found jsoncpp, version 1.9.5
-- Found JSONCPP: TRUE  
-- Checking for module 'libzip'
--   Found libzip, version 1.7.3
-- Found ZIP: TRUE  
-- Looking for ignition-common3 -- found version 3.14.0
-- Looking for ignition-math6 -- found version 6.15.1
-- Looking for ignition-msgs5 -- found version 5.8.1
-- Gazebo version: 11.10
-- Checking for module 'tbb'
--   Found tbb, version 2021.5.0
-- Found hardware_interface: 2.53.0 (/opt/ros/humble/share/hardware_interface/cmake)
-- Found rosidl_generator_c: 3.1.8 (/opt/ros/humble/share/rosidl_generator_c/cmake)
-- Found rosidl_adapter: 3.1.8 (/opt/ros/humble/share/rosidl_adapter/cmake)
-- Found rosidl_generator_cpp: 3.1.8 (/opt/ros/humble/share/rosidl_generator_cpp/cmake)
-- Using all available rosidl_typesupport_c: rosidl_typesupport_fastrtps_c;rosidl_typesupport_introspection_c
-- Using all available rosidl_typesupport_cpp: rosidl_typesupport_fastrtps_cpp;rosidl_typesupport_introspection_cpp
-- Found rmw_implementation_cmake: 6.1.2 (/opt/ros/humble/share/rmw_implementation_cmake/cmake)
-- Found rmw_fastrtps_cpp: 6.2.9 (/opt/ros/humble/share/rmw_fastrtps_cpp/cmake)
-- Found TinyXML2 via Config file: TinyXML2_DIR-NOTFOUND
-- Found OpenSSL: /usr/lib/x86_64-linux-gnu/libcrypto.so (found version "3.0.2")  
-- Found TinyXML2 via Config file: TinyXML2_DIR-NOTFOUND
-- Found FastRTPS: /opt/ros/humble/include  
-- Found TinyXML2 via Config file: TinyXML2_DIR-NOTFOUND
-- Found TinyXML2 via Config file: TinyXML2_DIR-NOTFOUND
-- Using RMW implementation 'rmw_fastrtps_cpp' as default
-- Found Threads: TRUE  
-- Found realtime_tools: 2.15.0 (/opt/ros/humble/share/realtime_tools/cmake)
-- Found gazebo_ros2_control: 0.4.10 (/opt/ros/humble/share/gazebo_ros2_control/cmake)
-- Found limxsdk_sim: 0.0.0 (/home/jerry/limx_ws/install/limxsdk_sim/share/limxsdk_sim/cmake)
-- Found ament_lint_auto: 0.12.14 (/opt/ros/humble/share/ament_lint_auto/cmake)
-- Added test 'copyright' to check source files copyright and LICENSE
-- Added test 'cppcheck' to perform static code analysis on C / C++ code
-- Configured cppcheck include dirs: /home/jerry/limx_ws/src/tron1-gazebo-ros2/pointfoot_gazebo/include
-- Configured cppcheck exclude dirs and/or files: 
-- Added test 'cpplint' to check C / C++ code against the Google style
-- Configured cpplint exclude dirs and/or files: 
-- Added test 'flake8' to check Python code syntax and style conventions
-- Added test 'lint_cmake' to check CMake code style
-- Added test 'pep257' to check Python code against some of the docstring style conventions in PEP 257
-- Added test 'uncrustify' to check C / C++ code style
-- Configured uncrustify additional arguments: 
-- Added test 'xmllint' to check XML markup files
-- Configuring done
-- Generating done
-- Build files have been written to: /home/jerry/limx_ws/build/pointfoot_gazebo
[ 50%] [32mBuilding CXX object CMakeFiles/poinfoot_gazebo_hardware_plugin.dir/src/PointFootHWSim.cpp.o[0m
In file included from [01m[K/home/jerry/limx_ws/src/tron1-gazebo-ros2/pointfoot_gazebo/include/pointfoot_gazebo/PointFootHWSim.h:18[m[K,
                 from [01m[K/home/jerry/limx_ws/src/tron1-gazebo-ros2/pointfoot_gazebo/src/PointFootHWSim.cpp:22[m[K:
[01m[K/opt/ros/humble/include/realtime_tools/realtime_tools/realtime_buffer.h:22:100:[m[K [01;36m[Knote: [m[K‘[01m[K#pragma message: This header include is deprecated. Please update your code to use 'realtime_buffer.hpp' header.[m[K’
   22 |   "This header include is deprecated. Please update your code to use 'realtime_buffer.hpp' header."[01;36m[K)[m[K  //NOLINT
      |                                                                                                    [01;36m[K^[m[K
[01m[K/home/jerry/limx_ws/src/tron1-gazebo-ros2/pointfoot_gazebo/src/PointFootHWSim.cpp:[m[K In member function ‘[01m[Kvirtual hardware_interface::return_type pointfoot_gazebo::PointFootHWSim::read(const rclcpp::Time&, const rclcpp::Duration&)[m[K’:
[01m[K/home/jerry/limx_ws/src/tron1-gazebo-ros2/pointfoot_gazebo/src/PointFootHWSim.cpp:640:45:[m[K [01;35m[Kwarning: [m[Kcomparison of integer expressions of different signedness: ‘[01m[Kstd::vector<std::__cxx11::basic_string<char> >::size_type[m[K’ {aka ‘[01m[Klong unsigned int[m[K’} and ‘[01m[Kint[m[K’ [[01;35m[K]8;;https://gcc.gnu.org/onlinedocs/gcc/Warning-Options.html#index-Wsign-compare-Wsign-compare]8;;[m[K]
  640 |     if ([01;35m[Kthis->dataPtr_->joint_names_.size() == motor_number[m[K)
      |         [01;35m[K~~~~~~~~~~~~~~~~~~~~~~~~~~~~~~~~~~~~^~~~~~~~~~~~~~~[m[K
[01m[K/home/jerry/limx_ws/src/tron1-gazebo-ros2/pointfoot_gazebo/src/PointFootHWSim.cpp:[m[K In member function ‘[01m[Kvirtual hardware_interface::return_type pointfoot_gazebo::PointFootHWSim::write(const rclcpp::Time&, const rclcpp::Duration&)[m[K’:
[01m[K/home/jerry/limx_ws/src/tron1-gazebo-ros2/pointfoot_gazebo/src/PointFootHWSim.cpp:718:45:[m[K [01;35m[Kwarning: [m[Kcomparison of integer expressions of different signedness: ‘[01m[Kstd::vector<std::__cxx11::basic_string<char> >::size_type[m[K’ {aka ‘[01m[Klong unsigned int[m[K’} and ‘[01m[Kint[m[K’ [[01;35m[K]8;;https://gcc.gnu.org/onlinedocs/gcc/Warning-Options.html#index-Wsign-compare-Wsign-compare]8;;[m[K]
  718 |     if ([01;35m[Kthis->dataPtr_->joint_names_.size() == motor_number[m[K)
      |         [01;35m[K~~~~~~~~~~~~~~~~~~~~~~~~~~~~~~~~~~~~^~~~~~~~~~~~~~~[m[K
[100%] [32m[1mLinking CXX shared library libpoinfoot_gazebo_hardware_plugin.so[0m
[100%] Built target poinfoot_gazebo_hardware_plugin
-- Install configuration: ""
-- Installing: /home/jerry/limx_ws/install/pointfoot_gazebo/lib/libpoinfoot_gazebo_hardware_plugin.so
-- Set runtime path of "/home/jerry/limx_ws/install/pointfoot_gazebo/lib/libpoinfoot_gazebo_hardware_plugin.so" to ""
-- Up-to-date: /home/jerry/limx_ws/install/pointfoot_gazebo/share/pointfoot_gazebo/launch
-- Up-to-date: /home/jerry/limx_ws/install/pointfoot_gazebo/share/pointfoot_gazebo/launch/empty_world.launch.py
-- Up-to-date: /home/jerry/limx_ws/install/pointfoot_gazebo/share/pointfoot_gazebo/config
-- Up-to-date: /home/jerry/limx_ws/install/pointfoot_gazebo/share/pointfoot_gazebo/config/pointfoot_gazebo.yaml
-- Up-to-date: /home/jerry/limx_ws/install/pointfoot_gazebo/share/pointfoot_gazebo/worlds
-- Up-to-date: /home/jerry/limx_ws/install/pointfoot_gazebo/share/pointfoot_gazebo/worlds/empty_world.world
-- Up-to-date: /home/jerry/limx_ws/install/pointfoot_gazebo/share/pointfoot_gazebo/worlds/new_world.world
-- Up-to-date: /home/jerry/limx_ws/install/pointfoot_gazebo/share/pointfoot_gazebo/environment/library_path.sh
-- Installing: /home/jerry/limx_ws/install/pointfoot_gazebo/share/pointfoot_gazebo/environment/library_path.dsv
-- Up-to-date: /home/jerry/limx_ws/install/pointfoot_gazebo/share/pointfoot_gazebo/poinfoot_gazebo_hardware_plugin.xml
-- Installing: /home/jerry/limx_ws/install/pointfoot_gazebo/share/ament_index/resource_index/package_run_dependencies/pointfoot_gazebo
-- Installing: /home/jerry/limx_ws/install/pointfoot_gazebo/share/ament_index/resource_index/parent_prefix_path/pointfoot_gazebo
-- Up-to-date: /home/jerry/limx_ws/install/pointfoot_gazebo/share/pointfoot_gazebo/environment/ament_prefix_path.sh
-- Installing: /home/jerry/limx_ws/install/pointfoot_gazebo/share/pointfoot_gazebo/environment/ament_prefix_path.dsv
-- Up-to-date: /home/jerry/limx_ws/install/pointfoot_gazebo/share/pointfoot_gazebo/environment/path.sh
-- Installing: /home/jerry/limx_ws/install/pointfoot_gazebo/share/pointfoot_gazebo/environment/path.dsv
-- Installing: /home/jerry/limx_ws/install/pointfoot_gazebo/share/pointfoot_gazebo/local_setup.bash
-- Installing: /home/jerry/limx_ws/install/pointfoot_gazebo/share/pointfoot_gazebo/local_setup.sh
-- Installing: /home/jerry/limx_ws/install/pointfoot_gazebo/share/pointfoot_gazebo/local_setup.zsh
-- Installing: /home/jerry/limx_ws/install/pointfoot_gazebo/share/pointfoot_gazebo/local_setup.dsv
-- Installing: /home/jerry/limx_ws/install/pointfoot_gazebo/share/pointfoot_gazebo/package.dsv
-- Installing: /home/jerry/limx_ws/install/pointfoot_gazebo/share/ament_index/resource_index/packages/pointfoot_gazebo
-- Installing: /home/jerry/limx_ws/install/pointfoot_gazebo/share/ament_index/resource_index/gazebo_ros2_control__pluginlib__plugin/pointfoot_gazebo
-- Installing: /home/jerry/limx_ws/install/pointfoot_gazebo/share/pointfoot_gazebo/cmake/ament_cmake_export_include_directories-extras.cmake
-- Installing: /home/jerry/limx_ws/install/pointfoot_gazebo/share/pointfoot_gazebo/cmake/ament_cmake_export_dependencies-extras.cmake
-- Installing: /home/jerry/limx_ws/install/pointfoot_gazebo/share/pointfoot_gazebo/cmake/ament_cmake_export_libraries-extras.cmake
-- Installing: /home/jerry/limx_ws/install/pointfoot_gazebo/share/pointfoot_gazebo/cmake/pointfoot_gazeboConfig.cmake
-- Installing: /home/jerry/limx_ws/install/pointfoot_gazebo/share/pointfoot_gazebo/cmake/pointfoot_gazeboConfig-version.cmake
-- Up-to-date: /home/jerry/limx_ws/install/pointfoot_gazebo/share/pointfoot_gazebo/package.xml
