[01m[K/home/jerry/limx_ws/src/lidar_odometry_0/src/lidar_odometry_node_0.cpp:[m[K In constructor ‘[01m[KLidarOdometryNode::LidarOdometryNode()[m[K’:
[01m[K/home/jerry/limx_ws/src/lidar_odometry_0/src/lidar_odometry_node_0.cpp:45:70:[m[K [01;31m[Kerror: [m[K‘[01m[KLaserScanMsg[m[K’ was not declared in this scope
   45 | n_subscriber = std::make_shared<message_filters::Subscriber<[01;31m[KLaserScanMsg[m[K>>(this, scan_topic_name,rclcpp::SensorDataQoS().get_rmw_qos_profile())
      |                                                             [01;31m[K^~~~~~~~~~~~[m[K

[01m[K/home/jerry/limx_ws/src/lidar_odometry_0/src/lidar_odometry_node_0.cpp:45:70:[m[K [01;31m[Kerror: [m[Ktemplate argument 1 is invalid
[01m[K/home/jerry/limx_ws/src/lidar_odometry_0/src/lidar_odometry_node_0.cpp:45:84:[m[K [01;31m[Kerror: [m[Kno matching function for call to ‘[01m[Kmake_shared<<expression error> >(LidarOdometryNode*, std::string&, rmw_qos_profile_t&)[m[K’
   45 |  [01;31m[Kstd::make_shared<message_filters::Subscriber<LaserScanMsg>>(this, scan_topic_name,rclcpp::SensorDataQoS().get_rmw_qos_profile())[m[K
      |  [01;31m[K~~~~~~~~~~~~~~~~~~~~~~~~~~~~~~~~~~~~~~~~~~~~~~~~~~~~~~~~~~~^~~~~~~~~~~~~~~~~~~~~~~~~~~~~~~~~~~~~~~~~~~~~~~~~~~~~~~~~~~~~~~~~~~~~[m[K

In file included from [01m[K/usr/include/c++/11/memory:77[m[K,
                 from [01m[K/home/jerry/limx_ws/src/lidar_odometry_0/src/lidar_odometry_node_0.cpp:2[m[K:
[01m[K/usr/include/c++/11/bits/shared_ptr.h:875:5:[m[K [01;36m[Knote: [m[Kcandidate: ‘[01m[Ktemplate<class _Tp, class ... _Args> std::shared_ptr<_Tp> std::make_shared(_Args&& ...)[m[K’
  875 |     [01;36m[Kmake_shared[m[K(_Args&&... __args)
      |     [01;36m[K^~~~~~~~~~~[m[K
[01m[K/usr/include/c++/11/bits/shared_ptr.h:875:5:[m[K [01;36m[Knote: [m[K  template argument deduction/substitution failed:
[01m[K/home/jerry/limx_ws/src/lidar_odometry_0/src/lidar_odometry_node_0.cpp:45:84:[m[K [01;31m[Kerror: [m[Ktemplate argument 1 is invalid
   45 |  [01;31m[Kstd::make_shared<message_filters::Subscriber<LaserScanMsg>>(this, scan_topic_name,rclcpp::SensorDataQoS().get_rmw_qos_profile())[m[K
      |  [01;31m[K~~~~~~~~~~~~~~~~~~~~~~~~~~~~~~~~~~~~~~~~~~~~~~~~~~~~~~~~~~~^~~~~~~~~~~~~~~~~~~~~~~~~~~~~~~~~~~~~~~~~~~~~~~~~~~~~~~~~~~~~~~~~~~~~[m[K

gmake[2]: *** [CMakeFiles/lidar_odometry_node_0.dir/build.make:76: CMakeFiles/lidar_odometry_node_0.dir/src/lidar_odometry_node_0.cpp.o] Error 1
gmake[1]: *** [CMakeFiles/Makefile2:137: CMakeFiles/lidar_odometry_node_0.dir/all] Error 2
gmake: *** [Makefile:146: all] Error 2
