[0.023s] Invoking command in '/home/jerry/limx_ws/build/lidar_odometry': CMAKE_PREFIX_PATH=${CMAKE_PREFIX_PATH}:/opt/ros/humble /usr/bin/cmake --build /home/jerry/limx_ws/build/lidar_odometry -- -j8 -l8
[0.100s] [ 40%] Built target scan_corrector_node
[0.164s] [100%] Built target lidar_odometry_node
[0.208s] Invoked command in '/home/jerry/limx_ws/build/lidar_odometry' returned '0': CMAKE_PREFIX_PATH=${CMAKE_PREFIX_PATH}:/opt/ros/humble /usr/bin/cmake --build /home/jerry/limx_ws/build/lidar_odometry -- -j8 -l8
[0.208s] Invoking command in '/home/jerry/limx_ws/build/lidar_odometry': CMAKE_PREFIX_PATH=${CMAKE_PREFIX_PATH}:/opt/ros/humble /usr/bin/cmake --install /home/jerry/limx_ws/build/lidar_odometry
[0.228s] -- Install configuration: ""
[0.229s] -- Up-to-date: /home/jerry/limx_ws/install/lidar_odometry/lib/lidar_odometry/lidar_odometry_node
[0.229s] -- Up-to-date: /home/jerry/limx_ws/install/lidar_odometry/lib/lidar_odometry/scan_corrector_node
[0.229s] -- Up-to-date: /home/jerry/limx_ws/install/lidar_odometry/share/ament_index/resource_index/package_run_dependencies/lidar_odometry
[0.229s] -- Up-to-date: /home/jerry/limx_ws/install/lidar_odometry/share/ament_index/resource_index/parent_prefix_path/lidar_odometry
[0.230s] -- Up-to-date: /home/jerry/limx_ws/install/lidar_odometry/share/lidar_odometry/environment/ament_prefix_path.sh
[0.230s] -- Up-to-date: /home/jerry/limx_ws/install/lidar_odometry/share/lidar_odometry/environment/ament_prefix_path.dsv
[0.230s] -- Up-to-date: /home/jerry/limx_ws/install/lidar_odometry/share/lidar_odometry/environment/path.sh
[0.230s] -- Up-to-date: /home/jerry/limx_ws/install/lidar_odometry/share/lidar_odometry/environment/path.dsv
[0.230s] -- Up-to-date: /home/jerry/limx_ws/install/lidar_odometry/share/lidar_odometry/local_setup.bash
[0.230s] -- Up-to-date: /home/jerry/limx_ws/install/lidar_odometry/share/lidar_odometry/local_setup.sh
[0.230s] -- Up-to-date: /home/jerry/limx_ws/install/lidar_odometry/share/lidar_odometry/local_setup.zsh
[0.230s] -- Up-to-date: /home/jerry/limx_ws/install/lidar_odometry/share/lidar_odometry/local_setup.dsv
[0.231s] -- Installing: /home/jerry/limx_ws/install/lidar_odometry/share/lidar_odometry/package.dsv
[0.231s] -- Up-to-date: /home/jerry/limx_ws/install/lidar_odometry/share/ament_index/resource_index/packages/lidar_odometry
[0.231s] -- Up-to-date: /home/jerry/limx_ws/install/lidar_odometry/share/lidar_odometry/cmake/lidar_odometryConfig.cmake
[0.231s] -- Up-to-date: /home/jerry/limx_ws/install/lidar_odometry/share/lidar_odometry/cmake/lidar_odometryConfig-version.cmake
[0.231s] -- Up-to-date: /home/jerry/limx_ws/install/lidar_odometry/share/lidar_odometry/package.xml
[0.250s] Invoked command in '/home/jerry/limx_ws/build/lidar_odometry' returned '0': CMAKE_PREFIX_PATH=${CMAKE_PREFIX_PATH}:/opt/ros/humble /usr/bin/cmake --install /home/jerry/limx_ws/build/lidar_odometry
