[0.023s] Invoking command in '/home/jerry/limx_ws/build/lidar_odometry_0': CMAKE_PREFIX_PATH=${CMAKE_PREFIX_PATH}:/opt/ros/humble /usr/bin/cmake /home/jerry/limx_ws/src/lidar_odometry_0 -DCMAKE_INSTALL_PREFIX=/home/jerry/limx_ws/install/lidar_odometry_0
[0.174s] -- The C compiler identification is GNU 11.4.0
[0.245s] -- The CXX compiler identification is GNU 11.4.0
[0.262s] -- Detecting C compiler ABI info
[0.350s] -- Detecting C compiler ABI info - done
[0.356s] -- Check for working C compiler: /usr/bin/cc - skipped
[0.357s] -- Detecting C compile features
[0.357s] -- Detecting C compile features - done
[0.363s] -- Detecting CXX compiler ABI info
[0.478s] -- Detecting CXX compiler ABI info - done
[0.484s] -- Check for working CXX compiler: /usr/bin/c++ - skipped
[0.484s] -- Detecting CXX compile features
[0.484s] -- Detecting CXX compile features - done
[0.498s] -- Found ament_cmake: 1.3.12 (/opt/ros/humble/share/ament_cmake/cmake)
[0.642s] -- Found Python3: /usr/bin/python3 (found version "3.10.12") found components: Interpreter 
[0.768s] -- Found rclcpp: 16.0.17 (/opt/ros/humble/share/rclcpp/cmake)
[0.849s] -- Found rosidl_generator_c: 3.1.8 (/opt/ros/humble/share/rosidl_generator_c/cmake)
[0.858s] -- Found rosidl_adapter: 3.1.8 (/opt/ros/humble/share/rosidl_adapter/cmake)
[0.876s] -- Found rosidl_generator_cpp: 3.1.8 (/opt/ros/humble/share/rosidl_generator_cpp/cmake)
[0.906s] -- Using all available rosidl_typesupport_c: rosidl_typesupport_fastrtps_c;rosidl_typesupport_introspection_c
[0.943s] -- Using all available rosidl_typesupport_cpp: rosidl_typesupport_fastrtps_cpp;rosidl_typesupport_introspection_cpp
[1.033s] -- Found rmw_implementation_cmake: 6.1.2 (/opt/ros/humble/share/rmw_implementation_cmake/cmake)
[1.040s] -- Found rmw_fastrtps_cpp: 6.2.9 (/opt/ros/humble/share/rmw_fastrtps_cpp/cmake)
[1.214s] -- Found OpenSSL: /usr/lib/x86_64-linux-gnu/libcrypto.so (found version "3.0.2")  
[1.257s] -- Found FastRTPS: /opt/ros/humble/include  
[1.304s] -- Using RMW implementation 'rmw_fastrtps_cpp' as default
[1.319s] -- Looking for pthread.h
[1.431s] -- Looking for pthread.h - found
[1.431s] -- Performing Test CMAKE_HAVE_LIBC_PTHREAD
[1.524s] -- Performing Test CMAKE_HAVE_LIBC_PTHREAD - Success
[1.524s] -- Found Threads: TRUE  
[1.639s] -- Found sensor_msgs: 4.9.0 (/opt/ros/humble/share/sensor_msgs/cmake)
[1.698s] -- Found nav_msgs: 4.9.0 (/opt/ros/humble/share/nav_msgs/cmake)
[1.773s] -- Checking for module 'eigen3'
[1.807s] --   Found eigen3, version 3.4.0
[1.875s] -- Found Eigen: /usr/include/eigen3 (Required is at least version "3.1") 
[1.875s] -- Eigen found (include: /usr/include/eigen3, version: 3.4.0)
[1.923s] -- Found Boost: /usr/lib/x86_64-linux-gnu/cmake/Boost-1.74.0/BoostConfig.cmake (found suitable version "1.74.0", minimum required is "1.65.0") found components: system filesystem date_time iostreams serialization 
[1.946s] -- Checking for module 'flann'
[1.979s] --   Found flann, version 1.9.1
[2.049s] -- Found FLANN: /usr/lib/x86_64-linux-gnu/libflann_cpp.so  
[2.049s] -- FLANN found (include: /usr/include, lib: /usr/lib/x86_64-linux-gnu/libflann_cpp.so)
[2.096s] -- Found GLEW: /usr/lib/x86_64-linux-gnu/libGLEW.so  
[2.110s] -- Found OpenGL: /usr/lib/x86_64-linux-gnu/libOpenGL.so  found components: OpenGL GLX 
[2.342s] -- Found MPI_C: /usr/lib/x86_64-linux-gnu/libmpi.so (found version "3.1") 
[2.345s] -- Found MPI: TRUE (found version "3.1") found components: C 
[2.349s] -- Found JsonCpp: /usr/lib/x86_64-linux-gnu/libjsoncpp.so (found suitable version "1.9.5", minimum required is "0.7.0") 
[2.359s] -- Found ZLIB: /usr/lib/x86_64-linux-gnu/libz.so (found version "1.2.11") 
[2.376s] -- Found PNG: /usr/lib/x86_64-linux-gnu/libpng.so (found version "1.6.37") 
[2.427s] -- Found Eigen3: /usr/include/eigen3 (found version "3.4.0") 
[2.541s] -- Found X11: /usr/include   
[2.542s] -- Looking for XOpenDisplay in /usr/lib/x86_64-linux-gnu/libX11.so;/usr/lib/x86_64-linux-gnu/libXext.so
[2.632s] -- Looking for XOpenDisplay in /usr/lib/x86_64-linux-gnu/libX11.so;/usr/lib/x86_64-linux-gnu/libXext.so - found
[2.632s] -- Looking for gethostbyname
[2.711s] -- Looking for gethostbyname - found
[2.711s] -- Looking for connect
[2.793s] -- Looking for connect - found
[2.793s] -- Looking for remove
[2.875s] -- Looking for remove - found
[2.876s] -- Looking for shmat
[2.967s] -- Looking for shmat - found
[2.967s] -- Looking for IceConnectionNumber in ICE
[3.060s] -- Looking for IceConnectionNumber in ICE - found
[3.179s] -- Found EXPAT: /usr/lib/x86_64-linux-gnu/libexpat.so (found version "2.4.7") 
[3.181s] -- Found double-conversion: /usr/lib/x86_64-linux-gnu/libdouble-conversion.so  
[3.183s] -- Found LZ4: /usr/lib/x86_64-linux-gnu/liblz4.so (found version "1.9.3") 
[3.184s] -- Found LZMA: /usr/lib/x86_64-linux-gnu/liblzma.so (found version "5.2.5") 
[3.293s] -- Found JPEG: /usr/lib/x86_64-linux-gnu/libjpeg.so (found version "80") 
[3.301s] -- Found TIFF: /usr/lib/x86_64-linux-gnu/libtiff.so (found version "4.3.0")  
[3.305s] -- Found Freetype: /usr/lib/x86_64-linux-gnu/libfreetype.so (found version "2.11.1") 
[3.311s] -- Found utf8cpp: /usr/include/utf8cpp  
[3.435s] -- Checking for module 'libusb-1.0'
[3.454s] --   Found libusb-1.0, version 1.0.25
[3.507s] -- Found libusb: /usr/lib/x86_64-linux-gnu/libusb-1.0.so  
[3.508s] -- Found OpenNI: /usr/lib/libOpenNI.so;libusb::libusb (found version "1.5.4.0") 
[3.508s] -- OpenNI found (version: 1.5.4.0, include: /usr/include/ni, lib: /usr/lib/libOpenNI.so;libusb::libusb)
[3.588s] -- Found OpenNI2: /usr/lib/x86_64-linux-gnu/libOpenNI2.so;libusb::libusb (found version "2.2.0.33") 
[3.588s] -- OpenNI2 found (version: 2.2.0.33, include: /usr/include/openni2, lib: /usr/lib/x86_64-linux-gnu/libOpenNI2.so;libusb::libusb)
[3.589s] [0m** WARNING ** io features related to pcap will be disabled[0m
[3.722s] -- Eigen found (include: /usr/include/eigen3, version: 3.4.0)
[3.729s] -- OpenNI found (version: 1.5.4.0, include: /usr/include/ni, lib: /usr/lib/libOpenNI.so;libusb::libusb)
[3.737s] -- OpenNI2 found (version: 2.2.0.33, include: /usr/include/openni2, lib: /usr/lib/x86_64-linux-gnu/libOpenNI2.so;libusb::libusb)
[3.865s] -- Found Qhull version 8.0.2
[4.000s] -- OpenNI found (version: 1.5.4.0, include: /usr/include/ni, lib: /usr/lib/libOpenNI.so;libusb::libusb)
[4.121s] -- looking for PCL_COMMON
[4.122s] -- Found PCL_COMMON: /usr/lib/x86_64-linux-gnu/libpcl_common.so  
[4.122s] -- looking for PCL_KDTREE
[4.122s] -- Found PCL_KDTREE: /usr/lib/x86_64-linux-gnu/libpcl_kdtree.so  
[4.122s] -- looking for PCL_OCTREE
[4.124s] -- Found PCL_OCTREE: /usr/lib/x86_64-linux-gnu/libpcl_octree.so  
[4.124s] -- looking for PCL_SEARCH
[4.124s] -- Found PCL_SEARCH: /usr/lib/x86_64-linux-gnu/libpcl_search.so  
[4.125s] -- looking for PCL_SAMPLE_CONSENSUS
[4.125s] -- Found PCL_SAMPLE_CONSENSUS: /usr/lib/x86_64-linux-gnu/libpcl_sample_consensus.so  
[4.125s] -- looking for PCL_FILTERS
[4.126s] -- Found PCL_FILTERS: /usr/lib/x86_64-linux-gnu/libpcl_filters.so  
[4.127s] -- looking for PCL_2D
[4.127s] -- Found PCL_2D: /usr/include/pcl-1.12  
[4.127s] -- looking for PCL_GEOMETRY
[4.128s] -- Found PCL_GEOMETRY: /usr/include/pcl-1.12  
[4.128s] -- looking for PCL_IO
[4.130s] -- Found PCL_IO: /usr/lib/x86_64-linux-gnu/libpcl_io.so  
[4.130s] -- looking for PCL_FEATURES
[4.131s] -- Found PCL_FEATURES: /usr/lib/x86_64-linux-gnu/libpcl_features.so  
[4.131s] -- looking for PCL_ML
[4.133s] -- Found PCL_ML: /usr/lib/x86_64-linux-gnu/libpcl_ml.so  
[4.133s] -- looking for PCL_SEGMENTATION
[4.134s] -- Found PCL_SEGMENTATION: /usr/lib/x86_64-linux-gnu/libpcl_segmentation.so  
[4.135s] -- looking for PCL_VISUALIZATION
[4.135s] -- Found PCL_VISUALIZATION: /usr/lib/x86_64-linux-gnu/libpcl_visualization.so  
[4.136s] -- looking for PCL_SURFACE
[4.136s] -- Found PCL_SURFACE: /usr/lib/x86_64-linux-gnu/libpcl_surface.so  
[4.136s] -- looking for PCL_REGISTRATION
[4.136s] -- Found PCL_REGISTRATION: /usr/lib/x86_64-linux-gnu/libpcl_registration.so  
[4.136s] -- looking for PCL_KEYPOINTS
[4.136s] -- Found PCL_KEYPOINTS: /usr/lib/x86_64-linux-gnu/libpcl_keypoints.so  
[4.136s] -- looking for PCL_TRACKING
[4.136s] -- Found PCL_TRACKING: /usr/lib/x86_64-linux-gnu/libpcl_tracking.so  
[4.136s] -- looking for PCL_RECOGNITION
[4.136s] -- Found PCL_RECOGNITION: /usr/lib/x86_64-linux-gnu/libpcl_recognition.so  
[4.136s] -- looking for PCL_STEREO
[4.137s] -- Found PCL_STEREO: /usr/lib/x86_64-linux-gnu/libpcl_stereo.so  
[4.137s] -- looking for PCL_APPS
[4.137s] -- Found PCL_APPS: /usr/lib/x86_64-linux-gnu/libpcl_apps.so  
[4.138s] -- looking for PCL_IN_HAND_SCANNER
[4.138s] -- Found PCL_IN_HAND_SCANNER: /usr/include/pcl-1.12  
[4.138s] -- looking for PCL_MODELER
[4.138s] -- Found PCL_MODELER: /usr/include/pcl-1.12  
[4.138s] -- looking for PCL_POINT_CLOUD_EDITOR
[4.139s] -- Found PCL_POINT_CLOUD_EDITOR: /usr/include/pcl-1.12  
[4.139s] -- looking for PCL_OUTOFCORE
[4.140s] -- Found PCL_OUTOFCORE: /usr/lib/x86_64-linux-gnu/libpcl_outofcore.so  
[4.140s] -- looking for PCL_PEOPLE
[4.141s] -- Found PCL_PEOPLE: /usr/lib/x86_64-linux-gnu/libpcl_people.so  
[4.141s] -- Found PCL: pcl_common;pcl_kdtree;pcl_octree;pcl_search;pcl_sample_consensus;pcl_filters;pcl_io;pcl_features;pcl_ml;pcl_segmentation;pcl_visualization;pcl_surface;pcl_registration;pcl_keypoints;pcl_tracking;pcl_recognition;pcl_stereo;pcl_apps;pcl_outofcore;pcl_people;Boost::system;Boost::filesystem;Boost::date_time;Boost::iostreams;Boost::serialization;/usr/lib/libOpenNI.so;libusb::libusb;/usr/lib/x86_64-linux-gnu/libOpenNI2.so;libusb::libusb;VTK::ChartsCore;VTK::CommonColor;VTK::CommonComputationalGeometry;VTK::CommonCore;VTK::CommonDataModel;VTK::CommonExecutionModel;VTK::CommonMath;VTK::CommonMisc;VTK::CommonTransforms;VTK::FiltersCore;VTK::FiltersExtraction;VTK::FiltersGeneral;VTK::FiltersGeometry;VTK::FiltersModeling;VTK::FiltersSources;VTK::ImagingCore;VTK::ImagingSources;VTK::InteractionImage;VTK::InteractionStyle;VTK::InteractionWidgets;VTK::IOCore;VTK::IOGeometry;VTK::IOImage;VTK::IOLegacy;VTK::IOPLY;VTK::RenderingAnnotation;VTK::RenderingCore;VTK::RenderingContext2D;VTK::RenderingLOD;VTK::RenderingFreeType;VTK::ViewsCore;VTK::ViewsContext2D;VTK::RenderingOpenGL2;VTK::GUISupportQt;FLANN::FLANN;QHULL::QHULL  
[4.152s] -- Found laser_geometry: 2.4.1 (/opt/ros/humble/share/laser_geometry/cmake)
[4.181s] -- Found pcl_conversions: 2.4.5 (/opt/ros/humble/share/pcl_conversions/cmake)
[4.233s] -- Found tf2_eigen: 0.25.18 (/opt/ros/humble/share/tf2_eigen/cmake)
[4.445s] -- Found ament_lint_auto: 0.12.14 (/opt/ros/humble/share/ament_lint_auto/cmake)
[4.609s] -- Added test 'cppcheck' to perform static code analysis on C / C++ code
[4.609s] -- Configured cppcheck include dirs: /home/jerry/limx_ws/src/lidar_odometry_0/include;$<BUILD_INTERFACE:/home/jerry/limx_ws/src/lidar_odometry_0/include>
[4.610s] -- Configured cppcheck exclude dirs and/or files: 
[4.610s] -- Added test 'lint_cmake' to check CMake code style
[4.612s] -- Added test 'uncrustify' to check C / C++ code style
[4.612s] -- Configured uncrustify additional arguments: 
[4.613s] -- Added test 'xmllint' to check XML markup files
[4.614s] -- Configuring done
[4.658s] -- Generating done
[4.676s] -- Build files have been written to: /home/jerry/limx_ws/build/lidar_odometry_0
[4.701s] Invoked command in '/home/jerry/limx_ws/build/lidar_odometry_0' returned '0': CMAKE_PREFIX_PATH=${CMAKE_PREFIX_PATH}:/opt/ros/humble /usr/bin/cmake /home/jerry/limx_ws/src/lidar_odometry_0 -DCMAKE_INSTALL_PREFIX=/home/jerry/limx_ws/install/lidar_odometry_0
[4.702s] Invoking command in '/home/jerry/limx_ws/build/lidar_odometry_0': CMAKE_PREFIX_PATH=${CMAKE_PREFIX_PATH}:/opt/ros/humble /usr/bin/cmake --build /home/jerry/limx_ws/build/lidar_odometry_0 -- -j8 -l8
[4.798s] [ 33%] [32mBuilding CXX object CMakeFiles/lidar_odometry_node_0.dir/src/lidar_odometry_node_0.cpp.o[0m
[4.802s] [ 66%] [32mBuilding CXX object CMakeFiles/lidar_odometry_node_0.dir/src/lidar_odometry_0.cpp.o[0m
