[01m[K/home/jerry/limx_ws/src/lidar_odometry/src/lidar_odometry_node.cpp:71:32:[m[K [01;31m[Kerror: [m[K‘[01m[KTransformBroadcaster[m[K’ is not a member of ‘[01m[Ktf2_ros[m[K’
   71 |       std::unique_ptr<tf2_ros::[01;31m[KTransformBroadcaster[m[K> tf_broadcaster_; //add tf broadcaster
      |                                [01;31m[K^~~~~~~~~~~~~~~~~~~~[m[K
[01m[K/home/jerry/limx_ws/src/lidar_odometry/src/lidar_odometry_node.cpp:71:52:[m[K [01;31m[Kerror: [m[Ktemplate argument 1 is invalid
   71 |       std::unique_ptr<tf2_ros::TransformBroadcaster[01;31m[K>[m[K tf_broadcaster_; //add tf broadcaster
      |                                                    [01;31m[K^[m[K
[01m[K/home/jerry/limx_ws/src/lidar_odometry/src/lidar_odometry_node.cpp:71:52:[m[K [01;31m[Kerror: [m[Ktemplate argument 2 is invalid
[01m[K/home/jerry/limx_ws/src/lidar_odometry/src/lidar_odometry_node.cpp:79:7:[m[K [01;31m[Kerror: [m[K‘[01m[Ktf_broadcaster_[m[K’ does not name a type
   79 |       [01;31m[Ktf_broadcaster_[m[K = std::make_unique<tf2_ros::TransformBroadcaster>(this);
      |       [01;31m[K^~~~~~~~~~~~~~~[m[K
[01m[K/home/jerry/limx_ws/src/lidar_odometry/src/lidar_odometry_node.cpp:[m[K In member function ‘[01m[Kvoid LidarOdometryNode::publish_odometry()[m[K’:
[01m[K/home/jerry/limx_ws/src/lidar_odometry/src/lidar_odometry_node.cpp:143:34:[m[K [01;31m[Kerror: [m[Kinvalid use of non-static member function ‘[01m[Krclcpp::Time rclcpp::Node::now() const[m[K’
  143 |         transform.header.stamp = [01;31m[Know[m[K;
      |                                  [01;31m[K^~~[m[K
In file included from [01m[K/opt/ros/humble/include/rclcpp/rclcpp/executors/single_threaded_executor.hpp:28[m[K,
                 from [01m[K/opt/ros/humble/include/rclcpp/rclcpp/executors.hpp:22[m[K,
                 from [01m[K/opt/ros/humble/include/rclcpp/rclcpp/rclcpp.hpp:155[m[K,
                 from [01m[K/opt/ros/humble/include/pcl_conversions/pcl_conversions/pcl_conversions.h:43[m[K,
                 from [01m[K/home/jerry/limx_ws/src/lidar_odometry/src/lidar_odometry_node.cpp:3[m[K:
[01m[K/opt/ros/humble/include/rclcpp/rclcpp/node.hpp:1126:3:[m[K [01;36m[Knote: [m[Kdeclared here
 1126 |   [01;36m[Know[m[K() const;
      |   [01;36m[K^~~[m[K
[01m[K/home/jerry/limx_ws/src/lidar_odometry/src/lidar_odometry_node.cpp:158:24:[m[K [01;31m[Kerror: [m[Kbase operand of ‘[01m[K->[m[K’ is not a pointer
  158 |         tf_broadcaster_[01;31m[K->[m[KsendTransform(transform);
      |                        [01;31m[K^~[m[K
gmake[2]: *** [CMakeFiles/lidar_odometry_node.dir/build.make:76: CMakeFiles/lidar_odometry_node.dir/src/lidar_odometry_node.cpp.o] Error 1
gmake[1]: *** [CMakeFiles/Makefile2:137: CMakeFiles/lidar_odometry_node.dir/all] Error 2
gmake: *** [Makefile:146: all] Error 2
