[0.093s] Invoking command in '/home/jerry/limx_ws/build/lslidar_msgs': CMAKE_PREFIX_PATH=/opt/ros/humble /usr/bin/cmake --build /home/jerry/limx_ws/build/lslidar_msgs -- -j8 -l8
[0.448s] [ 11%] Built target lslidar_msgs__rosidl_generator_c
[0.448s] [ 12%] Built target lslidar_msgs__cpp
[0.713s] [ 12%] Built target ament_cmake_python_copy_lslidar_msgs
[0.791s] [ 23%] Built target lslidar_msgs__rosidl_typesupport_c
[0.799s] [ 34%] Built target lslidar_msgs__rosidl_typesupport_introspection_c
[0.799s] [ 46%] Built target lslidar_msgs__rosidl_typesupport_fastrtps_c
[0.800s] [ 57%] Built target lslidar_msgs__rosidl_typesupport_introspection_cpp
[0.800s] [ 68%] Built target lslidar_msgs__rosidl_typesupport_cpp
[0.800s] [ 79%] Built target lslidar_msgs__rosidl_typesupport_fastrtps_cpp
[0.811s] [ 79%] Built target lslidar_msgs
[0.890s] [ 80%] Built target lslidar_msgs__py
[1.040s] [ 90%] Built target lslidar_msgs__rosidl_generator_py
[1.195s] [ 93%] Built target lslidar_msgs__rosidl_typesupport_c__pyext
[1.207s] [ 96%] Built target lslidar_msgs__rosidl_typesupport_fastrtps_c__pyext
[1.232s] [100%] Built target lslidar_msgs__rosidl_typesupport_introspection_c__pyext
[1.300s] running egg_info
[1.300s] writing lslidar_msgs.egg-info/PKG-INFO
[1.300s] writing dependency_links to lslidar_msgs.egg-info/dependency_links.txt
[1.301s] writing top-level names to lslidar_msgs.egg-info/top_level.txt
[1.310s] reading manifest file 'lslidar_msgs.egg-info/SOURCES.txt'
[1.311s] writing manifest file 'lslidar_msgs.egg-info/SOURCES.txt'
[1.366s] [100%] Built target ament_cmake_python_build_lslidar_msgs_egg
[1.452s] Invoked command in '/home/jerry/limx_ws/build/lslidar_msgs' returned '0': CMAKE_PREFIX_PATH=/opt/ros/humble /usr/bin/cmake --build /home/jerry/limx_ws/build/lslidar_msgs -- -j8 -l8
[1.465s] Invoking command in '/home/jerry/limx_ws/build/lslidar_msgs': CMAKE_PREFIX_PATH=/opt/ros/humble /usr/bin/cmake --install /home/jerry/limx_ws/build/lslidar_msgs
[1.500s] -- Install configuration: ""
[1.502s] -- Up-to-date: /home/jerry/limx_ws/install/lslidar_msgs/share/ament_index/resource_index/rosidl_interfaces/lslidar_msgs
[1.504s] -- Up-to-date: /home/jerry/limx_ws/install/lslidar_msgs/include/lslidar_msgs/lslidar_msgs
[1.505s] -- Up-to-date: /home/jerry/limx_ws/install/lslidar_msgs/include/lslidar_msgs/lslidar_msgs/msg
[1.506s] -- Up-to-date: /home/jerry/limx_ws/install/lslidar_msgs/include/lslidar_msgs/lslidar_msgs/msg/lslidar_point.h
[1.506s] -- Up-to-date: /home/jerry/limx_ws/install/lslidar_msgs/include/lslidar_msgs/lslidar_msgs/msg/rosidl_generator_c__visibility_control.h
[1.508s] -- Up-to-date: /home/jerry/limx_ws/install/lslidar_msgs/include/lslidar_msgs/lslidar_msgs/msg/lslidar_difop.h
[1.508s] -- Up-to-date: /home/jerry/limx_ws/install/lslidar_msgs/include/lslidar_msgs/lslidar_msgs/msg/detail
[1.509s] -- Up-to-date: /home/jerry/limx_ws/install/lslidar_msgs/include/lslidar_msgs/lslidar_msgs/msg/detail/lslidar_scan__functions.h
[1.510s] -- Up-to-date: /home/jerry/limx_ws/install/lslidar_msgs/include/lslidar_msgs/lslidar_msgs/msg/detail/lslidar_difop__functions.c
[1.510s] -- Up-to-date: /home/jerry/limx_ws/install/lslidar_msgs/include/lslidar_msgs/lslidar_msgs/msg/detail/lslidar_scan__struct.h
[1.511s] -- Up-to-date: /home/jerry/limx_ws/install/lslidar_msgs/include/lslidar_msgs/lslidar_msgs/msg/detail/lslidar_packet__type_support.h
[1.512s] -- Up-to-date: /home/jerry/limx_ws/install/lslidar_msgs/include/lslidar_msgs/lslidar_msgs/msg/detail/lslidar_difop__struct.h
[1.512s] -- Up-to-date: /home/jerry/limx_ws/install/lslidar_msgs/include/lslidar_msgs/lslidar_msgs/msg/detail/lslidar_scan__type_support.h
[1.516s] -- Up-to-date: /home/jerry/limx_ws/install/lslidar_msgs/include/lslidar_msgs/lslidar_msgs/msg/detail/lslidar_scan__functions.c
[1.518s] -- Up-to-date: /home/jerry/limx_ws/install/lslidar_msgs/include/lslidar_msgs/lslidar_msgs/msg/detail/lslidar_point__functions.c
[1.520s] -- Up-to-date: /home/jerry/limx_ws/install/lslidar_msgs/include/lslidar_msgs/lslidar_msgs/msg/detail/lslidar_packet__functions.c
[1.522s] -- Up-to-date: /home/jerry/limx_ws/install/lslidar_msgs/include/lslidar_msgs/lslidar_msgs/msg/detail/lslidar_point__struct.h
[1.523s] -- Up-to-date: /home/jerry/limx_ws/install/lslidar_msgs/include/lslidar_msgs/lslidar_msgs/msg/detail/lslidar_difop__type_support.h
[1.523s] -- Up-to-date: /home/jerry/limx_ws/install/lslidar_msgs/include/lslidar_msgs/lslidar_msgs/msg/detail/lslidar_packet__functions.h
[1.524s] -- Up-to-date: /home/jerry/limx_ws/install/lslidar_msgs/include/lslidar_msgs/lslidar_msgs/msg/detail/lslidar_sweep__functions.h
[1.524s] -- Up-to-date: /home/jerry/limx_ws/install/lslidar_msgs/include/lslidar_msgs/lslidar_msgs/msg/detail/lslidar_difop__functions.h
[1.529s] -- Up-to-date: /home/jerry/limx_ws/install/lslidar_msgs/include/lslidar_msgs/lslidar_msgs/msg/detail/lslidar_sweep__functions.c
[1.532s] -- Up-to-date: /home/jerry/limx_ws/install/lslidar_msgs/include/lslidar_msgs/lslidar_msgs/msg/detail/lslidar_packet__struct.h
[1.533s] -- Up-to-date: /home/jerry/limx_ws/install/lslidar_msgs/include/lslidar_msgs/lslidar_msgs/msg/detail/lslidar_sweep__struct.h
[1.533s] -- Up-to-date: /home/jerry/limx_ws/install/lslidar_msgs/include/lslidar_msgs/lslidar_msgs/msg/detail/lslidar_point__functions.h
[1.535s] -- Up-to-date: /home/jerry/limx_ws/install/lslidar_msgs/include/lslidar_msgs/lslidar_msgs/msg/detail/lslidar_sweep__type_support.h
[1.538s] -- Up-to-date: /home/jerry/limx_ws/install/lslidar_msgs/include/lslidar_msgs/lslidar_msgs/msg/detail/lslidar_point__type_support.h
[1.538s] -- Up-to-date: /home/jerry/limx_ws/install/lslidar_msgs/include/lslidar_msgs/lslidar_msgs/msg/lslidar_packet.h
[1.539s] -- Up-to-date: /home/jerry/limx_ws/install/lslidar_msgs/include/lslidar_msgs/lslidar_msgs/msg/lslidar_scan.h
[1.540s] -- Up-to-date: /home/jerry/limx_ws/install/lslidar_msgs/include/lslidar_msgs/lslidar_msgs/msg/lslidar_sweep.h
[1.541s] -- Up-to-date: /home/jerry/limx_ws/install/lslidar_msgs/share/lslidar_msgs/environment/library_path.sh
[1.541s] -- Up-to-date: /home/jerry/limx_ws/install/lslidar_msgs/share/lslidar_msgs/environment/library_path.dsv
[1.541s] -- Up-to-date: /home/jerry/limx_ws/install/lslidar_msgs/lib/liblslidar_msgs__rosidl_generator_c.so
[1.546s] -- Up-to-date: /home/jerry/limx_ws/install/lslidar_msgs/include/lslidar_msgs/lslidar_msgs
[1.548s] -- Up-to-date: /home/jerry/limx_ws/install/lslidar_msgs/include/lslidar_msgs/lslidar_msgs/msg
[1.548s] -- Up-to-date: /home/jerry/limx_ws/install/lslidar_msgs/include/lslidar_msgs/lslidar_msgs/msg/rosidl_typesupport_fastrtps_c__visibility_control.h
[1.548s] -- Up-to-date: /home/jerry/limx_ws/install/lslidar_msgs/include/lslidar_msgs/lslidar_msgs/msg/detail
[1.548s] -- Up-to-date: /home/jerry/limx_ws/install/lslidar_msgs/include/lslidar_msgs/lslidar_msgs/msg/detail/lslidar_sweep__rosidl_typesupport_fastrtps_c.h
[1.549s] -- Up-to-date: /home/jerry/limx_ws/install/lslidar_msgs/include/lslidar_msgs/lslidar_msgs/msg/detail/lslidar_difop__rosidl_typesupport_fastrtps_c.h
[1.550s] -- Up-to-date: /home/jerry/limx_ws/install/lslidar_msgs/include/lslidar_msgs/lslidar_msgs/msg/detail/lslidar_scan__rosidl_typesupport_fastrtps_c.h
[1.552s] -- Up-to-date: /home/jerry/limx_ws/install/lslidar_msgs/include/lslidar_msgs/lslidar_msgs/msg/detail/lslidar_point__rosidl_typesupport_fastrtps_c.h
[1.553s] -- Up-to-date: /home/jerry/limx_ws/install/lslidar_msgs/include/lslidar_msgs/lslidar_msgs/msg/detail/lslidar_packet__rosidl_typesupport_fastrtps_c.h
[1.554s] -- Up-to-date: /home/jerry/limx_ws/install/lslidar_msgs/lib/liblslidar_msgs__rosidl_typesupport_fastrtps_c.so
[1.554s] -- Up-to-date: /home/jerry/limx_ws/install/lslidar_msgs/include/lslidar_msgs/lslidar_msgs
[1.554s] -- Up-to-date: /home/jerry/limx_ws/install/lslidar_msgs/include/lslidar_msgs/lslidar_msgs/msg
[1.554s] -- Up-to-date: /home/jerry/limx_ws/install/lslidar_msgs/include/lslidar_msgs/lslidar_msgs/msg/rosidl_generator_cpp__visibility_control.hpp
[1.554s] -- Up-to-date: /home/jerry/limx_ws/install/lslidar_msgs/include/lslidar_msgs/lslidar_msgs/msg/lslidar_difop.hpp
[1.556s] -- Up-to-date: /home/jerry/limx_ws/install/lslidar_msgs/include/lslidar_msgs/lslidar_msgs/msg/lslidar_scan.hpp
[1.556s] -- Up-to-date: /home/jerry/limx_ws/install/lslidar_msgs/include/lslidar_msgs/lslidar_msgs/msg/detail
[1.556s] -- Up-to-date: /home/jerry/limx_ws/install/lslidar_msgs/include/lslidar_msgs/lslidar_msgs/msg/detail/lslidar_point__traits.hpp
[1.557s] -- Up-to-date: /home/jerry/limx_ws/install/lslidar_msgs/include/lslidar_msgs/lslidar_msgs/msg/detail/lslidar_sweep__struct.hpp
[1.557s] -- Up-to-date: /home/jerry/limx_ws/install/lslidar_msgs/include/lslidar_msgs/lslidar_msgs/msg/detail/lslidar_packet__builder.hpp
[1.568s] -- Up-to-date: /home/jerry/limx_ws/install/lslidar_msgs/include/lslidar_msgs/lslidar_msgs/msg/detail/lslidar_difop__type_support.hpp
[1.569s] -- Up-to-date: /home/jerry/limx_ws/install/lslidar_msgs/include/lslidar_msgs/lslidar_msgs/msg/detail/lslidar_sweep__type_support.hpp
[1.569s] -- Up-to-date: /home/jerry/limx_ws/install/lslidar_msgs/include/lslidar_msgs/lslidar_msgs/msg/detail/lslidar_scan__type_support.hpp
[1.570s] -- Up-to-date: /home/jerry/limx_ws/install/lslidar_msgs/include/lslidar_msgs/lslidar_msgs/msg/detail/lslidar_sweep__traits.hpp
[1.574s] -- Up-to-date: /home/jerry/limx_ws/install/lslidar_msgs/include/lslidar_msgs/lslidar_msgs/msg/detail/lslidar_scan__builder.hpp
[1.574s] -- Up-to-date: /home/jerry/limx_ws/install/lslidar_msgs/include/lslidar_msgs/lslidar_msgs/msg/detail/lslidar_packet__traits.hpp
[1.575s] -- Up-to-date: /home/jerry/limx_ws/install/lslidar_msgs/include/lslidar_msgs/lslidar_msgs/msg/detail/lslidar_scan__struct.hpp
[1.575s] -- Up-to-date: /home/jerry/limx_ws/install/lslidar_msgs/include/lslidar_msgs/lslidar_msgs/msg/detail/lslidar_point__type_support.hpp
[1.575s] -- Up-to-date: /home/jerry/limx_ws/install/lslidar_msgs/include/lslidar_msgs/lslidar_msgs/msg/detail/lslidar_packet__type_support.hpp
[1.575s] -- Up-to-date: /home/jerry/limx_ws/install/lslidar_msgs/include/lslidar_msgs/lslidar_msgs/msg/detail/lslidar_point__struct.hpp
[1.575s] -- Up-to-date: /home/jerry/limx_ws/install/lslidar_msgs/include/lslidar_msgs/lslidar_msgs/msg/detail/lslidar_difop__struct.hpp
[1.575s] -- Up-to-date: /home/jerry/limx_ws/install/lslidar_msgs/include/lslidar_msgs/lslidar_msgs/msg/detail/lslidar_sweep__builder.hpp
[1.577s] -- Up-to-date: /home/jerry/limx_ws/install/lslidar_msgs/include/lslidar_msgs/lslidar_msgs/msg/detail/lslidar_scan__traits.hpp
[1.577s] -- Up-to-date: /home/jerry/limx_ws/install/lslidar_msgs/include/lslidar_msgs/lslidar_msgs/msg/detail/lslidar_difop__builder.hpp
[1.579s] -- Up-to-date: /home/jerry/limx_ws/install/lslidar_msgs/include/lslidar_msgs/lslidar_msgs/msg/detail/lslidar_packet__struct.hpp
[1.579s] -- Up-to-date: /home/jerry/limx_ws/install/lslidar_msgs/include/lslidar_msgs/lslidar_msgs/msg/detail/lslidar_difop__traits.hpp
[1.580s] -- Up-to-date: /home/jerry/limx_ws/install/lslidar_msgs/include/lslidar_msgs/lslidar_msgs/msg/detail/lslidar_point__builder.hpp
[1.580s] -- Up-to-date: /home/jerry/limx_ws/install/lslidar_msgs/include/lslidar_msgs/lslidar_msgs/msg/lslidar_point.hpp
[1.580s] -- Up-to-date: /home/jerry/limx_ws/install/lslidar_msgs/include/lslidar_msgs/lslidar_msgs/msg/lslidar_sweep.hpp
[1.580s] -- Up-to-date: /home/jerry/limx_ws/install/lslidar_msgs/include/lslidar_msgs/lslidar_msgs/msg/lslidar_packet.hpp
[1.581s] -- Up-to-date: /home/jerry/limx_ws/install/lslidar_msgs/include/lslidar_msgs/lslidar_msgs
[1.581s] -- Up-to-date: /home/jerry/limx_ws/install/lslidar_msgs/include/lslidar_msgs/lslidar_msgs/msg
[1.581s] -- Up-to-date: /home/jerry/limx_ws/install/lslidar_msgs/include/lslidar_msgs/lslidar_msgs/msg/rosidl_typesupport_fastrtps_cpp__visibility_control.h
[1.581s] -- Up-to-date: /home/jerry/limx_ws/install/lslidar_msgs/include/lslidar_msgs/lslidar_msgs/msg/detail
[1.581s] -- Up-to-date: /home/jerry/limx_ws/install/lslidar_msgs/include/lslidar_msgs/lslidar_msgs/msg/detail/lslidar_packet__rosidl_typesupport_fastrtps_cpp.hpp
[1.581s] -- Up-to-date: /home/jerry/limx_ws/install/lslidar_msgs/include/lslidar_msgs/lslidar_msgs/msg/detail/lslidar_scan__rosidl_typesupport_fastrtps_cpp.hpp
[1.582s] -- Up-to-date: /home/jerry/limx_ws/install/lslidar_msgs/include/lslidar_msgs/lslidar_msgs/msg/detail/dds_fastrtps
[1.582s] -- Up-to-date: /home/jerry/limx_ws/install/lslidar_msgs/include/lslidar_msgs/lslidar_msgs/msg/detail/lslidar_point__rosidl_typesupport_fastrtps_cpp.hpp
[1.582s] -- Up-to-date: /home/jerry/limx_ws/install/lslidar_msgs/include/lslidar_msgs/lslidar_msgs/msg/detail/lslidar_sweep__rosidl_typesupport_fastrtps_cpp.hpp
[1.582s] -- Up-to-date: /home/jerry/limx_ws/install/lslidar_msgs/include/lslidar_msgs/lslidar_msgs/msg/detail/lslidar_difop__rosidl_typesupport_fastrtps_cpp.hpp
[1.583s] -- Up-to-date: /home/jerry/limx_ws/install/lslidar_msgs/lib/liblslidar_msgs__rosidl_typesupport_fastrtps_cpp.so
[1.583s] -- Up-to-date: /home/jerry/limx_ws/install/lslidar_msgs/include/lslidar_msgs/lslidar_msgs
[1.583s] -- Up-to-date: /home/jerry/limx_ws/install/lslidar_msgs/include/lslidar_msgs/lslidar_msgs/msg
[1.583s] -- Up-to-date: /home/jerry/limx_ws/install/lslidar_msgs/include/lslidar_msgs/lslidar_msgs/msg/rosidl_typesupport_introspection_c__visibility_control.h
[1.584s] -- Up-to-date: /home/jerry/limx_ws/install/lslidar_msgs/include/lslidar_msgs/lslidar_msgs/msg/detail
[1.584s] -- Up-to-date: /home/jerry/limx_ws/install/lslidar_msgs/include/lslidar_msgs/lslidar_msgs/msg/detail/lslidar_difop__rosidl_typesupport_introspection_c.h
[1.584s] -- Up-to-date: /home/jerry/limx_ws/install/lslidar_msgs/include/lslidar_msgs/lslidar_msgs/msg/detail/lslidar_point__type_support.c
[1.585s] -- Up-to-date: /home/jerry/limx_ws/install/lslidar_msgs/include/lslidar_msgs/lslidar_msgs/msg/detail/lslidar_difop__type_support.c
[1.585s] -- Up-to-date: /home/jerry/limx_ws/install/lslidar_msgs/include/lslidar_msgs/lslidar_msgs/msg/detail/lslidar_point__rosidl_typesupport_introspection_c.h
[1.586s] -- Up-to-date: /home/jerry/limx_ws/install/lslidar_msgs/include/lslidar_msgs/lslidar_msgs/msg/detail/lslidar_packet__type_support.c
[1.586s] -- Up-to-date: /home/jerry/limx_ws/install/lslidar_msgs/include/lslidar_msgs/lslidar_msgs/msg/detail/lslidar_sweep__type_support.c
[1.586s] -- Up-to-date: /home/jerry/limx_ws/install/lslidar_msgs/include/lslidar_msgs/lslidar_msgs/msg/detail/lslidar_packet__rosidl_typesupport_introspection_c.h
[1.586s] -- Up-to-date: /home/jerry/limx_ws/install/lslidar_msgs/include/lslidar_msgs/lslidar_msgs/msg/detail/lslidar_scan__rosidl_typesupport_introspection_c.h
[1.587s] -- Up-to-date: /home/jerry/limx_ws/install/lslidar_msgs/include/lslidar_msgs/lslidar_msgs/msg/detail/lslidar_scan__type_support.c
[1.587s] -- Up-to-date: /home/jerry/limx_ws/install/lslidar_msgs/include/lslidar_msgs/lslidar_msgs/msg/detail/lslidar_sweep__rosidl_typesupport_introspection_c.h
[1.588s] -- Up-to-date: /home/jerry/limx_ws/install/lslidar_msgs/lib/liblslidar_msgs__rosidl_typesupport_introspection_c.so
[1.589s] -- Up-to-date: /home/jerry/limx_ws/install/lslidar_msgs/lib/liblslidar_msgs__rosidl_typesupport_c.so
[1.590s] -- Up-to-date: /home/jerry/limx_ws/install/lslidar_msgs/include/lslidar_msgs/lslidar_msgs
[1.590s] -- Up-to-date: /home/jerry/limx_ws/install/lslidar_msgs/include/lslidar_msgs/lslidar_msgs/msg
[1.591s] -- Up-to-date: /home/jerry/limx_ws/install/lslidar_msgs/include/lslidar_msgs/lslidar_msgs/msg/detail
[1.591s] -- Up-to-date: /home/jerry/limx_ws/install/lslidar_msgs/include/lslidar_msgs/lslidar_msgs/msg/detail/lslidar_difop__type_support.cpp
[1.591s] -- Up-to-date: /home/jerry/limx_ws/install/lslidar_msgs/include/lslidar_msgs/lslidar_msgs/msg/detail/lslidar_scan__type_support.cpp
[1.592s] -- Up-to-date: /home/jerry/limx_ws/install/lslidar_msgs/include/lslidar_msgs/lslidar_msgs/msg/detail/lslidar_packet__rosidl_typesupport_introspection_cpp.hpp
[1.592s] -- Up-to-date: /home/jerry/limx_ws/install/lslidar_msgs/include/lslidar_msgs/lslidar_msgs/msg/detail/lslidar_point__rosidl_typesupport_introspection_cpp.hpp
[1.592s] -- Up-to-date: /home/jerry/limx_ws/install/lslidar_msgs/include/lslidar_msgs/lslidar_msgs/msg/detail/lslidar_sweep__rosidl_typesupport_introspection_cpp.hpp
[1.593s] -- Up-to-date: /home/jerry/limx_ws/install/lslidar_msgs/include/lslidar_msgs/lslidar_msgs/msg/detail/lslidar_point__type_support.cpp
[1.593s] -- Up-to-date: /home/jerry/limx_ws/install/lslidar_msgs/include/lslidar_msgs/lslidar_msgs/msg/detail/lslidar_sweep__type_support.cpp
[1.594s] -- Up-to-date: /home/jerry/limx_ws/install/lslidar_msgs/include/lslidar_msgs/lslidar_msgs/msg/detail/lslidar_scan__rosidl_typesupport_introspection_cpp.hpp
[1.594s] -- Up-to-date: /home/jerry/limx_ws/install/lslidar_msgs/include/lslidar_msgs/lslidar_msgs/msg/detail/lslidar_packet__type_support.cpp
[1.594s] -- Up-to-date: /home/jerry/limx_ws/install/lslidar_msgs/include/lslidar_msgs/lslidar_msgs/msg/detail/lslidar_difop__rosidl_typesupport_introspection_cpp.hpp
[1.594s] -- Up-to-date: /home/jerry/limx_ws/install/lslidar_msgs/lib/liblslidar_msgs__rosidl_typesupport_introspection_cpp.so
[1.595s] -- Up-to-date: /home/jerry/limx_ws/install/lslidar_msgs/lib/liblslidar_msgs__rosidl_typesupport_cpp.so
[1.596s] -- Up-to-date: /home/jerry/limx_ws/install/lslidar_msgs/share/lslidar_msgs/environment/pythonpath.sh
[1.596s] -- Up-to-date: /home/jerry/limx_ws/install/lslidar_msgs/share/lslidar_msgs/environment/pythonpath.dsv
[1.597s] -- Up-to-date: /home/jerry/limx_ws/install/lslidar_msgs/local/lib/python3.10/dist-packages/lslidar_msgs-1.2.0-py3.10.egg-info
[1.597s] -- Installing: /home/jerry/limx_ws/install/lslidar_msgs/local/lib/python3.10/dist-packages/lslidar_msgs-1.2.0-py3.10.egg-info/SOURCES.txt
[1.597s] -- Installing: /home/jerry/limx_ws/install/lslidar_msgs/local/lib/python3.10/dist-packages/lslidar_msgs-1.2.0-py3.10.egg-info/dependency_links.txt
[1.598s] -- Installing: /home/jerry/limx_ws/install/lslidar_msgs/local/lib/python3.10/dist-packages/lslidar_msgs-1.2.0-py3.10.egg-info/PKG-INFO
[1.598s] -- Installing: /home/jerry/limx_ws/install/lslidar_msgs/local/lib/python3.10/dist-packages/lslidar_msgs-1.2.0-py3.10.egg-info/top_level.txt
[1.600s] -- Up-to-date: /home/jerry/limx_ws/install/lslidar_msgs/local/lib/python3.10/dist-packages/lslidar_msgs
[1.605s] -- Up-to-date: /home/jerry/limx_ws/install/lslidar_msgs/local/lib/python3.10/dist-packages/lslidar_msgs/_lslidar_msgs_s.ep.rosidl_typesupport_c.c
[1.605s] -- Up-to-date: /home/jerry/limx_ws/install/lslidar_msgs/local/lib/python3.10/dist-packages/lslidar_msgs/__init__.py
[1.608s] -- Up-to-date: /home/jerry/limx_ws/install/lslidar_msgs/local/lib/python3.10/dist-packages/lslidar_msgs/lslidar_msgs_s__rosidl_typesupport_introspection_c.cpython-310-x86_64-linux-gnu.so
[1.609s] -- Up-to-date: /home/jerry/limx_ws/install/lslidar_msgs/local/lib/python3.10/dist-packages/lslidar_msgs/lslidar_msgs_s__rosidl_typesupport_fastrtps_c.cpython-310-x86_64-linux-gnu.so
[1.609s] -- Up-to-date: /home/jerry/limx_ws/install/lslidar_msgs/local/lib/python3.10/dist-packages/lslidar_msgs/_lslidar_msgs_s.ep.rosidl_typesupport_fastrtps_c.c
[1.610s] -- Up-to-date: /home/jerry/limx_ws/install/lslidar_msgs/local/lib/python3.10/dist-packages/lslidar_msgs/liblslidar_msgs__rosidl_generator_py.so
[1.610s] -- Up-to-date: /home/jerry/limx_ws/install/lslidar_msgs/local/lib/python3.10/dist-packages/lslidar_msgs/lslidar_msgs_s__rosidl_typesupport_c.cpython-310-x86_64-linux-gnu.so
[1.611s] -- Up-to-date: /home/jerry/limx_ws/install/lslidar_msgs/local/lib/python3.10/dist-packages/lslidar_msgs/msg
[1.611s] -- Up-to-date: /home/jerry/limx_ws/install/lslidar_msgs/local/lib/python3.10/dist-packages/lslidar_msgs/msg/_lslidar_difop_s.c
[1.613s] -- Up-to-date: /home/jerry/limx_ws/install/lslidar_msgs/local/lib/python3.10/dist-packages/lslidar_msgs/msg/_lslidar_point_s.c
[1.614s] -- Up-to-date: /home/jerry/limx_ws/install/lslidar_msgs/local/lib/python3.10/dist-packages/lslidar_msgs/msg/_lslidar_difop.py
[1.614s] -- Up-to-date: /home/jerry/limx_ws/install/lslidar_msgs/local/lib/python3.10/dist-packages/lslidar_msgs/msg/_lslidar_point.py
[1.615s] -- Up-to-date: /home/jerry/limx_ws/install/lslidar_msgs/local/lib/python3.10/dist-packages/lslidar_msgs/msg/__init__.py
[1.616s] -- Up-to-date: /home/jerry/limx_ws/install/lslidar_msgs/local/lib/python3.10/dist-packages/lslidar_msgs/msg/_lslidar_packet.py
[1.617s] -- Up-to-date: /home/jerry/limx_ws/install/lslidar_msgs/local/lib/python3.10/dist-packages/lslidar_msgs/msg/_lslidar_scan_s.c
[1.618s] -- Up-to-date: /home/jerry/limx_ws/install/lslidar_msgs/local/lib/python3.10/dist-packages/lslidar_msgs/msg/_lslidar_packet_s.c
[1.618s] -- Up-to-date: /home/jerry/limx_ws/install/lslidar_msgs/local/lib/python3.10/dist-packages/lslidar_msgs/msg/_lslidar_scan.py
[1.619s] -- Up-to-date: /home/jerry/limx_ws/install/lslidar_msgs/local/lib/python3.10/dist-packages/lslidar_msgs/msg/_lslidar_sweep.py
[1.619s] -- Up-to-date: /home/jerry/limx_ws/install/lslidar_msgs/local/lib/python3.10/dist-packages/lslidar_msgs/msg/_lslidar_sweep_s.c
[1.619s] -- Up-to-date: /home/jerry/limx_ws/install/lslidar_msgs/local/lib/python3.10/dist-packages/lslidar_msgs/_lslidar_msgs_s.ep.rosidl_typesupport_introspection_c.c
[1.693s] Listing '/home/jerry/limx_ws/install/lslidar_msgs/local/lib/python3.10/dist-packages/lslidar_msgs'...
[1.694s] Listing '/home/jerry/limx_ws/install/lslidar_msgs/local/lib/python3.10/dist-packages/lslidar_msgs/msg'...
[1.707s] -- Up-to-date: /home/jerry/limx_ws/install/lslidar_msgs/local/lib/python3.10/dist-packages/lslidar_msgs/lslidar_msgs_s__rosidl_typesupport_fastrtps_c.cpython-310-x86_64-linux-gnu.so
[1.721s] -- Up-to-date: /home/jerry/limx_ws/install/lslidar_msgs/local/lib/python3.10/dist-packages/lslidar_msgs/lslidar_msgs_s__rosidl_typesupport_introspection_c.cpython-310-x86_64-linux-gnu.so
[1.729s] -- Up-to-date: /home/jerry/limx_ws/install/lslidar_msgs/local/lib/python3.10/dist-packages/lslidar_msgs/lslidar_msgs_s__rosidl_typesupport_c.cpython-310-x86_64-linux-gnu.so
[1.729s] -- Up-to-date: /home/jerry/limx_ws/install/lslidar_msgs/lib/liblslidar_msgs__rosidl_generator_py.so
[1.731s] -- Up-to-date: /home/jerry/limx_ws/install/lslidar_msgs/share/lslidar_msgs/msg/LslidarDifop.idl
[1.731s] -- Up-to-date: /home/jerry/limx_ws/install/lslidar_msgs/share/lslidar_msgs/msg/LslidarPacket.idl
[1.732s] -- Up-to-date: /home/jerry/limx_ws/install/lslidar_msgs/share/lslidar_msgs/msg/LslidarPoint.idl
[1.732s] -- Up-to-date: /home/jerry/limx_ws/install/lslidar_msgs/share/lslidar_msgs/msg/LslidarScan.idl
[1.732s] -- Up-to-date: /home/jerry/limx_ws/install/lslidar_msgs/share/lslidar_msgs/msg/LslidarSweep.idl
[1.733s] -- Up-to-date: /home/jerry/limx_ws/install/lslidar_msgs/share/lslidar_msgs/msg/LslidarDifop.msg
[1.733s] -- Up-to-date: /home/jerry/limx_ws/install/lslidar_msgs/share/lslidar_msgs/msg/LslidarPacket.msg
[1.734s] -- Up-to-date: /home/jerry/limx_ws/install/lslidar_msgs/share/lslidar_msgs/msg/LslidarPoint.msg
[1.735s] -- Up-to-date: /home/jerry/limx_ws/install/lslidar_msgs/share/lslidar_msgs/msg/LslidarScan.msg
[1.736s] -- Up-to-date: /home/jerry/limx_ws/install/lslidar_msgs/share/lslidar_msgs/msg/LslidarSweep.msg
[1.737s] -- Up-to-date: /home/jerry/limx_ws/install/lslidar_msgs/share/ament_index/resource_index/package_run_dependencies/lslidar_msgs
[1.738s] -- Up-to-date: /home/jerry/limx_ws/install/lslidar_msgs/share/ament_index/resource_index/parent_prefix_path/lslidar_msgs
[1.738s] -- Up-to-date: /home/jerry/limx_ws/install/lslidar_msgs/share/lslidar_msgs/environment/ament_prefix_path.sh
[1.739s] -- Up-to-date: /home/jerry/limx_ws/install/lslidar_msgs/share/lslidar_msgs/environment/ament_prefix_path.dsv
[1.739s] -- Up-to-date: /home/jerry/limx_ws/install/lslidar_msgs/share/lslidar_msgs/environment/path.sh
[1.739s] -- Up-to-date: /home/jerry/limx_ws/install/lslidar_msgs/share/lslidar_msgs/environment/path.dsv
[1.740s] -- Up-to-date: /home/jerry/limx_ws/install/lslidar_msgs/share/lslidar_msgs/local_setup.bash
[1.740s] -- Up-to-date: /home/jerry/limx_ws/install/lslidar_msgs/share/lslidar_msgs/local_setup.sh
[1.741s] -- Up-to-date: /home/jerry/limx_ws/install/lslidar_msgs/share/lslidar_msgs/local_setup.zsh
[1.741s] -- Up-to-date: /home/jerry/limx_ws/install/lslidar_msgs/share/lslidar_msgs/local_setup.dsv
[1.742s] -- Installing: /home/jerry/limx_ws/install/lslidar_msgs/share/lslidar_msgs/package.dsv
[1.743s] -- Up-to-date: /home/jerry/limx_ws/install/lslidar_msgs/share/ament_index/resource_index/packages/lslidar_msgs
[1.743s] -- Up-to-date: /home/jerry/limx_ws/install/lslidar_msgs/share/lslidar_msgs/cmake/export_lslidar_msgs__rosidl_generator_cExport.cmake
[1.743s] -- Up-to-date: /home/jerry/limx_ws/install/lslidar_msgs/share/lslidar_msgs/cmake/export_lslidar_msgs__rosidl_generator_cExport-noconfig.cmake
[1.744s] -- Up-to-date: /home/jerry/limx_ws/install/lslidar_msgs/share/lslidar_msgs/cmake/export_lslidar_msgs__rosidl_typesupport_fastrtps_cExport.cmake
[1.745s] -- Up-to-date: /home/jerry/limx_ws/install/lslidar_msgs/share/lslidar_msgs/cmake/export_lslidar_msgs__rosidl_typesupport_fastrtps_cExport-noconfig.cmake
[1.745s] -- Up-to-date: /home/jerry/limx_ws/install/lslidar_msgs/share/lslidar_msgs/cmake/export_lslidar_msgs__rosidl_generator_cppExport.cmake
[1.745s] -- Up-to-date: /home/jerry/limx_ws/install/lslidar_msgs/share/lslidar_msgs/cmake/export_lslidar_msgs__rosidl_typesupport_fastrtps_cppExport.cmake
[1.746s] -- Up-to-date: /home/jerry/limx_ws/install/lslidar_msgs/share/lslidar_msgs/cmake/export_lslidar_msgs__rosidl_typesupport_fastrtps_cppExport-noconfig.cmake
[1.747s] -- Up-to-date: /home/jerry/limx_ws/install/lslidar_msgs/share/lslidar_msgs/cmake/lslidar_msgs__rosidl_typesupport_introspection_cExport.cmake
[1.747s] -- Up-to-date: /home/jerry/limx_ws/install/lslidar_msgs/share/lslidar_msgs/cmake/lslidar_msgs__rosidl_typesupport_introspection_cExport-noconfig.cmake
[1.747s] -- Up-to-date: /home/jerry/limx_ws/install/lslidar_msgs/share/lslidar_msgs/cmake/lslidar_msgs__rosidl_typesupport_cExport.cmake
[1.748s] -- Up-to-date: /home/jerry/limx_ws/install/lslidar_msgs/share/lslidar_msgs/cmake/lslidar_msgs__rosidl_typesupport_cExport-noconfig.cmake
[1.748s] -- Up-to-date: /home/jerry/limx_ws/install/lslidar_msgs/share/lslidar_msgs/cmake/lslidar_msgs__rosidl_typesupport_introspection_cppExport.cmake
[1.749s] -- Up-to-date: /home/jerry/limx_ws/install/lslidar_msgs/share/lslidar_msgs/cmake/lslidar_msgs__rosidl_typesupport_introspection_cppExport-noconfig.cmake
[1.749s] -- Up-to-date: /home/jerry/limx_ws/install/lslidar_msgs/share/lslidar_msgs/cmake/lslidar_msgs__rosidl_typesupport_cppExport.cmake
[1.749s] -- Up-to-date: /home/jerry/limx_ws/install/lslidar_msgs/share/lslidar_msgs/cmake/lslidar_msgs__rosidl_typesupport_cppExport-noconfig.cmake
[1.750s] -- Up-to-date: /home/jerry/limx_ws/install/lslidar_msgs/share/lslidar_msgs/cmake/export_lslidar_msgs__rosidl_generator_pyExport.cmake
[1.750s] -- Up-to-date: /home/jerry/limx_ws/install/lslidar_msgs/share/lslidar_msgs/cmake/export_lslidar_msgs__rosidl_generator_pyExport-noconfig.cmake
[1.750s] -- Up-to-date: /home/jerry/limx_ws/install/lslidar_msgs/share/lslidar_msgs/cmake/rosidl_cmake-extras.cmake
[1.751s] -- Up-to-date: /home/jerry/limx_ws/install/lslidar_msgs/share/lslidar_msgs/cmake/ament_cmake_export_dependencies-extras.cmake
[1.751s] -- Up-to-date: /home/jerry/limx_ws/install/lslidar_msgs/share/lslidar_msgs/cmake/ament_cmake_export_include_directories-extras.cmake
[1.752s] -- Up-to-date: /home/jerry/limx_ws/install/lslidar_msgs/share/lslidar_msgs/cmake/ament_cmake_export_libraries-extras.cmake
[1.753s] -- Up-to-date: /home/jerry/limx_ws/install/lslidar_msgs/share/lslidar_msgs/cmake/ament_cmake_export_targets-extras.cmake
[1.753s] -- Up-to-date: /home/jerry/limx_ws/install/lslidar_msgs/share/lslidar_msgs/cmake/rosidl_cmake_export_typesupport_targets-extras.cmake
[1.754s] -- Up-to-date: /home/jerry/limx_ws/install/lslidar_msgs/share/lslidar_msgs/cmake/rosidl_cmake_export_typesupport_libraries-extras.cmake
[1.754s] -- Up-to-date: /home/jerry/limx_ws/install/lslidar_msgs/share/lslidar_msgs/cmake/lslidar_msgsConfig.cmake
[1.754s] -- Up-to-date: /home/jerry/limx_ws/install/lslidar_msgs/share/lslidar_msgs/cmake/lslidar_msgsConfig-version.cmake
[1.755s] -- Up-to-date: /home/jerry/limx_ws/install/lslidar_msgs/share/lslidar_msgs/package.xml
[1.784s] Invoked command in '/home/jerry/limx_ws/build/lslidar_msgs' returned '0': CMAKE_PREFIX_PATH=/opt/ros/humble /usr/bin/cmake --install /home/jerry/limx_ws/build/lslidar_msgs
