[0.027s] Invoking command in '/home/jerry/limx_ws/build/rf2o_laser_odometry': CMAKE_PREFIX_PATH=/opt/ros/humble /usr/bin/cmake /home/jerry/limx_ws/src/rf2o_laser_odometry -DCMAKE_INSTALL_PREFIX=/home/jerry/limx_ws/install/rf2o_laser_odometry
[0.201s] -- The C compiler identification is GNU 11.4.0
[0.359s] -- The CXX compiler identification is GNU 11.4.0
[0.366s] -- Detecting C compiler ABI info
[0.453s] -- Detecting C compiler ABI info - done
[0.458s] -- Check for working C compiler: /usr/bin/cc - skipped
[0.458s] -- Detecting C compile features
[0.459s] -- Detecting C compile features - done
[0.461s] -- Detecting CXX compiler ABI info
[0.552s] -- Detecting CXX compiler ABI info - done
[0.560s] -- Check for working CXX compiler: /usr/bin/c++ - skipped
[0.560s] -- Detecting CXX compile features
[0.560s] -- Detecting CXX compile features - done
[0.571s] -- Found ament_cmake: 1.3.12 (/opt/ros/humble/share/ament_cmake/cmake)
[0.710s] -- Found Python3: /usr/bin/python3 (found version "3.10.12") found components: Interpreter 
[0.839s] -- Found rclcpp: 16.0.17 (/opt/ros/humble/share/rclcpp/cmake)
[0.904s] -- Found rosidl_generator_c: 3.1.8 (/opt/ros/humble/share/rosidl_generator_c/cmake)
[0.913s] -- Found rosidl_adapter: 3.1.8 (/opt/ros/humble/share/rosidl_adapter/cmake)
[0.929s] -- Found rosidl_generator_cpp: 3.1.8 (/opt/ros/humble/share/rosidl_generator_cpp/cmake)
[0.959s] -- Using all available rosidl_typesupport_c: rosidl_typesupport_fastrtps_c;rosidl_typesupport_introspection_c
[0.979s] -- Using all available rosidl_typesupport_cpp: rosidl_typesupport_fastrtps_cpp;rosidl_typesupport_introspection_cpp
[1.064s] -- Found rmw_implementation_cmake: 6.1.2 (/opt/ros/humble/share/rmw_implementation_cmake/cmake)
[1.080s] -- Found rmw_fastrtps_cpp: 6.2.9 (/opt/ros/humble/share/rmw_fastrtps_cpp/cmake)
[1.239s] -- Found OpenSSL: /usr/lib/x86_64-linux-gnu/libcrypto.so (found version "3.0.2")  
[1.272s] -- Found FastRTPS: /opt/ros/humble/include  
[1.319s] -- Using RMW implementation 'rmw_fastrtps_cpp' as default
[1.327s] -- Looking for pthread.h
[1.535s] -- Looking for pthread.h - found
[1.536s] -- Performing Test CMAKE_HAVE_LIBC_PTHREAD
[1.704s] -- Performing Test CMAKE_HAVE_LIBC_PTHREAD - Success
[1.704s] -- Found Threads: TRUE  
[1.804s] -- Found geometry_msgs: 4.9.0 (/opt/ros/humble/share/geometry_msgs/cmake)
[1.832s] -- Found tf2_geometry_msgs: 0.25.19 (/opt/ros/humble/share/tf2_geometry_msgs/cmake)
[1.871s] -- Found eigen3_cmake_module: 0.1.1 (/opt/ros/humble/share/eigen3_cmake_module/cmake)
[1.873s] -- Found Eigen3: TRUE (found version "3.4.0") 
[1.874s] -- Ensuring Eigen3 include directory is part of orocos-kdl CMake target
[2.150s] -- Found sensor_msgs: 4.9.0 (/opt/ros/humble/share/sensor_msgs/cmake)
[2.167s] -- Found nav_msgs: 4.9.0 (/opt/ros/humble/share/nav_msgs/cmake)
[2.211s] -- Found Boost: /usr/lib/x86_64-linux-gnu/cmake/Boost-1.74.0/BoostConfig.cmake (found version "1.74.0")  
[2.379s] -- Configuring done
[2.432s] -- Generating done
[2.438s] -- Build files have been written to: /home/jerry/limx_ws/build/rf2o_laser_odometry
[2.515s] Invoked command in '/home/jerry/limx_ws/build/rf2o_laser_odometry' returned '0': CMAKE_PREFIX_PATH=/opt/ros/humble /usr/bin/cmake /home/jerry/limx_ws/src/rf2o_laser_odometry -DCMAKE_INSTALL_PREFIX=/home/jerry/limx_ws/install/rf2o_laser_odometry
[2.518s] Invoking command in '/home/jerry/limx_ws/build/rf2o_laser_odometry': CMAKE_PREFIX_PATH=/opt/ros/humble /usr/bin/cmake --build /home/jerry/limx_ws/build/rf2o_laser_odometry -- -j8 -l8
[2.856s] [ 20%] [32mBuilding CXX object CMakeFiles/rf2o_laser_odometry_node.dir/src/CLaserOdometry2DNode.cpp.o[0m
[2.857s] [ 40%] [32mBuilding CXX object CMakeFiles/rf2o_laser_odometry_node.dir/src/CLaserOdometry2D.cpp.o[0m
[2.857s] [ 60%] [32mBuilding CXX object CMakeFiles/rf2o_laser_odometry.dir/src/CLaserOdometry2D.cpp.o[0m
[106.176s] [ 80%] [32m[1mLinking CXX executable rf2o_laser_odometry_node[0m
[107.188s] [ 80%] Built target rf2o_laser_odometry_node
[107.199s] [100%] [32m[1mLinking CXX static library librf2o_laser_odometry.a[0m
[107.475s] [100%] Built target rf2o_laser_odometry
