[35m[1mConsolidate compiler generated dependencies of target scan_corrector_node[0m
[ 40%] Built target scan_corrector_node
[ 60%] [32mBuilding CXX object CMakeFiles/lidar_odometry_node.dir/src/lidar_odometry.cpp.o[0m
[01m[K/home/jerry/limx_ws/src/lidar_odometry/src/lidar_odometry.cpp:[m[K In member function ‘[01m[Kpcl::PointCloud<pcl::PointXYZ>::Ptr LidarOdometry::deskew_pointcloud(const pcl::PointCloud<pcl::PointXYZ>&, double, double, const Vector3d&)[m[K’:
[01m[K/home/jerry/limx_ws/src/lidar_odometry/src/lidar_odometry.cpp:126:31:[m[K [01;31m[Kerror: [m[K‘[01m[Kdelta_t[m[K’ was not declared in this scope; did you mean ‘[01m[Kdev_t[m[K’?
  126 |         Eigen::AngleAxisd rot([01;31m[Kdelta_t[m[K * angular_vel.norm(), angular_vel.normalized());
      |                               [01;31m[K^~~~~~~[m[K
      |                               [32m[Kdev_t[m[K
[01m[K/home/jerry/limx_ws/src/lidar_odometry/src/lidar_odometry.cpp:127:40:[m[K [01;31m[Kerror: [m[K‘[01m[Ki[m[K’ was not declared in this scope
  127 |         Eigen::Vector3d p(cloud.points[[01;31m[Ki[m[K].x, cloud.points[i].y, cloud.points[i].z);
      |                                        [01;31m[K^[m[K
[01m[K/home/jerry/limx_ws/src/lidar_odometry/src/lidar_odometry.cpp:117:12:[m[K [01;35m[Kwarning: [m[Kunused variable ‘[01m[Kscan_duration[m[K’ [[01;35m[K]8;;https://gcc.gnu.org/onlinedocs/gcc/Warning-Options.html#index-Wunused-variable-Wunused-variable]8;;[m[K]
  117 |     double [01;35m[Kscan_duration[m[K = end_time - start_time;
      |            [01;35m[K^~~~~~~~~~~~~[m[K
[01m[K/home/jerry/limx_ws/src/lidar_odometry/src/lidar_odometry.cpp:132:5:[m[K [01;35m[Kwarning: [m[Kno return statement in function returning non-void [[01;35m[K]8;;https://gcc.gnu.org/onlinedocs/gcc/Warning-Options.html#index-Wreturn-type-Wreturn-type]8;;[m[K]
  132 |     [01;35m[K}[m[K
      |     [01;35m[K^[m[K
[01m[K/home/jerry/limx_ws/src/lidar_odometry/src/lidar_odometry.cpp:[m[K At global scope:
[01m[K/home/jerry/limx_ws/src/lidar_odometry/src/lidar_odometry.cpp:133:5:[m[K [01;31m[Kerror: [m[Kexpected unqualified-id before ‘[01m[Kreturn[m[K’
  133 |     [01;31m[Kreturn[m[K deskewed;
      |     [01;31m[K^~~~~~[m[K
[01m[K/home/jerry/limx_ws/src/lidar_odometry/src/lidar_odometry.cpp:134:1:[m[K [01;31m[Kerror: [m[Kexpected declaration before ‘[01m[K}[m[K’ token
  134 | [01;31m[K}[m[K
      | [01;31m[K^[m[K
gmake[2]: *** [CMakeFiles/lidar_odometry_node.dir/build.make:90: CMakeFiles/lidar_odometry_node.dir/src/lidar_odometry.cpp.o] Error 1
gmake[1]: *** [CMakeFiles/Makefile2:139: CMakeFiles/lidar_odometry_node.dir/all] Error 2
gmake: *** [Makefile:146: all] Error 2
