[0.145s] Invoking command in '/home/jerry/limx_ws/build/robot_visualization': CMAKE_PREFIX_PATH=/opt/ros/humble /usr/bin/cmake --build /home/jerry/limx_ws/build/robot_visualization -- -j8 -l8
[0.374s] Invoked command in '/home/jerry/limx_ws/build/robot_visualization' returned '0': CMAKE_PREFIX_PATH=/opt/ros/humble /usr/bin/cmake --build /home/jerry/limx_ws/build/robot_visualization -- -j8 -l8
[0.375s] Invoking command in '/home/jerry/limx_ws/build/robot_visualization': CMAKE_PREFIX_PATH=/opt/ros/humble /usr/bin/cmake --install /home/jerry/limx_ws/build/robot_visualization
[0.482s] -- Install configuration: ""
[0.482s] -- Up-to-date: /home/jerry/limx_ws/install/robot_visualization/../
[0.482s] -- Up-to-date: /home/jerry/limx_ws/install/robot_visualization/..//mrosbridger
[0.482s] -- Up-to-date: /home/jerry/limx_ws/install/robot_visualization/..//mrosbridger/bin
[0.483s] -- Up-to-date: /home/jerry/limx_ws/install/robot_visualization/..//mrosbridger/bin/mrosbridger
[0.483s] -- Up-to-date: /home/jerry/limx_ws/install/robot_visualization/..//mrosbridger/local
[0.483s] -- Up-to-date: /home/jerry/limx_ws/install/robot_visualization/..//mrosbridger/local/lib
[0.483s] -- Up-to-date: /home/jerry/limx_ws/install/robot_visualization/..//mrosbridger/local/lib/python3.10
[0.484s] -- Up-to-date: /home/jerry/limx_ws/install/robot_visualization/..//mrosbridger/local/lib/python3.10/dist-packages
[0.487s] -- Up-to-date: /home/jerry/limx_ws/install/robot_visualization/..//mrosbridger/local/lib/python3.10/dist-packages/mrosbridger
[0.488s] -- Up-to-date: /home/jerry/limx_ws/install/robot_visualization/..//mrosbridger/local/lib/python3.10/dist-packages/mrosbridger/__init__.py
[0.488s] -- Up-to-date: /home/jerry/limx_ws/install/robot_visualization/..//mrosbridger/local/lib/python3.10/dist-packages/mrosbridger-0.9.7-py3.10.egg-info
[0.488s] -- Up-to-date: /home/jerry/limx_ws/install/robot_visualization/..//mrosbridger/local/lib/python3.10/dist-packages/mrosbridger-0.9.7-py3.10.egg-info/SOURCES.txt
[0.488s] -- Up-to-date: /home/jerry/limx_ws/install/robot_visualization/..//mrosbridger/local/lib/python3.10/dist-packages/mrosbridger-0.9.7-py3.10.egg-info/dependency_links.txt
[0.489s] -- Up-to-date: /home/jerry/limx_ws/install/robot_visualization/..//mrosbridger/local/lib/python3.10/dist-packages/mrosbridger-0.9.7-py3.10.egg-info/PKG-INFO
[0.489s] -- Up-to-date: /home/jerry/limx_ws/install/robot_visualization/..//mrosbridger/local/lib/python3.10/dist-packages/mrosbridger-0.9.7-py3.10.egg-info/top_level.txt
[0.489s] -- Up-to-date: /home/jerry/limx_ws/install/robot_visualization/..//mrosbridger/share
[0.489s] -- Up-to-date: /home/jerry/limx_ws/install/robot_visualization/..//mrosbridger/share/mrosbridger
[0.490s] -- Up-to-date: /home/jerry/limx_ws/install/robot_visualization/..//mrosbridger/share/mrosbridger/package.xml
[0.490s] -- Up-to-date: /home/jerry/limx_ws/install/robot_visualization/..//mrosbridger/share/mrosbridger/launch
[0.493s] -- Up-to-date: /home/jerry/limx_ws/install/robot_visualization/..//mrosbridger/share/mrosbridger/launch/mrosbridger.launch.py
[0.498s] -- Up-to-date: /home/jerry/limx_ws/install/robot_visualization/..//mrosbridger/share/mrosbridger/cmake
[0.498s] -- Up-to-date: /home/jerry/limx_ws/install/robot_visualization/..//mrosbridger/share/mrosbridger/cmake/mrosbridgerConfig.cmake
[0.498s] -- Up-to-date: /home/jerry/limx_ws/install/robot_visualization/..//mrosbridger/share/mrosbridger/cmake/ament_cmake_export_libraries-extras.cmake
[0.499s] -- Up-to-date: /home/jerry/limx_ws/install/robot_visualization/..//mrosbridger/share/mrosbridger/cmake/ament_cmake_export_include_directories-extras.cmake
[0.499s] -- Up-to-date: /home/jerry/limx_ws/install/robot_visualization/..//mrosbridger/share/mrosbridger/cmake/mrosbridgerConfig-version.cmake
[0.499s] -- Up-to-date: /home/jerry/limx_ws/install/robot_visualization/..//mrosbridger/share/mrosbridger/local_setup.sh
[0.499s] -- Up-to-date: /home/jerry/limx_ws/install/robot_visualization/..//mrosbridger/share/mrosbridger/hook
[0.499s] -- Up-to-date: /home/jerry/limx_ws/install/robot_visualization/..//mrosbridger/share/mrosbridger/hook/pythonscriptspath.sh
[0.500s] -- Up-to-date: /home/jerry/limx_ws/install/robot_visualization/..//mrosbridger/share/mrosbridger/hook/pythonscriptspath.dsv
[0.500s] -- Up-to-date: /home/jerry/limx_ws/install/robot_visualization/..//mrosbridger/share/mrosbridger/hook/cmake_prefix_path.sh
[0.500s] -- Up-to-date: /home/jerry/limx_ws/install/robot_visualization/..//mrosbridger/share/mrosbridger/hook/pythonscriptspath.ps1
[0.500s] -- Up-to-date: /home/jerry/limx_ws/install/robot_visualization/..//mrosbridger/share/mrosbridger/hook/path.dsv
[0.500s] -- Up-to-date: /home/jerry/limx_ws/install/robot_visualization/..//mrosbridger/share/mrosbridger/hook/cmake_prefix_path.ps1
[0.501s] -- Up-to-date: /home/jerry/limx_ws/install/robot_visualization/..//mrosbridger/share/mrosbridger/hook/path.sh
[0.506s] -- Up-to-date: /home/jerry/limx_ws/install/robot_visualization/..//mrosbridger/share/mrosbridger/hook/cmake_prefix_path.dsv
[0.513s] -- Up-to-date: /home/jerry/limx_ws/install/robot_visualization/..//mrosbridger/share/mrosbridger/hook/path.ps1
[0.514s] -- Up-to-date: /home/jerry/limx_ws/install/robot_visualization/..//mrosbridger/share/mrosbridger/package.sh
[0.525s] -- Up-to-date: /home/jerry/limx_ws/install/robot_visualization/..//mrosbridger/share/mrosbridger/environment
[0.528s] -- Up-to-date: /home/jerry/limx_ws/install/robot_visualization/..//mrosbridger/share/mrosbridger/environment/pythonpath.dsv
[0.530s] -- Up-to-date: /home/jerry/limx_ws/install/robot_visualization/..//mrosbridger/share/mrosbridger/environment/library_path.dsv
[0.530s] -- Up-to-date: /home/jerry/limx_ws/install/robot_visualization/..//mrosbridger/share/mrosbridger/environment/pythonpath.sh
[0.531s] -- Up-to-date: /home/jerry/limx_ws/install/robot_visualization/..//mrosbridger/share/mrosbridger/environment/library_path.sh
[0.531s] -- Up-to-date: /home/jerry/limx_ws/install/robot_visualization/..//mrosbridger/share/mrosbridger/environment/path.dsv
[0.531s] -- Up-to-date: /home/jerry/limx_ws/install/robot_visualization/..//mrosbridger/share/mrosbridger/environment/path.sh
[0.531s] -- Up-to-date: /home/jerry/limx_ws/install/robot_visualization/..//mrosbridger/share/mrosbridger/environment/ament_prefix_path.sh
[0.531s] -- Up-to-date: /home/jerry/limx_ws/install/robot_visualization/..//mrosbridger/share/mrosbridger/environment/ament_prefix_path.dsv
[0.532s] -- Up-to-date: /home/jerry/limx_ws/install/robot_visualization/..//mrosbridger/share/mrosbridger/package.zsh
[0.532s] -- Up-to-date: /home/jerry/limx_ws/install/robot_visualization/..//mrosbridger/share/mrosbridger/local_setup.dsv
[0.532s] -- Up-to-date: /home/jerry/limx_ws/install/robot_visualization/..//mrosbridger/share/mrosbridger/package.bash
[0.532s] -- Up-to-date: /home/jerry/limx_ws/install/robot_visualization/..//mrosbridger/share/mrosbridger/package.ps1
[0.533s] -- Up-to-date: /home/jerry/limx_ws/install/robot_visualization/..//mrosbridger/share/mrosbridger/package.dsv
[0.533s] -- Up-to-date: /home/jerry/limx_ws/install/robot_visualization/..//mrosbridger/share/mrosbridger/local_setup.zsh
[0.533s] -- Up-to-date: /home/jerry/limx_ws/install/robot_visualization/..//mrosbridger/share/mrosbridger/local_setup.bash
[0.541s] -- Up-to-date: /home/jerry/limx_ws/install/robot_visualization/..//mrosbridger/share/colcon-core
[0.541s] -- Up-to-date: /home/jerry/limx_ws/install/robot_visualization/..//mrosbridger/share/colcon-core/packages
[0.542s] -- Up-to-date: /home/jerry/limx_ws/install/robot_visualization/..//mrosbridger/share/colcon-core/packages/mrosbridger
[0.542s] -- Up-to-date: /home/jerry/limx_ws/install/robot_visualization/..//mrosbridger/share/ament_index
[0.542s] -- Up-to-date: /home/jerry/limx_ws/install/robot_visualization/..//mrosbridger/share/ament_index/resource_index
[0.542s] -- Up-to-date: /home/jerry/limx_ws/install/robot_visualization/..//mrosbridger/share/ament_index/resource_index/packages
[0.542s] -- Up-to-date: /home/jerry/limx_ws/install/robot_visualization/..//mrosbridger/share/ament_index/resource_index/packages/mrosbridger
[0.546s] -- Up-to-date: /home/jerry/limx_ws/install/robot_visualization/..//mrosbridger/share/ament_index/resource_index/parent_prefix_path
[0.546s] -- Up-to-date: /home/jerry/limx_ws/install/robot_visualization/..//mrosbridger/share/ament_index/resource_index/parent_prefix_path/mrosbridger
[0.547s] -- Up-to-date: /home/jerry/limx_ws/install/robot_visualization/..//mrosbridger/share/ament_index/resource_index/package_run_dependencies
[0.547s] -- Up-to-date: /home/jerry/limx_ws/install/robot_visualization/..//mrosbridger/share/ament_index/resource_index/package_run_dependencies/mrosbridger
[0.547s] -- Up-to-date: /home/jerry/limx_ws/install/robot_visualization/..//mrosbridger/lib
[0.550s] -- Up-to-date: /home/jerry/limx_ws/install/robot_visualization/..//mrosbridger/lib/mrosbridger
[0.552s] -- Up-to-date: /home/jerry/limx_ws/install/robot_visualization/..//mrosbridger/lib/mrosbridger/mrosbridger
[0.555s] -- Up-to-date: /home/jerry/limx_ws/install/robot_visualization/..//controller_msgs
[0.558s] -- Up-to-date: /home/jerry/limx_ws/install/robot_visualization/..//controller_msgs/local
[0.558s] -- Up-to-date: /home/jerry/limx_ws/install/robot_visualization/..//controller_msgs/local/lib
[0.559s] -- Up-to-date: /home/jerry/limx_ws/install/robot_visualization/..//controller_msgs/local/lib/python3.10
[0.562s] -- Up-to-date: /home/jerry/limx_ws/install/robot_visualization/..//controller_msgs/local/lib/python3.10/dist-packages
[0.563s] -- Up-to-date: /home/jerry/limx_ws/install/robot_visualization/..//controller_msgs/local/lib/python3.10/dist-packages/controller_msgs-1.0.0-py3.10.egg-info
[0.563s] -- Up-to-date: /home/jerry/limx_ws/install/robot_visualization/..//controller_msgs/local/lib/python3.10/dist-packages/controller_msgs-1.0.0-py3.10.egg-info/SOURCES.txt
[0.563s] -- Up-to-date: /home/jerry/limx_ws/install/robot_visualization/..//controller_msgs/local/lib/python3.10/dist-packages/controller_msgs-1.0.0-py3.10.egg-info/dependency_links.txt
[0.563s] -- Up-to-date: /home/jerry/limx_ws/install/robot_visualization/..//controller_msgs/local/lib/python3.10/dist-packages/controller_msgs-1.0.0-py3.10.egg-info/PKG-INFO
[0.563s] -- Up-to-date: /home/jerry/limx_ws/install/robot_visualization/..//controller_msgs/local/lib/python3.10/dist-packages/controller_msgs-1.0.0-py3.10.egg-info/top_level.txt
[0.564s] -- Up-to-date: /home/jerry/limx_ws/install/robot_visualization/..//controller_msgs/local/lib/python3.10/dist-packages/controller_msgs
[0.564s] -- Up-to-date: /home/jerry/limx_ws/install/robot_visualization/..//controller_msgs/local/lib/python3.10/dist-packages/controller_msgs/_controller_msgs_s.ep.rosidl_typesupport_c.c
[0.567s] -- Up-to-date: /home/jerry/limx_ws/install/robot_visualization/..//controller_msgs/local/lib/python3.10/dist-packages/controller_msgs/__init__.py
[0.569s] -- Up-to-date: /home/jerry/limx_ws/install/robot_visualization/..//controller_msgs/local/lib/python3.10/dist-packages/controller_msgs/libcontroller_msgs__rosidl_generator_py.so
[0.570s] -- Up-to-date: /home/jerry/limx_ws/install/robot_visualization/..//controller_msgs/local/lib/python3.10/dist-packages/controller_msgs/controller_msgs_s__rosidl_typesupport_introspection_c.cpython-310-x86_64-linux-gnu.so
[0.570s] -- Up-to-date: /home/jerry/limx_ws/install/robot_visualization/..//controller_msgs/local/lib/python3.10/dist-packages/controller_msgs/controller_msgs_s__rosidl_typesupport_fastrtps_c.cpython-310-x86_64-linux-gnu.so
[0.570s] -- Up-to-date: /home/jerry/limx_ws/install/robot_visualization/..//controller_msgs/local/lib/python3.10/dist-packages/controller_msgs/_controller_msgs_s.ep.rosidl_typesupport_fastrtps_c.c
[0.572s] -- Up-to-date: /home/jerry/limx_ws/install/robot_visualization/..//controller_msgs/local/lib/python3.10/dist-packages/controller_msgs/msg
[0.582s] -- Up-to-date: /home/jerry/limx_ws/install/robot_visualization/..//controller_msgs/local/lib/python3.10/dist-packages/controller_msgs/msg/_joint_cmd_s.c
[0.582s] -- Up-to-date: /home/jerry/limx_ws/install/robot_visualization/..//controller_msgs/local/lib/python3.10/dist-packages/controller_msgs/msg/__init__.py
[0.582s] -- Up-to-date: /home/jerry/limx_ws/install/robot_visualization/..//controller_msgs/local/lib/python3.10/dist-packages/controller_msgs/msg/_imu_data_s.c
[0.583s] -- Up-to-date: /home/jerry/limx_ws/install/robot_visualization/..//controller_msgs/local/lib/python3.10/dist-packages/controller_msgs/msg/_joint_cmd.py
[0.583s] -- Up-to-date: /home/jerry/limx_ws/install/robot_visualization/..//controller_msgs/local/lib/python3.10/dist-packages/controller_msgs/msg/_imu_data.py
[0.583s] -- Up-to-date: /home/jerry/limx_ws/install/robot_visualization/..//controller_msgs/local/lib/python3.10/dist-packages/controller_msgs/msg/_joint_state.py
[0.583s] -- Up-to-date: /home/jerry/limx_ws/install/robot_visualization/..//controller_msgs/local/lib/python3.10/dist-packages/controller_msgs/msg/_joint_state_s.c
[0.584s] -- Up-to-date: /home/jerry/limx_ws/install/robot_visualization/..//controller_msgs/local/lib/python3.10/dist-packages/controller_msgs/_controller_msgs_s.ep.rosidl_typesupport_introspection_c.c
[0.585s] -- Up-to-date: /home/jerry/limx_ws/install/robot_visualization/..//controller_msgs/local/lib/python3.10/dist-packages/controller_msgs/controller_msgs_s__rosidl_typesupport_c.cpython-310-x86_64-linux-gnu.so
[0.589s] -- Up-to-date: /home/jerry/limx_ws/install/robot_visualization/..//controller_msgs/include
[0.589s] -- Up-to-date: /home/jerry/limx_ws/install/robot_visualization/..//controller_msgs/include/controller_msgs
[0.589s] -- Up-to-date: /home/jerry/limx_ws/install/robot_visualization/..//controller_msgs/include/controller_msgs/controller_msgs
[0.591s] -- Up-to-date: /home/jerry/limx_ws/install/robot_visualization/..//controller_msgs/include/controller_msgs/controller_msgs/msg
[0.597s] -- Up-to-date: /home/jerry/limx_ws/install/robot_visualization/..//controller_msgs/include/controller_msgs/controller_msgs/msg/joint_state.hpp
[0.597s] -- Up-to-date: /home/jerry/limx_ws/install/robot_visualization/..//controller_msgs/include/controller_msgs/controller_msgs/msg/rosidl_generator_cpp__visibility_control.hpp
[0.598s] -- Up-to-date: /home/jerry/limx_ws/install/robot_visualization/..//controller_msgs/include/controller_msgs/controller_msgs/msg/rosidl_generator_c__visibility_control.h
[0.598s] -- Up-to-date: /home/jerry/limx_ws/install/robot_visualization/..//controller_msgs/include/controller_msgs/controller_msgs/msg/rosidl_typesupport_fastrtps_cpp__visibility_control.h
[0.599s] -- Up-to-date: /home/jerry/limx_ws/install/robot_visualization/..//controller_msgs/include/controller_msgs/controller_msgs/msg/rosidl_typesupport_introspection_c__visibility_control.h
[0.599s] -- Up-to-date: /home/jerry/limx_ws/install/robot_visualization/..//controller_msgs/include/controller_msgs/controller_msgs/msg/rosidl_typesupport_fastrtps_c__visibility_control.h
[0.602s] -- Up-to-date: /home/jerry/limx_ws/install/robot_visualization/..//controller_msgs/include/controller_msgs/controller_msgs/msg/joint_state.h
[0.602s] -- Up-to-date: /home/jerry/limx_ws/install/robot_visualization/..//controller_msgs/include/controller_msgs/controller_msgs/msg/imu_data.hpp
[0.602s] -- Up-to-date: /home/jerry/limx_ws/install/robot_visualization/..//controller_msgs/include/controller_msgs/controller_msgs/msg/imu_data.h
[0.603s] -- Up-to-date: /home/jerry/limx_ws/install/robot_visualization/..//controller_msgs/include/controller_msgs/controller_msgs/msg/joint_cmd.hpp
[0.603s] -- Up-to-date: /home/jerry/limx_ws/install/robot_visualization/..//controller_msgs/include/controller_msgs/controller_msgs/msg/detail
[0.603s] -- Up-to-date: /home/jerry/limx_ws/install/robot_visualization/..//controller_msgs/include/controller_msgs/controller_msgs/msg/detail/imu_data__rosidl_typesupport_fastrtps_cpp.hpp
[0.603s] -- Up-to-date: /home/jerry/limx_ws/install/robot_visualization/..//controller_msgs/include/controller_msgs/controller_msgs/msg/detail/joint_state__type_support.hpp
[0.604s] -- Up-to-date: /home/jerry/limx_ws/install/robot_visualization/..//controller_msgs/include/controller_msgs/controller_msgs/msg/detail/joint_cmd__rosidl_typesupport_fastrtps_cpp.hpp
[0.604s] -- Up-to-date: /home/jerry/limx_ws/install/robot_visualization/..//controller_msgs/include/controller_msgs/controller_msgs/msg/detail/joint_state__functions.c
[0.604s] -- Up-to-date: /home/jerry/limx_ws/install/robot_visualization/..//controller_msgs/include/controller_msgs/controller_msgs/msg/detail/imu_data__type_support.cpp
[0.604s] -- Up-to-date: /home/jerry/limx_ws/install/robot_visualization/..//controller_msgs/include/controller_msgs/controller_msgs/msg/detail/joint_cmd__builder.hpp
[0.604s] -- Up-to-date: /home/jerry/limx_ws/install/robot_visualization/..//controller_msgs/include/controller_msgs/controller_msgs/msg/detail/joint_cmd__traits.hpp
[0.605s] -- Up-to-date: /home/jerry/limx_ws/install/robot_visualization/..//controller_msgs/include/controller_msgs/controller_msgs/msg/detail/imu_data__struct.h
[0.605s] -- Up-to-date: /home/jerry/limx_ws/install/robot_visualization/..//controller_msgs/include/controller_msgs/controller_msgs/msg/detail/joint_cmd__type_support.hpp
[0.607s] -- Up-to-date: /home/jerry/limx_ws/install/robot_visualization/..//controller_msgs/include/controller_msgs/controller_msgs/msg/detail/joint_cmd__type_support.h
[0.607s] -- Up-to-date: /home/jerry/limx_ws/install/robot_visualization/..//controller_msgs/include/controller_msgs/controller_msgs/msg/detail/joint_state__rosidl_typesupport_fastrtps_cpp.hpp
[0.608s] -- Up-to-date: /home/jerry/limx_ws/install/robot_visualization/..//controller_msgs/include/controller_msgs/controller_msgs/msg/detail/imu_data__rosidl_typesupport_introspection_c.h
[0.614s] -- Up-to-date: /home/jerry/limx_ws/install/robot_visualization/..//controller_msgs/include/controller_msgs/controller_msgs/msg/detail/joint_state__builder.hpp
[0.614s] -- Up-to-date: /home/jerry/limx_ws/install/robot_visualization/..//controller_msgs/include/controller_msgs/controller_msgs/msg/detail/joint_state__struct.hpp
[0.614s] -- Up-to-date: /home/jerry/limx_ws/install/robot_visualization/..//controller_msgs/include/controller_msgs/controller_msgs/msg/detail/joint_cmd__type_support.cpp
[0.614s] -- Up-to-date: /home/jerry/limx_ws/install/robot_visualization/..//controller_msgs/include/controller_msgs/controller_msgs/msg/detail/joint_state__type_support.h
[0.615s] -- Up-to-date: /home/jerry/limx_ws/install/robot_visualization/..//controller_msgs/include/controller_msgs/controller_msgs/msg/detail/imu_data__functions.c
[0.615s] -- Up-to-date: /home/jerry/limx_ws/install/robot_visualization/..//controller_msgs/include/controller_msgs/controller_msgs/msg/detail/joint_cmd__type_support.c
[0.615s] -- Up-to-date: /home/jerry/limx_ws/install/robot_visualization/..//controller_msgs/include/controller_msgs/controller_msgs/msg/detail/imu_data__type_support.c
[0.615s] -- Up-to-date: /home/jerry/limx_ws/install/robot_visualization/..//controller_msgs/include/controller_msgs/controller_msgs/msg/detail/imu_data__traits.hpp
[0.616s] -- Up-to-date: /home/jerry/limx_ws/install/robot_visualization/..//controller_msgs/include/controller_msgs/controller_msgs/msg/detail/imu_data__type_support.hpp
[0.616s] -- Up-to-date: /home/jerry/limx_ws/install/robot_visualization/..//controller_msgs/include/controller_msgs/controller_msgs/msg/detail/joint_state__struct.h
[0.616s] -- Up-to-date: /home/jerry/limx_ws/install/robot_visualization/..//controller_msgs/include/controller_msgs/controller_msgs/msg/detail/joint_state__rosidl_typesupport_introspection_cpp.hpp
[0.617s] -- Up-to-date: /home/jerry/limx_ws/install/robot_visualization/..//controller_msgs/include/controller_msgs/controller_msgs/msg/detail/joint_state__type_support.cpp
[0.617s] -- Up-to-date: /home/jerry/limx_ws/install/robot_visualization/..//controller_msgs/include/controller_msgs/controller_msgs/msg/detail/joint_cmd__rosidl_typesupport_introspection_c.h
[0.618s] -- Up-to-date: /home/jerry/limx_ws/install/robot_visualization/..//controller_msgs/include/controller_msgs/controller_msgs/msg/detail/imu_data__struct.hpp
[0.618s] -- Up-to-date: /home/jerry/limx_ws/install/robot_visualization/..//controller_msgs/include/controller_msgs/controller_msgs/msg/detail/joint_cmd__functions.h
[0.618s] -- Up-to-date: /home/jerry/limx_ws/install/robot_visualization/..//controller_msgs/include/controller_msgs/controller_msgs/msg/detail/imu_data__rosidl_typesupport_introspection_cpp.hpp
[0.618s] -- Up-to-date: /home/jerry/limx_ws/install/robot_visualization/..//controller_msgs/include/controller_msgs/controller_msgs/msg/detail/joint_cmd__rosidl_typesupport_introspection_cpp.hpp
[0.621s] -- Up-to-date: /home/jerry/limx_ws/install/robot_visualization/..//controller_msgs/include/controller_msgs/controller_msgs/msg/detail/joint_state__functions.h
[0.621s] -- Up-to-date: /home/jerry/limx_ws/install/robot_visualization/..//controller_msgs/include/controller_msgs/controller_msgs/msg/detail/joint_cmd__struct.hpp
[0.622s] -- Up-to-date: /home/jerry/limx_ws/install/robot_visualization/..//controller_msgs/include/controller_msgs/controller_msgs/msg/detail/imu_data__type_support.h
[0.622s] -- Up-to-date: /home/jerry/limx_ws/install/robot_visualization/..//controller_msgs/include/controller_msgs/controller_msgs/msg/detail/imu_data__functions.h
[0.624s] -- Up-to-date: /home/jerry/limx_ws/install/robot_visualization/..//controller_msgs/include/controller_msgs/controller_msgs/msg/detail/joint_cmd__functions.c
[0.624s] -- Up-to-date: /home/jerry/limx_ws/install/robot_visualization/..//controller_msgs/include/controller_msgs/controller_msgs/msg/detail/joint_cmd__struct.h
[0.624s] -- Up-to-date: /home/jerry/limx_ws/install/robot_visualization/..//controller_msgs/include/controller_msgs/controller_msgs/msg/detail/imu_data__rosidl_typesupport_fastrtps_c.h
[0.628s] -- Up-to-date: /home/jerry/limx_ws/install/robot_visualization/..//controller_msgs/include/controller_msgs/controller_msgs/msg/detail/joint_cmd__rosidl_typesupport_fastrtps_c.h
[0.628s] -- Up-to-date: /home/jerry/limx_ws/install/robot_visualization/..//controller_msgs/include/controller_msgs/controller_msgs/msg/detail/joint_state__traits.hpp
[0.629s] -- Up-to-date: /home/jerry/limx_ws/install/robot_visualization/..//controller_msgs/include/controller_msgs/controller_msgs/msg/detail/joint_state__rosidl_typesupport_introspection_c.h
[0.629s] -- Up-to-date: /home/jerry/limx_ws/install/robot_visualization/..//controller_msgs/include/controller_msgs/controller_msgs/msg/detail/joint_state__type_support.c
[0.629s] -- Up-to-date: /home/jerry/limx_ws/install/robot_visualization/..//controller_msgs/include/controller_msgs/controller_msgs/msg/detail/imu_data__builder.hpp
[0.630s] -- Up-to-date: /home/jerry/limx_ws/install/robot_visualization/..//controller_msgs/include/controller_msgs/controller_msgs/msg/detail/joint_state__rosidl_typesupport_fastrtps_c.h
[0.630s] -- Up-to-date: /home/jerry/limx_ws/install/robot_visualization/..//controller_msgs/include/controller_msgs/controller_msgs/msg/joint_cmd.h
[0.630s] -- Up-to-date: /home/jerry/limx_ws/install/robot_visualization/..//controller_msgs/share
[0.630s] -- Up-to-date: /home/jerry/limx_ws/install/robot_visualization/..//controller_msgs/share/colcon-core
[0.630s] -- Up-to-date: /home/jerry/limx_ws/install/robot_visualization/..//controller_msgs/share/colcon-core/packages
[0.679s] -- Up-to-date: /home/jerry/limx_ws/install/robot_visualization/..//controller_msgs/share/colcon-core/packages/controller_msgs
[0.679s] -- Up-to-date: /home/jerry/limx_ws/install/robot_visualization/..//controller_msgs/share/controller_msgs
[0.680s] -- Up-to-date: /home/jerry/limx_ws/install/robot_visualization/..//controller_msgs/share/controller_msgs/package.xml
[0.681s] -- Up-to-date: /home/jerry/limx_ws/install/robot_visualization/..//controller_msgs/share/controller_msgs/cmake
[0.681s] -- Up-to-date: /home/jerry/limx_ws/install/robot_visualization/..//controller_msgs/share/controller_msgs/cmake/export_controller_msgs__rosidl_typesupport_fastrtps_cExport.cmake
[0.682s] -- Up-to-date: /home/jerry/limx_ws/install/robot_visualization/..//controller_msgs/share/controller_msgs/cmake/rosidl_cmake_export_typesupport_targets-extras.cmake
[0.682s] -- Up-to-date: /home/jerry/limx_ws/install/robot_visualization/..//controller_msgs/share/controller_msgs/cmake/export_controller_msgs__rosidl_typesupport_fastrtps_cppExport.cmake
[0.682s] -- Up-to-date: /home/jerry/limx_ws/install/robot_visualization/..//controller_msgs/share/controller_msgs/cmake/export_controller_msgs__rosidl_generator_cppExport.cmake
[0.683s] -- Up-to-date: /home/jerry/limx_ws/install/robot_visualization/..//controller_msgs/share/controller_msgs/cmake/export_controller_msgs__rosidl_typesupport_fastrtps_cExport-release.cmake
[0.683s] -- Up-to-date: /home/jerry/limx_ws/install/robot_visualization/..//controller_msgs/share/controller_msgs/cmake/ament_cmake_export_libraries-extras.cmake
[0.684s] -- Up-to-date: /home/jerry/limx_ws/install/robot_visualization/..//controller_msgs/share/controller_msgs/cmake/export_controller_msgs__rosidl_generator_cExport-release.cmake
[0.685s] -- Up-to-date: /home/jerry/limx_ws/install/robot_visualization/..//controller_msgs/share/controller_msgs/cmake/ament_cmake_export_include_directories-extras.cmake
[0.693s] -- Up-to-date: /home/jerry/limx_ws/install/robot_visualization/..//controller_msgs/share/controller_msgs/cmake/export_controller_msgs__rosidl_generator_pyExport-release.cmake
[0.693s] -- Up-to-date: /home/jerry/limx_ws/install/robot_visualization/..//controller_msgs/share/controller_msgs/cmake/controller_msgs__rosidl_typesupport_introspection_cppExport.cmake
[0.694s] -- Up-to-date: /home/jerry/limx_ws/install/robot_visualization/..//controller_msgs/share/controller_msgs/cmake/rosidl_cmake_export_typesupport_libraries-extras.cmake
[0.695s] -- Up-to-date: /home/jerry/limx_ws/install/robot_visualization/..//controller_msgs/share/controller_msgs/cmake/controller_msgs__rosidl_typesupport_cppExport.cmake
[0.695s] -- Up-to-date: /home/jerry/limx_ws/install/robot_visualization/..//controller_msgs/share/controller_msgs/cmake/controller_msgs__rosidl_typesupport_introspection_cExport-release.cmake
[0.696s] -- Up-to-date: /home/jerry/limx_ws/install/robot_visualization/..//controller_msgs/share/controller_msgs/cmake/controller_msgs__rosidl_typesupport_cppExport-release.cmake
[0.696s] -- Up-to-date: /home/jerry/limx_ws/install/robot_visualization/..//controller_msgs/share/controller_msgs/cmake/export_controller_msgs__rosidl_typesupport_fastrtps_cppExport-release.cmake
[0.697s] -- Up-to-date: /home/jerry/limx_ws/install/robot_visualization/..//controller_msgs/share/controller_msgs/cmake/export_controller_msgs__rosidl_generator_cExport.cmake
[0.697s] -- Up-to-date: /home/jerry/limx_ws/install/robot_visualization/..//controller_msgs/share/controller_msgs/cmake/ament_cmake_export_targets-extras.cmake
[0.698s] -- Up-to-date: /home/jerry/limx_ws/install/robot_visualization/..//controller_msgs/share/controller_msgs/cmake/rosidl_cmake-extras.cmake
[0.699s] -- Up-to-date: /home/jerry/limx_ws/install/robot_visualization/..//controller_msgs/share/controller_msgs/cmake/controller_msgs__rosidl_typesupport_introspection_cExport.cmake
[0.700s] -- Up-to-date: /home/jerry/limx_ws/install/robot_visualization/..//controller_msgs/share/controller_msgs/cmake/ament_cmake_export_dependencies-extras.cmake
[0.700s] -- Up-to-date: /home/jerry/limx_ws/install/robot_visualization/..//controller_msgs/share/controller_msgs/cmake/controller_msgs__rosidl_typesupport_introspection_cppExport-release.cmake
[0.703s] -- Up-to-date: /home/jerry/limx_ws/install/robot_visualization/..//controller_msgs/share/controller_msgs/cmake/controller_msgs__rosidl_typesupport_cExport-release.cmake
[0.706s] -- Up-to-date: /home/jerry/limx_ws/install/robot_visualization/..//controller_msgs/share/controller_msgs/cmake/controller_msgsConfig-version.cmake
[0.707s] -- Up-to-date: /home/jerry/limx_ws/install/robot_visualization/..//controller_msgs/share/controller_msgs/cmake/controller_msgs__rosidl_typesupport_cExport.cmake
[0.707s] -- Up-to-date: /home/jerry/limx_ws/install/robot_visualization/..//controller_msgs/share/controller_msgs/cmake/controller_msgsConfig.cmake
[0.714s] -- Up-to-date: /home/jerry/limx_ws/install/robot_visualization/..//controller_msgs/share/controller_msgs/cmake/export_controller_msgs__rosidl_generator_pyExport.cmake
[0.715s] -- Up-to-date: /home/jerry/limx_ws/install/robot_visualization/..//controller_msgs/share/controller_msgs/local_setup.sh
[0.716s] -- Up-to-date: /home/jerry/limx_ws/install/robot_visualization/..//controller_msgs/share/controller_msgs/hook
[0.716s] -- Up-to-date: /home/jerry/limx_ws/install/robot_visualization/..//controller_msgs/share/controller_msgs/hook/ld_library_path_lib.ps1
[0.730s] -- Up-to-date: /home/jerry/limx_ws/install/robot_visualization/..//controller_msgs/share/controller_msgs/hook/cmake_prefix_path.sh
[0.731s] -- Up-to-date: /home/jerry/limx_ws/install/robot_visualization/..//controller_msgs/share/controller_msgs/hook/cmake_prefix_path.ps1
[0.757s] -- Up-to-date: /home/jerry/limx_ws/install/robot_visualization/..//controller_msgs/share/controller_msgs/hook/cmake_prefix_path.dsv
[0.757s] -- Up-to-date: /home/jerry/limx_ws/install/robot_visualization/..//controller_msgs/share/controller_msgs/hook/ld_library_path_lib.sh
[0.758s] -- Up-to-date: /home/jerry/limx_ws/install/robot_visualization/..//controller_msgs/share/controller_msgs/hook/ld_library_path_lib.dsv
[0.760s] -- Up-to-date: /home/jerry/limx_ws/install/robot_visualization/..//controller_msgs/share/controller_msgs/package.sh
[0.761s] -- Up-to-date: /home/jerry/limx_ws/install/robot_visualization/..//controller_msgs/share/controller_msgs/environment
[0.762s] -- Up-to-date: /home/jerry/limx_ws/install/robot_visualization/..//controller_msgs/share/controller_msgs/environment/pythonpath.dsv
[0.763s] -- Up-to-date: /home/jerry/limx_ws/install/robot_visualization/..//controller_msgs/share/controller_msgs/environment/library_path.dsv
[0.766s] -- Up-to-date: /home/jerry/limx_ws/install/robot_visualization/..//controller_msgs/share/controller_msgs/environment/pythonpath.sh
[0.767s] -- Up-to-date: /home/jerry/limx_ws/install/robot_visualization/..//controller_msgs/share/controller_msgs/environment/library_path.sh
[0.768s] -- Up-to-date: /home/jerry/limx_ws/install/robot_visualization/..//controller_msgs/share/controller_msgs/environment/path.dsv
[0.771s] -- Up-to-date: /home/jerry/limx_ws/install/robot_visualization/..//controller_msgs/share/controller_msgs/environment/path.sh
[0.773s] -- Up-to-date: /home/jerry/limx_ws/install/robot_visualization/..//controller_msgs/share/controller_msgs/environment/ament_prefix_path.sh
[0.774s] -- Up-to-date: /home/jerry/limx_ws/install/robot_visualization/..//controller_msgs/share/controller_msgs/environment/ament_prefix_path.dsv
[0.774s] -- Up-to-date: /home/jerry/limx_ws/install/robot_visualization/..//controller_msgs/share/controller_msgs/package.zsh
[0.775s] -- Up-to-date: /home/jerry/limx_ws/install/robot_visualization/..//controller_msgs/share/controller_msgs/local_setup.dsv
[0.777s] -- Up-to-date: /home/jerry/limx_ws/install/robot_visualization/..//controller_msgs/share/controller_msgs/package.bash
[0.777s] -- Up-to-date: /home/jerry/limx_ws/install/robot_visualization/..//controller_msgs/share/controller_msgs/package.ps1
[0.778s] -- Up-to-date: /home/jerry/limx_ws/install/robot_visualization/..//controller_msgs/share/controller_msgs/package.dsv
[0.778s] -- Up-to-date: /home/jerry/limx_ws/install/robot_visualization/..//controller_msgs/share/controller_msgs/local_setup.zsh
[0.781s] -- Up-to-date: /home/jerry/limx_ws/install/robot_visualization/..//controller_msgs/share/controller_msgs/msg
[0.781s] -- Up-to-date: /home/jerry/limx_ws/install/robot_visualization/..//controller_msgs/share/controller_msgs/msg/IMUData.idl
[0.783s] -- Up-to-date: /home/jerry/limx_ws/install/robot_visualization/..//controller_msgs/share/controller_msgs/msg/JointCmd.msg
[0.783s] -- Up-to-date: /home/jerry/limx_ws/install/robot_visualization/..//controller_msgs/share/controller_msgs/msg/JointCmd.idl
[0.784s] -- Up-to-date: /home/jerry/limx_ws/install/robot_visualization/..//controller_msgs/share/controller_msgs/msg/JointState.idl
[0.784s] -- Up-to-date: /home/jerry/limx_ws/install/robot_visualization/..//controller_msgs/share/controller_msgs/msg/IMUData.msg
[0.785s] -- Up-to-date: /home/jerry/limx_ws/install/robot_visualization/..//controller_msgs/share/controller_msgs/msg/JointState.msg
[0.785s] -- Up-to-date: /home/jerry/limx_ws/install/robot_visualization/..//controller_msgs/share/controller_msgs/local_setup.bash
[0.786s] -- Up-to-date: /home/jerry/limx_ws/install/robot_visualization/..//controller_msgs/share/ament_index
[0.786s] -- Up-to-date: /home/jerry/limx_ws/install/robot_visualization/..//controller_msgs/share/ament_index/resource_index
[0.787s] -- Up-to-date: /home/jerry/limx_ws/install/robot_visualization/..//controller_msgs/share/ament_index/resource_index/rosidl_interfaces
[0.788s] -- Up-to-date: /home/jerry/limx_ws/install/robot_visualization/..//controller_msgs/share/ament_index/resource_index/rosidl_interfaces/controller_msgs
[0.789s] -- Up-to-date: /home/jerry/limx_ws/install/robot_visualization/..//controller_msgs/share/ament_index/resource_index/packages
[0.789s] -- Up-to-date: /home/jerry/limx_ws/install/robot_visualization/..//controller_msgs/share/ament_index/resource_index/packages/controller_msgs
[0.789s] -- Up-to-date: /home/jerry/limx_ws/install/robot_visualization/..//controller_msgs/share/ament_index/resource_index/parent_prefix_path
[0.790s] -- Up-to-date: /home/jerry/limx_ws/install/robot_visualization/..//controller_msgs/share/ament_index/resource_index/parent_prefix_path/controller_msgs
[0.790s] -- Up-to-date: /home/jerry/limx_ws/install/robot_visualization/..//controller_msgs/share/ament_index/resource_index/package_run_dependencies
[0.791s] -- Up-to-date: /home/jerry/limx_ws/install/robot_visualization/..//controller_msgs/share/ament_index/resource_index/package_run_dependencies/controller_msgs
[0.791s] -- Up-to-date: /home/jerry/limx_ws/install/robot_visualization/..//controller_msgs/lib
[0.792s] -- Up-to-date: /home/jerry/limx_ws/install/robot_visualization/..//controller_msgs/lib/libcontroller_msgs__rosidl_generator_py.so
[0.792s] -- Up-to-date: /home/jerry/limx_ws/install/robot_visualization/..//controller_msgs/lib/libcontroller_msgs__rosidl_typesupport_c.so
[0.793s] -- Up-to-date: /home/jerry/limx_ws/install/robot_visualization/..//controller_msgs/lib/libcontroller_msgs__rosidl_typesupport_fastrtps_cpp.so
[0.793s] -- Up-to-date: /home/jerry/limx_ws/install/robot_visualization/..//controller_msgs/lib/libcontroller_msgs__rosidl_typesupport_cpp.so
[0.793s] -- Up-to-date: /home/jerry/limx_ws/install/robot_visualization/..//controller_msgs/lib/libcontroller_msgs__rosidl_generator_c.so
[0.793s] -- Up-to-date: /home/jerry/limx_ws/install/robot_visualization/..//controller_msgs/lib/libcontroller_msgs__rosidl_typesupport_introspection_c.so
[0.794s] -- Up-to-date: /home/jerry/limx_ws/install/robot_visualization/..//controller_msgs/lib/libcontroller_msgs__rosidl_typesupport_introspection_cpp.so
[0.794s] -- Up-to-date: /home/jerry/limx_ws/install/robot_visualization/..//controller_msgs/lib/libcontroller_msgs__rosidl_typesupport_fastrtps_c.so
[0.795s] -- Up-to-date: /home/jerry/limx_ws/install/robot_visualization/share/robot_visualization/launch
[0.795s] -- Up-to-date: /home/jerry/limx_ws/install/robot_visualization/share/robot_visualization/launch/pointfoot_rviz_hw.launch.py
[0.819s] -- Up-to-date: /home/jerry/limx_ws/install/robot_visualization/share/robot_visualization/launch/pointfoot_rviz_sim.launch.py
[0.820s] -- Up-to-date: /home/jerry/limx_ws/install/robot_visualization/share/robot_visualization/launch/pointfoot_plot_sim.launch.py
[0.820s] -- Up-to-date: /home/jerry/limx_ws/install/robot_visualization/share/robot_visualization/launch/pointfoot_plot_hw.launch.py
[0.820s] -- Up-to-date: /home/jerry/limx_ws/install/robot_visualization/share/robot_visualization/launch/rosbridger.launch.py
[0.820s] -- Up-to-date: /home/jerry/limx_ws/install/robot_visualization/share/robot_visualization/rviz
[0.821s] -- Up-to-date: /home/jerry/limx_ws/install/robot_visualization/share/robot_visualization/rviz/pointfoot.rviz
[0.821s] -- Up-to-date: /home/jerry/limx_ws/install/robot_visualization/../mrosbridger/lib/mrosbridger/mrosbridger
[0.822s] -- Up-to-date: /home/jerry/limx_ws/install/robot_visualization/../mrosbridger/bin/mrosbridger
[0.822s] -- Up-to-date: /home/jerry/limx_ws/install/robot_visualization/share/ament_index/resource_index/package_run_dependencies/robot_visualization
[0.823s] -- Up-to-date: /home/jerry/limx_ws/install/robot_visualization/share/ament_index/resource_index/parent_prefix_path/robot_visualization
[0.823s] -- Up-to-date: /home/jerry/limx_ws/install/robot_visualization/share/robot_visualization/environment/ament_prefix_path.sh
[0.823s] -- Up-to-date: /home/jerry/limx_ws/install/robot_visualization/share/robot_visualization/environment/ament_prefix_path.dsv
[0.823s] -- Up-to-date: /home/jerry/limx_ws/install/robot_visualization/share/robot_visualization/environment/path.sh
[0.826s] -- Up-to-date: /home/jerry/limx_ws/install/robot_visualization/share/robot_visualization/environment/path.dsv
[0.827s] -- Up-to-date: /home/jerry/limx_ws/install/robot_visualization/share/robot_visualization/local_setup.bash
[0.833s] -- Up-to-date: /home/jerry/limx_ws/install/robot_visualization/share/robot_visualization/local_setup.sh
[0.833s] -- Up-to-date: /home/jerry/limx_ws/install/robot_visualization/share/robot_visualization/local_setup.zsh
[0.833s] -- Up-to-date: /home/jerry/limx_ws/install/robot_visualization/share/robot_visualization/local_setup.dsv
[0.833s] -- Installing: /home/jerry/limx_ws/install/robot_visualization/share/robot_visualization/package.dsv
[0.833s] -- Up-to-date: /home/jerry/limx_ws/install/robot_visualization/share/ament_index/resource_index/packages/robot_visualization
[0.834s] -- Up-to-date: /home/jerry/limx_ws/install/robot_visualization/share/robot_visualization/cmake/robot_visualizationConfig.cmake
[0.834s] -- Up-to-date: /home/jerry/limx_ws/install/robot_visualization/share/robot_visualization/cmake/robot_visualizationConfig-version.cmake
[0.834s] -- Up-to-date: /home/jerry/limx_ws/install/robot_visualization/share/robot_visualization/package.xml
[0.929s] Invoked command in '/home/jerry/limx_ws/build/robot_visualization' returned '0': CMAKE_PREFIX_PATH=/opt/ros/humble /usr/bin/cmake --install /home/jerry/limx_ws/build/robot_visualization
