[0.090s] Invoking command in '/home/jerry/limx_ws/build/lidar_odometry': CMAKE_PREFIX_PATH=/opt/ros/humble /usr/bin/cmake --build /home/jerry/limx_ws/build/lidar_odometry -- -j8 -l8
[0.376s] [35m[1mConsolidate compiler generated dependencies of target lidar_odometry_node[0m
[0.444s] [ 40%] Built target scan_corrector_node
[0.966s] [ 60%] [32mBuilding CXX object CMakeFiles/lidar_odometry_node.dir/src/lidar_odometry_node.cpp.o[0m
[25.753s] [ 80%] [32m[1mLinking CXX executable lidar_odometry_node[0m
[29.256s] [100%] Built target lidar_odometry_node
[29.293s] Invoked command in '/home/jerry/limx_ws/build/lidar_odometry' returned '0': CMAKE_PREFIX_PATH=/opt/ros/humble /usr/bin/cmake --build /home/jerry/limx_ws/build/lidar_odometry -- -j8 -l8
[29.298s] Invoking command in '/home/jerry/limx_ws/build/lidar_odometry': CMAKE_PREFIX_PATH=/opt/ros/humble /usr/bin/cmake --install /home/jerry/limx_ws/build/lidar_odometry
[29.323s] -- Install configuration: ""
[29.323s] -- Installing: /home/jerry/limx_ws/install/lidar_odometry/lib/lidar_odometry/lidar_odometry_node
[29.370s] -- Set runtime path of "/home/jerry/limx_ws/install/lidar_odometry/lib/lidar_odometry/lidar_odometry_node" to ""
[29.370s] -- Installing: /home/jerry/limx_ws/install/lidar_odometry/lib/lidar_odometry/scan_corrector_node
[29.407s] -- Set runtime path of "/home/jerry/limx_ws/install/lidar_odometry/lib/lidar_odometry/scan_corrector_node" to ""
[29.407s] -- Installing: /home/jerry/limx_ws/install/lidar_odometry/share/ament_index/resource_index/package_run_dependencies/lidar_odometry
[29.408s] -- Installing: /home/jerry/limx_ws/install/lidar_odometry/share/ament_index/resource_index/parent_prefix_path/lidar_odometry
[29.409s] -- Installing: /home/jerry/limx_ws/install/lidar_odometry/share/lidar_odometry/environment/ament_prefix_path.sh
[29.410s] -- Installing: /home/jerry/limx_ws/install/lidar_odometry/share/lidar_odometry/environment/ament_prefix_path.dsv
[29.410s] -- Installing: /home/jerry/limx_ws/install/lidar_odometry/share/lidar_odometry/environment/path.sh
[29.411s] -- Installing: /home/jerry/limx_ws/install/lidar_odometry/share/lidar_odometry/environment/path.dsv
[29.412s] -- Installing: /home/jerry/limx_ws/install/lidar_odometry/share/lidar_odometry/local_setup.bash
[29.413s] -- Installing: /home/jerry/limx_ws/install/lidar_odometry/share/lidar_odometry/local_setup.sh
[29.413s] -- Installing: /home/jerry/limx_ws/install/lidar_odometry/share/lidar_odometry/local_setup.zsh
[29.414s] -- Installing: /home/jerry/limx_ws/install/lidar_odometry/share/lidar_odometry/local_setup.dsv
[29.415s] -- Installing: /home/jerry/limx_ws/install/lidar_odometry/share/lidar_odometry/package.dsv
[29.416s] -- Installing: /home/jerry/limx_ws/install/lidar_odometry/share/ament_index/resource_index/packages/lidar_odometry
[29.417s] -- Installing: /home/jerry/limx_ws/install/lidar_odometry/share/lidar_odometry/cmake/lidar_odometryConfig.cmake
[29.417s] -- Installing: /home/jerry/limx_ws/install/lidar_odometry/share/lidar_odometry/cmake/lidar_odometryConfig-version.cmake
[29.418s] -- Installing: /home/jerry/limx_ws/install/lidar_odometry/share/lidar_odometry/package.xml
[29.422s] Invoked command in '/home/jerry/limx_ws/build/lidar_odometry' returned '0': CMAKE_PREFIX_PATH=/opt/ros/humble /usr/bin/cmake --install /home/jerry/limx_ws/build/lidar_odometry
