[0.180s] Invoking command in '/home/jerry/limx_ws/build/pointfoot_gazebo': CMAKE_PREFIX_PATH=/home/jerry/limx_ws/install/limxsdk_sim:/home/jerry/limx_ws/install/scan_corrector:/opt/ros/humble:/home/jerry/limx_ws/install/robot_visualization:/home/jerry/limx_ws/install/robot_hw:/home/jerry/limx_ws/install/robot_description:/home/jerry/limx_ws/install/robot_controllers:/home/jerry/limx_ws/install/pointfoot_gazebo:/home/jerry/limx_ws/install/mrosbridger:/home/jerry/limx_ws/install/lslidar_driver:/home/jerry/limx_ws/install/lslidar_msgs:/home/jerry/limx_ws/install/limxsdk_lowlevel:/home/jerry/limx_ws/install/lidar_odometry_0:/home/jerry/limx_ws/install/lidar_odometry:/home/jerry/limx_ws/install/controller_msgs LD_LIBRARY_PATH=/home/jerry/limx_ws/install/limxsdk_sim/lib:/home/jerry/limx_ws/install/robot_controllers/lib:/home/jerry/limx_ws/install/pointfoot_gazebo/lib:/home/jerry/limx_ws/install/mrosbridger/lib:/home/jerry/limx_ws/install/lslidar_msgs/lib:/home/jerry/limx_ws/install/limxsdk_lowlevel/lib:/home/jerry/limx_ws/install/controller_msgs/lib:/usr/lib/x86_64-linux-gnu/gazebo-11/plugins:/opt/ros/humble/opt/rviz_ogre_vendor/lib:/opt/ros/humble/lib/x86_64-linux-gnu:/opt/ros/humble/lib:/usr/share/gazebo/../../lib/x86_64-linux-gnu/gazebo-11/plugins /usr/bin/cmake --build /home/jerry/limx_ws/build/pointfoot_gazebo -- -j8 -l8
[0.705s] [100%] Built target poinfoot_gazebo_hardware_plugin
[0.788s] Invoked command in '/home/jerry/limx_ws/build/pointfoot_gazebo' returned '0': CMAKE_PREFIX_PATH=/home/jerry/limx_ws/install/limxsdk_sim:/home/jerry/limx_ws/install/scan_corrector:/opt/ros/humble:/home/jerry/limx_ws/install/robot_visualization:/home/jerry/limx_ws/install/robot_hw:/home/jerry/limx_ws/install/robot_description:/home/jerry/limx_ws/install/robot_controllers:/home/jerry/limx_ws/install/pointfoot_gazebo:/home/jerry/limx_ws/install/mrosbridger:/home/jerry/limx_ws/install/lslidar_driver:/home/jerry/limx_ws/install/lslidar_msgs:/home/jerry/limx_ws/install/limxsdk_lowlevel:/home/jerry/limx_ws/install/lidar_odometry_0:/home/jerry/limx_ws/install/lidar_odometry:/home/jerry/limx_ws/install/controller_msgs LD_LIBRARY_PATH=/home/jerry/limx_ws/install/limxsdk_sim/lib:/home/jerry/limx_ws/install/robot_controllers/lib:/home/jerry/limx_ws/install/pointfoot_gazebo/lib:/home/jerry/limx_ws/install/mrosbridger/lib:/home/jerry/limx_ws/install/lslidar_msgs/lib:/home/jerry/limx_ws/install/limxsdk_lowlevel/lib:/home/jerry/limx_ws/install/controller_msgs/lib:/usr/lib/x86_64-linux-gnu/gazebo-11/plugins:/opt/ros/humble/opt/rviz_ogre_vendor/lib:/opt/ros/humble/lib/x86_64-linux-gnu:/opt/ros/humble/lib:/usr/share/gazebo/../../lib/x86_64-linux-gnu/gazebo-11/plugins /usr/bin/cmake --build /home/jerry/limx_ws/build/pointfoot_gazebo -- -j8 -l8
[0.808s] Invoking command in '/home/jerry/limx_ws/build/pointfoot_gazebo': CMAKE_PREFIX_PATH=/home/jerry/limx_ws/install/limxsdk_sim:/home/jerry/limx_ws/install/scan_corrector:/opt/ros/humble:/home/jerry/limx_ws/install/robot_visualization:/home/jerry/limx_ws/install/robot_hw:/home/jerry/limx_ws/install/robot_description:/home/jerry/limx_ws/install/robot_controllers:/home/jerry/limx_ws/install/pointfoot_gazebo:/home/jerry/limx_ws/install/mrosbridger:/home/jerry/limx_ws/install/lslidar_driver:/home/jerry/limx_ws/install/lslidar_msgs:/home/jerry/limx_ws/install/limxsdk_lowlevel:/home/jerry/limx_ws/install/lidar_odometry_0:/home/jerry/limx_ws/install/lidar_odometry:/home/jerry/limx_ws/install/controller_msgs LD_LIBRARY_PATH=/home/jerry/limx_ws/install/limxsdk_sim/lib:/home/jerry/limx_ws/install/robot_controllers/lib:/home/jerry/limx_ws/install/pointfoot_gazebo/lib:/home/jerry/limx_ws/install/mrosbridger/lib:/home/jerry/limx_ws/install/lslidar_msgs/lib:/home/jerry/limx_ws/install/limxsdk_lowlevel/lib:/home/jerry/limx_ws/install/controller_msgs/lib:/usr/lib/x86_64-linux-gnu/gazebo-11/plugins:/opt/ros/humble/opt/rviz_ogre_vendor/lib:/opt/ros/humble/lib/x86_64-linux-gnu:/opt/ros/humble/lib:/usr/share/gazebo/../../lib/x86_64-linux-gnu/gazebo-11/plugins /usr/bin/cmake --install /home/jerry/limx_ws/build/pointfoot_gazebo
[0.867s] -- Install configuration: ""
[0.871s] -- Up-to-date: /home/jerry/limx_ws/install/pointfoot_gazebo/lib/libpoinfoot_gazebo_hardware_plugin.so
[0.873s] -- Up-to-date: /home/jerry/limx_ws/install/pointfoot_gazebo/share/pointfoot_gazebo/launch
[0.874s] -- Up-to-date: /home/jerry/limx_ws/install/pointfoot_gazebo/share/pointfoot_gazebo/launch/empty_world.launch.py
[0.874s] -- Up-to-date: /home/jerry/limx_ws/install/pointfoot_gazebo/share/pointfoot_gazebo/config
[0.876s] -- Up-to-date: /home/jerry/limx_ws/install/pointfoot_gazebo/share/pointfoot_gazebo/config/pointfoot_gazebo.yaml
[0.876s] -- Up-to-date: /home/jerry/limx_ws/install/pointfoot_gazebo/share/pointfoot_gazebo/worlds
[0.876s] -- Up-to-date: /home/jerry/limx_ws/install/pointfoot_gazebo/share/pointfoot_gazebo/worlds/empty_world.world
[0.877s] -- Up-to-date: /home/jerry/limx_ws/install/pointfoot_gazebo/share/pointfoot_gazebo/worlds/new_world.world
[0.877s] -- Up-to-date: /home/jerry/limx_ws/install/pointfoot_gazebo/share/pointfoot_gazebo/environment/library_path.sh
[0.878s] -- Up-to-date: /home/jerry/limx_ws/install/pointfoot_gazebo/share/pointfoot_gazebo/environment/library_path.dsv
[0.879s] -- Up-to-date: /home/jerry/limx_ws/install/pointfoot_gazebo/share/pointfoot_gazebo/poinfoot_gazebo_hardware_plugin.xml
[0.880s] -- Up-to-date: /home/jerry/limx_ws/install/pointfoot_gazebo/share/ament_index/resource_index/package_run_dependencies/pointfoot_gazebo
[0.880s] -- Up-to-date: /home/jerry/limx_ws/install/pointfoot_gazebo/share/ament_index/resource_index/parent_prefix_path/pointfoot_gazebo
[0.881s] -- Up-to-date: /home/jerry/limx_ws/install/pointfoot_gazebo/share/pointfoot_gazebo/environment/ament_prefix_path.sh
[0.881s] -- Up-to-date: /home/jerry/limx_ws/install/pointfoot_gazebo/share/pointfoot_gazebo/environment/ament_prefix_path.dsv
[0.881s] -- Up-to-date: /home/jerry/limx_ws/install/pointfoot_gazebo/share/pointfoot_gazebo/environment/path.sh
[0.885s] -- Up-to-date: /home/jerry/limx_ws/install/pointfoot_gazebo/share/pointfoot_gazebo/environment/path.dsv
[0.885s] -- Up-to-date: /home/jerry/limx_ws/install/pointfoot_gazebo/share/pointfoot_gazebo/local_setup.bash
[0.885s] -- Up-to-date: /home/jerry/limx_ws/install/pointfoot_gazebo/share/pointfoot_gazebo/local_setup.sh
[0.886s] -- Up-to-date: /home/jerry/limx_ws/install/pointfoot_gazebo/share/pointfoot_gazebo/local_setup.zsh
[0.886s] -- Up-to-date: /home/jerry/limx_ws/install/pointfoot_gazebo/share/pointfoot_gazebo/local_setup.dsv
[0.886s] -- Installing: /home/jerry/limx_ws/install/pointfoot_gazebo/share/pointfoot_gazebo/package.dsv
[0.890s] -- Up-to-date: /home/jerry/limx_ws/install/pointfoot_gazebo/share/ament_index/resource_index/packages/pointfoot_gazebo
[0.893s] -- Up-to-date: /home/jerry/limx_ws/install/pointfoot_gazebo/share/ament_index/resource_index/gazebo_ros2_control__pluginlib__plugin/pointfoot_gazebo
[0.895s] -- Up-to-date: /home/jerry/limx_ws/install/pointfoot_gazebo/share/pointfoot_gazebo/cmake/ament_cmake_export_include_directories-extras.cmake
[0.896s] -- Up-to-date: /home/jerry/limx_ws/install/pointfoot_gazebo/share/pointfoot_gazebo/cmake/ament_cmake_export_dependencies-extras.cmake
[0.896s] -- Up-to-date: /home/jerry/limx_ws/install/pointfoot_gazebo/share/pointfoot_gazebo/cmake/ament_cmake_export_libraries-extras.cmake
[0.896s] -- Up-to-date: /home/jerry/limx_ws/install/pointfoot_gazebo/share/pointfoot_gazebo/cmake/pointfoot_gazeboConfig.cmake
[0.896s] -- Up-to-date: /home/jerry/limx_ws/install/pointfoot_gazebo/share/pointfoot_gazebo/cmake/pointfoot_gazeboConfig-version.cmake
[0.897s] -- Up-to-date: /home/jerry/limx_ws/install/pointfoot_gazebo/share/pointfoot_gazebo/package.xml
[0.909s] Invoked command in '/home/jerry/limx_ws/build/pointfoot_gazebo' returned '0': CMAKE_PREFIX_PATH=/home/jerry/limx_ws/install/limxsdk_sim:/home/jerry/limx_ws/install/scan_corrector:/opt/ros/humble:/home/jerry/limx_ws/install/robot_visualization:/home/jerry/limx_ws/install/robot_hw:/home/jerry/limx_ws/install/robot_description:/home/jerry/limx_ws/install/robot_controllers:/home/jerry/limx_ws/install/pointfoot_gazebo:/home/jerry/limx_ws/install/mrosbridger:/home/jerry/limx_ws/install/lslidar_driver:/home/jerry/limx_ws/install/lslidar_msgs:/home/jerry/limx_ws/install/limxsdk_lowlevel:/home/jerry/limx_ws/install/lidar_odometry_0:/home/jerry/limx_ws/install/lidar_odometry:/home/jerry/limx_ws/install/controller_msgs LD_LIBRARY_PATH=/home/jerry/limx_ws/install/limxsdk_sim/lib:/home/jerry/limx_ws/install/robot_controllers/lib:/home/jerry/limx_ws/install/pointfoot_gazebo/lib:/home/jerry/limx_ws/install/mrosbridger/lib:/home/jerry/limx_ws/install/lslidar_msgs/lib:/home/jerry/limx_ws/install/limxsdk_lowlevel/lib:/home/jerry/limx_ws/install/controller_msgs/lib:/usr/lib/x86_64-linux-gnu/gazebo-11/plugins:/opt/ros/humble/opt/rviz_ogre_vendor/lib:/opt/ros/humble/lib/x86_64-linux-gnu:/opt/ros/humble/lib:/usr/share/gazebo/../../lib/x86_64-linux-gnu/gazebo-11/plugins /usr/bin/cmake --install /home/jerry/limx_ws/build/pointfoot_gazebo
