[35m[1mConsolidate compiler generated dependencies of target lidar_odometry_node[0m
[ 40%] Built target scan_corrector_node
[ 60%] [32mBuilding CXX object CMakeFiles/lidar_odometry_node.dir/src/lidar_odometry.cpp.o[0m
[01m[K/home/jerry/limx_ws/src/lidar_odometry/src/lidar_odometry.cpp:[m[K In member function ‘[01m[Kpcl::PointCloud<pcl::PointXYZ>::Ptr LidarOdometry::deskew_pointcloud(const pcl::PointCloud<pcl::PointXYZ>&, double, double, const Vector3d&)[m[K’:
[01m[K/home/jerry/limx_ws/src/lidar_odometry/src/lidar_odometry.cpp:196:25:[m[K [01;35m[Kwarning: [m[Kvariable ‘[01m[Ktrans_delta[m[K’ set but not used [[01;35m[K]8;;https://gcc.gnu.org/onlinedocs/gcc/Warning-Options.html#index-Wunused-but-set-variable-Wunused-but-set-variable]8;;[m[K]
  196 |         Eigen::Vector3d [01;35m[Ktrans_delta[m[K = linear_vel * delta_t;
      |                         [01;35m[K^~~~~~~~~~~[m[K
[ 80%] [32m[1mLinking CXX executable lidar_odometry_node[0m
[100%] Built target lidar_odometry_node
-- Install configuration: ""
-- Installing: /home/jerry/limx_ws/install/lidar_odometry/lib/lidar_odometry/lidar_odometry_node
-- Set runtime path of "/home/jerry/limx_ws/install/lidar_odometry/lib/lidar_odometry/lidar_odometry_node" to ""
-- Installing: /home/jerry/limx_ws/install/lidar_odometry/lib/lidar_odometry/scan_corrector_node
-- Set runtime path of "/home/jerry/limx_ws/install/lidar_odometry/lib/lidar_odometry/scan_corrector_node" to ""
-- Up-to-date: /home/jerry/limx_ws/install/lidar_odometry/share/ament_index/resource_index/package_run_dependencies/lidar_odometry
-- Up-to-date: /home/jerry/limx_ws/install/lidar_odometry/share/ament_index/resource_index/parent_prefix_path/lidar_odometry
-- Up-to-date: /home/jerry/limx_ws/install/lidar_odometry/share/lidar_odometry/environment/ament_prefix_path.sh
-- Up-to-date: /home/jerry/limx_ws/install/lidar_odometry/share/lidar_odometry/environment/ament_prefix_path.dsv
-- Up-to-date: /home/jerry/limx_ws/install/lidar_odometry/share/lidar_odometry/environment/path.sh
-- Up-to-date: /home/jerry/limx_ws/install/lidar_odometry/share/lidar_odometry/environment/path.dsv
-- Up-to-date: /home/jerry/limx_ws/install/lidar_odometry/share/lidar_odometry/local_setup.bash
-- Up-to-date: /home/jerry/limx_ws/install/lidar_odometry/share/lidar_odometry/local_setup.sh
-- Up-to-date: /home/jerry/limx_ws/install/lidar_odometry/share/lidar_odometry/local_setup.zsh
-- Up-to-date: /home/jerry/limx_ws/install/lidar_odometry/share/lidar_odometry/local_setup.dsv
-- Installing: /home/jerry/limx_ws/install/lidar_odometry/share/lidar_odometry/package.dsv
-- Up-to-date: /home/jerry/limx_ws/install/lidar_odometry/share/ament_index/resource_index/packages/lidar_odometry
-- Up-to-date: /home/jerry/limx_ws/install/lidar_odometry/share/lidar_odometry/cmake/lidar_odometryConfig.cmake
-- Up-to-date: /home/jerry/limx_ws/install/lidar_odometry/share/lidar_odometry/cmake/lidar_odometryConfig-version.cmake
-- Up-to-date: /home/jerry/limx_ws/install/lidar_odometry/share/lidar_odometry/package.xml
