[0.025s] Invoking command in '/home/jerry/limx_ws/build/lidar_odometry_0': CMAKE_PREFIX_PATH=/opt/ros/humble /usr/bin/cmake --build /home/jerry/limx_ws/build/lidar_odometry_0 -- -j8 -l8
[0.091s] [35m[1mConsolidate compiler generated dependencies of target lidar_odometry_node_0[0m
[0.178s] [ 33%] [32mBuilding CXX object CMakeFiles/lidar_odometry_node_0.dir/src/lidar_odometry_0.cpp.o[0m
[4.835s] [01m[K/home/jerry/limx_ws/src/lidar_odometry_0/src/lidar_odometry_0.cpp:[m[K In member function ‘[01m[KEigen::Matrix4d LidarOdometry::get_transform_matrix(ScanDataPtr, ScanDataPtr)[m[K’:
[4.835s] [01m[K/home/jerry/limx_ws/src/lidar_odometry_0/src/lidar_odometry_0.cpp:63:10:[m[K [01;31m[Kerror: [m[K‘[01m[KVoxelGrid[m[K’ is not a member of ‘[01m[Kpcl[m[K’
[4.835s]    63 |     pcl::[01;31m[KVoxelGrid[m[K<pcl::PointXYZ> voxel;
[4.835s]       |          [01;31m[K^~~~~~~~~[m[K
[4.835s] [01m[K/home/jerry/limx_ws/src/lidar_odometry_0/src/lidar_odometry_0.cpp:63:33:[m[K [01;31m[Kerror: [m[Kexpected primary-expression before ‘[01m[K>[m[K’ token
[4.835s]    63 |     pcl::VoxelGrid<pcl::PointXYZ[01;31m[K>[m[K voxel;
[4.835s]       |                                 [01;31m[K^[m[K
[4.841s] [01m[K/home/jerry/limx_ws/src/lidar_odometry_0/src/lidar_odometry_0.cpp:63:35:[m[K [01;31m[Kerror: [m[K‘[01m[Kvoxel[m[K’ was not declared in this scope
[4.841s]    63 |     pcl::VoxelGrid<pcl::PointXYZ> [01;31m[Kvoxel[m[K;
[4.841s]       |                                   [01;31m[K^~~~~[m[K
[4.842s] [01m[K/home/jerry/limx_ws/src/lidar_odometry_0/src/lidar_odometry_0.cpp:73:10:[m[K [01;31m[Kerror: [m[K‘[01m[KStatisticalOutlierRemoval[m[K’ is not a member of ‘[01m[Kpcl[m[K’
[4.842s]    73 |     pcl::[01;31m[KStatisticalOutlierRemoval[m[K<pcl::PointXYZ> sor;
[4.842s]       |          [01;31m[K^~~~~~~~~~~~~~~~~~~~~~~~~[m[K
[4.842s] [01m[K/home/jerry/limx_ws/src/lidar_odometry_0/src/lidar_odometry_0.cpp:73:49:[m[K [01;31m[Kerror: [m[Kexpected primary-expression before ‘[01m[K>[m[K’ token
[4.842s]    73 |     pcl::StatisticalOutlierRemoval<pcl::PointXYZ[01;31m[K>[m[K sor;
[4.842s]       |                                                 [01;31m[K^[m[K
[4.846s] [01m[K/home/jerry/limx_ws/src/lidar_odometry_0/src/lidar_odometry_0.cpp:73:51:[m[K [01;31m[Kerror: [m[K‘[01m[Ksor[m[K’ was not declared in this scope
[4.846s]    73 |     pcl::StatisticalOutlierRemoval<pcl::PointXYZ> [01;31m[Ksor[m[K;
[4.846s]       |                                                   [01;31m[K^~~[m[K
[5.679s] In file included from [01m[K/usr/include/x86_64-linux-gnu/c++/11/bits/c++allocator.h:33[m[K,
[5.679s]                  from [01m[K/usr/include/c++/11/bits/allocator.h:46[m[K,
[5.679s]                  from [01m[K/usr/include/c++/11/string:41[m[K,
[5.679s]                  from [01m[K/usr/include/c++/11/bits/locale_classes.h:40[m[K,
[5.679s]                  from [01m[K/usr/include/c++/11/bits/ios_base.h:41[m[K,
[5.679s]                  from [01m[K/usr/include/c++/11/ios:42[m[K,
[5.679s]                  from [01m[K/usr/include/c++/11/istream:38[m[K,
[5.679s]                  from [01m[K/usr/include/c++/11/sstream:38[m[K,
[5.679s]                  from [01m[K/usr/include/c++/11/complex:45[m[K,
[5.679s]                  from [01m[K/usr/include/eigen3/Eigen/Core:50[m[K,
[5.679s]                  from [01m[K/home/jerry/limx_ws/src/lidar_odometry_0/include/lidar_odometry/lidar_odometry_0.hpp:5[m[K,
[5.679s]                  from [01m[K/home/jerry/limx_ws/src/lidar_odometry_0/src/lidar_odometry_0.cpp:2[m[K:
[5.679s] /usr/include/c++/11/ext/new_allocator.h: In instantiation of ‘[01m[Kvoid __gnu_cxx::new_allocator<_Tp>::construct(_Up*, _Args&& ...) [with _Up = pcl::PointCloud<pcl::PointXYZ>; _Args = {std::shared_ptr<pcl::PointCloud<pcl::PointXYZ> >&}; _Tp = pcl::PointCloud<pcl::PointXYZ>][m[K’:
[5.679s] [01m[K/usr/include/c++/11/bits/alloc_traits.h:516:17:[m[K   required from ‘[01m[Kstatic void std::allocator_traits<std::allocator<_CharT> >::construct(std::allocator_traits<std::allocator<_CharT> >::allocator_type&, _Up*, _Args&& ...) [with _Up = pcl::PointCloud<pcl::PointXYZ>; _Args = {std::shared_ptr<pcl::PointCloud<pcl::PointXYZ> >&}; _Tp = pcl::PointCloud<pcl::PointXYZ>; std::allocator_traits<std::allocator<_CharT> >::allocator_type = std::allocator<pcl::PointCloud<pcl::PointXYZ> >][m[K’
[5.680s] [01m[K/usr/include/c++/11/bits/shared_ptr_base.h:519:39:[m[K   required from ‘[01m[Kstd::_Sp_counted_ptr_inplace<_Tp, _Alloc, _Lp>::_Sp_counted_ptr_inplace(_Alloc, _Args&& ...) [with _Args = {std::shared_ptr<pcl::PointCloud<pcl::PointXYZ> >&}; _Tp = pcl::PointCloud<pcl::PointXYZ>; _Alloc = std::allocator<pcl::PointCloud<pcl::PointXYZ> >; __gnu_cxx::_Lock_policy _Lp = __gnu_cxx::_S_atomic][m[K’
[5.680s] [01m[K/usr/include/c++/11/bits/shared_ptr_base.h:650:16:[m[K   required from ‘[01m[Kstd::__shared_count<_Lp>::__shared_count(_Tp*&, std::_Sp_alloc_shared_tag<_Alloc>, _Args&& ...) [with _Tp = pcl::PointCloud<pcl::PointXYZ>; _Alloc = std::allocator<pcl::PointCloud<pcl::PointXYZ> >; _Args = {std::shared_ptr<pcl::PointCloud<pcl::PointXYZ> >&}; __gnu_cxx::_Lock_policy _Lp = __gnu_cxx::_S_atomic][m[K’
[5.680s] [01m[K/usr/include/c++/11/bits/shared_ptr_base.h:1342:14:[m[K   required from ‘[01m[Kstd::__shared_ptr<_Tp, _Lp>::__shared_ptr(std::_Sp_alloc_shared_tag<_Tp>, _Args&& ...) [with _Alloc = std::allocator<pcl::PointCloud<pcl::PointXYZ> >; _Args = {std::shared_ptr<pcl::PointCloud<pcl::PointXYZ> >&}; _Tp = pcl::PointCloud<pcl::PointXYZ>; __gnu_cxx::_Lock_policy _Lp = __gnu_cxx::_S_atomic][m[K’
[5.680s] [01m[K/usr/include/c++/11/bits/shared_ptr.h:409:59:[m[K   required from ‘[01m[Kstd::shared_ptr<_Tp>::shared_ptr(std::_Sp_alloc_shared_tag<_Tp>, _Args&& ...) [with _Alloc = std::allocator<pcl::PointCloud<pcl::PointXYZ> >; _Args = {std::shared_ptr<pcl::PointCloud<pcl::PointXYZ> >&}; _Tp = pcl::PointCloud<pcl::PointXYZ>][m[K’
[5.680s] [01m[K/usr/include/c++/11/bits/shared_ptr.h:862:14:[m[K   required from ‘[01m[Kstd::shared_ptr<_Tp> std::allocate_shared(const _Alloc&, _Args&& ...) [with _Tp = pcl::PointCloud<pcl::PointXYZ>; _Alloc = std::allocator<pcl::PointCloud<pcl::PointXYZ> >; _Args = {std::shared_ptr<pcl::PointCloud<pcl::PointXYZ> >&}][m[K’
[5.680s] [01m[K/usr/include/c++/11/bits/shared_ptr.h:878:39:[m[K   required from ‘[01m[Kstd::shared_ptr<_Tp> std::make_shared(_Args&& ...) [with _Tp = pcl::PointCloud<pcl::PointXYZ>; _Args = {std::shared_ptr<pcl::PointCloud<pcl::PointXYZ> >&}][m[K’
[5.680s] [01m[K/home/jerry/limx_ws/src/lidar_odometry_0/src/lidar_odometry_0.cpp:82:74:[m[K   required from here
[5.680s] [01m[K/usr/include/c++/11/ext/new_allocator.h:162:11:[m[K [01;31m[Kerror: [m[Kno matching function for call to ‘[01m[Kpcl::PointCloud<pcl::PointXYZ>::PointCloud(std::shared_ptr<pcl::PointCloud<pcl::PointXYZ> >&)[m[K’
[5.680s]   162 |         { [01;31m[K::new((void *)__p) _Up(std::forward<_Args>(__args)...)[m[K; }
[5.680s]       |           [01;31m[K^~~~~~~~~~~~~~~~~~~~~~~~~~~~~~~~~~~~~~~~~~~~~~~~~~~~~~[m[K
[5.680s] In file included from [01m[K/usr/include/pcl-1.12/pcl/common/io.h:46[m[K,
[5.680s]                  from [01m[K/usr/include/pcl-1.12/pcl/registration/correspondence_estimation.h:43[m[K,
[5.680s]                  from [01m[K/usr/include/pcl-1.12/pcl/registration/icp.h:44[m[K,
[5.681s]                  from [01m[K/usr/include/pcl-1.12/pcl/registration/gicp.h:44[m[K,
[5.681s]                  from [01m[K/home/jerry/limx_ws/src/lidar_odometry_0/include/lidar_odometry/lidar_odometry_0.hpp:7[m[K,
[5.681s]                  from [01m[K/home/jerry/limx_ws/src/lidar_odometry_0/src/lidar_odometry_0.cpp:2[m[K:
[5.681s] [01m[K/usr/include/pcl-1.12/pcl/point_cloud.h:201:7:[m[K [01;36m[Knote: [m[Kcandidate: ‘[01m[Kpcl::PointCloud<PointT>::PointCloud(uint32_t, uint32_t, const PointT&) [with PointT = pcl::PointXYZ; uint32_t = unsigned int][m[K’
[5.681s]   201 |       [01;36m[KPointCloud[m[K (std::uint32_t width_, std::uint32_t height_, const PointT& value_ = PointT ())
[5.681s]       |       [01;36m[K^~~~~~~~~~[m[K
[5.681s] [01m[K/usr/include/pcl-1.12/pcl/point_cloud.h:201:7:[m[K [01;36m[Knote: [m[K  candidate expects 3 arguments, 1 provided
[5.681s] [01m[K/usr/include/pcl-1.12/pcl/point_cloud.h:185:7:[m[K [01;36m[Knote: [m[Kcandidate: ‘[01m[Kpcl::PointCloud<PointT>::PointCloud(const pcl::PointCloud<PointT>&, const Indices&) [with PointT = pcl::PointXYZ; pcl::Indices = std::vector<int, std::allocator<int> >][m[K’
[5.681s]   185 |       [01;36m[KPointCloud[m[K (const PointCloud<PointT> &pc,
[5.681s]       |       [01;36m[K^~~~~~~~~~[m[K
[5.681s] [01m[K/usr/include/pcl-1.12/pcl/point_cloud.h:185:7:[m[K [01;36m[Knote: [m[K  candidate expects 2 arguments, 1 provided
[5.681s] [01m[K/usr/include/pcl-1.12/pcl/point_cloud.h:179:7:[m[K [01;36m[Knote: [m[Kcandidate: ‘[01m[Kpcl::PointCloud<PointT>::PointCloud() [with PointT = pcl::PointXYZ][m[K’
[5.681s]   179 |       [01;36m[KPointCloud[m[K () = default;
[5.681s]       |       [01;36m[K^~~~~~~~~~[m[K
[5.681s] [01m[K/usr/include/pcl-1.12/pcl/point_cloud.h:179:7:[m[K [01;36m[Knote: [m[K  candidate expects 0 arguments, 1 provided
[5.681s] [01m[K/usr/include/pcl-1.12/pcl/point_cloud.h:172:21:[m[K [01;36m[Knote: [m[Kcandidate: ‘[01m[Kpcl::PointCloud<pcl::PointXYZ>::PointCloud(const pcl::PointCloud<pcl::PointXYZ>&)[m[K’
[5.681s]   172 |   class PCL_EXPORTS [01;36m[KPointCloud[m[K
[5.681s]       |                     [01;36m[K^~~~~~~~~~[m[K
[5.681s] [01m[K/usr/include/pcl-1.12/pcl/point_cloud.h:172:21:[m[K [01;36m[Knote: [m[K  no known conversion for argument 1 from ‘[01m[Kstd::shared_ptr<pcl::PointCloud<pcl::PointXYZ> >[m[K’ to ‘[01m[Kconst pcl::PointCloud<pcl::PointXYZ>&[m[K’
[5.681s] [01m[K/usr/include/pcl-1.12/pcl/point_cloud.h:172:21:[m[K [01;36m[Knote: [m[Kcandidate: ‘[01m[Kpcl::PointCloud<pcl::PointXYZ>::PointCloud(pcl::PointCloud<pcl::PointXYZ>&&)[m[K’
[5.681s] [01m[K/usr/include/pcl-1.12/pcl/point_cloud.h:172:21:[m[K [01;36m[Knote: [m[K  no known conversion for argument 1 from ‘[01m[Kstd::shared_ptr<pcl::PointCloud<pcl::PointXYZ> >[m[K’ to ‘[01m[Kpcl::PointCloud<pcl::PointXYZ>&&[m[K’
[9.549s] gmake[2]: *** [CMakeFiles/lidar_odometry_node_0.dir/build.make:90: CMakeFiles/lidar_odometry_node_0.dir/src/lidar_odometry_0.cpp.o] Error 1
[9.549s] gmake[1]: *** [CMakeFiles/Makefile2:137: CMakeFiles/lidar_odometry_node_0.dir/all] Error 2
[9.549s] gmake: *** [Makefile:146: all] Error 2
[9.552s] Invoked command in '/home/jerry/limx_ws/build/lidar_odometry_0' returned '2': CMAKE_PREFIX_PATH=/opt/ros/humble /usr/bin/cmake --build /home/jerry/limx_ws/build/lidar_odometry_0 -- -j8 -l8
