[0.059s] Invoking command in '/home/jerry/limx_ws/build/lslidar_driver': CMAKE_PREFIX_PATH=/home/jerry/limx_ws/install/lslidar_msgs:/home/jerry/limx_ws/install/scan_corrector:/opt/ros/humble:/home/jerry/limx_ws/install/robot_visualization:/home/jerry/limx_ws/install/robot_hw:/home/jerry/limx_ws/install/robot_description:/home/jerry/limx_ws/install/robot_controllers:/home/jerry/limx_ws/install/pointfoot_gazebo:/home/jerry/limx_ws/install/mrosbridger:/home/jerry/limx_ws/install/lslidar_driver:/home/jerry/limx_ws/install/limxsdk_sim:/home/jerry/limx_ws/install/limxsdk_lowlevel:/home/jerry/limx_ws/install/lidar_odometry_0:/home/jerry/limx_ws/install/lidar_odometry:/home/jerry/limx_ws/install/controller_msgs LD_LIBRARY_PATH=/home/jerry/limx_ws/install/lslidar_msgs/lib:/home/jerry/limx_ws/install/robot_controllers/lib:/home/jerry/limx_ws/install/pointfoot_gazebo/lib:/home/jerry/limx_ws/install/mrosbridger/lib:/home/jerry/limx_ws/install/limxsdk_sim/lib:/home/jerry/limx_ws/install/limxsdk_lowlevel/lib:/home/jerry/limx_ws/install/controller_msgs/lib:/usr/lib/x86_64-linux-gnu/gazebo-11/plugins:/opt/ros/humble/opt/rviz_ogre_vendor/lib:/opt/ros/humble/lib/x86_64-linux-gnu:/opt/ros/humble/lib:/usr/share/gazebo/../../lib/x86_64-linux-gnu/gazebo-11/plugins /usr/bin/cmake --build /home/jerry/limx_ws/build/lslidar_driver -- -j8 -l8
[0.455s] [100%] Built target lslidar_driver_node
[0.505s] Invoked command in '/home/jerry/limx_ws/build/lslidar_driver' returned '0': CMAKE_PREFIX_PATH=/home/jerry/limx_ws/install/lslidar_msgs:/home/jerry/limx_ws/install/scan_corrector:/opt/ros/humble:/home/jerry/limx_ws/install/robot_visualization:/home/jerry/limx_ws/install/robot_hw:/home/jerry/limx_ws/install/robot_description:/home/jerry/limx_ws/install/robot_controllers:/home/jerry/limx_ws/install/pointfoot_gazebo:/home/jerry/limx_ws/install/mrosbridger:/home/jerry/limx_ws/install/lslidar_driver:/home/jerry/limx_ws/install/limxsdk_sim:/home/jerry/limx_ws/install/limxsdk_lowlevel:/home/jerry/limx_ws/install/lidar_odometry_0:/home/jerry/limx_ws/install/lidar_odometry:/home/jerry/limx_ws/install/controller_msgs LD_LIBRARY_PATH=/home/jerry/limx_ws/install/lslidar_msgs/lib:/home/jerry/limx_ws/install/robot_controllers/lib:/home/jerry/limx_ws/install/pointfoot_gazebo/lib:/home/jerry/limx_ws/install/mrosbridger/lib:/home/jerry/limx_ws/install/limxsdk_sim/lib:/home/jerry/limx_ws/install/limxsdk_lowlevel/lib:/home/jerry/limx_ws/install/controller_msgs/lib:/usr/lib/x86_64-linux-gnu/gazebo-11/plugins:/opt/ros/humble/opt/rviz_ogre_vendor/lib:/opt/ros/humble/lib/x86_64-linux-gnu:/opt/ros/humble/lib:/usr/share/gazebo/../../lib/x86_64-linux-gnu/gazebo-11/plugins /usr/bin/cmake --build /home/jerry/limx_ws/build/lslidar_driver -- -j8 -l8
[0.513s] Invoking command in '/home/jerry/limx_ws/build/lslidar_driver': CMAKE_PREFIX_PATH=/home/jerry/limx_ws/install/lslidar_msgs:/home/jerry/limx_ws/install/scan_corrector:/opt/ros/humble:/home/jerry/limx_ws/install/robot_visualization:/home/jerry/limx_ws/install/robot_hw:/home/jerry/limx_ws/install/robot_description:/home/jerry/limx_ws/install/robot_controllers:/home/jerry/limx_ws/install/pointfoot_gazebo:/home/jerry/limx_ws/install/mrosbridger:/home/jerry/limx_ws/install/lslidar_driver:/home/jerry/limx_ws/install/limxsdk_sim:/home/jerry/limx_ws/install/limxsdk_lowlevel:/home/jerry/limx_ws/install/lidar_odometry_0:/home/jerry/limx_ws/install/lidar_odometry:/home/jerry/limx_ws/install/controller_msgs LD_LIBRARY_PATH=/home/jerry/limx_ws/install/lslidar_msgs/lib:/home/jerry/limx_ws/install/robot_controllers/lib:/home/jerry/limx_ws/install/pointfoot_gazebo/lib:/home/jerry/limx_ws/install/mrosbridger/lib:/home/jerry/limx_ws/install/limxsdk_sim/lib:/home/jerry/limx_ws/install/limxsdk_lowlevel/lib:/home/jerry/limx_ws/install/controller_msgs/lib:/usr/lib/x86_64-linux-gnu/gazebo-11/plugins:/opt/ros/humble/opt/rviz_ogre_vendor/lib:/opt/ros/humble/lib/x86_64-linux-gnu:/opt/ros/humble/lib:/usr/share/gazebo/../../lib/x86_64-linux-gnu/gazebo-11/plugins /usr/bin/cmake --install /home/jerry/limx_ws/build/lslidar_driver
[0.550s] -- Install configuration: ""
[0.550s] -- Up-to-date: /home/jerry/limx_ws/install/lslidar_driver/share/lslidar_driver/launch
[0.551s] -- Up-to-date: /home/jerry/limx_ws/install/lslidar_driver/share/lslidar_driver/launch/lslidar_double_launch.py
[0.554s] -- Up-to-date: /home/jerry/limx_ws/install/lslidar_driver/share/lslidar_driver/launch/lsm10p_net_launch.py
[0.555s] -- Up-to-date: /home/jerry/limx_ws/install/lslidar_driver/share/lslidar_driver/launch/lsn10_net_launch.py
[0.555s] -- Up-to-date: /home/jerry/limx_ws/install/lslidar_driver/share/lslidar_driver/launch/lsm10p_uart_launch.py
[0.556s] -- Up-to-date: /home/jerry/limx_ws/install/lslidar_driver/share/lslidar_driver/launch/lsn10p_net_launch.py
[0.556s] -- Up-to-date: /home/jerry/limx_ws/install/lslidar_driver/share/lslidar_driver/launch/lsn10p_launch.py
[0.556s] -- Up-to-date: /home/jerry/limx_ws/install/lslidar_driver/share/lslidar_driver/launch/lsm10_uart_launch.py
[0.556s] -- Up-to-date: /home/jerry/limx_ws/install/lslidar_driver/share/lslidar_driver/launch/lsn10_launch.py
[0.556s] -- Up-to-date: /home/jerry/limx_ws/install/lslidar_driver/share/lslidar_driver/launch/viewer_scan_launch.py
[0.557s] -- Up-to-date: /home/jerry/limx_ws/install/lslidar_driver/share/lslidar_driver/launch/lsm10_net_launch.py
[0.557s] -- Up-to-date: /home/jerry/limx_ws/install/lslidar_driver/share/lslidar_driver/params
[0.557s] -- Up-to-date: /home/jerry/limx_ws/install/lslidar_driver/share/lslidar_driver/params/lidar_uart_ros2
[0.557s] -- Up-to-date: /home/jerry/limx_ws/install/lslidar_driver/share/lslidar_driver/params/lidar_uart_ros2/lsn10p.yaml
[0.557s] -- Up-to-date: /home/jerry/limx_ws/install/lslidar_driver/share/lslidar_driver/params/lidar_uart_ros2/lsm10.yaml
[0.557s] -- Up-to-date: /home/jerry/limx_ws/install/lslidar_driver/share/lslidar_driver/params/lidar_uart_ros2/lsn10.yaml
[0.558s] -- Up-to-date: /home/jerry/limx_ws/install/lslidar_driver/share/lslidar_driver/params/lidar_uart_ros2/lsm10_p.yaml
[0.558s] -- Up-to-date: /home/jerry/limx_ws/install/lslidar_driver/share/lslidar_driver/params/lidar_net_ros2
[0.558s] -- Up-to-date: /home/jerry/limx_ws/install/lslidar_driver/share/lslidar_driver/params/lidar_net_ros2/lsn10_net.yaml
[0.559s] -- Up-to-date: /home/jerry/limx_ws/install/lslidar_driver/share/lslidar_driver/params/lidar_net_ros2/lsn10p_net.yaml
[0.559s] -- Up-to-date: /home/jerry/limx_ws/install/lslidar_driver/share/lslidar_driver/params/lidar_net_ros2/lsm10_net.yaml
[0.559s] -- Up-to-date: /home/jerry/limx_ws/install/lslidar_driver/share/lslidar_driver/params/lidar_net_ros2/lsm10p_net.yaml
[0.559s] -- Up-to-date: /home/jerry/limx_ws/install/lslidar_driver/share/lslidar_driver/rviz
[0.559s] -- Up-to-date: /home/jerry/limx_ws/install/lslidar_driver/share/lslidar_driver/rviz/lslidar.rviz
[0.563s] -- Up-to-date: /home/jerry/limx_ws/install/lslidar_driver/lib/lslidar_driver/lslidar_driver_node
[0.566s] -- Up-to-date: /home/jerry/limx_ws/install/lslidar_driver/share/ament_index/resource_index/package_run_dependencies/lslidar_driver
[0.566s] -- Up-to-date: /home/jerry/limx_ws/install/lslidar_driver/share/ament_index/resource_index/parent_prefix_path/lslidar_driver
[0.568s] -- Up-to-date: /home/jerry/limx_ws/install/lslidar_driver/share/lslidar_driver/environment/ament_prefix_path.sh
[0.568s] -- Up-to-date: /home/jerry/limx_ws/install/lslidar_driver/share/lslidar_driver/environment/ament_prefix_path.dsv
[0.568s] -- Up-to-date: /home/jerry/limx_ws/install/lslidar_driver/share/lslidar_driver/environment/path.sh
[0.569s] -- Up-to-date: /home/jerry/limx_ws/install/lslidar_driver/share/lslidar_driver/environment/path.dsv
[0.570s] -- Up-to-date: /home/jerry/limx_ws/install/lslidar_driver/share/lslidar_driver/local_setup.bash
[0.571s] -- Up-to-date: /home/jerry/limx_ws/install/lslidar_driver/share/lslidar_driver/local_setup.sh
[0.571s] -- Up-to-date: /home/jerry/limx_ws/install/lslidar_driver/share/lslidar_driver/local_setup.zsh
[0.571s] -- Up-to-date: /home/jerry/limx_ws/install/lslidar_driver/share/lslidar_driver/local_setup.dsv
[0.572s] -- Installing: /home/jerry/limx_ws/install/lslidar_driver/share/lslidar_driver/package.dsv
[0.572s] -- Up-to-date: /home/jerry/limx_ws/install/lslidar_driver/share/ament_index/resource_index/packages/lslidar_driver
[0.573s] -- Up-to-date: /home/jerry/limx_ws/install/lslidar_driver/share/lslidar_driver/cmake/ament_cmake_export_dependencies-extras.cmake
[0.574s] -- Up-to-date: /home/jerry/limx_ws/install/lslidar_driver/share/lslidar_driver/cmake/ament_cmake_export_include_directories-extras.cmake
[0.574s] -- Up-to-date: /home/jerry/limx_ws/install/lslidar_driver/share/lslidar_driver/cmake/lslidar_driverConfig.cmake
[0.574s] -- Up-to-date: /home/jerry/limx_ws/install/lslidar_driver/share/lslidar_driver/cmake/lslidar_driverConfig-version.cmake
[0.575s] -- Up-to-date: /home/jerry/limx_ws/install/lslidar_driver/share/lslidar_driver/package.xml
[0.577s] Invoked command in '/home/jerry/limx_ws/build/lslidar_driver' returned '0': CMAKE_PREFIX_PATH=/home/jerry/limx_ws/install/lslidar_msgs:/home/jerry/limx_ws/install/scan_corrector:/opt/ros/humble:/home/jerry/limx_ws/install/robot_visualization:/home/jerry/limx_ws/install/robot_hw:/home/jerry/limx_ws/install/robot_description:/home/jerry/limx_ws/install/robot_controllers:/home/jerry/limx_ws/install/pointfoot_gazebo:/home/jerry/limx_ws/install/mrosbridger:/home/jerry/limx_ws/install/lslidar_driver:/home/jerry/limx_ws/install/limxsdk_sim:/home/jerry/limx_ws/install/limxsdk_lowlevel:/home/jerry/limx_ws/install/lidar_odometry_0:/home/jerry/limx_ws/install/lidar_odometry:/home/jerry/limx_ws/install/controller_msgs LD_LIBRARY_PATH=/home/jerry/limx_ws/install/lslidar_msgs/lib:/home/jerry/limx_ws/install/robot_controllers/lib:/home/jerry/limx_ws/install/pointfoot_gazebo/lib:/home/jerry/limx_ws/install/mrosbridger/lib:/home/jerry/limx_ws/install/limxsdk_sim/lib:/home/jerry/limx_ws/install/limxsdk_lowlevel/lib:/home/jerry/limx_ws/install/controller_msgs/lib:/usr/lib/x86_64-linux-gnu/gazebo-11/plugins:/opt/ros/humble/opt/rviz_ogre_vendor/lib:/opt/ros/humble/lib/x86_64-linux-gnu:/opt/ros/humble/lib:/usr/share/gazebo/../../lib/x86_64-linux-gnu/gazebo-11/plugins /usr/bin/cmake --install /home/jerry/limx_ws/build/lslidar_driver
