[0.028s] Invoking command in '/home/jerry/limx_ws/build/limxsdk_lowlevel': CMAKE_PREFIX_PATH=${CMAKE_PREFIX_PATH}:/opt/ros/humble /usr/bin/cmake /home/jerry/limx_ws/src/limxsdk-lowlevel -DCMAKE_INSTALL_PREFIX=/home/jerry/limx_ws/install/limxsdk_lowlevel
[0.213s] -- The C compiler identification is GNU 11.4.0
[0.330s] -- The CXX compiler identification is GNU 11.4.0
[0.346s] -- Detecting C compiler ABI info
[0.454s] -- Detecting C compiler ABI info - done
[0.460s] -- Check for working C compiler: /usr/bin/cc - skipped
[0.461s] -- Detecting C compile features
[0.461s] -- Detecting C compile features - done
[0.468s] -- Detecting CXX compiler ABI info
[0.563s] -- Detecting CXX compiler ABI info - done
[0.571s] -- Check for working CXX compiler: /usr/bin/c++ - skipped
[0.571s] -- Detecting CXX compile features
[0.571s] -- Detecting CXX compile features - done
[0.575s] [0mCurrently in ROS2 compilation environment[0m
[0.587s] -- Found ament_cmake: 1.3.12 (/opt/ros/humble/share/ament_cmake/cmake)
[0.727s] -- Found Python3: /usr/bin/python3 (found version "3.10.12") found components: Interpreter 
[0.895s] -- Configuring done
[0.902s] -- Generating done
[0.905s] -- Build files have been written to: /home/jerry/limx_ws/build/limxsdk_lowlevel
[0.913s] Invoked command in '/home/jerry/limx_ws/build/limxsdk_lowlevel' returned '0': CMAKE_PREFIX_PATH=${CMAKE_PREFIX_PATH}:/opt/ros/humble /usr/bin/cmake /home/jerry/limx_ws/src/limxsdk-lowlevel -DCMAKE_INSTALL_PREFIX=/home/jerry/limx_ws/install/limxsdk_lowlevel
[0.914s] Invoking command in '/home/jerry/limx_ws/build/limxsdk_lowlevel': CMAKE_PREFIX_PATH=${CMAKE_PREFIX_PATH}:/opt/ros/humble /usr/bin/cmake --build /home/jerry/limx_ws/build/limxsdk_lowlevel -- -j8 -l8
[0.976s] [ 16%] [32mBuilding CXX object examples/CMakeFiles/pf_groupJoints_move.dir/pf_groupJoints_move.cpp.o[0m
[0.982s] [ 33%] [32mBuilding CXX object examples/CMakeFiles/pf_groupJoints_move.dir/pf_controller_base.cpp.o[0m
[0.984s] [ 50%] [32mBuilding CXX object examples/CMakeFiles/pf_joint_move.dir/pf_joint_move.cpp.o[0m
[1.003s] [ 66%] [32mBuilding CXX object examples/CMakeFiles/pf_joint_move.dir/pf_controller_base.cpp.o[0m
[2.890s] [ 83%] [32m[1mLinking CXX executable pf_groupJoints_move[0m
[3.112s] [100%] [32m[1mLinking CXX executable pf_joint_move[0m
[3.126s] [100%] Built target pf_groupJoints_move
[3.249s] [100%] Built target pf_joint_move
[3.275s] Invoked command in '/home/jerry/limx_ws/build/limxsdk_lowlevel' returned '0': CMAKE_PREFIX_PATH=${CMAKE_PREFIX_PATH}:/opt/ros/humble /usr/bin/cmake --build /home/jerry/limx_ws/build/limxsdk_lowlevel -- -j8 -l8
[3.276s] Invoking command in '/home/jerry/limx_ws/build/limxsdk_lowlevel': CMAKE_PREFIX_PATH=${CMAKE_PREFIX_PATH}:/opt/ros/humble /usr/bin/cmake --install /home/jerry/limx_ws/build/limxsdk_lowlevel
[3.286s] -- Install configuration: "Release"
[3.287s] -- Installing: /home/jerry/limx_ws/install/limxsdk_lowlevel/include/
[3.288s] -- Installing: /home/jerry/limx_ws/install/limxsdk_lowlevel/include//limxsdk
[3.288s] -- Installing: /home/jerry/limx_ws/install/limxsdk_lowlevel/include//limxsdk/pointfoot.h
[3.289s] -- Installing: /home/jerry/limx_ws/install/limxsdk_lowlevel/include//limxsdk/tron2.h
[3.289s] -- Installing: /home/jerry/limx_ws/install/limxsdk_lowlevel/include//limxsdk/wheellegged.h
[3.289s] -- Installing: /home/jerry/limx_ws/install/limxsdk_lowlevel/include//limxsdk/datatypes.h
[3.289s] -- Installing: /home/jerry/limx_ws/install/limxsdk_lowlevel/include//limxsdk/macros.h
[3.289s] -- Installing: /home/jerry/limx_ws/install/limxsdk_lowlevel/include//limxsdk/ability
[3.289s] -- Installing: /home/jerry/limx_ws/install/limxsdk_lowlevel/include//limxsdk/ability/yaml_config_parser.h
[3.289s] -- Installing: /home/jerry/limx_ws/install/limxsdk_lowlevel/include//limxsdk/ability/ability_manager.h
[3.290s] -- Installing: /home/jerry/limx_ws/install/limxsdk_lowlevel/include//limxsdk/ability/rate.h
[3.290s] -- Installing: /home/jerry/limx_ws/install/limxsdk_lowlevel/include//limxsdk/ability/plugin_loader.h
[3.291s] -- Installing: /home/jerry/limx_ws/install/limxsdk_lowlevel/include//limxsdk/ability/plugin_registry.h
[3.292s] -- Installing: /home/jerry/limx_ws/install/limxsdk_lowlevel/include//limxsdk/ability/robot_data.h
[3.293s] -- Installing: /home/jerry/limx_ws/install/limxsdk_lowlevel/include//limxsdk/ability/base_ability.h
[3.293s] -- Installing: /home/jerry/limx_ws/install/limxsdk_lowlevel/include//limxsdk/humanoid.h
[3.294s] -- Installing: /home/jerry/limx_ws/install/limxsdk_lowlevel/include//limxsdk/apibase.h
[3.294s] -- Installing: /home/jerry/limx_ws/install/limxsdk_lowlevel/lib/.
[3.294s] -- Installing: /home/jerry/limx_ws/install/limxsdk_lowlevel/lib/./liblimxsdk_lowlevel.so
[3.375s] -- Installing: /home/jerry/limx_ws/install/limxsdk_lowlevel/share/limxsdk_lowlevel/environment/library_path.sh
[3.376s] -- Installing: /home/jerry/limx_ws/install/limxsdk_lowlevel/share/limxsdk_lowlevel/environment/library_path.dsv
[3.377s] -- Installing: /home/jerry/limx_ws/install/limxsdk_lowlevel/share/ament_index/resource_index/package_run_dependencies/limxsdk_lowlevel
[3.377s] -- Installing: /home/jerry/limx_ws/install/limxsdk_lowlevel/share/ament_index/resource_index/parent_prefix_path/limxsdk_lowlevel
[3.377s] -- Installing: /home/jerry/limx_ws/install/limxsdk_lowlevel/share/limxsdk_lowlevel/environment/ament_prefix_path.sh
[3.379s] -- Installing: /home/jerry/limx_ws/install/limxsdk_lowlevel/share/limxsdk_lowlevel/environment/ament_prefix_path.dsv
[3.379s] -- Installing: /home/jerry/limx_ws/install/limxsdk_lowlevel/share/limxsdk_lowlevel/environment/path.sh
[3.379s] -- Installing: /home/jerry/limx_ws/install/limxsdk_lowlevel/share/limxsdk_lowlevel/environment/path.dsv
[3.379s] -- Installing: /home/jerry/limx_ws/install/limxsdk_lowlevel/share/limxsdk_lowlevel/local_setup.bash
[3.379s] -- Installing: /home/jerry/limx_ws/install/limxsdk_lowlevel/share/limxsdk_lowlevel/local_setup.sh
[3.379s] -- Installing: /home/jerry/limx_ws/install/limxsdk_lowlevel/share/limxsdk_lowlevel/local_setup.zsh
[3.379s] -- Installing: /home/jerry/limx_ws/install/limxsdk_lowlevel/share/limxsdk_lowlevel/local_setup.dsv
[3.379s] -- Installing: /home/jerry/limx_ws/install/limxsdk_lowlevel/share/limxsdk_lowlevel/package.dsv
[3.379s] -- Installing: /home/jerry/limx_ws/install/limxsdk_lowlevel/share/ament_index/resource_index/packages/limxsdk_lowlevel
[3.380s] -- Installing: /home/jerry/limx_ws/install/limxsdk_lowlevel/share/limxsdk_lowlevel/cmake/ament_cmake_export_libraries-extras.cmake
[3.380s] -- Installing: /home/jerry/limx_ws/install/limxsdk_lowlevel/share/limxsdk_lowlevel/cmake/ament_cmake_export_include_directories-extras.cmake
[3.380s] -- Installing: /home/jerry/limx_ws/install/limxsdk_lowlevel/share/limxsdk_lowlevel/cmake/limxsdk_lowlevelConfig.cmake
[3.380s] -- Installing: /home/jerry/limx_ws/install/limxsdk_lowlevel/share/limxsdk_lowlevel/cmake/limxsdk_lowlevelConfig-version.cmake
[3.381s] -- Installing: /home/jerry/limx_ws/install/limxsdk_lowlevel/share/limxsdk_lowlevel/package.xml
[3.381s] -- Installing: /home/jerry/limx_ws/install/limxsdk_lowlevel/lib/limxsdk_lowlevel/pf_joint_move
[3.384s] -- Set runtime path of "/home/jerry/limx_ws/install/limxsdk_lowlevel/lib/limxsdk_lowlevel/pf_joint_move" to ""
[3.384s] -- Installing: /home/jerry/limx_ws/install/limxsdk_lowlevel/lib/limxsdk_lowlevel/pf_groupJoints_move
[3.384s] -- Set runtime path of "/home/jerry/limx_ws/install/limxsdk_lowlevel/lib/limxsdk_lowlevel/pf_groupJoints_move" to ""
[3.392s] Invoked command in '/home/jerry/limx_ws/build/limxsdk_lowlevel' returned '0': CMAKE_PREFIX_PATH=${CMAKE_PREFIX_PATH}:/opt/ros/humble /usr/bin/cmake --install /home/jerry/limx_ws/build/limxsdk_lowlevel
