[0.077s] Invoking command in '/home/jerry/limx_ws/build/lslidar_msgs': CMAKE_PREFIX_PATH=/opt/ros/humble /usr/bin/cmake /home/jerry/limx_ws/src/lidar/lslidar_msgs -DCMAKE_INSTALL_PREFIX=/home/jerry/limx_ws/install/lslidar_msgs
[0.127s] -- Found ament_cmake: 1.3.12 (/opt/ros/humble/share/ament_cmake/cmake)
[0.475s] -- Found Python3: /usr/bin/python3 (found version "3.10.12") found components: Interpreter 
[0.669s] -- Found std_msgs: 4.9.0 (/opt/ros/humble/share/std_msgs/cmake)
[0.791s] -- Found rosidl_generator_c: 3.1.8 (/opt/ros/humble/share/rosidl_generator_c/cmake)
[0.808s] -- Found rosidl_adapter: 3.1.8 (/opt/ros/humble/share/rosidl_adapter/cmake)
[0.844s] -- Found rosidl_generator_cpp: 3.1.8 (/opt/ros/humble/share/rosidl_generator_cpp/cmake)
[0.920s] -- Using all available rosidl_typesupport_c: rosidl_typesupport_fastrtps_c;rosidl_typesupport_introspection_c
[1.087s] -- Using all available rosidl_typesupport_cpp: rosidl_typesupport_fastrtps_cpp;rosidl_typesupport_introspection_cpp
[1.233s] -- Found sensor_msgs: 4.9.0 (/opt/ros/humble/share/sensor_msgs/cmake)
[1.233s] -- Found rosidl_default_generators: 1.2.0 (/opt/ros/humble/share/rosidl_default_generators/cmake)
[1.236s] -- Found ament_lint_auto: 0.12.14 (/opt/ros/humble/share/ament_lint_auto/cmake)
[1.781s] -- Found ament_cmake_ros: 0.10.0 (/opt/ros/humble/share/ament_cmake_ros/cmake)
[2.602s] -- Using all available rosidl_typesupport_c: rosidl_typesupport_fastrtps_c;rosidl_typesupport_introspection_c
[2.906s] -- Using all available rosidl_typesupport_cpp: rosidl_typesupport_fastrtps_cpp;rosidl_typesupport_introspection_cpp
[2.959s] -- Found PythonInterp: /usr/bin/python3 (found suitable version "3.10.12", minimum required is "3.6") 
[2.966s] -- Found python_cmake_module: 0.10.0 (/opt/ros/humble/share/python_cmake_module/cmake)
[3.027s] -- Found PythonLibs: /usr/lib/x86_64-linux-gnu/libpython3.10.so (found suitable version "3.10.12", minimum required is "3.5") 
[3.027s] -- Using PYTHON_EXECUTABLE: /usr/bin/python3
[3.027s] -- Using PYTHON_INCLUDE_DIRS: /usr/include/python3.10
[3.028s] -- Using PYTHON_LIBRARIES: /usr/lib/x86_64-linux-gnu/libpython3.10.so
[3.072s] -- Found PythonExtra: .so  
[3.195s] -- Added test 'copyright' to check source files copyright and LICENSE
[3.204s] -- Added test 'lint_cmake' to check CMake code style
[3.210s] -- Added test 'xmllint' to check XML markup files
[3.229s] -- Configuring done
[3.356s] -- Generating done
[3.373s] -- Build files have been written to: /home/jerry/limx_ws/build/lslidar_msgs
[3.385s] Invoked command in '/home/jerry/limx_ws/build/lslidar_msgs' returned '0': CMAKE_PREFIX_PATH=/opt/ros/humble /usr/bin/cmake /home/jerry/limx_ws/src/lidar/lslidar_msgs -DCMAKE_INSTALL_PREFIX=/home/jerry/limx_ws/install/lslidar_msgs
[3.389s] Invoking command in '/home/jerry/limx_ws/build/lslidar_msgs': CMAKE_PREFIX_PATH=/opt/ros/humble /usr/bin/cmake --build /home/jerry/limx_ws/build/lslidar_msgs -- -j8 -l8
[3.534s] [  1%] [34m[1mGenerating C code for ROS interfaces[0m
[3.572s] [  3%] [34m[1mGenerating C++ code for ROS interfaces[0m
[3.604s] [  3%] Built target ament_cmake_python_copy_lslidar_msgs
[4.159s] running egg_info
[4.159s] creating lslidar_msgs.egg-info
[4.162s] writing lslidar_msgs.egg-info/PKG-INFO
[4.162s] writing dependency_links to lslidar_msgs.egg-info/dependency_links.txt
[4.166s] writing top-level names to lslidar_msgs.egg-info/top_level.txt
[4.166s] writing manifest file 'lslidar_msgs.egg-info/SOURCES.txt'
[4.171s] reading manifest file 'lslidar_msgs.egg-info/SOURCES.txt'
[4.171s] writing manifest file 'lslidar_msgs.egg-info/SOURCES.txt'
[4.226s] [  3%] Built target ament_cmake_python_build_lslidar_msgs_egg
[4.312s] [  4%] [32mBuilding C object CMakeFiles/lslidar_msgs__rosidl_generator_c.dir/rosidl_generator_c/lslidar_msgs/msg/detail/lslidar_difop__functions.c.o[0m
[4.314s] [  6%] [32mBuilding C object CMakeFiles/lslidar_msgs__rosidl_generator_c.dir/rosidl_generator_c/lslidar_msgs/msg/detail/lslidar_packet__functions.c.o[0m
[4.316s] [  7%] [32mBuilding C object CMakeFiles/lslidar_msgs__rosidl_generator_c.dir/rosidl_generator_c/lslidar_msgs/msg/detail/lslidar_point__functions.c.o[0m
[4.320s] [  9%] [32mBuilding C object CMakeFiles/lslidar_msgs__rosidl_generator_c.dir/rosidl_generator_c/lslidar_msgs/msg/detail/lslidar_scan__functions.c.o[0m
[4.322s] [  9%] Built target lslidar_msgs__cpp
[4.322s] [ 11%] [32mBuilding C object CMakeFiles/lslidar_msgs__rosidl_generator_c.dir/rosidl_generator_c/lslidar_msgs/msg/detail/lslidar_sweep__functions.c.o[0m
[4.367s] [ 12%] [34m[1mGenerating C++ type support dispatch for ROS interfaces[0m
[4.382s] [ 14%] [34m[1mGenerating C++ type support for eProsima Fast-RTPS[0m
[4.389s] [ 15%] [34m[1mGenerating C++ introspection for ROS interfaces[0m
[4.559s] [ 17%] [32m[1mLinking C shared library liblslidar_msgs__rosidl_generator_c.so[0m
[4.719s] [ 17%] Built target lslidar_msgs__rosidl_generator_c
[4.769s] [ 19%] [34m[1mGenerating C type support for eProsima Fast-RTPS[0m
[4.783s] [ 20%] [34m[1mGenerating C type support dispatch for ROS interfaces[0m
[4.786s] [ 22%] [34m[1mGenerating C introspection for ROS interfaces[0m
[4.895s] [ 23%] [32mBuilding CXX object CMakeFiles/lslidar_msgs__rosidl_typesupport_cpp.dir/rosidl_typesupport_cpp/lslidar_msgs/msg/lslidar_difop__type_support.cpp.o[0m
[4.909s] [ 25%] [32mBuilding CXX object CMakeFiles/lslidar_msgs__rosidl_typesupport_cpp.dir/rosidl_typesupport_cpp/lslidar_msgs/msg/lslidar_packet__type_support.cpp.o[0m
[4.989s] [ 26%] [32mBuilding CXX object CMakeFiles/lslidar_msgs__rosidl_typesupport_cpp.dir/rosidl_typesupport_cpp/lslidar_msgs/msg/lslidar_point__type_support.cpp.o[0m
[5.041s] [ 28%] [32mBuilding CXX object CMakeFiles/lslidar_msgs__rosidl_typesupport_fastrtps_cpp.dir/rosidl_typesupport_fastrtps_cpp/lslidar_msgs/msg/detail/dds_fastrtps/lslidar_difop__type_support.cpp.o[0m
[5.208s] [ 30%] [32mBuilding CXX object CMakeFiles/lslidar_msgs__rosidl_typesupport_introspection_cpp.dir/rosidl_typesupport_introspection_cpp/lslidar_msgs/msg/detail/lslidar_difop__type_support.cpp.o[0m
[5.406s] [ 31%] [32mBuilding CXX object CMakeFiles/lslidar_msgs__rosidl_typesupport_c.dir/rosidl_typesupport_c/lslidar_msgs/msg/lslidar_difop__type_support.cpp.o[0m
[5.544s] [ 33%] [32mBuilding CXX object CMakeFiles/lslidar_msgs__rosidl_typesupport_c.dir/rosidl_typesupport_c/lslidar_msgs/msg/lslidar_packet__type_support.cpp.o[0m
[5.626s] [ 34%] [32mBuilding C object CMakeFiles/lslidar_msgs__rosidl_typesupport_introspection_c.dir/rosidl_typesupport_introspection_c/lslidar_msgs/msg/detail/lslidar_difop__type_support.c.o[0m
[5.640s] [ 36%] [32mBuilding CXX object CMakeFiles/lslidar_msgs__rosidl_typesupport_fastrtps_c.dir/rosidl_typesupport_fastrtps_c/lslidar_msgs/msg/detail/lslidar_difop__type_support_c.cpp.o[0m
[5.680s] [ 38%] [32mBuilding CXX object CMakeFiles/lslidar_msgs__rosidl_typesupport_c.dir/rosidl_typesupport_c/lslidar_msgs/msg/lslidar_point__type_support.cpp.o[0m
[5.797s] [ 39%] [32mBuilding C object CMakeFiles/lslidar_msgs__rosidl_typesupport_introspection_c.dir/rosidl_typesupport_introspection_c/lslidar_msgs/msg/detail/lslidar_packet__type_support.c.o[0m
[5.815s] [ 41%] [32mBuilding C object CMakeFiles/lslidar_msgs__rosidl_typesupport_introspection_c.dir/rosidl_typesupport_introspection_c/lslidar_msgs/msg/detail/lslidar_point__type_support.c.o[0m
[5.821s] [ 42%] [32mBuilding CXX object CMakeFiles/lslidar_msgs__rosidl_typesupport_introspection_cpp.dir/rosidl_typesupport_introspection_cpp/lslidar_msgs/msg/detail/lslidar_packet__type_support.cpp.o[0m
[5.841s] [ 44%] [32mBuilding CXX object CMakeFiles/lslidar_msgs__rosidl_typesupport_cpp.dir/rosidl_typesupport_cpp/lslidar_msgs/msg/lslidar_scan__type_support.cpp.o[0m
[5.886s] [ 46%] [32mBuilding CXX object CMakeFiles/lslidar_msgs__rosidl_typesupport_c.dir/rosidl_typesupport_c/lslidar_msgs/msg/lslidar_scan__type_support.cpp.o[0m
[5.970s] [ 47%] [32mBuilding CXX object CMakeFiles/lslidar_msgs__rosidl_typesupport_cpp.dir/rosidl_typesupport_cpp/lslidar_msgs/msg/lslidar_sweep__type_support.cpp.o[0m
[5.970s] [ 49%] [32mBuilding C object CMakeFiles/lslidar_msgs__rosidl_typesupport_introspection_c.dir/rosidl_typesupport_introspection_c/lslidar_msgs/msg/detail/lslidar_scan__type_support.c.o[0m
[6.059s] [ 50%] [32mBuilding CXX object CMakeFiles/lslidar_msgs__rosidl_typesupport_c.dir/rosidl_typesupport_c/lslidar_msgs/msg/lslidar_sweep__type_support.cpp.o[0m
[6.124s] [ 52%] [32mBuilding CXX object CMakeFiles/lslidar_msgs__rosidl_typesupport_fastrtps_cpp.dir/rosidl_typesupport_fastrtps_cpp/lslidar_msgs/msg/detail/dds_fastrtps/lslidar_packet__type_support.cpp.o[0m
[6.135s] [ 53%] [32mBuilding C object CMakeFiles/lslidar_msgs__rosidl_typesupport_introspection_c.dir/rosidl_typesupport_introspection_c/lslidar_msgs/msg/detail/lslidar_sweep__type_support.c.o[0m
[6.170s] [ 55%] [32mBuilding CXX object CMakeFiles/lslidar_msgs__rosidl_typesupport_fastrtps_cpp.dir/rosidl_typesupport_fastrtps_cpp/lslidar_msgs/msg/detail/dds_fastrtps/lslidar_point__type_support.cpp.o[0m
[6.197s] [ 57%] [32m[1mLinking CXX shared library liblslidar_msgs__rosidl_typesupport_c.so[0m
[6.320s] [ 58%] [32m[1mLinking C shared library liblslidar_msgs__rosidl_typesupport_introspection_c.so[0m
[6.384s] [ 58%] Built target lslidar_msgs__rosidl_typesupport_c
[6.428s] [ 60%] [32mBuilding CXX object CMakeFiles/lslidar_msgs__rosidl_typesupport_fastrtps_cpp.dir/rosidl_typesupport_fastrtps_cpp/lslidar_msgs/msg/detail/dds_fastrtps/lslidar_scan__type_support.cpp.o[0m
[6.504s] [ 61%] [32mBuilding CXX object CMakeFiles/lslidar_msgs__rosidl_typesupport_fastrtps_c.dir/rosidl_typesupport_fastrtps_c/lslidar_msgs/msg/detail/lslidar_packet__type_support_c.cpp.o[0m
[6.544s] [ 61%] Built target lslidar_msgs__rosidl_typesupport_introspection_c
[6.583s] [ 63%] [32mBuilding CXX object CMakeFiles/lslidar_msgs__rosidl_typesupport_fastrtps_c.dir/rosidl_typesupport_fastrtps_c/lslidar_msgs/msg/detail/lslidar_point__type_support_c.cpp.o[0m
[6.601s] [ 65%] [32mBuilding CXX object CMakeFiles/lslidar_msgs__rosidl_typesupport_introspection_cpp.dir/rosidl_typesupport_introspection_cpp/lslidar_msgs/msg/detail/lslidar_point__type_support.cpp.o[0m
[6.828s] [ 66%] [32m[1mLinking CXX shared library liblslidar_msgs__rosidl_typesupport_cpp.so[0m
[6.899s] [ 68%] [32mBuilding CXX object CMakeFiles/lslidar_msgs__rosidl_typesupport_introspection_cpp.dir/rosidl_typesupport_introspection_cpp/lslidar_msgs/msg/detail/lslidar_scan__type_support.cpp.o[0m
[7.073s] [ 68%] Built target lslidar_msgs__rosidl_typesupport_cpp
[7.115s] [ 69%] [32mBuilding CXX object CMakeFiles/lslidar_msgs__rosidl_typesupport_fastrtps_c.dir/rosidl_typesupport_fastrtps_c/lslidar_msgs/msg/detail/lslidar_scan__type_support_c.cpp.o[0m
[7.127s] [ 71%] [32mBuilding CXX object CMakeFiles/lslidar_msgs__rosidl_typesupport_introspection_cpp.dir/rosidl_typesupport_introspection_cpp/lslidar_msgs/msg/detail/lslidar_sweep__type_support.cpp.o[0m
[7.383s] [ 73%] [32mBuilding CXX object CMakeFiles/lslidar_msgs__rosidl_typesupport_fastrtps_cpp.dir/rosidl_typesupport_fastrtps_cpp/lslidar_msgs/msg/detail/dds_fastrtps/lslidar_sweep__type_support.cpp.o[0m
[7.395s] [ 74%] [32mBuilding CXX object CMakeFiles/lslidar_msgs__rosidl_typesupport_fastrtps_c.dir/rosidl_typesupport_fastrtps_c/lslidar_msgs/msg/detail/lslidar_sweep__type_support_c.cpp.o[0m
[8.187s] [ 76%] [32m[1mLinking CXX shared library liblslidar_msgs__rosidl_typesupport_introspection_cpp.so[0m
[8.189s] [ 77%] [32m[1mLinking CXX shared library liblslidar_msgs__rosidl_typesupport_fastrtps_c.so[0m
[8.262s] [ 79%] [32m[1mLinking CXX shared library liblslidar_msgs__rosidl_typesupport_fastrtps_cpp.so[0m
[8.448s] [ 79%] Built target lslidar_msgs__rosidl_typesupport_fastrtps_c
[8.455s] [ 79%] Built target lslidar_msgs__rosidl_typesupport_introspection_cpp
[8.524s] [ 79%] Built target lslidar_msgs__rosidl_typesupport_fastrtps_cpp
[8.599s] [ 79%] Built target lslidar_msgs
[8.680s] [ 80%] [34m[1mGenerating Python code for ROS interfaces[0m
[9.370s] [ 80%] Built target lslidar_msgs__py
[9.450s] [ 82%] [32mBuilding C object CMakeFiles/lslidar_msgs__rosidl_generator_py.dir/rosidl_generator_py/lslidar_msgs/msg/_lslidar_difop_s.c.o[0m
[9.452s] [ 84%] [32mBuilding C object CMakeFiles/lslidar_msgs__rosidl_generator_py.dir/rosidl_generator_py/lslidar_msgs/msg/_lslidar_packet_s.c.o[0m
[9.452s] [ 85%] [32mBuilding C object CMakeFiles/lslidar_msgs__rosidl_generator_py.dir/rosidl_generator_py/lslidar_msgs/msg/_lslidar_point_s.c.o[0m
[9.454s] [ 87%] [32mBuilding C object CMakeFiles/lslidar_msgs__rosidl_generator_py.dir/rosidl_generator_py/lslidar_msgs/msg/_lslidar_scan_s.c.o[0m
[9.456s] [ 88%] [32mBuilding C object CMakeFiles/lslidar_msgs__rosidl_generator_py.dir/rosidl_generator_py/lslidar_msgs/msg/_lslidar_sweep_s.c.o[0m
[9.851s] [ 90%] [32m[1mLinking C shared library rosidl_generator_py/lslidar_msgs/liblslidar_msgs__rosidl_generator_py.so[0m
[10.005s] [ 90%] Built target lslidar_msgs__rosidl_generator_py
[10.084s] [ 93%] [32mBuilding C object CMakeFiles/lslidar_msgs__rosidl_typesupport_fastrtps_c__pyext.dir/rosidl_generator_py/lslidar_msgs/_lslidar_msgs_s.ep.rosidl_typesupport_fastrtps_c.c.o[0m
[10.085s] [ 93%] [32mBuilding C object CMakeFiles/lslidar_msgs__rosidl_typesupport_introspection_c__pyext.dir/rosidl_generator_py/lslidar_msgs/_lslidar_msgs_s.ep.rosidl_typesupport_introspection_c.c.o[0m
[10.087s] [ 95%] [32mBuilding C object CMakeFiles/lslidar_msgs__rosidl_typesupport_c__pyext.dir/rosidl_generator_py/lslidar_msgs/_lslidar_msgs_s.ep.rosidl_typesupport_c.c.o[0m
[10.476s] [ 96%] [32m[1mLinking C shared library rosidl_generator_py/lslidar_msgs/lslidar_msgs_s__rosidl_typesupport_fastrtps_c.cpython-310-x86_64-linux-gnu.so[0m
[10.477s] [ 98%] [32m[1mLinking C shared library rosidl_generator_py/lslidar_msgs/lslidar_msgs_s__rosidl_typesupport_introspection_c.cpython-310-x86_64-linux-gnu.so[0m
[10.481s] [100%] [32m[1mLinking C shared library rosidl_generator_py/lslidar_msgs/lslidar_msgs_s__rosidl_typesupport_c.cpython-310-x86_64-linux-gnu.so[0m
[10.634s] [100%] Built target lslidar_msgs__rosidl_typesupport_fastrtps_c__pyext
[10.635s] [100%] Built target lslidar_msgs__rosidl_typesupport_introspection_c__pyext
[10.637s] [100%] Built target lslidar_msgs__rosidl_typesupport_c__pyext
[10.675s] Invoked command in '/home/jerry/limx_ws/build/lslidar_msgs' returned '0': CMAKE_PREFIX_PATH=/opt/ros/humble /usr/bin/cmake --build /home/jerry/limx_ws/build/lslidar_msgs -- -j8 -l8
[10.680s] Invoking command in '/home/jerry/limx_ws/build/lslidar_msgs': CMAKE_PREFIX_PATH=/opt/ros/humble /usr/bin/cmake --install /home/jerry/limx_ws/build/lslidar_msgs
[10.706s] -- Install configuration: ""
[10.706s] -- Installing: /home/jerry/limx_ws/install/lslidar_msgs/share/ament_index/resource_index/rosidl_interfaces/lslidar_msgs
[10.707s] -- Installing: /home/jerry/limx_ws/install/lslidar_msgs/include/lslidar_msgs/lslidar_msgs
[10.707s] -- Installing: /home/jerry/limx_ws/install/lslidar_msgs/include/lslidar_msgs/lslidar_msgs/msg
[10.708s] -- Installing: /home/jerry/limx_ws/install/lslidar_msgs/include/lslidar_msgs/lslidar_msgs/msg/lslidar_point.h
[10.709s] -- Installing: /home/jerry/limx_ws/install/lslidar_msgs/include/lslidar_msgs/lslidar_msgs/msg/rosidl_generator_c__visibility_control.h
[10.709s] -- Installing: /home/jerry/limx_ws/install/lslidar_msgs/include/lslidar_msgs/lslidar_msgs/msg/lslidar_difop.h
[10.710s] -- Installing: /home/jerry/limx_ws/install/lslidar_msgs/include/lslidar_msgs/lslidar_msgs/msg/detail
[10.710s] -- Installing: /home/jerry/limx_ws/install/lslidar_msgs/include/lslidar_msgs/lslidar_msgs/msg/detail/lslidar_scan__functions.h
[10.711s] -- Installing: /home/jerry/limx_ws/install/lslidar_msgs/include/lslidar_msgs/lslidar_msgs/msg/detail/lslidar_difop__functions.c
[10.711s] -- Installing: /home/jerry/limx_ws/install/lslidar_msgs/include/lslidar_msgs/lslidar_msgs/msg/detail/lslidar_scan__struct.h
[10.712s] -- Installing: /home/jerry/limx_ws/install/lslidar_msgs/include/lslidar_msgs/lslidar_msgs/msg/detail/lslidar_packet__type_support.h
[10.713s] -- Installing: /home/jerry/limx_ws/install/lslidar_msgs/include/lslidar_msgs/lslidar_msgs/msg/detail/lslidar_difop__struct.h
[10.713s] -- Installing: /home/jerry/limx_ws/install/lslidar_msgs/include/lslidar_msgs/lslidar_msgs/msg/detail/lslidar_scan__type_support.h
[10.714s] -- Installing: /home/jerry/limx_ws/install/lslidar_msgs/include/lslidar_msgs/lslidar_msgs/msg/detail/lslidar_scan__functions.c
[10.714s] -- Installing: /home/jerry/limx_ws/install/lslidar_msgs/include/lslidar_msgs/lslidar_msgs/msg/detail/lslidar_point__functions.c
[10.715s] -- Installing: /home/jerry/limx_ws/install/lslidar_msgs/include/lslidar_msgs/lslidar_msgs/msg/detail/lslidar_packet__functions.c
[10.715s] -- Installing: /home/jerry/limx_ws/install/lslidar_msgs/include/lslidar_msgs/lslidar_msgs/msg/detail/lslidar_point__struct.h
[10.716s] -- Installing: /home/jerry/limx_ws/install/lslidar_msgs/include/lslidar_msgs/lslidar_msgs/msg/detail/lslidar_difop__type_support.h
[10.717s] -- Installing: /home/jerry/limx_ws/install/lslidar_msgs/include/lslidar_msgs/lslidar_msgs/msg/detail/lslidar_packet__functions.h
[10.717s] -- Installing: /home/jerry/limx_ws/install/lslidar_msgs/include/lslidar_msgs/lslidar_msgs/msg/detail/lslidar_sweep__functions.h
[10.719s] -- Installing: /home/jerry/limx_ws/install/lslidar_msgs/include/lslidar_msgs/lslidar_msgs/msg/detail/lslidar_difop__functions.h
[10.719s] -- Installing: /home/jerry/limx_ws/install/lslidar_msgs/include/lslidar_msgs/lslidar_msgs/msg/detail/lslidar_sweep__functions.c
[10.719s] -- Installing: /home/jerry/limx_ws/install/lslidar_msgs/include/lslidar_msgs/lslidar_msgs/msg/detail/lslidar_packet__struct.h
[10.720s] -- Installing: /home/jerry/limx_ws/install/lslidar_msgs/include/lslidar_msgs/lslidar_msgs/msg/detail/lslidar_sweep__struct.h
[10.720s] -- Installing: /home/jerry/limx_ws/install/lslidar_msgs/include/lslidar_msgs/lslidar_msgs/msg/detail/lslidar_point__functions.h
[10.721s] -- Installing: /home/jerry/limx_ws/install/lslidar_msgs/include/lslidar_msgs/lslidar_msgs/msg/detail/lslidar_sweep__type_support.h
[10.721s] -- Installing: /home/jerry/limx_ws/install/lslidar_msgs/include/lslidar_msgs/lslidar_msgs/msg/detail/lslidar_point__type_support.h
[10.722s] -- Installing: /home/jerry/limx_ws/install/lslidar_msgs/include/lslidar_msgs/lslidar_msgs/msg/lslidar_packet.h
[10.723s] -- Installing: /home/jerry/limx_ws/install/lslidar_msgs/include/lslidar_msgs/lslidar_msgs/msg/lslidar_scan.h
[10.723s] -- Installing: /home/jerry/limx_ws/install/lslidar_msgs/include/lslidar_msgs/lslidar_msgs/msg/lslidar_sweep.h
[10.724s] -- Installing: /home/jerry/limx_ws/install/lslidar_msgs/share/lslidar_msgs/environment/library_path.sh
[10.725s] -- Installing: /home/jerry/limx_ws/install/lslidar_msgs/share/lslidar_msgs/environment/library_path.dsv
[10.726s] -- Installing: /home/jerry/limx_ws/install/lslidar_msgs/lib/liblslidar_msgs__rosidl_generator_c.so
[10.730s] -- Set runtime path of "/home/jerry/limx_ws/install/lslidar_msgs/lib/liblslidar_msgs__rosidl_generator_c.so" to ""
[10.730s] -- Up-to-date: /home/jerry/limx_ws/install/lslidar_msgs/include/lslidar_msgs/lslidar_msgs
[10.730s] -- Up-to-date: /home/jerry/limx_ws/install/lslidar_msgs/include/lslidar_msgs/lslidar_msgs/msg
[10.730s] -- Installing: /home/jerry/limx_ws/install/lslidar_msgs/include/lslidar_msgs/lslidar_msgs/msg/rosidl_typesupport_fastrtps_c__visibility_control.h
[10.731s] -- Up-to-date: /home/jerry/limx_ws/install/lslidar_msgs/include/lslidar_msgs/lslidar_msgs/msg/detail
[10.731s] -- Installing: /home/jerry/limx_ws/install/lslidar_msgs/include/lslidar_msgs/lslidar_msgs/msg/detail/lslidar_sweep__rosidl_typesupport_fastrtps_c.h
[10.732s] -- Installing: /home/jerry/limx_ws/install/lslidar_msgs/include/lslidar_msgs/lslidar_msgs/msg/detail/lslidar_difop__rosidl_typesupport_fastrtps_c.h
[10.732s] -- Installing: /home/jerry/limx_ws/install/lslidar_msgs/include/lslidar_msgs/lslidar_msgs/msg/detail/lslidar_scan__rosidl_typesupport_fastrtps_c.h
[10.733s] -- Installing: /home/jerry/limx_ws/install/lslidar_msgs/include/lslidar_msgs/lslidar_msgs/msg/detail/lslidar_point__rosidl_typesupport_fastrtps_c.h
[10.733s] -- Installing: /home/jerry/limx_ws/install/lslidar_msgs/include/lslidar_msgs/lslidar_msgs/msg/detail/lslidar_packet__rosidl_typesupport_fastrtps_c.h
[10.734s] -- Installing: /home/jerry/limx_ws/install/lslidar_msgs/lib/liblslidar_msgs__rosidl_typesupport_fastrtps_c.so
[10.738s] -- Set runtime path of "/home/jerry/limx_ws/install/lslidar_msgs/lib/liblslidar_msgs__rosidl_typesupport_fastrtps_c.so" to ""
[10.738s] -- Up-to-date: /home/jerry/limx_ws/install/lslidar_msgs/include/lslidar_msgs/lslidar_msgs
[10.738s] -- Up-to-date: /home/jerry/limx_ws/install/lslidar_msgs/include/lslidar_msgs/lslidar_msgs/msg
[10.739s] -- Installing: /home/jerry/limx_ws/install/lslidar_msgs/include/lslidar_msgs/lslidar_msgs/msg/rosidl_generator_cpp__visibility_control.hpp
[10.739s] -- Installing: /home/jerry/limx_ws/install/lslidar_msgs/include/lslidar_msgs/lslidar_msgs/msg/lslidar_difop.hpp
[10.740s] -- Installing: /home/jerry/limx_ws/install/lslidar_msgs/include/lslidar_msgs/lslidar_msgs/msg/lslidar_scan.hpp
[10.740s] -- Up-to-date: /home/jerry/limx_ws/install/lslidar_msgs/include/lslidar_msgs/lslidar_msgs/msg/detail
[10.740s] -- Installing: /home/jerry/limx_ws/install/lslidar_msgs/include/lslidar_msgs/lslidar_msgs/msg/detail/lslidar_point__traits.hpp
[10.741s] -- Installing: /home/jerry/limx_ws/install/lslidar_msgs/include/lslidar_msgs/lslidar_msgs/msg/detail/lslidar_sweep__struct.hpp
[10.742s] -- Installing: /home/jerry/limx_ws/install/lslidar_msgs/include/lslidar_msgs/lslidar_msgs/msg/detail/lslidar_packet__builder.hpp
[10.742s] -- Installing: /home/jerry/limx_ws/install/lslidar_msgs/include/lslidar_msgs/lslidar_msgs/msg/detail/lslidar_difop__type_support.hpp
[10.743s] -- Installing: /home/jerry/limx_ws/install/lslidar_msgs/include/lslidar_msgs/lslidar_msgs/msg/detail/lslidar_sweep__type_support.hpp
[10.744s] -- Installing: /home/jerry/limx_ws/install/lslidar_msgs/include/lslidar_msgs/lslidar_msgs/msg/detail/lslidar_scan__type_support.hpp
[10.744s] -- Installing: /home/jerry/limx_ws/install/lslidar_msgs/include/lslidar_msgs/lslidar_msgs/msg/detail/lslidar_sweep__traits.hpp
[10.745s] -- Installing: /home/jerry/limx_ws/install/lslidar_msgs/include/lslidar_msgs/lslidar_msgs/msg/detail/lslidar_scan__builder.hpp
[10.745s] -- Installing: /home/jerry/limx_ws/install/lslidar_msgs/include/lslidar_msgs/lslidar_msgs/msg/detail/lslidar_packet__traits.hpp
[10.746s] -- Installing: /home/jerry/limx_ws/install/lslidar_msgs/include/lslidar_msgs/lslidar_msgs/msg/detail/lslidar_scan__struct.hpp
[10.747s] -- Installing: /home/jerry/limx_ws/install/lslidar_msgs/include/lslidar_msgs/lslidar_msgs/msg/detail/lslidar_point__type_support.hpp
[10.747s] -- Installing: /home/jerry/limx_ws/install/lslidar_msgs/include/lslidar_msgs/lslidar_msgs/msg/detail/lslidar_packet__type_support.hpp
[10.748s] -- Installing: /home/jerry/limx_ws/install/lslidar_msgs/include/lslidar_msgs/lslidar_msgs/msg/detail/lslidar_point__struct.hpp
[10.748s] -- Installing: /home/jerry/limx_ws/install/lslidar_msgs/include/lslidar_msgs/lslidar_msgs/msg/detail/lslidar_difop__struct.hpp
[10.749s] -- Installing: /home/jerry/limx_ws/install/lslidar_msgs/include/lslidar_msgs/lslidar_msgs/msg/detail/lslidar_sweep__builder.hpp
[10.749s] -- Installing: /home/jerry/limx_ws/install/lslidar_msgs/include/lslidar_msgs/lslidar_msgs/msg/detail/lslidar_scan__traits.hpp
[10.750s] -- Installing: /home/jerry/limx_ws/install/lslidar_msgs/include/lslidar_msgs/lslidar_msgs/msg/detail/lslidar_difop__builder.hpp
[10.751s] -- Installing: /home/jerry/limx_ws/install/lslidar_msgs/include/lslidar_msgs/lslidar_msgs/msg/detail/lslidar_packet__struct.hpp
[10.751s] -- Installing: /home/jerry/limx_ws/install/lslidar_msgs/include/lslidar_msgs/lslidar_msgs/msg/detail/lslidar_difop__traits.hpp
[10.752s] -- Installing: /home/jerry/limx_ws/install/lslidar_msgs/include/lslidar_msgs/lslidar_msgs/msg/detail/lslidar_point__builder.hpp
[10.753s] -- Installing: /home/jerry/limx_ws/install/lslidar_msgs/include/lslidar_msgs/lslidar_msgs/msg/lslidar_point.hpp
[10.753s] -- Installing: /home/jerry/limx_ws/install/lslidar_msgs/include/lslidar_msgs/lslidar_msgs/msg/lslidar_sweep.hpp
[10.754s] -- Installing: /home/jerry/limx_ws/install/lslidar_msgs/include/lslidar_msgs/lslidar_msgs/msg/lslidar_packet.hpp
[10.754s] -- Up-to-date: /home/jerry/limx_ws/install/lslidar_msgs/include/lslidar_msgs/lslidar_msgs
[10.754s] -- Up-to-date: /home/jerry/limx_ws/install/lslidar_msgs/include/lslidar_msgs/lslidar_msgs/msg
[10.755s] -- Installing: /home/jerry/limx_ws/install/lslidar_msgs/include/lslidar_msgs/lslidar_msgs/msg/rosidl_typesupport_fastrtps_cpp__visibility_control.h
[10.755s] -- Up-to-date: /home/jerry/limx_ws/install/lslidar_msgs/include/lslidar_msgs/lslidar_msgs/msg/detail
[10.755s] -- Installing: /home/jerry/limx_ws/install/lslidar_msgs/include/lslidar_msgs/lslidar_msgs/msg/detail/lslidar_packet__rosidl_typesupport_fastrtps_cpp.hpp
[10.756s] -- Installing: /home/jerry/limx_ws/install/lslidar_msgs/include/lslidar_msgs/lslidar_msgs/msg/detail/lslidar_scan__rosidl_typesupport_fastrtps_cpp.hpp
[10.757s] -- Installing: /home/jerry/limx_ws/install/lslidar_msgs/include/lslidar_msgs/lslidar_msgs/msg/detail/dds_fastrtps
[10.757s] -- Installing: /home/jerry/limx_ws/install/lslidar_msgs/include/lslidar_msgs/lslidar_msgs/msg/detail/lslidar_point__rosidl_typesupport_fastrtps_cpp.hpp
[10.758s] -- Installing: /home/jerry/limx_ws/install/lslidar_msgs/include/lslidar_msgs/lslidar_msgs/msg/detail/lslidar_sweep__rosidl_typesupport_fastrtps_cpp.hpp
[10.759s] -- Installing: /home/jerry/limx_ws/install/lslidar_msgs/include/lslidar_msgs/lslidar_msgs/msg/detail/lslidar_difop__rosidl_typesupport_fastrtps_cpp.hpp
[10.759s] -- Installing: /home/jerry/limx_ws/install/lslidar_msgs/lib/liblslidar_msgs__rosidl_typesupport_fastrtps_cpp.so
[10.763s] -- Set runtime path of "/home/jerry/limx_ws/install/lslidar_msgs/lib/liblslidar_msgs__rosidl_typesupport_fastrtps_cpp.so" to ""
[10.764s] -- Up-to-date: /home/jerry/limx_ws/install/lslidar_msgs/include/lslidar_msgs/lslidar_msgs
[10.764s] -- Up-to-date: /home/jerry/limx_ws/install/lslidar_msgs/include/lslidar_msgs/lslidar_msgs/msg
[10.764s] -- Installing: /home/jerry/limx_ws/install/lslidar_msgs/include/lslidar_msgs/lslidar_msgs/msg/rosidl_typesupport_introspection_c__visibility_control.h
[10.765s] -- Up-to-date: /home/jerry/limx_ws/install/lslidar_msgs/include/lslidar_msgs/lslidar_msgs/msg/detail
[10.765s] -- Installing: /home/jerry/limx_ws/install/lslidar_msgs/include/lslidar_msgs/lslidar_msgs/msg/detail/lslidar_difop__rosidl_typesupport_introspection_c.h
[10.765s] -- Installing: /home/jerry/limx_ws/install/lslidar_msgs/include/lslidar_msgs/lslidar_msgs/msg/detail/lslidar_point__type_support.c
[10.766s] -- Installing: /home/jerry/limx_ws/install/lslidar_msgs/include/lslidar_msgs/lslidar_msgs/msg/detail/lslidar_difop__type_support.c
[10.766s] -- Installing: /home/jerry/limx_ws/install/lslidar_msgs/include/lslidar_msgs/lslidar_msgs/msg/detail/lslidar_point__rosidl_typesupport_introspection_c.h
[10.767s] -- Installing: /home/jerry/limx_ws/install/lslidar_msgs/include/lslidar_msgs/lslidar_msgs/msg/detail/lslidar_packet__type_support.c
[10.768s] -- Installing: /home/jerry/limx_ws/install/lslidar_msgs/include/lslidar_msgs/lslidar_msgs/msg/detail/lslidar_sweep__type_support.c
[10.768s] -- Installing: /home/jerry/limx_ws/install/lslidar_msgs/include/lslidar_msgs/lslidar_msgs/msg/detail/lslidar_packet__rosidl_typesupport_introspection_c.h
[10.769s] -- Installing: /home/jerry/limx_ws/install/lslidar_msgs/include/lslidar_msgs/lslidar_msgs/msg/detail/lslidar_scan__rosidl_typesupport_introspection_c.h
[10.769s] -- Installing: /home/jerry/limx_ws/install/lslidar_msgs/include/lslidar_msgs/lslidar_msgs/msg/detail/lslidar_scan__type_support.c
[10.770s] -- Installing: /home/jerry/limx_ws/install/lslidar_msgs/include/lslidar_msgs/lslidar_msgs/msg/detail/lslidar_sweep__rosidl_typesupport_introspection_c.h
[10.770s] -- Installing: /home/jerry/limx_ws/install/lslidar_msgs/lib/liblslidar_msgs__rosidl_typesupport_introspection_c.so
[10.774s] -- Set runtime path of "/home/jerry/limx_ws/install/lslidar_msgs/lib/liblslidar_msgs__rosidl_typesupport_introspection_c.so" to ""
[10.775s] -- Installing: /home/jerry/limx_ws/install/lslidar_msgs/lib/liblslidar_msgs__rosidl_typesupport_c.so
[10.777s] -- Set runtime path of "/home/jerry/limx_ws/install/lslidar_msgs/lib/liblslidar_msgs__rosidl_typesupport_c.so" to ""
[10.778s] -- Up-to-date: /home/jerry/limx_ws/install/lslidar_msgs/include/lslidar_msgs/lslidar_msgs
[10.778s] -- Up-to-date: /home/jerry/limx_ws/install/lslidar_msgs/include/lslidar_msgs/lslidar_msgs/msg
[10.778s] -- Up-to-date: /home/jerry/limx_ws/install/lslidar_msgs/include/lslidar_msgs/lslidar_msgs/msg/detail
[10.778s] -- Installing: /home/jerry/limx_ws/install/lslidar_msgs/include/lslidar_msgs/lslidar_msgs/msg/detail/lslidar_difop__type_support.cpp
[10.779s] -- Installing: /home/jerry/limx_ws/install/lslidar_msgs/include/lslidar_msgs/lslidar_msgs/msg/detail/lslidar_scan__type_support.cpp
[10.779s] -- Installing: /home/jerry/limx_ws/install/lslidar_msgs/include/lslidar_msgs/lslidar_msgs/msg/detail/lslidar_packet__rosidl_typesupport_introspection_cpp.hpp
[10.780s] -- Installing: /home/jerry/limx_ws/install/lslidar_msgs/include/lslidar_msgs/lslidar_msgs/msg/detail/lslidar_point__rosidl_typesupport_introspection_cpp.hpp
[10.780s] -- Installing: /home/jerry/limx_ws/install/lslidar_msgs/include/lslidar_msgs/lslidar_msgs/msg/detail/lslidar_sweep__rosidl_typesupport_introspection_cpp.hpp
[10.781s] -- Installing: /home/jerry/limx_ws/install/lslidar_msgs/include/lslidar_msgs/lslidar_msgs/msg/detail/lslidar_point__type_support.cpp
[10.782s] -- Installing: /home/jerry/limx_ws/install/lslidar_msgs/include/lslidar_msgs/lslidar_msgs/msg/detail/lslidar_sweep__type_support.cpp
[10.782s] -- Installing: /home/jerry/limx_ws/install/lslidar_msgs/include/lslidar_msgs/lslidar_msgs/msg/detail/lslidar_scan__rosidl_typesupport_introspection_cpp.hpp
[10.783s] -- Installing: /home/jerry/limx_ws/install/lslidar_msgs/include/lslidar_msgs/lslidar_msgs/msg/detail/lslidar_packet__type_support.cpp
[10.783s] -- Installing: /home/jerry/limx_ws/install/lslidar_msgs/include/lslidar_msgs/lslidar_msgs/msg/detail/lslidar_difop__rosidl_typesupport_introspection_cpp.hpp
[10.784s] -- Installing: /home/jerry/limx_ws/install/lslidar_msgs/lib/liblslidar_msgs__rosidl_typesupport_introspection_cpp.so
[10.788s] -- Set runtime path of "/home/jerry/limx_ws/install/lslidar_msgs/lib/liblslidar_msgs__rosidl_typesupport_introspection_cpp.so" to ""
[10.788s] -- Installing: /home/jerry/limx_ws/install/lslidar_msgs/lib/liblslidar_msgs__rosidl_typesupport_cpp.so
[10.792s] -- Set runtime path of "/home/jerry/limx_ws/install/lslidar_msgs/lib/liblslidar_msgs__rosidl_typesupport_cpp.so" to ""
[10.792s] -- Installing: /home/jerry/limx_ws/install/lslidar_msgs/share/lslidar_msgs/environment/pythonpath.sh
[10.793s] -- Installing: /home/jerry/limx_ws/install/lslidar_msgs/share/lslidar_msgs/environment/pythonpath.dsv
[10.793s] -- Installing: /home/jerry/limx_ws/install/lslidar_msgs/local/lib/python3.10/dist-packages/lslidar_msgs-1.2.0-py3.10.egg-info
[10.794s] -- Installing: /home/jerry/limx_ws/install/lslidar_msgs/local/lib/python3.10/dist-packages/lslidar_msgs-1.2.0-py3.10.egg-info/SOURCES.txt
[10.794s] -- Installing: /home/jerry/limx_ws/install/lslidar_msgs/local/lib/python3.10/dist-packages/lslidar_msgs-1.2.0-py3.10.egg-info/dependency_links.txt
[10.795s] -- Installing: /home/jerry/limx_ws/install/lslidar_msgs/local/lib/python3.10/dist-packages/lslidar_msgs-1.2.0-py3.10.egg-info/PKG-INFO
[10.795s] -- Installing: /home/jerry/limx_ws/install/lslidar_msgs/local/lib/python3.10/dist-packages/lslidar_msgs-1.2.0-py3.10.egg-info/top_level.txt
[10.796s] -- Installing: /home/jerry/limx_ws/install/lslidar_msgs/local/lib/python3.10/dist-packages/lslidar_msgs
[10.796s] -- Installing: /home/jerry/limx_ws/install/lslidar_msgs/local/lib/python3.10/dist-packages/lslidar_msgs/_lslidar_msgs_s.ep.rosidl_typesupport_c.c
[10.797s] -- Installing: /home/jerry/limx_ws/install/lslidar_msgs/local/lib/python3.10/dist-packages/lslidar_msgs/__init__.py
[10.798s] -- Installing: /home/jerry/limx_ws/install/lslidar_msgs/local/lib/python3.10/dist-packages/lslidar_msgs/lslidar_msgs_s__rosidl_typesupport_introspection_c.cpython-310-x86_64-linux-gnu.so
[10.798s] -- Installing: /home/jerry/limx_ws/install/lslidar_msgs/local/lib/python3.10/dist-packages/lslidar_msgs/lslidar_msgs_s__rosidl_typesupport_fastrtps_c.cpython-310-x86_64-linux-gnu.so
[10.799s] -- Installing: /home/jerry/limx_ws/install/lslidar_msgs/local/lib/python3.10/dist-packages/lslidar_msgs/_lslidar_msgs_s.ep.rosidl_typesupport_fastrtps_c.c
[10.800s] -- Installing: /home/jerry/limx_ws/install/lslidar_msgs/local/lib/python3.10/dist-packages/lslidar_msgs/liblslidar_msgs__rosidl_generator_py.so
[10.800s] -- Installing: /home/jerry/limx_ws/install/lslidar_msgs/local/lib/python3.10/dist-packages/lslidar_msgs/lslidar_msgs_s__rosidl_typesupport_c.cpython-310-x86_64-linux-gnu.so
[10.801s] -- Installing: /home/jerry/limx_ws/install/lslidar_msgs/local/lib/python3.10/dist-packages/lslidar_msgs/msg
[10.801s] -- Installing: /home/jerry/limx_ws/install/lslidar_msgs/local/lib/python3.10/dist-packages/lslidar_msgs/msg/_lslidar_difop_s.c
[10.802s] -- Installing: /home/jerry/limx_ws/install/lslidar_msgs/local/lib/python3.10/dist-packages/lslidar_msgs/msg/_lslidar_point_s.c
[10.803s] -- Installing: /home/jerry/limx_ws/install/lslidar_msgs/local/lib/python3.10/dist-packages/lslidar_msgs/msg/_lslidar_difop.py
[10.803s] -- Installing: /home/jerry/limx_ws/install/lslidar_msgs/local/lib/python3.10/dist-packages/lslidar_msgs/msg/_lslidar_point.py
[10.804s] -- Installing: /home/jerry/limx_ws/install/lslidar_msgs/local/lib/python3.10/dist-packages/lslidar_msgs/msg/__init__.py
[10.804s] -- Installing: /home/jerry/limx_ws/install/lslidar_msgs/local/lib/python3.10/dist-packages/lslidar_msgs/msg/_lslidar_packet.py
[10.805s] -- Installing: /home/jerry/limx_ws/install/lslidar_msgs/local/lib/python3.10/dist-packages/lslidar_msgs/msg/_lslidar_scan_s.c
[10.805s] -- Installing: /home/jerry/limx_ws/install/lslidar_msgs/local/lib/python3.10/dist-packages/lslidar_msgs/msg/_lslidar_packet_s.c
[10.806s] -- Installing: /home/jerry/limx_ws/install/lslidar_msgs/local/lib/python3.10/dist-packages/lslidar_msgs/msg/_lslidar_scan.py
[10.807s] -- Installing: /home/jerry/limx_ws/install/lslidar_msgs/local/lib/python3.10/dist-packages/lslidar_msgs/msg/_lslidar_sweep.py
[10.807s] -- Installing: /home/jerry/limx_ws/install/lslidar_msgs/local/lib/python3.10/dist-packages/lslidar_msgs/msg/_lslidar_sweep_s.c
[10.808s] -- Installing: /home/jerry/limx_ws/install/lslidar_msgs/local/lib/python3.10/dist-packages/lslidar_msgs/_lslidar_msgs_s.ep.rosidl_typesupport_introspection_c.c
[10.883s] Listing '/home/jerry/limx_ws/install/lslidar_msgs/local/lib/python3.10/dist-packages/lslidar_msgs'...
[10.883s] Compiling '/home/jerry/limx_ws/install/lslidar_msgs/local/lib/python3.10/dist-packages/lslidar_msgs/__init__.py'...
[10.884s] Listing '/home/jerry/limx_ws/install/lslidar_msgs/local/lib/python3.10/dist-packages/lslidar_msgs/msg'...
[10.884s] Compiling '/home/jerry/limx_ws/install/lslidar_msgs/local/lib/python3.10/dist-packages/lslidar_msgs/msg/__init__.py'...
[10.884s] Compiling '/home/jerry/limx_ws/install/lslidar_msgs/local/lib/python3.10/dist-packages/lslidar_msgs/msg/_lslidar_difop.py'...
[10.884s] Compiling '/home/jerry/limx_ws/install/lslidar_msgs/local/lib/python3.10/dist-packages/lslidar_msgs/msg/_lslidar_packet.py'...
[10.884s] Compiling '/home/jerry/limx_ws/install/lslidar_msgs/local/lib/python3.10/dist-packages/lslidar_msgs/msg/_lslidar_point.py'...
[10.884s] Compiling '/home/jerry/limx_ws/install/lslidar_msgs/local/lib/python3.10/dist-packages/lslidar_msgs/msg/_lslidar_scan.py'...
[10.885s] Compiling '/home/jerry/limx_ws/install/lslidar_msgs/local/lib/python3.10/dist-packages/lslidar_msgs/msg/_lslidar_sweep.py'...
[10.888s] -- Installing: /home/jerry/limx_ws/install/lslidar_msgs/local/lib/python3.10/dist-packages/lslidar_msgs/lslidar_msgs_s__rosidl_typesupport_fastrtps_c.cpython-310-x86_64-linux-gnu.so
[10.892s] -- Set runtime path of "/home/jerry/limx_ws/install/lslidar_msgs/local/lib/python3.10/dist-packages/lslidar_msgs/lslidar_msgs_s__rosidl_typesupport_fastrtps_c.cpython-310-x86_64-linux-gnu.so" to ""
[10.894s] -- Installing: /home/jerry/limx_ws/install/lslidar_msgs/local/lib/python3.10/dist-packages/lslidar_msgs/lslidar_msgs_s__rosidl_typesupport_introspection_c.cpython-310-x86_64-linux-gnu.so
[10.897s] -- Set runtime path of "/home/jerry/limx_ws/install/lslidar_msgs/local/lib/python3.10/dist-packages/lslidar_msgs/lslidar_msgs_s__rosidl_typesupport_introspection_c.cpython-310-x86_64-linux-gnu.so" to ""
[10.899s] -- Installing: /home/jerry/limx_ws/install/lslidar_msgs/local/lib/python3.10/dist-packages/lslidar_msgs/lslidar_msgs_s__rosidl_typesupport_c.cpython-310-x86_64-linux-gnu.so
[10.902s] -- Set runtime path of "/home/jerry/limx_ws/install/lslidar_msgs/local/lib/python3.10/dist-packages/lslidar_msgs/lslidar_msgs_s__rosidl_typesupport_c.cpython-310-x86_64-linux-gnu.so" to ""
[10.902s] -- Installing: /home/jerry/limx_ws/install/lslidar_msgs/lib/liblslidar_msgs__rosidl_generator_py.so
[10.906s] -- Set runtime path of "/home/jerry/limx_ws/install/lslidar_msgs/lib/liblslidar_msgs__rosidl_generator_py.so" to ""
[10.906s] -- Installing: /home/jerry/limx_ws/install/lslidar_msgs/share/lslidar_msgs/msg/LslidarDifop.idl
[10.909s] -- Installing: /home/jerry/limx_ws/install/lslidar_msgs/share/lslidar_msgs/msg/LslidarPacket.idl
[10.911s] -- Installing: /home/jerry/limx_ws/install/lslidar_msgs/share/lslidar_msgs/msg/LslidarPoint.idl
[10.912s] -- Installing: /home/jerry/limx_ws/install/lslidar_msgs/share/lslidar_msgs/msg/LslidarScan.idl
[10.912s] -- Installing: /home/jerry/limx_ws/install/lslidar_msgs/share/lslidar_msgs/msg/LslidarSweep.idl
[10.913s] -- Installing: /home/jerry/limx_ws/install/lslidar_msgs/share/lslidar_msgs/msg/LslidarDifop.msg
[10.914s] -- Installing: /home/jerry/limx_ws/install/lslidar_msgs/share/lslidar_msgs/msg/LslidarPacket.msg
[10.914s] -- Installing: /home/jerry/limx_ws/install/lslidar_msgs/share/lslidar_msgs/msg/LslidarPoint.msg
[10.915s] -- Installing: /home/jerry/limx_ws/install/lslidar_msgs/share/lslidar_msgs/msg/LslidarScan.msg
[10.915s] -- Installing: /home/jerry/limx_ws/install/lslidar_msgs/share/lslidar_msgs/msg/LslidarSweep.msg
[10.916s] -- Installing: /home/jerry/limx_ws/install/lslidar_msgs/share/ament_index/resource_index/package_run_dependencies/lslidar_msgs
[10.917s] -- Installing: /home/jerry/limx_ws/install/lslidar_msgs/share/ament_index/resource_index/parent_prefix_path/lslidar_msgs
[10.918s] -- Installing: /home/jerry/limx_ws/install/lslidar_msgs/share/lslidar_msgs/environment/ament_prefix_path.sh
[10.918s] -- Installing: /home/jerry/limx_ws/install/lslidar_msgs/share/lslidar_msgs/environment/ament_prefix_path.dsv
[10.919s] -- Installing: /home/jerry/limx_ws/install/lslidar_msgs/share/lslidar_msgs/environment/path.sh
[10.919s] -- Installing: /home/jerry/limx_ws/install/lslidar_msgs/share/lslidar_msgs/environment/path.dsv
[10.920s] -- Installing: /home/jerry/limx_ws/install/lslidar_msgs/share/lslidar_msgs/local_setup.bash
[10.921s] -- Installing: /home/jerry/limx_ws/install/lslidar_msgs/share/lslidar_msgs/local_setup.sh
[10.921s] -- Installing: /home/jerry/limx_ws/install/lslidar_msgs/share/lslidar_msgs/local_setup.zsh
[10.922s] -- Installing: /home/jerry/limx_ws/install/lslidar_msgs/share/lslidar_msgs/local_setup.dsv
[10.923s] -- Installing: /home/jerry/limx_ws/install/lslidar_msgs/share/lslidar_msgs/package.dsv
[10.923s] -- Installing: /home/jerry/limx_ws/install/lslidar_msgs/share/ament_index/resource_index/packages/lslidar_msgs
[10.924s] -- Installing: /home/jerry/limx_ws/install/lslidar_msgs/share/lslidar_msgs/cmake/export_lslidar_msgs__rosidl_generator_cExport.cmake
[10.925s] -- Installing: /home/jerry/limx_ws/install/lslidar_msgs/share/lslidar_msgs/cmake/export_lslidar_msgs__rosidl_generator_cExport-noconfig.cmake
[10.926s] -- Installing: /home/jerry/limx_ws/install/lslidar_msgs/share/lslidar_msgs/cmake/export_lslidar_msgs__rosidl_typesupport_fastrtps_cExport.cmake
[10.926s] -- Installing: /home/jerry/limx_ws/install/lslidar_msgs/share/lslidar_msgs/cmake/export_lslidar_msgs__rosidl_typesupport_fastrtps_cExport-noconfig.cmake
[10.927s] -- Installing: /home/jerry/limx_ws/install/lslidar_msgs/share/lslidar_msgs/cmake/export_lslidar_msgs__rosidl_generator_cppExport.cmake
[10.928s] -- Installing: /home/jerry/limx_ws/install/lslidar_msgs/share/lslidar_msgs/cmake/export_lslidar_msgs__rosidl_typesupport_fastrtps_cppExport.cmake
[10.928s] -- Installing: /home/jerry/limx_ws/install/lslidar_msgs/share/lslidar_msgs/cmake/export_lslidar_msgs__rosidl_typesupport_fastrtps_cppExport-noconfig.cmake
[10.929s] -- Installing: /home/jerry/limx_ws/install/lslidar_msgs/share/lslidar_msgs/cmake/lslidar_msgs__rosidl_typesupport_introspection_cExport.cmake
[10.930s] -- Installing: /home/jerry/limx_ws/install/lslidar_msgs/share/lslidar_msgs/cmake/lslidar_msgs__rosidl_typesupport_introspection_cExport-noconfig.cmake
[10.930s] -- Installing: /home/jerry/limx_ws/install/lslidar_msgs/share/lslidar_msgs/cmake/lslidar_msgs__rosidl_typesupport_cExport.cmake
[10.931s] -- Installing: /home/jerry/limx_ws/install/lslidar_msgs/share/lslidar_msgs/cmake/lslidar_msgs__rosidl_typesupport_cExport-noconfig.cmake
[10.932s] -- Installing: /home/jerry/limx_ws/install/lslidar_msgs/share/lslidar_msgs/cmake/lslidar_msgs__rosidl_typesupport_introspection_cppExport.cmake
[10.932s] -- Installing: /home/jerry/limx_ws/install/lslidar_msgs/share/lslidar_msgs/cmake/lslidar_msgs__rosidl_typesupport_introspection_cppExport-noconfig.cmake
[10.933s] -- Installing: /home/jerry/limx_ws/install/lslidar_msgs/share/lslidar_msgs/cmake/lslidar_msgs__rosidl_typesupport_cppExport.cmake
[10.934s] -- Installing: /home/jerry/limx_ws/install/lslidar_msgs/share/lslidar_msgs/cmake/lslidar_msgs__rosidl_typesupport_cppExport-noconfig.cmake
[10.934s] -- Installing: /home/jerry/limx_ws/install/lslidar_msgs/share/lslidar_msgs/cmake/export_lslidar_msgs__rosidl_generator_pyExport.cmake
[10.935s] -- Installing: /home/jerry/limx_ws/install/lslidar_msgs/share/lslidar_msgs/cmake/export_lslidar_msgs__rosidl_generator_pyExport-noconfig.cmake
[10.936s] -- Installing: /home/jerry/limx_ws/install/lslidar_msgs/share/lslidar_msgs/cmake/rosidl_cmake-extras.cmake
[10.936s] -- Installing: /home/jerry/limx_ws/install/lslidar_msgs/share/lslidar_msgs/cmake/ament_cmake_export_dependencies-extras.cmake
[10.937s] -- Installing: /home/jerry/limx_ws/install/lslidar_msgs/share/lslidar_msgs/cmake/ament_cmake_export_include_directories-extras.cmake
[10.938s] -- Installing: /home/jerry/limx_ws/install/lslidar_msgs/share/lslidar_msgs/cmake/ament_cmake_export_libraries-extras.cmake
[10.938s] -- Installing: /home/jerry/limx_ws/install/lslidar_msgs/share/lslidar_msgs/cmake/ament_cmake_export_targets-extras.cmake
[10.939s] -- Installing: /home/jerry/limx_ws/install/lslidar_msgs/share/lslidar_msgs/cmake/rosidl_cmake_export_typesupport_targets-extras.cmake
[10.940s] -- Installing: /home/jerry/limx_ws/install/lslidar_msgs/share/lslidar_msgs/cmake/rosidl_cmake_export_typesupport_libraries-extras.cmake
[10.940s] -- Installing: /home/jerry/limx_ws/install/lslidar_msgs/share/lslidar_msgs/cmake/lslidar_msgsConfig.cmake
[10.941s] -- Installing: /home/jerry/limx_ws/install/lslidar_msgs/share/lslidar_msgs/cmake/lslidar_msgsConfig-version.cmake
[10.941s] -- Installing: /home/jerry/limx_ws/install/lslidar_msgs/share/lslidar_msgs/package.xml
[10.948s] Invoked command in '/home/jerry/limx_ws/build/lslidar_msgs' returned '0': CMAKE_PREFIX_PATH=/opt/ros/humble /usr/bin/cmake --install /home/jerry/limx_ws/build/lslidar_msgs
