[0.021s] Invoking command in '/home/jerry/limx_ws/build/limxsdk_lowlevel': CMAKE_PREFIX_PATH=/opt/ros/humble /usr/bin/cmake /home/jerry/limx_ws/src/limxsdk-lowlevel -DCMAKE_INSTALL_PREFIX=/home/jerry/limx_ws/install/limxsdk_lowlevel
[0.032s] [0mCurrently in ROS2 compilation environment[0m
[0.037s] -- Found ament_cmake: 1.3.12 (/opt/ros/humble/share/ament_cmake/cmake)
[0.308s] -- Configuring done
[0.321s] -- Generating done
[0.324s] -- Build files have been written to: /home/jerry/limx_ws/build/limxsdk_lowlevel
[0.327s] Invoked command in '/home/jerry/limx_ws/build/limxsdk_lowlevel' returned '0': CMAKE_PREFIX_PATH=/opt/ros/humble /usr/bin/cmake /home/jerry/limx_ws/src/limxsdk-lowlevel -DCMAKE_INSTALL_PREFIX=/home/jerry/limx_ws/install/limxsdk_lowlevel
[0.329s] Invoking command in '/home/jerry/limx_ws/build/limxsdk_lowlevel': CMAKE_PREFIX_PATH=/opt/ros/humble /usr/bin/cmake --build /home/jerry/limx_ws/build/limxsdk_lowlevel -- -j8 -l8
[0.374s] [35m[1mConsolidate compiler generated dependencies of target pf_groupJoints_move[0m
[0.376s] [35m[1mConsolidate compiler generated dependencies of target pf_joint_move[0m
[0.422s] [ 50%] Built target pf_groupJoints_move
[0.423s] [100%] Built target pf_joint_move
[0.468s] Invoked command in '/home/jerry/limx_ws/build/limxsdk_lowlevel' returned '0': CMAKE_PREFIX_PATH=/opt/ros/humble /usr/bin/cmake --build /home/jerry/limx_ws/build/limxsdk_lowlevel -- -j8 -l8
[0.468s] Invoking command in '/home/jerry/limx_ws/build/limxsdk_lowlevel': CMAKE_PREFIX_PATH=/opt/ros/humble /usr/bin/cmake --install /home/jerry/limx_ws/build/limxsdk_lowlevel
[0.482s] -- Install configuration: "Release"
[0.482s] -- Up-to-date: /home/jerry/limx_ws/install/limxsdk_lowlevel/include/
[0.482s] -- Up-to-date: /home/jerry/limx_ws/install/limxsdk_lowlevel/include//limxsdk
[0.482s] -- Up-to-date: /home/jerry/limx_ws/install/limxsdk_lowlevel/include//limxsdk/pointfoot.h
[0.482s] -- Up-to-date: /home/jerry/limx_ws/install/limxsdk_lowlevel/include//limxsdk/tron2.h
[0.483s] -- Up-to-date: /home/jerry/limx_ws/install/limxsdk_lowlevel/include//limxsdk/wheellegged.h
[0.483s] -- Up-to-date: /home/jerry/limx_ws/install/limxsdk_lowlevel/include//limxsdk/datatypes.h
[0.483s] -- Up-to-date: /home/jerry/limx_ws/install/limxsdk_lowlevel/include//limxsdk/macros.h
[0.483s] -- Up-to-date: /home/jerry/limx_ws/install/limxsdk_lowlevel/include//limxsdk/ability
[0.483s] -- Up-to-date: /home/jerry/limx_ws/install/limxsdk_lowlevel/include//limxsdk/ability/yaml_config_parser.h
[0.483s] -- Up-to-date: /home/jerry/limx_ws/install/limxsdk_lowlevel/include//limxsdk/ability/ability_manager.h
[0.484s] -- Up-to-date: /home/jerry/limx_ws/install/limxsdk_lowlevel/include//limxsdk/ability/rate.h
[0.484s] -- Up-to-date: /home/jerry/limx_ws/install/limxsdk_lowlevel/include//limxsdk/ability/plugin_loader.h
[0.485s] -- Up-to-date: /home/jerry/limx_ws/install/limxsdk_lowlevel/include//limxsdk/ability/plugin_registry.h
[0.485s] -- Up-to-date: /home/jerry/limx_ws/install/limxsdk_lowlevel/include//limxsdk/ability/robot_data.h
[0.485s] -- Up-to-date: /home/jerry/limx_ws/install/limxsdk_lowlevel/include//limxsdk/ability/base_ability.h
[0.485s] -- Up-to-date: /home/jerry/limx_ws/install/limxsdk_lowlevel/include//limxsdk/humanoid.h
[0.485s] -- Up-to-date: /home/jerry/limx_ws/install/limxsdk_lowlevel/include//limxsdk/apibase.h
[0.485s] -- Up-to-date: /home/jerry/limx_ws/install/limxsdk_lowlevel/lib/.
[0.485s] -- Up-to-date: /home/jerry/limx_ws/install/limxsdk_lowlevel/lib/./liblimxsdk_lowlevel.so
[0.485s] -- Up-to-date: /home/jerry/limx_ws/install/limxsdk_lowlevel/share/limxsdk_lowlevel/environment/library_path.sh
[0.485s] -- Installing: /home/jerry/limx_ws/install/limxsdk_lowlevel/share/limxsdk_lowlevel/environment/library_path.dsv
[0.485s] -- Up-to-date: /home/jerry/limx_ws/install/limxsdk_lowlevel/share/ament_index/resource_index/package_run_dependencies/limxsdk_lowlevel
[0.485s] -- Installing: /home/jerry/limx_ws/install/limxsdk_lowlevel/share/ament_index/resource_index/parent_prefix_path/limxsdk_lowlevel
[0.485s] -- Up-to-date: /home/jerry/limx_ws/install/limxsdk_lowlevel/share/limxsdk_lowlevel/environment/ament_prefix_path.sh
[0.485s] -- Installing: /home/jerry/limx_ws/install/limxsdk_lowlevel/share/limxsdk_lowlevel/environment/ament_prefix_path.dsv
[0.485s] -- Up-to-date: /home/jerry/limx_ws/install/limxsdk_lowlevel/share/limxsdk_lowlevel/environment/path.sh
[0.486s] -- Installing: /home/jerry/limx_ws/install/limxsdk_lowlevel/share/limxsdk_lowlevel/environment/path.dsv
[0.486s] -- Up-to-date: /home/jerry/limx_ws/install/limxsdk_lowlevel/share/limxsdk_lowlevel/local_setup.bash
[0.486s] -- Up-to-date: /home/jerry/limx_ws/install/limxsdk_lowlevel/share/limxsdk_lowlevel/local_setup.sh
[0.486s] -- Up-to-date: /home/jerry/limx_ws/install/limxsdk_lowlevel/share/limxsdk_lowlevel/local_setup.zsh
[0.486s] -- Installing: /home/jerry/limx_ws/install/limxsdk_lowlevel/share/limxsdk_lowlevel/local_setup.dsv
[0.486s] -- Installing: /home/jerry/limx_ws/install/limxsdk_lowlevel/share/limxsdk_lowlevel/package.dsv
[0.486s] -- Up-to-date: /home/jerry/limx_ws/install/limxsdk_lowlevel/share/ament_index/resource_index/packages/limxsdk_lowlevel
[0.487s] -- Up-to-date: /home/jerry/limx_ws/install/limxsdk_lowlevel/share/limxsdk_lowlevel/cmake/ament_cmake_export_libraries-extras.cmake
[0.487s] -- Up-to-date: /home/jerry/limx_ws/install/limxsdk_lowlevel/share/limxsdk_lowlevel/cmake/ament_cmake_export_include_directories-extras.cmake
[0.488s] -- Up-to-date: /home/jerry/limx_ws/install/limxsdk_lowlevel/share/limxsdk_lowlevel/cmake/limxsdk_lowlevelConfig.cmake
[0.488s] -- Up-to-date: /home/jerry/limx_ws/install/limxsdk_lowlevel/share/limxsdk_lowlevel/cmake/limxsdk_lowlevelConfig-version.cmake
[0.488s] -- Up-to-date: /home/jerry/limx_ws/install/limxsdk_lowlevel/share/limxsdk_lowlevel/package.xml
[0.488s] -- Up-to-date: /home/jerry/limx_ws/install/limxsdk_lowlevel/lib/limxsdk_lowlevel/pf_joint_move
[0.488s] -- Up-to-date: /home/jerry/limx_ws/install/limxsdk_lowlevel/lib/limxsdk_lowlevel/pf_groupJoints_move
[0.491s] Invoked command in '/home/jerry/limx_ws/build/limxsdk_lowlevel' returned '0': CMAKE_PREFIX_PATH=/opt/ros/humble /usr/bin/cmake --install /home/jerry/limx_ws/build/limxsdk_lowlevel
