[0.083s] Invoking command in '/home/jerry/limx_ws/build/robot_description': CMAKE_PREFIX_PATH=/opt/ros/humble /usr/bin/cmake --build /home/jerry/limx_ws/build/robot_description -- -j8 -l8
[0.345s] Invoked command in '/home/jerry/limx_ws/build/robot_description' returned '0': CMAKE_PREFIX_PATH=/opt/ros/humble /usr/bin/cmake --build /home/jerry/limx_ws/build/robot_description -- -j8 -l8
[0.355s] Invoking command in '/home/jerry/limx_ws/build/robot_description': CMAKE_PREFIX_PATH=/opt/ros/humble /usr/bin/cmake --install /home/jerry/limx_ws/build/robot_description
[0.390s] -- Install configuration: ""
[0.390s] -- Up-to-date: /home/jerry/limx_ws/install/robot_description/share/robot_description/pointfoot
[0.390s] -- Up-to-date: /home/jerry/limx_ws/install/robot_description/share/robot_description/pointfoot/PF_P441B
[0.390s] -- Up-to-date: /home/jerry/limx_ws/install/robot_description/share/robot_description/pointfoot/PF_P441B/xacro
[0.395s] -- Up-to-date: /home/jerry/limx_ws/install/robot_description/share/robot_description/pointfoot/PF_P441B/xacro/robot.xacro
[0.395s] -- Up-to-date: /home/jerry/limx_ws/install/robot_description/share/robot_description/pointfoot/PF_P441B/xacro/ros2_control_interface.xacro
[0.395s] -- Up-to-date: /home/jerry/limx_ws/install/robot_description/share/robot_description/pointfoot/PF_P441B/xacro/const.xacro
[0.395s] -- Up-to-date: /home/jerry/limx_ws/install/robot_description/share/robot_description/pointfoot/PF_P441B/xacro/leg.xacro
[0.395s] -- Up-to-date: /home/jerry/limx_ws/install/robot_description/share/robot_description/pointfoot/PF_P441B/xacro/transmission.xacro
[0.396s] -- Up-to-date: /home/jerry/limx_ws/install/robot_description/share/robot_description/pointfoot/PF_P441B/xacro/materials.xacro
[0.396s] -- Up-to-date: /home/jerry/limx_ws/install/robot_description/share/robot_description/pointfoot/PF_P441B/xacro/gazebo.xacro
[0.396s] -- Up-to-date: /home/jerry/limx_ws/install/robot_description/share/robot_description/pointfoot/PF_P441B/urdf
[0.396s] -- Up-to-date: /home/jerry/limx_ws/install/robot_description/share/robot_description/pointfoot/PF_P441B/urdf/robot.urdf
[0.400s] -- Up-to-date: /home/jerry/limx_ws/install/robot_description/share/robot_description/pointfoot/PF_P441B/meshes
[0.400s] -- Up-to-date: /home/jerry/limx_ws/install/robot_description/share/robot_description/pointfoot/PF_P441B/meshes/abad_L_Link.STL
[0.400s] -- Up-to-date: /home/jerry/limx_ws/install/robot_description/share/robot_description/pointfoot/PF_P441B/meshes/knee_L_Link.STL
[0.400s] -- Up-to-date: /home/jerry/limx_ws/install/robot_description/share/robot_description/pointfoot/PF_P441B/meshes/base_Link.STL
[0.401s] -- Up-to-date: /home/jerry/limx_ws/install/robot_description/share/robot_description/pointfoot/PF_P441B/meshes/hip_R_Link.STL
[0.401s] -- Up-to-date: /home/jerry/limx_ws/install/robot_description/share/robot_description/pointfoot/PF_P441B/meshes/knee_R_Link.STL
[0.401s] -- Up-to-date: /home/jerry/limx_ws/install/robot_description/share/robot_description/pointfoot/PF_P441B/meshes/abad_R_Link.STL
[0.401s] -- Up-to-date: /home/jerry/limx_ws/install/robot_description/share/robot_description/pointfoot/PF_P441B/meshes/foot_R_Link.STL
[0.409s] -- Up-to-date: /home/jerry/limx_ws/install/robot_description/share/robot_description/pointfoot/PF_P441B/meshes/foot_L_Link.STL
[0.410s] -- Up-to-date: /home/jerry/limx_ws/install/robot_description/share/robot_description/pointfoot/PF_P441B/meshes/hip_L_Link.STL
[0.410s] -- Up-to-date: /home/jerry/limx_ws/install/robot_description/share/robot_description/pointfoot/PF_P441B/xml
[0.410s] -- Up-to-date: /home/jerry/limx_ws/install/robot_description/share/robot_description/pointfoot/PF_P441B/xml/robot.xml
[0.410s] -- Up-to-date: /home/jerry/limx_ws/install/robot_description/share/robot_description/pointfoot/PF_TRON1B
[0.411s] -- Up-to-date: /home/jerry/limx_ws/install/robot_description/share/robot_description/pointfoot/PF_TRON1B/xacro
[0.411s] -- Up-to-date: /home/jerry/limx_ws/install/robot_description/share/robot_description/pointfoot/PF_TRON1B/xacro/robot.xacro
[0.411s] -- Up-to-date: /home/jerry/limx_ws/install/robot_description/share/robot_description/pointfoot/PF_TRON1B/xacro/ros2_control_interface.xacro
[0.411s] -- Up-to-date: /home/jerry/limx_ws/install/robot_description/share/robot_description/pointfoot/PF_TRON1B/xacro/const.xacro
[0.411s] -- Up-to-date: /home/jerry/limx_ws/install/robot_description/share/robot_description/pointfoot/PF_TRON1B/xacro/leg.xacro
[0.412s] -- Up-to-date: /home/jerry/limx_ws/install/robot_description/share/robot_description/pointfoot/PF_TRON1B/xacro/transmission.xacro
[0.412s] -- Up-to-date: /home/jerry/limx_ws/install/robot_description/share/robot_description/pointfoot/PF_TRON1B/xacro/materials.xacro
[0.412s] -- Up-to-date: /home/jerry/limx_ws/install/robot_description/share/robot_description/pointfoot/PF_TRON1B/xacro/gazebo.xacro
[0.416s] -- Up-to-date: /home/jerry/limx_ws/install/robot_description/share/robot_description/pointfoot/PF_TRON1B/urdf
[0.418s] -- Up-to-date: /home/jerry/limx_ws/install/robot_description/share/robot_description/pointfoot/PF_TRON1B/urdf/robot.urdf
[0.421s] -- Up-to-date: /home/jerry/limx_ws/install/robot_description/share/robot_description/pointfoot/PF_TRON1B/meshes
[0.422s] -- Up-to-date: /home/jerry/limx_ws/install/robot_description/share/robot_description/pointfoot/PF_TRON1B/meshes/abad_L_Link.STL
[0.422s] -- Up-to-date: /home/jerry/limx_ws/install/robot_description/share/robot_description/pointfoot/PF_TRON1B/meshes/knee_L_Link.STL
[0.422s] -- Up-to-date: /home/jerry/limx_ws/install/robot_description/share/robot_description/pointfoot/PF_TRON1B/meshes/base_Link.STL
[0.422s] -- Up-to-date: /home/jerry/limx_ws/install/robot_description/share/robot_description/pointfoot/PF_TRON1B/meshes/hip_R_Link.STL
[0.422s] -- Up-to-date: /home/jerry/limx_ws/install/robot_description/share/robot_description/pointfoot/PF_TRON1B/meshes/knee_R_Link.STL
[0.423s] -- Up-to-date: /home/jerry/limx_ws/install/robot_description/share/robot_description/pointfoot/PF_TRON1B/meshes/abad_R_Link.STL
[0.423s] -- Up-to-date: /home/jerry/limx_ws/install/robot_description/share/robot_description/pointfoot/PF_TRON1B/meshes/foot_R_Link.STL
[0.423s] -- Up-to-date: /home/jerry/limx_ws/install/robot_description/share/robot_description/pointfoot/PF_TRON1B/meshes/foot_L_Link.STL
[0.423s] -- Up-to-date: /home/jerry/limx_ws/install/robot_description/share/robot_description/pointfoot/PF_TRON1B/meshes/hip_L_Link.STL
[0.435s] -- Up-to-date: /home/jerry/limx_ws/install/robot_description/share/robot_description/pointfoot/PF_TRON1B/xml
[0.435s] -- Up-to-date: /home/jerry/limx_ws/install/robot_description/share/robot_description/pointfoot/PF_TRON1B/xml/robot.xml
[0.435s] -- Up-to-date: /home/jerry/limx_ws/install/robot_description/share/robot_description/pointfoot/PF_P441A
[0.436s] -- Up-to-date: /home/jerry/limx_ws/install/robot_description/share/robot_description/pointfoot/PF_P441A/xacro
[0.436s] -- Up-to-date: /home/jerry/limx_ws/install/robot_description/share/robot_description/pointfoot/PF_P441A/xacro/robot.xacro
[0.436s] -- Up-to-date: /home/jerry/limx_ws/install/robot_description/share/robot_description/pointfoot/PF_P441A/xacro/ros2_control_interface.xacro
[0.436s] -- Up-to-date: /home/jerry/limx_ws/install/robot_description/share/robot_description/pointfoot/PF_P441A/xacro/const.xacro
[0.436s] -- Up-to-date: /home/jerry/limx_ws/install/robot_description/share/robot_description/pointfoot/PF_P441A/xacro/leg.xacro
[0.436s] -- Up-to-date: /home/jerry/limx_ws/install/robot_description/share/robot_description/pointfoot/PF_P441A/xacro/transmission.xacro
[0.440s] -- Up-to-date: /home/jerry/limx_ws/install/robot_description/share/robot_description/pointfoot/PF_P441A/xacro/materials.xacro
[0.443s] -- Up-to-date: /home/jerry/limx_ws/install/robot_description/share/robot_description/pointfoot/PF_P441A/xacro/gazebo.xacro
[0.452s] -- Up-to-date: /home/jerry/limx_ws/install/robot_description/share/robot_description/pointfoot/PF_P441A/urdf
[0.452s] -- Up-to-date: /home/jerry/limx_ws/install/robot_description/share/robot_description/pointfoot/PF_P441A/urdf/robot.urdf
[0.452s] -- Up-to-date: /home/jerry/limx_ws/install/robot_description/share/robot_description/pointfoot/PF_P441A/meshes
[0.452s] -- Up-to-date: /home/jerry/limx_ws/install/robot_description/share/robot_description/pointfoot/PF_P441A/meshes/abad_L_Link.STL
[0.453s] -- Up-to-date: /home/jerry/limx_ws/install/robot_description/share/robot_description/pointfoot/PF_P441A/meshes/knee_L_Link.STL
[0.453s] -- Up-to-date: /home/jerry/limx_ws/install/robot_description/share/robot_description/pointfoot/PF_P441A/meshes/base_Link.STL
[0.453s] -- Up-to-date: /home/jerry/limx_ws/install/robot_description/share/robot_description/pointfoot/PF_P441A/meshes/hip_R_Link.STL
[0.454s] -- Up-to-date: /home/jerry/limx_ws/install/robot_description/share/robot_description/pointfoot/PF_P441A/meshes/knee_R_Link.STL
[0.454s] -- Up-to-date: /home/jerry/limx_ws/install/robot_description/share/robot_description/pointfoot/PF_P441A/meshes/abad_R_Link.STL
[0.454s] -- Up-to-date: /home/jerry/limx_ws/install/robot_description/share/robot_description/pointfoot/PF_P441A/meshes/foot_R_Link.STL
[0.454s] -- Up-to-date: /home/jerry/limx_ws/install/robot_description/share/robot_description/pointfoot/PF_P441A/meshes/foot_L_Link.STL
[0.454s] -- Up-to-date: /home/jerry/limx_ws/install/robot_description/share/robot_description/pointfoot/PF_P441A/meshes/hip_L_Link.STL
[0.468s] -- Up-to-date: /home/jerry/limx_ws/install/robot_description/share/robot_description/pointfoot/PF_P441A/xml
[0.468s] -- Up-to-date: /home/jerry/limx_ws/install/robot_description/share/robot_description/pointfoot/PF_P441A/xml/robot.xml
[0.469s] -- Up-to-date: /home/jerry/limx_ws/install/robot_description/share/robot_description/pointfoot/WF_TRON1B
[0.469s] -- Up-to-date: /home/jerry/limx_ws/install/robot_description/share/robot_description/pointfoot/WF_TRON1B/xacro
[0.469s] -- Up-to-date: /home/jerry/limx_ws/install/robot_description/share/robot_description/pointfoot/WF_TRON1B/xacro/robot.xacro
[0.469s] -- Up-to-date: /home/jerry/limx_ws/install/robot_description/share/robot_description/pointfoot/WF_TRON1B/xacro/ros2_control_interface.xacro
[0.469s] -- Up-to-date: /home/jerry/limx_ws/install/robot_description/share/robot_description/pointfoot/WF_TRON1B/xacro/const.xacro
[0.470s] -- Up-to-date: /home/jerry/limx_ws/install/robot_description/share/robot_description/pointfoot/WF_TRON1B/xacro/leg.xacro
[0.470s] -- Up-to-date: /home/jerry/limx_ws/install/robot_description/share/robot_description/pointfoot/WF_TRON1B/xacro/transmission.xacro
[0.470s] -- Up-to-date: /home/jerry/limx_ws/install/robot_description/share/robot_description/pointfoot/WF_TRON1B/xacro/materials.xacro
[0.470s] -- Up-to-date: /home/jerry/limx_ws/install/robot_description/share/robot_description/pointfoot/WF_TRON1B/xacro/gazebo.xacro
[0.471s] -- Up-to-date: /home/jerry/limx_ws/install/robot_description/share/robot_description/pointfoot/WF_TRON1B/urdf
[0.471s] -- Up-to-date: /home/jerry/limx_ws/install/robot_description/share/robot_description/pointfoot/WF_TRON1B/urdf/robot.urdf
[0.471s] -- Up-to-date: /home/jerry/limx_ws/install/robot_description/share/robot_description/pointfoot/WF_TRON1B/meshes
[0.471s] -- Up-to-date: /home/jerry/limx_ws/install/robot_description/share/robot_description/pointfoot/WF_TRON1B/meshes/abad_L_Link.STL
[0.471s] -- Up-to-date: /home/jerry/limx_ws/install/robot_description/share/robot_description/pointfoot/WF_TRON1B/meshes/knee_L_Link.STL
[0.482s] -- Up-to-date: /home/jerry/limx_ws/install/robot_description/share/robot_description/pointfoot/WF_TRON1B/meshes/wheel_R_Link.STL
[0.483s] -- Up-to-date: /home/jerry/limx_ws/install/robot_description/share/robot_description/pointfoot/WF_TRON1B/meshes/base_Link.STL
[0.483s] -- Up-to-date: /home/jerry/limx_ws/install/robot_description/share/robot_description/pointfoot/WF_TRON1B/meshes/hip_R_Link.STL
[0.485s] -- Up-to-date: /home/jerry/limx_ws/install/robot_description/share/robot_description/pointfoot/WF_TRON1B/meshes/knee_R_Link.STL
[0.486s] -- Up-to-date: /home/jerry/limx_ws/install/robot_description/share/robot_description/pointfoot/WF_TRON1B/meshes/wheel_L_Link.STL
[0.486s] -- Up-to-date: /home/jerry/limx_ws/install/robot_description/share/robot_description/pointfoot/WF_TRON1B/meshes/abad_R_Link.STL
[0.486s] -- Up-to-date: /home/jerry/limx_ws/install/robot_description/share/robot_description/pointfoot/WF_TRON1B/meshes/hip_L_Link.STL
[0.488s] -- Up-to-date: /home/jerry/limx_ws/install/robot_description/share/robot_description/pointfoot/WF_TRON1B/xml
[0.493s] -- Up-to-date: /home/jerry/limx_ws/install/robot_description/share/robot_description/pointfoot/WF_TRON1B/xml/robot.xml
[0.494s] -- Up-to-date: /home/jerry/limx_ws/install/robot_description/share/robot_description/pointfoot/SF_TRON1B
[0.494s] -- Up-to-date: /home/jerry/limx_ws/install/robot_description/share/robot_description/pointfoot/SF_TRON1B/xacro
[0.494s] -- Up-to-date: /home/jerry/limx_ws/install/robot_description/share/robot_description/pointfoot/SF_TRON1B/xacro/robot.xacro
[0.495s] -- Up-to-date: /home/jerry/limx_ws/install/robot_description/share/robot_description/pointfoot/SF_TRON1B/xacro/ros2_control_interface.xacro
[0.495s] -- Up-to-date: /home/jerry/limx_ws/install/robot_description/share/robot_description/pointfoot/SF_TRON1B/xacro/const.xacro
[0.495s] -- Up-to-date: /home/jerry/limx_ws/install/robot_description/share/robot_description/pointfoot/SF_TRON1B/xacro/leg.xacro
[0.495s] -- Up-to-date: /home/jerry/limx_ws/install/robot_description/share/robot_description/pointfoot/SF_TRON1B/xacro/transmission.xacro
[0.495s] -- Up-to-date: /home/jerry/limx_ws/install/robot_description/share/robot_description/pointfoot/SF_TRON1B/xacro/materials.xacro
[0.495s] -- Up-to-date: /home/jerry/limx_ws/install/robot_description/share/robot_description/pointfoot/SF_TRON1B/xacro/gazebo.xacro
[0.496s] -- Up-to-date: /home/jerry/limx_ws/install/robot_description/share/robot_description/pointfoot/SF_TRON1B/urdf
[0.503s] -- Up-to-date: /home/jerry/limx_ws/install/robot_description/share/robot_description/pointfoot/SF_TRON1B/urdf/robot.urdf
[0.503s] -- Up-to-date: /home/jerry/limx_ws/install/robot_description/share/robot_description/pointfoot/SF_TRON1B/meshes
[0.505s] -- Up-to-date: /home/jerry/limx_ws/install/robot_description/share/robot_description/pointfoot/SF_TRON1B/meshes/abad_L_Link.STL
[0.509s] -- Up-to-date: /home/jerry/limx_ws/install/robot_description/share/robot_description/pointfoot/SF_TRON1B/meshes/knee_L_Link.STL
[0.512s] -- Up-to-date: /home/jerry/limx_ws/install/robot_description/share/robot_description/pointfoot/SF_TRON1B/meshes/base_Link.STL
[0.513s] -- Up-to-date: /home/jerry/limx_ws/install/robot_description/share/robot_description/pointfoot/SF_TRON1B/meshes/ankle_R_Link.STL
[0.513s] -- Up-to-date: /home/jerry/limx_ws/install/robot_description/share/robot_description/pointfoot/SF_TRON1B/meshes/hip_R_Link.STL
[0.513s] -- Up-to-date: /home/jerry/limx_ws/install/robot_description/share/robot_description/pointfoot/SF_TRON1B/meshes/knee_R_Link.STL
[0.513s] -- Up-to-date: /home/jerry/limx_ws/install/robot_description/share/robot_description/pointfoot/SF_TRON1B/meshes/abad_R_Link.STL
[0.513s] -- Up-to-date: /home/jerry/limx_ws/install/robot_description/share/robot_description/pointfoot/SF_TRON1B/meshes/hip_L_Link.STL
[0.517s] -- Up-to-date: /home/jerry/limx_ws/install/robot_description/share/robot_description/pointfoot/SF_TRON1B/meshes/ankle_L_Link.STL
[0.517s] -- Up-to-date: /home/jerry/limx_ws/install/robot_description/share/robot_description/pointfoot/SF_TRON1B/xml
[0.517s] -- Up-to-date: /home/jerry/limx_ws/install/robot_description/share/robot_description/pointfoot/SF_TRON1B/xml/robot.xml
[0.517s] -- Up-to-date: /home/jerry/limx_ws/install/robot_description/share/robot_description/pointfoot/PF_P441C2
[0.517s] -- Up-to-date: /home/jerry/limx_ws/install/robot_description/share/robot_description/pointfoot/PF_P441C2/xacro
[0.517s] -- Up-to-date: /home/jerry/limx_ws/install/robot_description/share/robot_description/pointfoot/PF_P441C2/xacro/robot.xacro
[0.518s] -- Up-to-date: /home/jerry/limx_ws/install/robot_description/share/robot_description/pointfoot/PF_P441C2/xacro/ros2_control_interface.xacro
[0.518s] -- Up-to-date: /home/jerry/limx_ws/install/robot_description/share/robot_description/pointfoot/PF_P441C2/xacro/const.xacro
[0.518s] -- Up-to-date: /home/jerry/limx_ws/install/robot_description/share/robot_description/pointfoot/PF_P441C2/xacro/leg.xacro
[0.529s] -- Up-to-date: /home/jerry/limx_ws/install/robot_description/share/robot_description/pointfoot/PF_P441C2/xacro/transmission.xacro
[0.531s] -- Up-to-date: /home/jerry/limx_ws/install/robot_description/share/robot_description/pointfoot/PF_P441C2/xacro/materials.xacro
[0.539s] -- Up-to-date: /home/jerry/limx_ws/install/robot_description/share/robot_description/pointfoot/PF_P441C2/xacro/gazebo.xacro
[0.543s] -- Up-to-date: /home/jerry/limx_ws/install/robot_description/share/robot_description/pointfoot/PF_P441C2/urdf
[0.546s] -- Up-to-date: /home/jerry/limx_ws/install/robot_description/share/robot_description/pointfoot/PF_P441C2/urdf/robot.urdf
[0.547s] -- Up-to-date: /home/jerry/limx_ws/install/robot_description/share/robot_description/pointfoot/PF_P441C2/meshes
[0.547s] -- Up-to-date: /home/jerry/limx_ws/install/robot_description/share/robot_description/pointfoot/PF_P441C2/meshes/abad_L_Link.STL
[0.547s] -- Up-to-date: /home/jerry/limx_ws/install/robot_description/share/robot_description/pointfoot/PF_P441C2/meshes/knee_L_Link.STL
[0.547s] -- Up-to-date: /home/jerry/limx_ws/install/robot_description/share/robot_description/pointfoot/PF_P441C2/meshes/base_Link.STL
[0.547s] -- Up-to-date: /home/jerry/limx_ws/install/robot_description/share/robot_description/pointfoot/PF_P441C2/meshes/hip_R_Link.STL
[0.547s] -- Up-to-date: /home/jerry/limx_ws/install/robot_description/share/robot_description/pointfoot/PF_P441C2/meshes/knee_R_Link.STL
[0.548s] -- Up-to-date: /home/jerry/limx_ws/install/robot_description/share/robot_description/pointfoot/PF_P441C2/meshes/abad_R_Link.STL
[0.548s] -- Up-to-date: /home/jerry/limx_ws/install/robot_description/share/robot_description/pointfoot/PF_P441C2/meshes/foot_R_Link.STL
[0.548s] -- Up-to-date: /home/jerry/limx_ws/install/robot_description/share/robot_description/pointfoot/PF_P441C2/meshes/foot_L_Link.STL
[0.548s] -- Up-to-date: /home/jerry/limx_ws/install/robot_description/share/robot_description/pointfoot/PF_P441C2/meshes/hip_L_Link.STL
[0.549s] -- Up-to-date: /home/jerry/limx_ws/install/robot_description/share/robot_description/pointfoot/PF_P441C2/xml
[0.549s] -- Up-to-date: /home/jerry/limx_ws/install/robot_description/share/robot_description/pointfoot/PF_P441C2/xml/robot.xml
[0.549s] -- Up-to-date: /home/jerry/limx_ws/install/robot_description/share/robot_description/pointfoot/WF_TRON1A
[0.549s] -- Up-to-date: /home/jerry/limx_ws/install/robot_description/share/robot_description/pointfoot/WF_TRON1A/xacro
[0.549s] -- Up-to-date: /home/jerry/limx_ws/install/robot_description/share/robot_description/pointfoot/WF_TRON1A/xacro/robot.xacro
[0.552s] -- Up-to-date: /home/jerry/limx_ws/install/robot_description/share/robot_description/pointfoot/WF_TRON1A/xacro/ros2_control_interface.xacro
[0.554s] -- Up-to-date: /home/jerry/limx_ws/install/robot_description/share/robot_description/pointfoot/WF_TRON1A/xacro/const.xacro
[0.555s] -- Up-to-date: /home/jerry/limx_ws/install/robot_description/share/robot_description/pointfoot/WF_TRON1A/xacro/leg.xacro
[0.555s] -- Up-to-date: /home/jerry/limx_ws/install/robot_description/share/robot_description/pointfoot/WF_TRON1A/xacro/transmission.xacro
[0.570s] -- Up-to-date: /home/jerry/limx_ws/install/robot_description/share/robot_description/pointfoot/WF_TRON1A/xacro/materials.xacro
[0.571s] -- Up-to-date: /home/jerry/limx_ws/install/robot_description/share/robot_description/pointfoot/WF_TRON1A/xacro/gazebo.xacro
[0.574s] -- Up-to-date: /home/jerry/limx_ws/install/robot_description/share/robot_description/pointfoot/WF_TRON1A/urdf
[0.574s] -- Up-to-date: /home/jerry/limx_ws/install/robot_description/share/robot_description/pointfoot/WF_TRON1A/urdf/robot.urdf
[0.574s] -- Up-to-date: /home/jerry/limx_ws/install/robot_description/share/robot_description/pointfoot/WF_TRON1A/meshes
[0.574s] -- Up-to-date: /home/jerry/limx_ws/install/robot_description/share/robot_description/pointfoot/WF_TRON1A/meshes/abad_L_Link.STL
[0.575s] -- Up-to-date: /home/jerry/limx_ws/install/robot_description/share/robot_description/pointfoot/WF_TRON1A/meshes/knee_L_Link.STL
[0.575s] -- Up-to-date: /home/jerry/limx_ws/install/robot_description/share/robot_description/pointfoot/WF_TRON1A/meshes/wheel_R_Link.STL
[0.576s] -- Up-to-date: /home/jerry/limx_ws/install/robot_description/share/robot_description/pointfoot/WF_TRON1A/meshes/base_Link.STL
[0.576s] -- Up-to-date: /home/jerry/limx_ws/install/robot_description/share/robot_description/pointfoot/WF_TRON1A/meshes/hip_R_Link.STL
[0.577s] -- Up-to-date: /home/jerry/limx_ws/install/robot_description/share/robot_description/pointfoot/WF_TRON1A/meshes/knee_R_Link.STL
[0.578s] -- Up-to-date: /home/jerry/limx_ws/install/robot_description/share/robot_description/pointfoot/WF_TRON1A/meshes/wheel_L_Link.STL
[0.580s] -- Up-to-date: /home/jerry/limx_ws/install/robot_description/share/robot_description/pointfoot/WF_TRON1A/meshes/abad_R_Link.STL
[0.581s] -- Up-to-date: /home/jerry/limx_ws/install/robot_description/share/robot_description/pointfoot/WF_TRON1A/meshes/hip_L_Link.STL
[0.581s] -- Up-to-date: /home/jerry/limx_ws/install/robot_description/share/robot_description/pointfoot/WF_TRON1A/xml
[0.581s] -- Up-to-date: /home/jerry/limx_ws/install/robot_description/share/robot_description/pointfoot/WF_TRON1A/xml/robot.xml
[0.594s] -- Up-to-date: /home/jerry/limx_ws/install/robot_description/share/robot_description/pointfoot/SF_TRON1A
[0.594s] -- Up-to-date: /home/jerry/limx_ws/install/robot_description/share/robot_description/pointfoot/SF_TRON1A/xacro
[0.595s] -- Up-to-date: /home/jerry/limx_ws/install/robot_description/share/robot_description/pointfoot/SF_TRON1A/xacro/robot.xacro
[0.601s] -- Up-to-date: /home/jerry/limx_ws/install/robot_description/share/robot_description/pointfoot/SF_TRON1A/xacro/ros2_control_interface.xacro
[0.601s] -- Up-to-date: /home/jerry/limx_ws/install/robot_description/share/robot_description/pointfoot/SF_TRON1A/xacro/const.xacro
[0.601s] -- Up-to-date: /home/jerry/limx_ws/install/robot_description/share/robot_description/pointfoot/SF_TRON1A/xacro/leg.xacro
[0.601s] -- Up-to-date: /home/jerry/limx_ws/install/robot_description/share/robot_description/pointfoot/SF_TRON1A/xacro/transmission.xacro
[0.602s] -- Up-to-date: /home/jerry/limx_ws/install/robot_description/share/robot_description/pointfoot/SF_TRON1A/xacro/materials.xacro
[0.603s] -- Up-to-date: /home/jerry/limx_ws/install/robot_description/share/robot_description/pointfoot/SF_TRON1A/xacro/gazebo.xacro
[0.605s] -- Up-to-date: /home/jerry/limx_ws/install/robot_description/share/robot_description/pointfoot/SF_TRON1A/urdf
[0.612s] -- Up-to-date: /home/jerry/limx_ws/install/robot_description/share/robot_description/pointfoot/SF_TRON1A/urdf/robot.urdf
[0.612s] -- Up-to-date: /home/jerry/limx_ws/install/robot_description/share/robot_description/pointfoot/SF_TRON1A/meshes
[0.613s] -- Up-to-date: /home/jerry/limx_ws/install/robot_description/share/robot_description/pointfoot/SF_TRON1A/meshes/abad_L_Link.STL
[0.620s] -- Up-to-date: /home/jerry/limx_ws/install/robot_description/share/robot_description/pointfoot/SF_TRON1A/meshes/knee_L_Link.STL
[0.620s] -- Up-to-date: /home/jerry/limx_ws/install/robot_description/share/robot_description/pointfoot/SF_TRON1A/meshes/base_Link.STL
[0.620s] -- Up-to-date: /home/jerry/limx_ws/install/robot_description/share/robot_description/pointfoot/SF_TRON1A/meshes/ankle_R_Link.STL
[0.620s] -- Up-to-date: /home/jerry/limx_ws/install/robot_description/share/robot_description/pointfoot/SF_TRON1A/meshes/hip_R_Link.STL
[0.621s] -- Up-to-date: /home/jerry/limx_ws/install/robot_description/share/robot_description/pointfoot/SF_TRON1A/meshes/knee_R_Link.STL
[0.621s] -- Up-to-date: /home/jerry/limx_ws/install/robot_description/share/robot_description/pointfoot/SF_TRON1A/meshes/abad_R_Link.STL
[0.621s] -- Up-to-date: /home/jerry/limx_ws/install/robot_description/share/robot_description/pointfoot/SF_TRON1A/meshes/hip_L_Link.STL
[0.621s] -- Up-to-date: /home/jerry/limx_ws/install/robot_description/share/robot_description/pointfoot/SF_TRON1A/meshes/ankle_L_Link.STL
[0.622s] -- Up-to-date: /home/jerry/limx_ws/install/robot_description/share/robot_description/pointfoot/SF_TRON1A/xml
[0.622s] -- Up-to-date: /home/jerry/limx_ws/install/robot_description/share/robot_description/pointfoot/SF_TRON1A/xml/robot.xml
[0.622s] -- Up-to-date: /home/jerry/limx_ws/install/robot_description/share/robot_description/pointfoot/PF_TRON1A
[0.622s] -- Up-to-date: /home/jerry/limx_ws/install/robot_description/share/robot_description/pointfoot/PF_TRON1A/xacro
[0.622s] -- Up-to-date: /home/jerry/limx_ws/install/robot_description/share/robot_description/pointfoot/PF_TRON1A/xacro/robot.xacro
[0.624s] -- Up-to-date: /home/jerry/limx_ws/install/robot_description/share/robot_description/pointfoot/PF_TRON1A/xacro/ros2_control_interface.xacro
[0.625s] -- Up-to-date: /home/jerry/limx_ws/install/robot_description/share/robot_description/pointfoot/PF_TRON1A/xacro/const.xacro
[0.625s] -- Up-to-date: /home/jerry/limx_ws/install/robot_description/share/robot_description/pointfoot/PF_TRON1A/xacro/leg.xacro
[0.625s] -- Up-to-date: /home/jerry/limx_ws/install/robot_description/share/robot_description/pointfoot/PF_TRON1A/xacro/transmission.xacro
[0.625s] -- Up-to-date: /home/jerry/limx_ws/install/robot_description/share/robot_description/pointfoot/PF_TRON1A/xacro/materials.xacro
[0.626s] -- Up-to-date: /home/jerry/limx_ws/install/robot_description/share/robot_description/pointfoot/PF_TRON1A/xacro/gazebo.xacro
[0.628s] -- Up-to-date: /home/jerry/limx_ws/install/robot_description/share/robot_description/pointfoot/PF_TRON1A/urdf
[0.628s] -- Up-to-date: /home/jerry/limx_ws/install/robot_description/share/robot_description/pointfoot/PF_TRON1A/urdf/robot.urdf
[0.628s] -- Up-to-date: /home/jerry/limx_ws/install/robot_description/share/robot_description/pointfoot/PF_TRON1A/meshes
[0.628s] -- Up-to-date: /home/jerry/limx_ws/install/robot_description/share/robot_description/pointfoot/PF_TRON1A/meshes/abad_L_Link.STL
[0.629s] -- Up-to-date: /home/jerry/limx_ws/install/robot_description/share/robot_description/pointfoot/PF_TRON1A/meshes/knee_L_Link.STL
[0.629s] -- Up-to-date: /home/jerry/limx_ws/install/robot_description/share/robot_description/pointfoot/PF_TRON1A/meshes/base_Link.STL
[0.629s] -- Up-to-date: /home/jerry/limx_ws/install/robot_description/share/robot_description/pointfoot/PF_TRON1A/meshes/hip_R_Link.STL
[0.629s] -- Up-to-date: /home/jerry/limx_ws/install/robot_description/share/robot_description/pointfoot/PF_TRON1A/meshes/knee_R_Link.STL
[0.629s] -- Up-to-date: /home/jerry/limx_ws/install/robot_description/share/robot_description/pointfoot/PF_TRON1A/meshes/abad_R_Link.STL
[0.630s] -- Up-to-date: /home/jerry/limx_ws/install/robot_description/share/robot_description/pointfoot/PF_TRON1A/meshes/foot_R_Link.STL
[0.630s] -- Up-to-date: /home/jerry/limx_ws/install/robot_description/share/robot_description/pointfoot/PF_TRON1A/meshes/foot_L_Link.STL
[0.630s] -- Up-to-date: /home/jerry/limx_ws/install/robot_description/share/robot_description/pointfoot/PF_TRON1A/meshes/hip_L_Link.STL
[0.630s] -- Up-to-date: /home/jerry/limx_ws/install/robot_description/share/robot_description/pointfoot/PF_TRON1A/xml
[0.630s] -- Up-to-date: /home/jerry/limx_ws/install/robot_description/share/robot_description/pointfoot/PF_TRON1A/xml/robot.xml
[0.630s] -- Up-to-date: /home/jerry/limx_ws/install/robot_description/share/robot_description/pointfoot/meshes_camera
[0.635s] -- Up-to-date: /home/jerry/limx_ws/install/robot_description/share/robot_description/pointfoot/meshes_camera/d435.dae
[0.635s] -- Up-to-date: /home/jerry/limx_ws/install/robot_description/share/robot_description/pointfoot/PF_P441C
[0.635s] -- Up-to-date: /home/jerry/limx_ws/install/robot_description/share/robot_description/pointfoot/PF_P441C/xacro
[0.635s] -- Up-to-date: /home/jerry/limx_ws/install/robot_description/share/robot_description/pointfoot/PF_P441C/xacro/robot.xacro
[0.636s] -- Up-to-date: /home/jerry/limx_ws/install/robot_description/share/robot_description/pointfoot/PF_P441C/xacro/ros2_control_interface.xacro
[0.636s] -- Up-to-date: /home/jerry/limx_ws/install/robot_description/share/robot_description/pointfoot/PF_P441C/xacro/const.xacro
[0.636s] -- Up-to-date: /home/jerry/limx_ws/install/robot_description/share/robot_description/pointfoot/PF_P441C/xacro/leg.xacro
[0.636s] -- Up-to-date: /home/jerry/limx_ws/install/robot_description/share/robot_description/pointfoot/PF_P441C/xacro/transmission.xacro
[0.636s] -- Up-to-date: /home/jerry/limx_ws/install/robot_description/share/robot_description/pointfoot/PF_P441C/xacro/materials.xacro
[0.636s] -- Up-to-date: /home/jerry/limx_ws/install/robot_description/share/robot_description/pointfoot/PF_P441C/xacro/gazebo.xacro
[0.638s] -- Up-to-date: /home/jerry/limx_ws/install/robot_description/share/robot_description/pointfoot/PF_P441C/urdf
[0.643s] -- Up-to-date: /home/jerry/limx_ws/install/robot_description/share/robot_description/pointfoot/PF_P441C/urdf/robot.urdf
[0.643s] -- Up-to-date: /home/jerry/limx_ws/install/robot_description/share/robot_description/pointfoot/PF_P441C/meshes
[0.643s] -- Up-to-date: /home/jerry/limx_ws/install/robot_description/share/robot_description/pointfoot/PF_P441C/meshes/abad_L_Link.STL
[0.643s] -- Up-to-date: /home/jerry/limx_ws/install/robot_description/share/robot_description/pointfoot/PF_P441C/meshes/knee_L_Link.STL
[0.648s] -- Up-to-date: /home/jerry/limx_ws/install/robot_description/share/robot_description/pointfoot/PF_P441C/meshes/base_Link.STL
[0.649s] -- Up-to-date: /home/jerry/limx_ws/install/robot_description/share/robot_description/pointfoot/PF_P441C/meshes/hip_R_Link.STL
[0.649s] -- Up-to-date: /home/jerry/limx_ws/install/robot_description/share/robot_description/pointfoot/PF_P441C/meshes/knee_R_Link.STL
[0.649s] -- Up-to-date: /home/jerry/limx_ws/install/robot_description/share/robot_description/pointfoot/PF_P441C/meshes/abad_R_Link.STL
[0.649s] -- Up-to-date: /home/jerry/limx_ws/install/robot_description/share/robot_description/pointfoot/PF_P441C/meshes/foot_R_Link.STL
[0.650s] -- Up-to-date: /home/jerry/limx_ws/install/robot_description/share/robot_description/pointfoot/PF_P441C/meshes/foot_L_Link.STL
[0.650s] -- Up-to-date: /home/jerry/limx_ws/install/robot_description/share/robot_description/pointfoot/PF_P441C/meshes/hip_L_Link.STL
[0.650s] -- Up-to-date: /home/jerry/limx_ws/install/robot_description/share/robot_description/pointfoot/PF_P441C/xml
[0.651s] -- Up-to-date: /home/jerry/limx_ws/install/robot_description/share/robot_description/pointfoot/PF_P441C/xml/robot.xml
[0.651s] -- Up-to-date: /home/jerry/limx_ws/install/robot_description/share/robot_description/wheellegged
[0.651s] -- Up-to-date: /home/jerry/limx_ws/install/robot_description/share/robot_description/wheellegged/WL_P311E
[0.653s] -- Up-to-date: /home/jerry/limx_ws/install/robot_description/share/robot_description/wheellegged/WL_P311E/urdf
[0.654s] -- Up-to-date: /home/jerry/limx_ws/install/robot_description/share/robot_description/wheellegged/WL_P311E/urdf/robot.urdf
[0.654s] -- Up-to-date: /home/jerry/limx_ws/install/robot_description/share/robot_description/wheellegged/WL_P311E/meshes
[0.654s] -- Up-to-date: /home/jerry/limx_ws/install/robot_description/share/robot_description/wheellegged/WL_P311E/meshes/RF_wheel.STL
[0.654s] -- Up-to-date: /home/jerry/limx_ws/install/robot_description/share/robot_description/wheellegged/WL_P311E/meshes/LF_wheel.STL
[0.659s] -- Up-to-date: /home/jerry/limx_ws/install/robot_description/share/robot_description/wheellegged/WL_P311E/meshes/RF_hip.STL
[0.661s] -- Up-to-date: /home/jerry/limx_ws/install/robot_description/share/robot_description/wheellegged/WL_P311E/meshes/LF_calf.STL
[0.661s] -- Up-to-date: /home/jerry/limx_ws/install/robot_description/share/robot_description/wheellegged/WL_P311E/meshes/RH_wheel.STL
[0.661s] -- Up-to-date: /home/jerry/limx_ws/install/robot_description/share/robot_description/wheellegged/WL_P311E/meshes/RH_hip.STL
[0.662s] -- Up-to-date: /home/jerry/limx_ws/install/robot_description/share/robot_description/wheellegged/WL_P311E/meshes/trunk.STL
[0.662s] -- Up-to-date: /home/jerry/limx_ws/install/robot_description/share/robot_description/wheellegged/WL_P311E/meshes/LF_thigh.STL
[0.662s] -- Up-to-date: /home/jerry/limx_ws/install/robot_description/share/robot_description/wheellegged/WL_P311E/meshes/LH_wheel.STL
[0.662s] -- Up-to-date: /home/jerry/limx_ws/install/robot_description/share/robot_description/wheellegged/WL_P311E/meshes/RF_thigh.STL
[0.662s] -- Up-to-date: /home/jerry/limx_ws/install/robot_description/share/robot_description/wheellegged/WL_P311E/meshes/RF_calf.STL
[0.663s] -- Up-to-date: /home/jerry/limx_ws/install/robot_description/share/robot_description/wheellegged/WL_P311E/meshes/LF_hip.STL
[0.663s] -- Up-to-date: /home/jerry/limx_ws/install/robot_description/share/robot_description/wheellegged/WL_P311E/meshes/RH_thigh.STL
[0.663s] -- Up-to-date: /home/jerry/limx_ws/install/robot_description/share/robot_description/wheellegged/WL_P311E/meshes/LH_calf.STL
[0.663s] -- Up-to-date: /home/jerry/limx_ws/install/robot_description/share/robot_description/wheellegged/WL_P311E/meshes/realsense_d435.stl
[0.663s] -- Up-to-date: /home/jerry/limx_ws/install/robot_description/share/robot_description/wheellegged/WL_P311E/meshes/LH_hip.STL
[0.663s] -- Up-to-date: /home/jerry/limx_ws/install/robot_description/share/robot_description/wheellegged/WL_P311E/meshes/RH_calf.STL
[0.667s] -- Up-to-date: /home/jerry/limx_ws/install/robot_description/share/robot_description/wheellegged/WL_P311E/meshes/LH_thigh.STL
[0.668s] -- Up-to-date: /home/jerry/limx_ws/install/robot_description/share/robot_description/wheellegged/WL_P311E/srdf
[0.668s] -- Up-to-date: /home/jerry/limx_ws/install/robot_description/share/robot_description/wheellegged/WL_P311E/srdf/robot.srdf
[0.668s] -- Up-to-date: /home/jerry/limx_ws/install/robot_description/share/robot_description/wheellegged/WL_P311D
[0.668s] -- Up-to-date: /home/jerry/limx_ws/install/robot_description/share/robot_description/wheellegged/WL_P311D/urdf
[0.668s] -- Up-to-date: /home/jerry/limx_ws/install/robot_description/share/robot_description/wheellegged/WL_P311D/urdf/robot.urdf
[0.669s] -- Up-to-date: /home/jerry/limx_ws/install/robot_description/share/robot_description/wheellegged/WL_P311D/meshes
[0.669s] -- Up-to-date: /home/jerry/limx_ws/install/robot_description/share/robot_description/wheellegged/WL_P311D/meshes/RF_wheel.STL
[0.669s] -- Up-to-date: /home/jerry/limx_ws/install/robot_description/share/robot_description/wheellegged/WL_P311D/meshes/LF_wheel.STL
[0.669s] -- Up-to-date: /home/jerry/limx_ws/install/robot_description/share/robot_description/wheellegged/WL_P311D/meshes/RF_hip.STL
[0.670s] -- Up-to-date: /home/jerry/limx_ws/install/robot_description/share/robot_description/wheellegged/WL_P311D/meshes/base_link.STL
[0.670s] -- Up-to-date: /home/jerry/limx_ws/install/robot_description/share/robot_description/wheellegged/WL_P311D/meshes/LF_calf.STL
[0.670s] -- Up-to-date: /home/jerry/limx_ws/install/robot_description/share/robot_description/wheellegged/WL_P311D/meshes/RH_wheel.STL
[0.670s] -- Up-to-date: /home/jerry/limx_ws/install/robot_description/share/robot_description/wheellegged/WL_P311D/meshes/RH_hip.STL
[0.676s] -- Up-to-date: /home/jerry/limx_ws/install/robot_description/share/robot_description/wheellegged/WL_P311D/meshes/LF_thigh.STL
[0.676s] -- Up-to-date: /home/jerry/limx_ws/install/robot_description/share/robot_description/wheellegged/WL_P311D/meshes/LH_wheel.STL
[0.676s] -- Up-to-date: /home/jerry/limx_ws/install/robot_description/share/robot_description/wheellegged/WL_P311D/meshes/RF_thigh.STL
[0.676s] -- Up-to-date: /home/jerry/limx_ws/install/robot_description/share/robot_description/wheellegged/WL_P311D/meshes/RF_calf.STL
[0.677s] -- Up-to-date: /home/jerry/limx_ws/install/robot_description/share/robot_description/wheellegged/WL_P311D/meshes/LF_hip.STL
[0.677s] -- Up-to-date: /home/jerry/limx_ws/install/robot_description/share/robot_description/wheellegged/WL_P311D/meshes/RH_thigh.STL
[0.677s] -- Up-to-date: /home/jerry/limx_ws/install/robot_description/share/robot_description/wheellegged/WL_P311D/meshes/LH_calf.STL
[0.677s] -- Up-to-date: /home/jerry/limx_ws/install/robot_description/share/robot_description/wheellegged/WL_P311D/meshes/realsense_d435.stl
[0.678s] -- Up-to-date: /home/jerry/limx_ws/install/robot_description/share/robot_description/wheellegged/WL_P311D/meshes/LH_hip.STL
[0.678s] -- Up-to-date: /home/jerry/limx_ws/install/robot_description/share/robot_description/wheellegged/WL_P311D/meshes/RH_calf.STL
[0.678s] -- Up-to-date: /home/jerry/limx_ws/install/robot_description/share/robot_description/wheellegged/WL_P311D/meshes/LH_thigh.STL
[0.682s] -- Up-to-date: /home/jerry/limx_ws/install/robot_description/share/robot_description/wheellegged/WL_P311D/srdf
[0.682s] -- Up-to-date: /home/jerry/limx_ws/install/robot_description/share/robot_description/wheellegged/WL_P311D/srdf/robot.srdf
[0.682s] -- Up-to-date: /home/jerry/limx_ws/install/robot_description/share/ament_index/resource_index/package_run_dependencies/robot_description
[0.771s] -- Up-to-date: /home/jerry/limx_ws/install/robot_description/share/ament_index/resource_index/parent_prefix_path/robot_description
[0.771s] -- Up-to-date: /home/jerry/limx_ws/install/robot_description/share/robot_description/environment/ament_prefix_path.sh
[0.771s] -- Up-to-date: /home/jerry/limx_ws/install/robot_description/share/robot_description/environment/ament_prefix_path.dsv
[0.771s] -- Up-to-date: /home/jerry/limx_ws/install/robot_description/share/robot_description/environment/path.sh
[0.777s] -- Up-to-date: /home/jerry/limx_ws/install/robot_description/share/robot_description/environment/path.dsv
[0.778s] -- Up-to-date: /home/jerry/limx_ws/install/robot_description/share/robot_description/local_setup.bash
[0.820s] -- Up-to-date: /home/jerry/limx_ws/install/robot_description/share/robot_description/local_setup.sh
[0.820s] -- Up-to-date: /home/jerry/limx_ws/install/robot_description/share/robot_description/local_setup.zsh
[0.821s] -- Up-to-date: /home/jerry/limx_ws/install/robot_description/share/robot_description/local_setup.dsv
[0.821s] -- Installing: /home/jerry/limx_ws/install/robot_description/share/robot_description/package.dsv
[0.821s] -- Up-to-date: /home/jerry/limx_ws/install/robot_description/share/ament_index/resource_index/packages/robot_description
[0.825s] -- Up-to-date: /home/jerry/limx_ws/install/robot_description/share/robot_description/cmake/robot_descriptionConfig.cmake
[0.825s] -- Up-to-date: /home/jerry/limx_ws/install/robot_description/share/robot_description/cmake/robot_descriptionConfig-version.cmake
[0.825s] -- Up-to-date: /home/jerry/limx_ws/install/robot_description/share/robot_description/package.xml
[0.886s] Invoked command in '/home/jerry/limx_ws/build/robot_description' returned '0': CMAKE_PREFIX_PATH=/opt/ros/humble /usr/bin/cmake --install /home/jerry/limx_ws/build/robot_description
