[0.033s] Invoking command in '/home/jerry/limx_ws/build/lidar_odometry_0': CMAKE_PREFIX_PATH=/opt/ros/humble:${CMAKE_PREFIX_PATH} /usr/bin/cmake --build /home/jerry/limx_ws/build/lidar_odometry_0 -- -j8 -l8
[0.115s] [35m[1mConsolidate compiler generated dependencies of target lidar_odometry_node_0[0m
[0.190s] [100%] Built target lidar_odometry_node_0
[0.263s] Invoked command in '/home/jerry/limx_ws/build/lidar_odometry_0' returned '0': CMAKE_PREFIX_PATH=/opt/ros/humble:${CMAKE_PREFIX_PATH} /usr/bin/cmake --build /home/jerry/limx_ws/build/lidar_odometry_0 -- -j8 -l8
[0.266s] Invoking command in '/home/jerry/limx_ws/build/lidar_odometry_0': CMAKE_PREFIX_PATH=/opt/ros/humble:${CMAKE_PREFIX_PATH} /usr/bin/cmake --install /home/jerry/limx_ws/build/lidar_odometry_0
[0.284s] -- Install configuration: ""
[0.284s] -- Up-to-date: /home/jerry/limx_ws/install/lidar_odometry_0/lib/lidar_odometry_0/lidar_odometry_node_0
[0.285s] -- Up-to-date: /home/jerry/limx_ws/install/lidar_odometry_0/share/ament_index/resource_index/package_run_dependencies/lidar_odometry_0
[0.285s] -- Up-to-date: /home/jerry/limx_ws/install/lidar_odometry_0/share/ament_index/resource_index/parent_prefix_path/lidar_odometry_0
[0.285s] -- Up-to-date: /home/jerry/limx_ws/install/lidar_odometry_0/share/lidar_odometry_0/environment/ament_prefix_path.sh
[0.285s] -- Up-to-date: /home/jerry/limx_ws/install/lidar_odometry_0/share/lidar_odometry_0/environment/ament_prefix_path.dsv
[0.285s] -- Up-to-date: /home/jerry/limx_ws/install/lidar_odometry_0/share/lidar_odometry_0/environment/path.sh
[0.285s] -- Up-to-date: /home/jerry/limx_ws/install/lidar_odometry_0/share/lidar_odometry_0/environment/path.dsv
[0.285s] -- Up-to-date: /home/jerry/limx_ws/install/lidar_odometry_0/share/lidar_odometry_0/local_setup.bash
[0.285s] -- Up-to-date: /home/jerry/limx_ws/install/lidar_odometry_0/share/lidar_odometry_0/local_setup.sh
[0.285s] -- Up-to-date: /home/jerry/limx_ws/install/lidar_odometry_0/share/lidar_odometry_0/local_setup.zsh
[0.285s] -- Up-to-date: /home/jerry/limx_ws/install/lidar_odometry_0/share/lidar_odometry_0/local_setup.dsv
[0.285s] -- Installing: /home/jerry/limx_ws/install/lidar_odometry_0/share/lidar_odometry_0/package.dsv
[0.285s] -- Up-to-date: /home/jerry/limx_ws/install/lidar_odometry_0/share/ament_index/resource_index/packages/lidar_odometry_0
[0.285s] -- Up-to-date: /home/jerry/limx_ws/install/lidar_odometry_0/share/lidar_odometry_0/cmake/lidar_odometry_0Config.cmake
[0.285s] -- Up-to-date: /home/jerry/limx_ws/install/lidar_odometry_0/share/lidar_odometry_0/cmake/lidar_odometry_0Config-version.cmake
[0.285s] -- Up-to-date: /home/jerry/limx_ws/install/lidar_odometry_0/share/lidar_odometry_0/package.xml
[0.298s] Invoked command in '/home/jerry/limx_ws/build/lidar_odometry_0' returned '0': CMAKE_PREFIX_PATH=/opt/ros/humble:${CMAKE_PREFIX_PATH} /usr/bin/cmake --install /home/jerry/limx_ws/build/lidar_odometry_0
