[0mCurrently in ROS2 compilation environment[0m
-- Found ament_cmake: 1.3.12 (/opt/ros/humble/share/ament_cmake/cmake)
-- Configuring done
-- Generating done
-- Build files have been written to: /home/jerry/limx_ws/build/robot_description
-- Install configuration: ""
-- Up-to-date: /home/jerry/limx_ws/install/robot_description/share/robot_description/pointfoot
-- Up-to-date: /home/jerry/limx_ws/install/robot_description/share/robot_description/pointfoot/PF_P441B
-- Up-to-date: /home/jerry/limx_ws/install/robot_description/share/robot_description/pointfoot/PF_P441B/xacro
-- Up-to-date: /home/jerry/limx_ws/install/robot_description/share/robot_description/pointfoot/PF_P441B/xacro/robot.xacro
-- Up-to-date: /home/jerry/limx_ws/install/robot_description/share/robot_description/pointfoot/PF_P441B/xacro/ros2_control_interface.xacro
-- Up-to-date: /home/jerry/limx_ws/install/robot_description/share/robot_description/pointfoot/PF_P441B/xacro/const.xacro
-- Up-to-date: /home/jerry/limx_ws/install/robot_description/share/robot_description/pointfoot/PF_P441B/xacro/leg.xacro
-- Up-to-date: /home/jerry/limx_ws/install/robot_description/share/robot_description/pointfoot/PF_P441B/xacro/transmission.xacro
-- Up-to-date: /home/jerry/limx_ws/install/robot_description/share/robot_description/pointfoot/PF_P441B/xacro/materials.xacro
-- Up-to-date: /home/jerry/limx_ws/install/robot_description/share/robot_description/pointfoot/PF_P441B/xacro/gazebo.xacro
-- Up-to-date: /home/jerry/limx_ws/install/robot_description/share/robot_description/pointfoot/PF_P441B/urdf
-- Up-to-date: /home/jerry/limx_ws/install/robot_description/share/robot_description/pointfoot/PF_P441B/urdf/robot.urdf
-- Up-to-date: /home/jerry/limx_ws/install/robot_description/share/robot_description/pointfoot/PF_P441B/meshes
-- Up-to-date: /home/jerry/limx_ws/install/robot_description/share/robot_description/pointfoot/PF_P441B/meshes/abad_L_Link.STL
-- Up-to-date: /home/jerry/limx_ws/install/robot_description/share/robot_description/pointfoot/PF_P441B/meshes/knee_L_Link.STL
-- Up-to-date: /home/jerry/limx_ws/install/robot_description/share/robot_description/pointfoot/PF_P441B/meshes/base_Link.STL
-- Up-to-date: /home/jerry/limx_ws/install/robot_description/share/robot_description/pointfoot/PF_P441B/meshes/hip_R_Link.STL
-- Up-to-date: /home/jerry/limx_ws/install/robot_description/share/robot_description/pointfoot/PF_P441B/meshes/knee_R_Link.STL
-- Up-to-date: /home/jerry/limx_ws/install/robot_description/share/robot_description/pointfoot/PF_P441B/meshes/abad_R_Link.STL
-- Up-to-date: /home/jerry/limx_ws/install/robot_description/share/robot_description/pointfoot/PF_P441B/meshes/foot_R_Link.STL
-- Up-to-date: /home/jerry/limx_ws/install/robot_description/share/robot_description/pointfoot/PF_P441B/meshes/foot_L_Link.STL
-- Up-to-date: /home/jerry/limx_ws/install/robot_description/share/robot_description/pointfoot/PF_P441B/meshes/hip_L_Link.STL
-- Up-to-date: /home/jerry/limx_ws/install/robot_description/share/robot_description/pointfoot/PF_P441B/xml
-- Up-to-date: /home/jerry/limx_ws/install/robot_description/share/robot_description/pointfoot/PF_P441B/xml/robot.xml
-- Up-to-date: /home/jerry/limx_ws/install/robot_description/share/robot_description/pointfoot/PF_TRON1B
-- Up-to-date: /home/jerry/limx_ws/install/robot_description/share/robot_description/pointfoot/PF_TRON1B/xacro
-- Up-to-date: /home/jerry/limx_ws/install/robot_description/share/robot_description/pointfoot/PF_TRON1B/xacro/robot.xacro
-- Up-to-date: /home/jerry/limx_ws/install/robot_description/share/robot_description/pointfoot/PF_TRON1B/xacro/ros2_control_interface.xacro
-- Up-to-date: /home/jerry/limx_ws/install/robot_description/share/robot_description/pointfoot/PF_TRON1B/xacro/const.xacro
-- Up-to-date: /home/jerry/limx_ws/install/robot_description/share/robot_description/pointfoot/PF_TRON1B/xacro/leg.xacro
-- Up-to-date: /home/jerry/limx_ws/install/robot_description/share/robot_description/pointfoot/PF_TRON1B/xacro/transmission.xacro
-- Up-to-date: /home/jerry/limx_ws/install/robot_description/share/robot_description/pointfoot/PF_TRON1B/xacro/materials.xacro
-- Up-to-date: /home/jerry/limx_ws/install/robot_description/share/robot_description/pointfoot/PF_TRON1B/xacro/gazebo.xacro
-- Up-to-date: /home/jerry/limx_ws/install/robot_description/share/robot_description/pointfoot/PF_TRON1B/urdf
-- Up-to-date: /home/jerry/limx_ws/install/robot_description/share/robot_description/pointfoot/PF_TRON1B/urdf/robot.urdf
-- Up-to-date: /home/jerry/limx_ws/install/robot_description/share/robot_description/pointfoot/PF_TRON1B/meshes
-- Up-to-date: /home/jerry/limx_ws/install/robot_description/share/robot_description/pointfoot/PF_TRON1B/meshes/abad_L_Link.STL
-- Up-to-date: /home/jerry/limx_ws/install/robot_description/share/robot_description/pointfoot/PF_TRON1B/meshes/knee_L_Link.STL
-- Up-to-date: /home/jerry/limx_ws/install/robot_description/share/robot_description/pointfoot/PF_TRON1B/meshes/base_Link.STL
-- Up-to-date: /home/jerry/limx_ws/install/robot_description/share/robot_description/pointfoot/PF_TRON1B/meshes/hip_R_Link.STL
-- Up-to-date: /home/jerry/limx_ws/install/robot_description/share/robot_description/pointfoot/PF_TRON1B/meshes/knee_R_Link.STL
-- Up-to-date: /home/jerry/limx_ws/install/robot_description/share/robot_description/pointfoot/PF_TRON1B/meshes/abad_R_Link.STL
-- Up-to-date: /home/jerry/limx_ws/install/robot_description/share/robot_description/pointfoot/PF_TRON1B/meshes/foot_R_Link.STL
-- Up-to-date: /home/jerry/limx_ws/install/robot_description/share/robot_description/pointfoot/PF_TRON1B/meshes/foot_L_Link.STL
-- Up-to-date: /home/jerry/limx_ws/install/robot_description/share/robot_description/pointfoot/PF_TRON1B/meshes/hip_L_Link.STL
-- Up-to-date: /home/jerry/limx_ws/install/robot_description/share/robot_description/pointfoot/PF_TRON1B/xml
-- Up-to-date: /home/jerry/limx_ws/install/robot_description/share/robot_description/pointfoot/PF_TRON1B/xml/robot.xml
-- Up-to-date: /home/jerry/limx_ws/install/robot_description/share/robot_description/pointfoot/PF_P441A
-- Up-to-date: /home/jerry/limx_ws/install/robot_description/share/robot_description/pointfoot/PF_P441A/xacro
-- Up-to-date: /home/jerry/limx_ws/install/robot_description/share/robot_description/pointfoot/PF_P441A/xacro/robot.xacro
-- Up-to-date: /home/jerry/limx_ws/install/robot_description/share/robot_description/pointfoot/PF_P441A/xacro/ros2_control_interface.xacro
-- Up-to-date: /home/jerry/limx_ws/install/robot_description/share/robot_description/pointfoot/PF_P441A/xacro/const.xacro
-- Up-to-date: /home/jerry/limx_ws/install/robot_description/share/robot_description/pointfoot/PF_P441A/xacro/leg.xacro
-- Up-to-date: /home/jerry/limx_ws/install/robot_description/share/robot_description/pointfoot/PF_P441A/xacro/transmission.xacro
-- Up-to-date: /home/jerry/limx_ws/install/robot_description/share/robot_description/pointfoot/PF_P441A/xacro/materials.xacro
-- Up-to-date: /home/jerry/limx_ws/install/robot_description/share/robot_description/pointfoot/PF_P441A/xacro/gazebo.xacro
-- Up-to-date: /home/jerry/limx_ws/install/robot_description/share/robot_description/pointfoot/PF_P441A/urdf
-- Up-to-date: /home/jerry/limx_ws/install/robot_description/share/robot_description/pointfoot/PF_P441A/urdf/robot.urdf
-- Up-to-date: /home/jerry/limx_ws/install/robot_description/share/robot_description/pointfoot/PF_P441A/meshes
-- Up-to-date: /home/jerry/limx_ws/install/robot_description/share/robot_description/pointfoot/PF_P441A/meshes/abad_L_Link.STL
-- Up-to-date: /home/jerry/limx_ws/install/robot_description/share/robot_description/pointfoot/PF_P441A/meshes/knee_L_Link.STL
-- Up-to-date: /home/jerry/limx_ws/install/robot_description/share/robot_description/pointfoot/PF_P441A/meshes/base_Link.STL
-- Up-to-date: /home/jerry/limx_ws/install/robot_description/share/robot_description/pointfoot/PF_P441A/meshes/hip_R_Link.STL
-- Up-to-date: /home/jerry/limx_ws/install/robot_description/share/robot_description/pointfoot/PF_P441A/meshes/knee_R_Link.STL
-- Up-to-date: /home/jerry/limx_ws/install/robot_description/share/robot_description/pointfoot/PF_P441A/meshes/abad_R_Link.STL
-- Up-to-date: /home/jerry/limx_ws/install/robot_description/share/robot_description/pointfoot/PF_P441A/meshes/foot_R_Link.STL
-- Up-to-date: /home/jerry/limx_ws/install/robot_description/share/robot_description/pointfoot/PF_P441A/meshes/foot_L_Link.STL
-- Up-to-date: /home/jerry/limx_ws/install/robot_description/share/robot_description/pointfoot/PF_P441A/meshes/hip_L_Link.STL
-- Up-to-date: /home/jerry/limx_ws/install/robot_description/share/robot_description/pointfoot/PF_P441A/xml
-- Up-to-date: /home/jerry/limx_ws/install/robot_description/share/robot_description/pointfoot/PF_P441A/xml/robot.xml
-- Up-to-date: /home/jerry/limx_ws/install/robot_description/share/robot_description/pointfoot/WF_TRON1B
-- Up-to-date: /home/jerry/limx_ws/install/robot_description/share/robot_description/pointfoot/WF_TRON1B/xacro
-- Up-to-date: /home/jerry/limx_ws/install/robot_description/share/robot_description/pointfoot/WF_TRON1B/xacro/robot.xacro
-- Up-to-date: /home/jerry/limx_ws/install/robot_description/share/robot_description/pointfoot/WF_TRON1B/xacro/ros2_control_interface.xacro
-- Up-to-date: /home/jerry/limx_ws/install/robot_description/share/robot_description/pointfoot/WF_TRON1B/xacro/const.xacro
-- Up-to-date: /home/jerry/limx_ws/install/robot_description/share/robot_description/pointfoot/WF_TRON1B/xacro/leg.xacro
-- Up-to-date: /home/jerry/limx_ws/install/robot_description/share/robot_description/pointfoot/WF_TRON1B/xacro/transmission.xacro
-- Up-to-date: /home/jerry/limx_ws/install/robot_description/share/robot_description/pointfoot/WF_TRON1B/xacro/materials.xacro
-- Up-to-date: /home/jerry/limx_ws/install/robot_description/share/robot_description/pointfoot/WF_TRON1B/xacro/gazebo.xacro
-- Up-to-date: /home/jerry/limx_ws/install/robot_description/share/robot_description/pointfoot/WF_TRON1B/urdf
-- Up-to-date: /home/jerry/limx_ws/install/robot_description/share/robot_description/pointfoot/WF_TRON1B/urdf/robot.urdf
-- Up-to-date: /home/jerry/limx_ws/install/robot_description/share/robot_description/pointfoot/WF_TRON1B/meshes
-- Up-to-date: /home/jerry/limx_ws/install/robot_description/share/robot_description/pointfoot/WF_TRON1B/meshes/abad_L_Link.STL
-- Up-to-date: /home/jerry/limx_ws/install/robot_description/share/robot_description/pointfoot/WF_TRON1B/meshes/knee_L_Link.STL
-- Up-to-date: /home/jerry/limx_ws/install/robot_description/share/robot_description/pointfoot/WF_TRON1B/meshes/wheel_R_Link.STL
-- Up-to-date: /home/jerry/limx_ws/install/robot_description/share/robot_description/pointfoot/WF_TRON1B/meshes/base_Link.STL
-- Up-to-date: /home/jerry/limx_ws/install/robot_description/share/robot_description/pointfoot/WF_TRON1B/meshes/hip_R_Link.STL
-- Up-to-date: /home/jerry/limx_ws/install/robot_description/share/robot_description/pointfoot/WF_TRON1B/meshes/knee_R_Link.STL
-- Up-to-date: /home/jerry/limx_ws/install/robot_description/share/robot_description/pointfoot/WF_TRON1B/meshes/wheel_L_Link.STL
-- Up-to-date: /home/jerry/limx_ws/install/robot_description/share/robot_description/pointfoot/WF_TRON1B/meshes/abad_R_Link.STL
-- Up-to-date: /home/jerry/limx_ws/install/robot_description/share/robot_description/pointfoot/WF_TRON1B/meshes/hip_L_Link.STL
-- Up-to-date: /home/jerry/limx_ws/install/robot_description/share/robot_description/pointfoot/WF_TRON1B/xml
-- Up-to-date: /home/jerry/limx_ws/install/robot_description/share/robot_description/pointfoot/WF_TRON1B/xml/robot.xml
-- Up-to-date: /home/jerry/limx_ws/install/robot_description/share/robot_description/pointfoot/SF_TRON1B
-- Up-to-date: /home/jerry/limx_ws/install/robot_description/share/robot_description/pointfoot/SF_TRON1B/xacro
-- Up-to-date: /home/jerry/limx_ws/install/robot_description/share/robot_description/pointfoot/SF_TRON1B/xacro/robot.xacro
-- Up-to-date: /home/jerry/limx_ws/install/robot_description/share/robot_description/pointfoot/SF_TRON1B/xacro/ros2_control_interface.xacro
-- Up-to-date: /home/jerry/limx_ws/install/robot_description/share/robot_description/pointfoot/SF_TRON1B/xacro/const.xacro
-- Up-to-date: /home/jerry/limx_ws/install/robot_description/share/robot_description/pointfoot/SF_TRON1B/xacro/leg.xacro
-- Up-to-date: /home/jerry/limx_ws/install/robot_description/share/robot_description/pointfoot/SF_TRON1B/xacro/transmission.xacro
-- Up-to-date: /home/jerry/limx_ws/install/robot_description/share/robot_description/pointfoot/SF_TRON1B/xacro/materials.xacro
-- Up-to-date: /home/jerry/limx_ws/install/robot_description/share/robot_description/pointfoot/SF_TRON1B/xacro/gazebo.xacro
-- Up-to-date: /home/jerry/limx_ws/install/robot_description/share/robot_description/pointfoot/SF_TRON1B/urdf
-- Up-to-date: /home/jerry/limx_ws/install/robot_description/share/robot_description/pointfoot/SF_TRON1B/urdf/robot.urdf
-- Up-to-date: /home/jerry/limx_ws/install/robot_description/share/robot_description/pointfoot/SF_TRON1B/meshes
-- Up-to-date: /home/jerry/limx_ws/install/robot_description/share/robot_description/pointfoot/SF_TRON1B/meshes/abad_L_Link.STL
-- Up-to-date: /home/jerry/limx_ws/install/robot_description/share/robot_description/pointfoot/SF_TRON1B/meshes/knee_L_Link.STL
-- Up-to-date: /home/jerry/limx_ws/install/robot_description/share/robot_description/pointfoot/SF_TRON1B/meshes/base_Link.STL
-- Up-to-date: /home/jerry/limx_ws/install/robot_description/share/robot_description/pointfoot/SF_TRON1B/meshes/ankle_R_Link.STL
-- Up-to-date: /home/jerry/limx_ws/install/robot_description/share/robot_description/pointfoot/SF_TRON1B/meshes/hip_R_Link.STL
-- Up-to-date: /home/jerry/limx_ws/install/robot_description/share/robot_description/pointfoot/SF_TRON1B/meshes/knee_R_Link.STL
-- Up-to-date: /home/jerry/limx_ws/install/robot_description/share/robot_description/pointfoot/SF_TRON1B/meshes/abad_R_Link.STL
-- Up-to-date: /home/jerry/limx_ws/install/robot_description/share/robot_description/pointfoot/SF_TRON1B/meshes/hip_L_Link.STL
-- Up-to-date: /home/jerry/limx_ws/install/robot_description/share/robot_description/pointfoot/SF_TRON1B/meshes/ankle_L_Link.STL
-- Up-to-date: /home/jerry/limx_ws/install/robot_description/share/robot_description/pointfoot/SF_TRON1B/xml
-- Up-to-date: /home/jerry/limx_ws/install/robot_description/share/robot_description/pointfoot/SF_TRON1B/xml/robot.xml
-- Up-to-date: /home/jerry/limx_ws/install/robot_description/share/robot_description/pointfoot/PF_P441C2
-- Up-to-date: /home/jerry/limx_ws/install/robot_description/share/robot_description/pointfoot/PF_P441C2/xacro
-- Up-to-date: /home/jerry/limx_ws/install/robot_description/share/robot_description/pointfoot/PF_P441C2/xacro/robot.xacro
-- Up-to-date: /home/jerry/limx_ws/install/robot_description/share/robot_description/pointfoot/PF_P441C2/xacro/ros2_control_interface.xacro
-- Up-to-date: /home/jerry/limx_ws/install/robot_description/share/robot_description/pointfoot/PF_P441C2/xacro/const.xacro
-- Up-to-date: /home/jerry/limx_ws/install/robot_description/share/robot_description/pointfoot/PF_P441C2/xacro/leg.xacro
-- Up-to-date: /home/jerry/limx_ws/install/robot_description/share/robot_description/pointfoot/PF_P441C2/xacro/transmission.xacro
-- Up-to-date: /home/jerry/limx_ws/install/robot_description/share/robot_description/pointfoot/PF_P441C2/xacro/materials.xacro
-- Up-to-date: /home/jerry/limx_ws/install/robot_description/share/robot_description/pointfoot/PF_P441C2/xacro/gazebo.xacro
-- Up-to-date: /home/jerry/limx_ws/install/robot_description/share/robot_description/pointfoot/PF_P441C2/urdf
-- Up-to-date: /home/jerry/limx_ws/install/robot_description/share/robot_description/pointfoot/PF_P441C2/urdf/robot.urdf
-- Up-to-date: /home/jerry/limx_ws/install/robot_description/share/robot_description/pointfoot/PF_P441C2/meshes
-- Up-to-date: /home/jerry/limx_ws/install/robot_description/share/robot_description/pointfoot/PF_P441C2/meshes/abad_L_Link.STL
-- Up-to-date: /home/jerry/limx_ws/install/robot_description/share/robot_description/pointfoot/PF_P441C2/meshes/knee_L_Link.STL
-- Up-to-date: /home/jerry/limx_ws/install/robot_description/share/robot_description/pointfoot/PF_P441C2/meshes/base_Link.STL
-- Up-to-date: /home/jerry/limx_ws/install/robot_description/share/robot_description/pointfoot/PF_P441C2/meshes/hip_R_Link.STL
-- Up-to-date: /home/jerry/limx_ws/install/robot_description/share/robot_description/pointfoot/PF_P441C2/meshes/knee_R_Link.STL
-- Up-to-date: /home/jerry/limx_ws/install/robot_description/share/robot_description/pointfoot/PF_P441C2/meshes/abad_R_Link.STL
-- Up-to-date: /home/jerry/limx_ws/install/robot_description/share/robot_description/pointfoot/PF_P441C2/meshes/foot_R_Link.STL
-- Up-to-date: /home/jerry/limx_ws/install/robot_description/share/robot_description/pointfoot/PF_P441C2/meshes/foot_L_Link.STL
-- Up-to-date: /home/jerry/limx_ws/install/robot_description/share/robot_description/pointfoot/PF_P441C2/meshes/hip_L_Link.STL
-- Up-to-date: /home/jerry/limx_ws/install/robot_description/share/robot_description/pointfoot/PF_P441C2/xml
-- Up-to-date: /home/jerry/limx_ws/install/robot_description/share/robot_description/pointfoot/PF_P441C2/xml/robot.xml
-- Up-to-date: /home/jerry/limx_ws/install/robot_description/share/robot_description/pointfoot/WF_TRON1A
-- Up-to-date: /home/jerry/limx_ws/install/robot_description/share/robot_description/pointfoot/WF_TRON1A/xacro
-- Up-to-date: /home/jerry/limx_ws/install/robot_description/share/robot_description/pointfoot/WF_TRON1A/xacro/robot.xacro
-- Up-to-date: /home/jerry/limx_ws/install/robot_description/share/robot_description/pointfoot/WF_TRON1A/xacro/ros2_control_interface.xacro
-- Up-to-date: /home/jerry/limx_ws/install/robot_description/share/robot_description/pointfoot/WF_TRON1A/xacro/const.xacro
-- Up-to-date: /home/jerry/limx_ws/install/robot_description/share/robot_description/pointfoot/WF_TRON1A/xacro/leg.xacro
-- Up-to-date: /home/jerry/limx_ws/install/robot_description/share/robot_description/pointfoot/WF_TRON1A/xacro/transmission.xacro
-- Up-to-date: /home/jerry/limx_ws/install/robot_description/share/robot_description/pointfoot/WF_TRON1A/xacro/materials.xacro
-- Up-to-date: /home/jerry/limx_ws/install/robot_description/share/robot_description/pointfoot/WF_TRON1A/xacro/gazebo.xacro
-- Up-to-date: /home/jerry/limx_ws/install/robot_description/share/robot_description/pointfoot/WF_TRON1A/urdf
-- Up-to-date: /home/jerry/limx_ws/install/robot_description/share/robot_description/pointfoot/WF_TRON1A/urdf/robot.urdf
-- Up-to-date: /home/jerry/limx_ws/install/robot_description/share/robot_description/pointfoot/WF_TRON1A/meshes
-- Up-to-date: /home/jerry/limx_ws/install/robot_description/share/robot_description/pointfoot/WF_TRON1A/meshes/abad_L_Link.STL
-- Up-to-date: /home/jerry/limx_ws/install/robot_description/share/robot_description/pointfoot/WF_TRON1A/meshes/knee_L_Link.STL
-- Up-to-date: /home/jerry/limx_ws/install/robot_description/share/robot_description/pointfoot/WF_TRON1A/meshes/wheel_R_Link.STL
-- Up-to-date: /home/jerry/limx_ws/install/robot_description/share/robot_description/pointfoot/WF_TRON1A/meshes/base_Link.STL
-- Up-to-date: /home/jerry/limx_ws/install/robot_description/share/robot_description/pointfoot/WF_TRON1A/meshes/hip_R_Link.STL
-- Up-to-date: /home/jerry/limx_ws/install/robot_description/share/robot_description/pointfoot/WF_TRON1A/meshes/knee_R_Link.STL
-- Up-to-date: /home/jerry/limx_ws/install/robot_description/share/robot_description/pointfoot/WF_TRON1A/meshes/wheel_L_Link.STL
-- Up-to-date: /home/jerry/limx_ws/install/robot_description/share/robot_description/pointfoot/WF_TRON1A/meshes/abad_R_Link.STL
-- Up-to-date: /home/jerry/limx_ws/install/robot_description/share/robot_description/pointfoot/WF_TRON1A/meshes/hip_L_Link.STL
-- Up-to-date: /home/jerry/limx_ws/install/robot_description/share/robot_description/pointfoot/WF_TRON1A/xml
-- Up-to-date: /home/jerry/limx_ws/install/robot_description/share/robot_description/pointfoot/WF_TRON1A/xml/robot.xml
-- Up-to-date: /home/jerry/limx_ws/install/robot_description/share/robot_description/pointfoot/SF_TRON1A
-- Up-to-date: /home/jerry/limx_ws/install/robot_description/share/robot_description/pointfoot/SF_TRON1A/xacro
-- Up-to-date: /home/jerry/limx_ws/install/robot_description/share/robot_description/pointfoot/SF_TRON1A/xacro/robot.xacro
-- Up-to-date: /home/jerry/limx_ws/install/robot_description/share/robot_description/pointfoot/SF_TRON1A/xacro/ros2_control_interface.xacro
-- Up-to-date: /home/jerry/limx_ws/install/robot_description/share/robot_description/pointfoot/SF_TRON1A/xacro/const.xacro
-- Up-to-date: /home/jerry/limx_ws/install/robot_description/share/robot_description/pointfoot/SF_TRON1A/xacro/leg.xacro
-- Up-to-date: /home/jerry/limx_ws/install/robot_description/share/robot_description/pointfoot/SF_TRON1A/xacro/transmission.xacro
-- Up-to-date: /home/jerry/limx_ws/install/robot_description/share/robot_description/pointfoot/SF_TRON1A/xacro/materials.xacro
-- Up-to-date: /home/jerry/limx_ws/install/robot_description/share/robot_description/pointfoot/SF_TRON1A/xacro/gazebo.xacro
-- Up-to-date: /home/jerry/limx_ws/install/robot_description/share/robot_description/pointfoot/SF_TRON1A/urdf
-- Up-to-date: /home/jerry/limx_ws/install/robot_description/share/robot_description/pointfoot/SF_TRON1A/urdf/robot.urdf
-- Up-to-date: /home/jerry/limx_ws/install/robot_description/share/robot_description/pointfoot/SF_TRON1A/meshes
-- Up-to-date: /home/jerry/limx_ws/install/robot_description/share/robot_description/pointfoot/SF_TRON1A/meshes/abad_L_Link.STL
-- Up-to-date: /home/jerry/limx_ws/install/robot_description/share/robot_description/pointfoot/SF_TRON1A/meshes/knee_L_Link.STL
-- Up-to-date: /home/jerry/limx_ws/install/robot_description/share/robot_description/pointfoot/SF_TRON1A/meshes/base_Link.STL
-- Up-to-date: /home/jerry/limx_ws/install/robot_description/share/robot_description/pointfoot/SF_TRON1A/meshes/ankle_R_Link.STL
-- Up-to-date: /home/jerry/limx_ws/install/robot_description/share/robot_description/pointfoot/SF_TRON1A/meshes/hip_R_Link.STL
-- Up-to-date: /home/jerry/limx_ws/install/robot_description/share/robot_description/pointfoot/SF_TRON1A/meshes/knee_R_Link.STL
-- Up-to-date: /home/jerry/limx_ws/install/robot_description/share/robot_description/pointfoot/SF_TRON1A/meshes/abad_R_Link.STL
-- Up-to-date: /home/jerry/limx_ws/install/robot_description/share/robot_description/pointfoot/SF_TRON1A/meshes/hip_L_Link.STL
-- Up-to-date: /home/jerry/limx_ws/install/robot_description/share/robot_description/pointfoot/SF_TRON1A/meshes/ankle_L_Link.STL
-- Up-to-date: /home/jerry/limx_ws/install/robot_description/share/robot_description/pointfoot/SF_TRON1A/xml
-- Up-to-date: /home/jerry/limx_ws/install/robot_description/share/robot_description/pointfoot/SF_TRON1A/xml/robot.xml
-- Up-to-date: /home/jerry/limx_ws/install/robot_description/share/robot_description/pointfoot/PF_TRON1A
-- Up-to-date: /home/jerry/limx_ws/install/robot_description/share/robot_description/pointfoot/PF_TRON1A/xacro
-- Up-to-date: /home/jerry/limx_ws/install/robot_description/share/robot_description/pointfoot/PF_TRON1A/xacro/robot.xacro
-- Up-to-date: /home/jerry/limx_ws/install/robot_description/share/robot_description/pointfoot/PF_TRON1A/xacro/ros2_control_interface.xacro
-- Up-to-date: /home/jerry/limx_ws/install/robot_description/share/robot_description/pointfoot/PF_TRON1A/xacro/const.xacro
-- Up-to-date: /home/jerry/limx_ws/install/robot_description/share/robot_description/pointfoot/PF_TRON1A/xacro/leg.xacro
-- Up-to-date: /home/jerry/limx_ws/install/robot_description/share/robot_description/pointfoot/PF_TRON1A/xacro/transmission.xacro
-- Up-to-date: /home/jerry/limx_ws/install/robot_description/share/robot_description/pointfoot/PF_TRON1A/xacro/materials.xacro
-- Up-to-date: /home/jerry/limx_ws/install/robot_description/share/robot_description/pointfoot/PF_TRON1A/xacro/gazebo.xacro
-- Up-to-date: /home/jerry/limx_ws/install/robot_description/share/robot_description/pointfoot/PF_TRON1A/urdf
-- Up-to-date: /home/jerry/limx_ws/install/robot_description/share/robot_description/pointfoot/PF_TRON1A/urdf/robot.urdf
-- Up-to-date: /home/jerry/limx_ws/install/robot_description/share/robot_description/pointfoot/PF_TRON1A/meshes
-- Up-to-date: /home/jerry/limx_ws/install/robot_description/share/robot_description/pointfoot/PF_TRON1A/meshes/abad_L_Link.STL
-- Up-to-date: /home/jerry/limx_ws/install/robot_description/share/robot_description/pointfoot/PF_TRON1A/meshes/knee_L_Link.STL
-- Up-to-date: /home/jerry/limx_ws/install/robot_description/share/robot_description/pointfoot/PF_TRON1A/meshes/base_Link.STL
-- Up-to-date: /home/jerry/limx_ws/install/robot_description/share/robot_description/pointfoot/PF_TRON1A/meshes/hip_R_Link.STL
-- Up-to-date: /home/jerry/limx_ws/install/robot_description/share/robot_description/pointfoot/PF_TRON1A/meshes/knee_R_Link.STL
-- Up-to-date: /home/jerry/limx_ws/install/robot_description/share/robot_description/pointfoot/PF_TRON1A/meshes/abad_R_Link.STL
-- Up-to-date: /home/jerry/limx_ws/install/robot_description/share/robot_description/pointfoot/PF_TRON1A/meshes/foot_R_Link.STL
-- Up-to-date: /home/jerry/limx_ws/install/robot_description/share/robot_description/pointfoot/PF_TRON1A/meshes/foot_L_Link.STL
-- Up-to-date: /home/jerry/limx_ws/install/robot_description/share/robot_description/pointfoot/PF_TRON1A/meshes/hip_L_Link.STL
-- Up-to-date: /home/jerry/limx_ws/install/robot_description/share/robot_description/pointfoot/PF_TRON1A/xml
-- Up-to-date: /home/jerry/limx_ws/install/robot_description/share/robot_description/pointfoot/PF_TRON1A/xml/robot.xml
-- Up-to-date: /home/jerry/limx_ws/install/robot_description/share/robot_description/pointfoot/meshes_camera
-- Up-to-date: /home/jerry/limx_ws/install/robot_description/share/robot_description/pointfoot/meshes_camera/d435.dae
-- Up-to-date: /home/jerry/limx_ws/install/robot_description/share/robot_description/pointfoot/PF_P441C
-- Up-to-date: /home/jerry/limx_ws/install/robot_description/share/robot_description/pointfoot/PF_P441C/xacro
-- Up-to-date: /home/jerry/limx_ws/install/robot_description/share/robot_description/pointfoot/PF_P441C/xacro/robot.xacro
-- Up-to-date: /home/jerry/limx_ws/install/robot_description/share/robot_description/pointfoot/PF_P441C/xacro/ros2_control_interface.xacro
-- Up-to-date: /home/jerry/limx_ws/install/robot_description/share/robot_description/pointfoot/PF_P441C/xacro/const.xacro
-- Up-to-date: /home/jerry/limx_ws/install/robot_description/share/robot_description/pointfoot/PF_P441C/xacro/leg.xacro
-- Up-to-date: /home/jerry/limx_ws/install/robot_description/share/robot_description/pointfoot/PF_P441C/xacro/transmission.xacro
-- Up-to-date: /home/jerry/limx_ws/install/robot_description/share/robot_description/pointfoot/PF_P441C/xacro/materials.xacro
-- Up-to-date: /home/jerry/limx_ws/install/robot_description/share/robot_description/pointfoot/PF_P441C/xacro/gazebo.xacro
-- Up-to-date: /home/jerry/limx_ws/install/robot_description/share/robot_description/pointfoot/PF_P441C/urdf
-- Up-to-date: /home/jerry/limx_ws/install/robot_description/share/robot_description/pointfoot/PF_P441C/urdf/robot.urdf
-- Up-to-date: /home/jerry/limx_ws/install/robot_description/share/robot_description/pointfoot/PF_P441C/meshes
-- Up-to-date: /home/jerry/limx_ws/install/robot_description/share/robot_description/pointfoot/PF_P441C/meshes/abad_L_Link.STL
-- Up-to-date: /home/jerry/limx_ws/install/robot_description/share/robot_description/pointfoot/PF_P441C/meshes/knee_L_Link.STL
-- Up-to-date: /home/jerry/limx_ws/install/robot_description/share/robot_description/pointfoot/PF_P441C/meshes/base_Link.STL
-- Up-to-date: /home/jerry/limx_ws/install/robot_description/share/robot_description/pointfoot/PF_P441C/meshes/hip_R_Link.STL
-- Up-to-date: /home/jerry/limx_ws/install/robot_description/share/robot_description/pointfoot/PF_P441C/meshes/knee_R_Link.STL
-- Up-to-date: /home/jerry/limx_ws/install/robot_description/share/robot_description/pointfoot/PF_P441C/meshes/abad_R_Link.STL
-- Up-to-date: /home/jerry/limx_ws/install/robot_description/share/robot_description/pointfoot/PF_P441C/meshes/foot_R_Link.STL
-- Up-to-date: /home/jerry/limx_ws/install/robot_description/share/robot_description/pointfoot/PF_P441C/meshes/foot_L_Link.STL
-- Up-to-date: /home/jerry/limx_ws/install/robot_description/share/robot_description/pointfoot/PF_P441C/meshes/hip_L_Link.STL
-- Up-to-date: /home/jerry/limx_ws/install/robot_description/share/robot_description/pointfoot/PF_P441C/xml
-- Up-to-date: /home/jerry/limx_ws/install/robot_description/share/robot_description/pointfoot/PF_P441C/xml/robot.xml
-- Up-to-date: /home/jerry/limx_ws/install/robot_description/share/robot_description/wheellegged
-- Up-to-date: /home/jerry/limx_ws/install/robot_description/share/robot_description/wheellegged/WL_P311E
-- Up-to-date: /home/jerry/limx_ws/install/robot_description/share/robot_description/wheellegged/WL_P311E/urdf
-- Up-to-date: /home/jerry/limx_ws/install/robot_description/share/robot_description/wheellegged/WL_P311E/urdf/robot.urdf
-- Up-to-date: /home/jerry/limx_ws/install/robot_description/share/robot_description/wheellegged/WL_P311E/meshes
-- Up-to-date: /home/jerry/limx_ws/install/robot_description/share/robot_description/wheellegged/WL_P311E/meshes/RF_wheel.STL
-- Up-to-date: /home/jerry/limx_ws/install/robot_description/share/robot_description/wheellegged/WL_P311E/meshes/LF_wheel.STL
-- Up-to-date: /home/jerry/limx_ws/install/robot_description/share/robot_description/wheellegged/WL_P311E/meshes/RF_hip.STL
-- Up-to-date: /home/jerry/limx_ws/install/robot_description/share/robot_description/wheellegged/WL_P311E/meshes/LF_calf.STL
-- Up-to-date: /home/jerry/limx_ws/install/robot_description/share/robot_description/wheellegged/WL_P311E/meshes/RH_wheel.STL
-- Up-to-date: /home/jerry/limx_ws/install/robot_description/share/robot_description/wheellegged/WL_P311E/meshes/RH_hip.STL
-- Up-to-date: /home/jerry/limx_ws/install/robot_description/share/robot_description/wheellegged/WL_P311E/meshes/trunk.STL
-- Up-to-date: /home/jerry/limx_ws/install/robot_description/share/robot_description/wheellegged/WL_P311E/meshes/LF_thigh.STL
-- Up-to-date: /home/jerry/limx_ws/install/robot_description/share/robot_description/wheellegged/WL_P311E/meshes/LH_wheel.STL
-- Up-to-date: /home/jerry/limx_ws/install/robot_description/share/robot_description/wheellegged/WL_P311E/meshes/RF_thigh.STL
-- Up-to-date: /home/jerry/limx_ws/install/robot_description/share/robot_description/wheellegged/WL_P311E/meshes/RF_calf.STL
-- Up-to-date: /home/jerry/limx_ws/install/robot_description/share/robot_description/wheellegged/WL_P311E/meshes/LF_hip.STL
-- Up-to-date: /home/jerry/limx_ws/install/robot_description/share/robot_description/wheellegged/WL_P311E/meshes/RH_thigh.STL
-- Up-to-date: /home/jerry/limx_ws/install/robot_description/share/robot_description/wheellegged/WL_P311E/meshes/LH_calf.STL
-- Up-to-date: /home/jerry/limx_ws/install/robot_description/share/robot_description/wheellegged/WL_P311E/meshes/realsense_d435.stl
-- Up-to-date: /home/jerry/limx_ws/install/robot_description/share/robot_description/wheellegged/WL_P311E/meshes/LH_hip.STL
-- Up-to-date: /home/jerry/limx_ws/install/robot_description/share/robot_description/wheellegged/WL_P311E/meshes/RH_calf.STL
-- Up-to-date: /home/jerry/limx_ws/install/robot_description/share/robot_description/wheellegged/WL_P311E/meshes/LH_thigh.STL
-- Up-to-date: /home/jerry/limx_ws/install/robot_description/share/robot_description/wheellegged/WL_P311E/srdf
-- Up-to-date: /home/jerry/limx_ws/install/robot_description/share/robot_description/wheellegged/WL_P311E/srdf/robot.srdf
-- Up-to-date: /home/jerry/limx_ws/install/robot_description/share/robot_description/wheellegged/WL_P311D
-- Up-to-date: /home/jerry/limx_ws/install/robot_description/share/robot_description/wheellegged/WL_P311D/urdf
-- Up-to-date: /home/jerry/limx_ws/install/robot_description/share/robot_description/wheellegged/WL_P311D/urdf/robot.urdf
-- Up-to-date: /home/jerry/limx_ws/install/robot_description/share/robot_description/wheellegged/WL_P311D/meshes
-- Up-to-date: /home/jerry/limx_ws/install/robot_description/share/robot_description/wheellegged/WL_P311D/meshes/RF_wheel.STL
-- Up-to-date: /home/jerry/limx_ws/install/robot_description/share/robot_description/wheellegged/WL_P311D/meshes/LF_wheel.STL
-- Up-to-date: /home/jerry/limx_ws/install/robot_description/share/robot_description/wheellegged/WL_P311D/meshes/RF_hip.STL
-- Up-to-date: /home/jerry/limx_ws/install/robot_description/share/robot_description/wheellegged/WL_P311D/meshes/base_link.STL
-- Up-to-date: /home/jerry/limx_ws/install/robot_description/share/robot_description/wheellegged/WL_P311D/meshes/LF_calf.STL
-- Up-to-date: /home/jerry/limx_ws/install/robot_description/share/robot_description/wheellegged/WL_P311D/meshes/RH_wheel.STL
-- Up-to-date: /home/jerry/limx_ws/install/robot_description/share/robot_description/wheellegged/WL_P311D/meshes/RH_hip.STL
-- Up-to-date: /home/jerry/limx_ws/install/robot_description/share/robot_description/wheellegged/WL_P311D/meshes/LF_thigh.STL
-- Up-to-date: /home/jerry/limx_ws/install/robot_description/share/robot_description/wheellegged/WL_P311D/meshes/LH_wheel.STL
-- Up-to-date: /home/jerry/limx_ws/install/robot_description/share/robot_description/wheellegged/WL_P311D/meshes/RF_thigh.STL
-- Up-to-date: /home/jerry/limx_ws/install/robot_description/share/robot_description/wheellegged/WL_P311D/meshes/RF_calf.STL
-- Up-to-date: /home/jerry/limx_ws/install/robot_description/share/robot_description/wheellegged/WL_P311D/meshes/LF_hip.STL
-- Up-to-date: /home/jerry/limx_ws/install/robot_description/share/robot_description/wheellegged/WL_P311D/meshes/RH_thigh.STL
-- Up-to-date: /home/jerry/limx_ws/install/robot_description/share/robot_description/wheellegged/WL_P311D/meshes/LH_calf.STL
-- Up-to-date: /home/jerry/limx_ws/install/robot_description/share/robot_description/wheellegged/WL_P311D/meshes/realsense_d435.stl
-- Up-to-date: /home/jerry/limx_ws/install/robot_description/share/robot_description/wheellegged/WL_P311D/meshes/LH_hip.STL
-- Up-to-date: /home/jerry/limx_ws/install/robot_description/share/robot_description/wheellegged/WL_P311D/meshes/RH_calf.STL
-- Up-to-date: /home/jerry/limx_ws/install/robot_description/share/robot_description/wheellegged/WL_P311D/meshes/LH_thigh.STL
-- Up-to-date: /home/jerry/limx_ws/install/robot_description/share/robot_description/wheellegged/WL_P311D/srdf
-- Up-to-date: /home/jerry/limx_ws/install/robot_description/share/robot_description/wheellegged/WL_P311D/srdf/robot.srdf
-- Up-to-date: /home/jerry/limx_ws/install/robot_description/share/ament_index/resource_index/package_run_dependencies/robot_description
-- Installing: /home/jerry/limx_ws/install/robot_description/share/ament_index/resource_index/parent_prefix_path/robot_description
-- Up-to-date: /home/jerry/limx_ws/install/robot_description/share/robot_description/environment/ament_prefix_path.sh
-- Installing: /home/jerry/limx_ws/install/robot_description/share/robot_description/environment/ament_prefix_path.dsv
-- Up-to-date: /home/jerry/limx_ws/install/robot_description/share/robot_description/environment/path.sh
-- Installing: /home/jerry/limx_ws/install/robot_description/share/robot_description/environment/path.dsv
-- Up-to-date: /home/jerry/limx_ws/install/robot_description/share/robot_description/local_setup.bash
-- Up-to-date: /home/jerry/limx_ws/install/robot_description/share/robot_description/local_setup.sh
-- Up-to-date: /home/jerry/limx_ws/install/robot_description/share/robot_description/local_setup.zsh
-- Installing: /home/jerry/limx_ws/install/robot_description/share/robot_description/local_setup.dsv
-- Installing: /home/jerry/limx_ws/install/robot_description/share/robot_description/package.dsv
-- Up-to-date: /home/jerry/limx_ws/install/robot_description/share/ament_index/resource_index/packages/robot_description
-- Up-to-date: /home/jerry/limx_ws/install/robot_description/share/robot_description/cmake/robot_descriptionConfig.cmake
-- Up-to-date: /home/jerry/limx_ws/install/robot_description/share/robot_description/cmake/robot_descriptionConfig-version.cmake
-- Up-to-date: /home/jerry/limx_ws/install/robot_description/share/robot_description/package.xml
