[0.016s] Invoking command in '/home/jerry/limx_ws/build/lidar_odometry': CMAKE_PREFIX_PATH=/opt/ros/humble:${CMAKE_PREFIX_PATH} /usr/bin/cmake /home/jerry/limx_ws/src/lidar_odometry -DCMAKE_INSTALL_PREFIX=/home/jerry/limx_ws/install/lidar_odometry
[0.146s] -- The C compiler identification is GNU 11.4.0
[0.268s] -- The CXX compiler identification is GNU 11.4.0
[0.277s] -- Detecting C compiler ABI info
[0.368s] -- Detecting C compiler ABI info - done
[0.373s] -- Check for working C compiler: /usr/bin/cc - skipped
[0.373s] -- Detecting C compile features
[0.373s] -- Detecting C compile features - done
[0.375s] -- Detecting CXX compiler ABI info
[0.462s] -- Detecting CXX compiler ABI info - done
[0.467s] -- Check for working CXX compiler: /usr/bin/c++ - skipped
[0.468s] -- Detecting CXX compile features
[0.468s] -- Detecting CXX compile features - done
[0.473s] -- Found ament_cmake: 1.3.12 (/opt/ros/humble/share/ament_cmake/cmake)
[0.592s] -- Found Python3: /usr/bin/python3 (found version "3.10.12") found components: Interpreter 
[0.664s] -- Found rclcpp: 16.0.17 (/opt/ros/humble/share/rclcpp/cmake)
[0.698s] -- Found rosidl_generator_c: 3.1.8 (/opt/ros/humble/share/rosidl_generator_c/cmake)
[0.702s] -- Found rosidl_adapter: 3.1.8 (/opt/ros/humble/share/rosidl_adapter/cmake)
[0.708s] -- Found rosidl_generator_cpp: 3.1.8 (/opt/ros/humble/share/rosidl_generator_cpp/cmake)
[0.719s] -- Using all available rosidl_typesupport_c: rosidl_typesupport_fastrtps_c;rosidl_typesupport_introspection_c
[0.735s] -- Using all available rosidl_typesupport_cpp: rosidl_typesupport_fastrtps_cpp;rosidl_typesupport_introspection_cpp
[0.763s] -- Found rmw_implementation_cmake: 6.1.2 (/opt/ros/humble/share/rmw_implementation_cmake/cmake)
[0.765s] -- Found rmw_fastrtps_cpp: 6.2.9 (/opt/ros/humble/share/rmw_fastrtps_cpp/cmake)
[0.901s] -- Found OpenSSL: /usr/lib/x86_64-linux-gnu/libcrypto.so (found version "3.0.2")  
[0.902s] -- Found FastRTPS: /opt/ros/humble/include  
[0.934s] -- Using RMW implementation 'rmw_fastrtps_cpp' as default
[0.942s] -- Looking for pthread.h
[1.028s] -- Looking for pthread.h - found
[1.028s] -- Performing Test CMAKE_HAVE_LIBC_PTHREAD
[1.116s] -- Performing Test CMAKE_HAVE_LIBC_PTHREAD - Success
[1.117s] -- Found Threads: TRUE  
[1.159s] -- Found sensor_msgs: 4.9.0 (/opt/ros/humble/share/sensor_msgs/cmake)
[1.183s] -- Found nav_msgs: 4.9.0 (/opt/ros/humble/share/nav_msgs/cmake)
[1.226s] -- Checking for module 'eigen3'
[1.244s] --   Found eigen3, version 3.4.0
[1.288s] -- Found Eigen: /usr/include/eigen3 (Required is at least version "3.1") 
[1.288s] -- Eigen found (include: /usr/include/eigen3, version: 3.4.0)
[1.315s] -- Found Boost: /usr/lib/x86_64-linux-gnu/cmake/Boost-1.74.0/BoostConfig.cmake (found suitable version "1.74.0", minimum required is "1.65.0") found components: system filesystem date_time iostreams serialization 
[1.332s] -- Checking for module 'flann'
[1.354s] --   Found flann, version 1.9.1
[1.406s] -- Found FLANN: /usr/lib/x86_64-linux-gnu/libflann_cpp.so  
[1.406s] -- FLANN found (include: /usr/include, lib: /usr/lib/x86_64-linux-gnu/libflann_cpp.so)
[1.443s] -- Found GLEW: /usr/lib/x86_64-linux-gnu/libGLEW.so  
[1.452s] -- Found OpenGL: /usr/lib/x86_64-linux-gnu/libOpenGL.so  found components: OpenGL GLX 
[1.631s] -- Found MPI_C: /usr/lib/x86_64-linux-gnu/libmpi.so (found version "3.1") 
[1.632s] -- Found MPI: TRUE (found version "3.1") found components: C 
[1.635s] -- Found JsonCpp: /usr/lib/x86_64-linux-gnu/libjsoncpp.so (found suitable version "1.9.5", minimum required is "0.7.0") 
[1.643s] -- Found ZLIB: /usr/lib/x86_64-linux-gnu/libz.so (found version "1.2.11") 
[1.658s] -- Found PNG: /usr/lib/x86_64-linux-gnu/libpng.so (found version "1.6.37") 
[1.697s] -- Found Eigen3: /usr/include/eigen3 (found version "3.4.0") 
[1.817s] -- Found X11: /usr/include   
[1.818s] -- Looking for XOpenDisplay in /usr/lib/x86_64-linux-gnu/libX11.so;/usr/lib/x86_64-linux-gnu/libXext.so
[1.907s] -- Looking for XOpenDisplay in /usr/lib/x86_64-linux-gnu/libX11.so;/usr/lib/x86_64-linux-gnu/libXext.so - found
[1.907s] -- Looking for gethostbyname
[1.989s] -- Looking for gethostbyname - found
[1.990s] -- Looking for connect
[2.070s] -- Looking for connect - found
[2.070s] -- Looking for remove
[2.150s] -- Looking for remove - found
[2.150s] -- Looking for shmat
[2.224s] -- Looking for shmat - found
[2.224s] -- Looking for IceConnectionNumber in ICE
[2.305s] -- Looking for IceConnectionNumber in ICE - found
[2.402s] -- Found EXPAT: /usr/lib/x86_64-linux-gnu/libexpat.so (found version "2.4.7") 
[2.404s] -- Found double-conversion: /usr/lib/x86_64-linux-gnu/libdouble-conversion.so  
[2.407s] -- Found LZ4: /usr/lib/x86_64-linux-gnu/liblz4.so (found version "1.9.3") 
[2.409s] -- Found LZMA: /usr/lib/x86_64-linux-gnu/liblzma.so (found version "5.2.5") 
[2.507s] -- Found JPEG: /usr/lib/x86_64-linux-gnu/libjpeg.so (found version "80") 
[2.513s] -- Found TIFF: /usr/lib/x86_64-linux-gnu/libtiff.so (found version "4.3.0")  
[2.516s] -- Found Freetype: /usr/lib/x86_64-linux-gnu/libfreetype.so (found version "2.11.1") 
[2.521s] -- Found utf8cpp: /usr/include/utf8cpp  
[2.623s] -- Checking for module 'libusb-1.0'
[2.642s] --   Found libusb-1.0, version 1.0.25
[2.688s] -- Found libusb: /usr/lib/x86_64-linux-gnu/libusb-1.0.so  
[2.691s] -- Found OpenNI: /usr/lib/libOpenNI.so;libusb::libusb (found version "1.5.4.0") 
[2.691s] -- OpenNI found (version: 1.5.4.0, include: /usr/include/ni, lib: /usr/lib/libOpenNI.so;libusb::libusb)
[2.764s] -- Found OpenNI2: /usr/lib/x86_64-linux-gnu/libOpenNI2.so;libusb::libusb (found version "2.2.0.33") 
[2.765s] -- OpenNI2 found (version: 2.2.0.33, include: /usr/include/openni2, lib: /usr/lib/x86_64-linux-gnu/libOpenNI2.so;libusb::libusb)
[2.765s] [0m** WARNING ** io features related to pcap will be disabled[0m
[2.883s] -- Eigen found (include: /usr/include/eigen3, version: 3.4.0)
[2.889s] -- OpenNI found (version: 1.5.4.0, include: /usr/include/ni, lib: /usr/lib/libOpenNI.so;libusb::libusb)
[2.894s] -- OpenNI2 found (version: 2.2.0.33, include: /usr/include/openni2, lib: /usr/lib/x86_64-linux-gnu/libOpenNI2.so;libusb::libusb)
[3.011s] -- Found Qhull version 8.0.2
[3.129s] -- OpenNI found (version: 1.5.4.0, include: /usr/include/ni, lib: /usr/lib/libOpenNI.so;libusb::libusb)
[3.246s] -- looking for PCL_COMMON
[3.246s] -- Found PCL_COMMON: /usr/lib/x86_64-linux-gnu/libpcl_common.so  
[3.247s] -- looking for PCL_KDTREE
[3.247s] -- Found PCL_KDTREE: /usr/lib/x86_64-linux-gnu/libpcl_kdtree.so  
[3.247s] -- looking for PCL_OCTREE
[3.248s] -- Found PCL_OCTREE: /usr/lib/x86_64-linux-gnu/libpcl_octree.so  
[3.248s] -- looking for PCL_SEARCH
[3.248s] -- Found PCL_SEARCH: /usr/lib/x86_64-linux-gnu/libpcl_search.so  
[3.249s] -- looking for PCL_SAMPLE_CONSENSUS
[3.249s] -- Found PCL_SAMPLE_CONSENSUS: /usr/lib/x86_64-linux-gnu/libpcl_sample_consensus.so  
[3.249s] -- looking for PCL_FILTERS
[3.250s] -- Found PCL_FILTERS: /usr/lib/x86_64-linux-gnu/libpcl_filters.so  
[3.250s] -- looking for PCL_2D
[3.250s] -- Found PCL_2D: /usr/include/pcl-1.12  
[3.250s] -- looking for PCL_GEOMETRY
[3.250s] -- Found PCL_GEOMETRY: /usr/include/pcl-1.12  
[3.250s] -- looking for PCL_IO
[3.251s] -- Found PCL_IO: /usr/lib/x86_64-linux-gnu/libpcl_io.so  
[3.251s] -- looking for PCL_FEATURES
[3.252s] -- Found PCL_FEATURES: /usr/lib/x86_64-linux-gnu/libpcl_features.so  
[3.252s] -- looking for PCL_ML
[3.252s] -- Found PCL_ML: /usr/lib/x86_64-linux-gnu/libpcl_ml.so  
[3.253s] -- looking for PCL_SEGMENTATION
[3.253s] -- Found PCL_SEGMENTATION: /usr/lib/x86_64-linux-gnu/libpcl_segmentation.so  
[3.253s] -- looking for PCL_VISUALIZATION
[3.254s] -- Found PCL_VISUALIZATION: /usr/lib/x86_64-linux-gnu/libpcl_visualization.so  
[3.254s] -- looking for PCL_SURFACE
[3.255s] -- Found PCL_SURFACE: /usr/lib/x86_64-linux-gnu/libpcl_surface.so  
[3.255s] -- looking for PCL_REGISTRATION
[3.255s] -- Found PCL_REGISTRATION: /usr/lib/x86_64-linux-gnu/libpcl_registration.so  
[3.256s] -- looking for PCL_KEYPOINTS
[3.256s] -- Found PCL_KEYPOINTS: /usr/lib/x86_64-linux-gnu/libpcl_keypoints.so  
[3.256s] -- looking for PCL_TRACKING
[3.257s] -- Found PCL_TRACKING: /usr/lib/x86_64-linux-gnu/libpcl_tracking.so  
[3.257s] -- looking for PCL_RECOGNITION
[3.257s] -- Found PCL_RECOGNITION: /usr/lib/x86_64-linux-gnu/libpcl_recognition.so  
[3.258s] -- looking for PCL_STEREO
[3.258s] -- Found PCL_STEREO: /usr/lib/x86_64-linux-gnu/libpcl_stereo.so  
[3.258s] -- looking for PCL_APPS
[3.259s] -- Found PCL_APPS: /usr/lib/x86_64-linux-gnu/libpcl_apps.so  
[3.259s] -- looking for PCL_IN_HAND_SCANNER
[3.259s] -- Found PCL_IN_HAND_SCANNER: /usr/include/pcl-1.12  
[3.259s] -- looking for PCL_MODELER
[3.260s] -- Found PCL_MODELER: /usr/include/pcl-1.12  
[3.260s] -- looking for PCL_POINT_CLOUD_EDITOR
[3.261s] -- Found PCL_POINT_CLOUD_EDITOR: /usr/include/pcl-1.12  
[3.261s] -- looking for PCL_OUTOFCORE
[3.262s] -- Found PCL_OUTOFCORE: /usr/lib/x86_64-linux-gnu/libpcl_outofcore.so  
[3.262s] -- looking for PCL_PEOPLE
[3.262s] -- Found PCL_PEOPLE: /usr/lib/x86_64-linux-gnu/libpcl_people.so  
[3.263s] -- Found PCL: pcl_common;pcl_kdtree;pcl_octree;pcl_search;pcl_sample_consensus;pcl_filters;pcl_io;pcl_features;pcl_ml;pcl_segmentation;pcl_visualization;pcl_surface;pcl_registration;pcl_keypoints;pcl_tracking;pcl_recognition;pcl_stereo;pcl_apps;pcl_outofcore;pcl_people;Boost::system;Boost::filesystem;Boost::date_time;Boost::iostreams;Boost::serialization;/usr/lib/libOpenNI.so;libusb::libusb;/usr/lib/x86_64-linux-gnu/libOpenNI2.so;libusb::libusb;VTK::ChartsCore;VTK::CommonColor;VTK::CommonComputationalGeometry;VTK::CommonCore;VTK::CommonDataModel;VTK::CommonExecutionModel;VTK::CommonMath;VTK::CommonMisc;VTK::CommonTransforms;VTK::FiltersCore;VTK::FiltersExtraction;VTK::FiltersGeneral;VTK::FiltersGeometry;VTK::FiltersModeling;VTK::FiltersSources;VTK::ImagingCore;VTK::ImagingSources;VTK::InteractionImage;VTK::InteractionStyle;VTK::InteractionWidgets;VTK::IOCore;VTK::IOGeometry;VTK::IOImage;VTK::IOLegacy;VTK::IOPLY;VTK::RenderingAnnotation;VTK::RenderingCore;VTK::RenderingContext2D;VTK::RenderingLOD;VTK::RenderingFreeType;VTK::ViewsCore;VTK::ViewsContext2D;VTK::RenderingOpenGL2;VTK::GUISupportQt;FLANN::FLANN;QHULL::QHULL  
[3.271s] -- Found laser_geometry: 2.4.1 (/opt/ros/humble/share/laser_geometry/cmake)
[3.294s] -- Found pcl_conversions: 2.4.5 (/opt/ros/humble/share/pcl_conversions/cmake)
[3.328s] -- Found tf2_eigen: 0.25.18 (/opt/ros/humble/share/tf2_eigen/cmake)
[3.435s] -- Found ament_lint_auto: 0.12.14 (/opt/ros/humble/share/ament_lint_auto/cmake)
[3.510s] -- Added test 'cppcheck' to perform static code analysis on C / C++ code
[3.510s] -- Configured cppcheck include dirs: /home/jerry/limx_ws/src/lidar_odometry/include;$<BUILD_INTERFACE:/home/jerry/limx_ws/src/lidar_odometry/include>
[3.510s] -- Configured cppcheck exclude dirs and/or files: 
[3.511s] -- Added test 'lint_cmake' to check CMake code style
[3.519s] -- Added test 'uncrustify' to check C / C++ code style
[3.519s] -- Configured uncrustify additional arguments: 
[3.524s] -- Added test 'xmllint' to check XML markup files
[3.526s] -- Configuring done
[3.657s] -- Generating done
[3.676s] -- Build files have been written to: /home/jerry/limx_ws/build/lidar_odometry
[3.714s] Invoked command in '/home/jerry/limx_ws/build/lidar_odometry' returned '0': CMAKE_PREFIX_PATH=/opt/ros/humble:${CMAKE_PREFIX_PATH} /usr/bin/cmake /home/jerry/limx_ws/src/lidar_odometry -DCMAKE_INSTALL_PREFIX=/home/jerry/limx_ws/install/lidar_odometry
[3.715s] Invoking command in '/home/jerry/limx_ws/build/lidar_odometry': CMAKE_PREFIX_PATH=/opt/ros/humble:${CMAKE_PREFIX_PATH} /usr/bin/cmake --build /home/jerry/limx_ws/build/lidar_odometry -- -j8 -l8
[3.809s] [ 33%] [32mBuilding CXX object CMakeFiles/lidar_odometry_node.dir/src/lidar_odometry.cpp.o[0m
[3.810s] [ 66%] [32mBuilding CXX object CMakeFiles/lidar_odometry_node.dir/src/lidar_odometry_node.cpp.o[0m
[24.847s] [100%] [32m[1mLinking CXX executable lidar_odometry_node[0m
[26.199s] [100%] Built target lidar_odometry_node
[26.214s] Invoked command in '/home/jerry/limx_ws/build/lidar_odometry' returned '0': CMAKE_PREFIX_PATH=/opt/ros/humble:${CMAKE_PREFIX_PATH} /usr/bin/cmake --build /home/jerry/limx_ws/build/lidar_odometry -- -j8 -l8
[26.218s] Invoking command in '/home/jerry/limx_ws/build/lidar_odometry': CMAKE_PREFIX_PATH=/opt/ros/humble:${CMAKE_PREFIX_PATH} /usr/bin/cmake --install /home/jerry/limx_ws/build/lidar_odometry
[26.226s] -- Install configuration: ""
[26.228s] -- Installing: /home/jerry/limx_ws/install/lidar_odometry/lib/lidar_odometry/lidar_odometry_node
[26.240s] -- Set runtime path of "/home/jerry/limx_ws/install/lidar_odometry/lib/lidar_odometry/lidar_odometry_node" to ""
[26.240s] -- Installing: /home/jerry/limx_ws/install/lidar_odometry/share/ament_index/resource_index/package_run_dependencies/lidar_odometry
[26.241s] -- Installing: /home/jerry/limx_ws/install/lidar_odometry/share/ament_index/resource_index/parent_prefix_path/lidar_odometry
[26.242s] -- Up-to-date: /home/jerry/limx_ws/install/lidar_odometry/share/lidar_odometry/environment/ament_prefix_path.sh
[26.242s] -- Installing: /home/jerry/limx_ws/install/lidar_odometry/share/lidar_odometry/environment/ament_prefix_path.dsv
[26.242s] -- Up-to-date: /home/jerry/limx_ws/install/lidar_odometry/share/lidar_odometry/environment/path.sh
[26.242s] -- Installing: /home/jerry/limx_ws/install/lidar_odometry/share/lidar_odometry/environment/path.dsv
[26.243s] -- Installing: /home/jerry/limx_ws/install/lidar_odometry/share/lidar_odometry/local_setup.bash
[26.243s] -- Installing: /home/jerry/limx_ws/install/lidar_odometry/share/lidar_odometry/local_setup.sh
[26.244s] -- Installing: /home/jerry/limx_ws/install/lidar_odometry/share/lidar_odometry/local_setup.zsh
[26.244s] -- Installing: /home/jerry/limx_ws/install/lidar_odometry/share/lidar_odometry/local_setup.dsv
[26.244s] -- Installing: /home/jerry/limx_ws/install/lidar_odometry/share/lidar_odometry/package.dsv
[26.245s] -- Installing: /home/jerry/limx_ws/install/lidar_odometry/share/ament_index/resource_index/packages/lidar_odometry
[26.245s] -- Installing: /home/jerry/limx_ws/install/lidar_odometry/share/lidar_odometry/cmake/lidar_odometryConfig.cmake
[26.246s] -- Installing: /home/jerry/limx_ws/install/lidar_odometry/share/lidar_odometry/cmake/lidar_odometryConfig-version.cmake
[26.246s] -- Up-to-date: /home/jerry/limx_ws/install/lidar_odometry/share/lidar_odometry/package.xml
[26.249s] Invoked command in '/home/jerry/limx_ws/build/lidar_odometry' returned '0': CMAKE_PREFIX_PATH=/opt/ros/humble:${CMAKE_PREFIX_PATH} /usr/bin/cmake --install /home/jerry/limx_ws/build/lidar_odometry
