[35m[1mConsolidate compiler generated dependencies of target lidar_odometry_node_0[0m
[ 33%] [32mBuilding CXX object CMakeFiles/lidar_odometry_node_0.dir/src/lidar_odometry_node_0.cpp.o[0m
[01m[K/home/jerry/limx_ws/src/lidar_odometry_0/src/lidar_odometry_node_0.cpp:55:51:[m[K [01;31m[Kerror: [m[K‘[01m[KLaserScanMsg[m[K’ was not declared in this scope
   55 |       std::shared_ptr<message_filters::Subscriber<[01;31m[KLaserScanMsg[m[K>> scan_subscriber;
      |                                                   [01;31m[K^~~~~~~~~~~~[m[K
[01m[K/home/jerry/limx_ws/src/lidar_odometry_0/src/lidar_odometry_node_0.cpp:55:51:[m[K [01;31m[Kerror: [m[Ktemplate argument 1 is invalid
[01m[K/home/jerry/limx_ws/src/lidar_odometry_0/src/lidar_odometry_node_0.cpp:55:63:[m[K [01;31m[Kerror: [m[Ktemplate argument 1 is invalid
   55 |     std::shared_ptr<message_filters::Subscriber<LaserScanMsg[01;31m[K>>[m[K scan_subscriber;
      |                                                             [01;31m[K^~[m[K

[01m[K/home/jerry/limx_ws/src/lidar_odometry_0/src/lidar_odometry_node_0.cpp:[m[K In constructor ‘[01m[KLidarOdometryNode::LidarOdometryNode()[m[K’:
[01m[K/home/jerry/limx_ws/src/lidar_odometry_0/src/lidar_odometry_node_0.cpp:46:79:[m[K [01;31m[Kerror: [m[Kcannot convert ‘[01m[Kstd::shared_ptr<rclcpp::Subscription<sensor_msgs::msg::LaserScan_<std::allocator<void> >, std::allocator<void>, sensor_msgs::msg::LaserScan_<std::allocator<void> >, sensor_msgs::msg::LaserScan_<std::allocator<void> >, rclcpp::message_memory_strategy::MessageMemoryStrategy<sensor_msgs::msg::LaserScan_<std::allocator<void> >, std::allocator<void> > > >[m[K’ to ‘[01m[Kint[m[K’ in assignment
   46 | an_subscriber = [01;31m[Kthis->create_subscription<sensor_msgs::msg::LaserScan>([m[K
      |                 [01;31m[K~~~~~~~~~~~~~~~~~~~~~~~~~~~~~~~~~~~~~~~~~~~~~~~~~~~~~~^[m[K
      |                                                                       [01;31m[K|[m[K
      |                                                                       [01;31m[Kstd::shared_ptr<rclcpp::Subscription<sensor_msgs::msg::LaserScan_<std::allocator<void> >, std::allocator<void>, sensor_msgs::msg::LaserScan_<std::allocator<void> >, sensor_msgs::msg::LaserScan_<std::allocator<void> >, rclcpp::message_memory_strategy::MessageMemoryStrategy<sensor_msgs::msg::LaserScan_<std::allocator<void> >, std::allocator<void> > > >[m[K

   47 | [01;31m[Kscan_topic_name, 1000, std::bind(&LidarOdometryNode::scan_callback, this, std::placeholders::_1)[m[K
      | [01;31m[K~~~~~~~~~~~~~~~~~~~~~~~~~~~~~~~~~~~~~~~~~~~~~~~~~~~~~~~~~~~~~~~~~~~~~~~~~~~~~~~~~~~~~~~~~~~~~~~~[m[K

   48 | 
      |                                                                        

gmake[2]: *** [CMakeFiles/lidar_odometry_node_0.dir/build.make:76: CMakeFiles/lidar_odometry_node_0.dir/src/lidar_odometry_node_0.cpp.o] Error 1
gmake[1]: *** [CMakeFiles/Makefile2:137: CMakeFiles/lidar_odometry_node_0.dir/all] Error 2
gmake: *** [Makefile:146: all] Error 2
