[0.045s] Invoking command in '/home/jerry/limx_ws/build/robot_hw': CMAKE_PREFIX_PATH=/home/jerry/limx_ws/install/limxsdk_lowlevel:/home/jerry/limx_ws/install/robot_visualization:/home/jerry/limx_ws/install/robot_hw:/home/jerry/limx_ws/install/robot_description:/home/jerry/limx_ws/install/robot_controllers:/home/jerry/limx_ws/install/pointfoot_gazebo:/home/jerry/limx_ws/install/mrosbridger:/home/jerry/limx_ws/install/lslidar_driver:/home/jerry/limx_ws/install/lslidar_msgs:/home/jerry/limx_ws/install/limxsdk_sim:/home/jerry/limx_ws/install/lidar_odometry_0:/home/jerry/limx_ws/install/lidar_odometry:/home/jerry/limx_ws/install/controller_msgs:/opt/ros/humble LD_LIBRARY_PATH=/home/jerry/limx_ws/install/limxsdk_lowlevel/lib:/home/jerry/limx_ws/install/robot_controllers/lib:/home/jerry/limx_ws/install/pointfoot_gazebo/lib:/home/jerry/limx_ws/install/mrosbridger/lib:/home/jerry/limx_ws/install/lslidar_msgs/lib:/home/jerry/limx_ws/install/limxsdk_sim/lib:/home/jerry/limx_ws/install/controller_msgs/lib:/usr/lib/x86_64-linux-gnu/gazebo-11/plugins:/opt/ros/humble/opt/rviz_ogre_vendor/lib:/opt/ros/humble/lib/x86_64-linux-gnu:/opt/ros/humble/lib:/usr/share/gazebo/../../lib/x86_64-linux-gnu/gazebo-11/plugins /usr/bin/cmake /home/jerry/limx_ws/src/tron1-rl-deploy-ros2/robot_hw -DCMAKE_INSTALL_PREFIX=/home/jerry/limx_ws/install/robot_hw
[3.213s] -- The C compiler identification is GNU 11.4.0
[3.213s] -- The CXX compiler identification is GNU 11.4.0
[3.213s] -- Detecting C compiler ABI info
[3.213s] -- Detecting C compiler ABI info - done
[3.221s] -- Check for working C compiler: /usr/bin/cc - skipped
[3.221s] -- Detecting C compile features
[3.222s] -- Detecting C compile features - done
[3.222s] -- Detecting CXX compiler ABI info
[3.222s] -- Detecting CXX compiler ABI info - done
[3.222s] -- Check for working CXX compiler: /usr/bin/c++ - skipped
[3.222s] -- Detecting CXX compile features
[3.222s] -- Detecting CXX compile features - done
[3.222s] -- Found ament_cmake: 1.3.12 (/opt/ros/humble/share/ament_cmake/cmake)
[3.222s] -- Found Python3: /usr/bin/python3 (found version "3.10.12") found components: Interpreter 
[3.222s] -- Found rclcpp: 16.0.17 (/opt/ros/humble/share/rclcpp/cmake)
[3.222s] -- Found rosidl_generator_c: 3.1.8 (/opt/ros/humble/share/rosidl_generator_c/cmake)
[3.222s] -- Found rosidl_adapter: 3.1.8 (/opt/ros/humble/share/rosidl_adapter/cmake)
[3.222s] -- Found rosidl_generator_cpp: 3.1.8 (/opt/ros/humble/share/rosidl_generator_cpp/cmake)
[3.222s] -- Using all available rosidl_typesupport_c: rosidl_typesupport_fastrtps_c;rosidl_typesupport_introspection_c
[3.222s] -- Using all available rosidl_typesupport_cpp: rosidl_typesupport_fastrtps_cpp;rosidl_typesupport_introspection_cpp
[3.222s] -- Found rmw_implementation_cmake: 6.1.2 (/opt/ros/humble/share/rmw_implementation_cmake/cmake)
[3.222s] -- Found rmw_fastrtps_cpp: 6.2.9 (/opt/ros/humble/share/rmw_fastrtps_cpp/cmake)
[3.222s] -- Found OpenSSL: /usr/lib/x86_64-linux-gnu/libcrypto.so (found version "3.0.2")  
[3.222s] -- Found FastRTPS: /opt/ros/humble/include  
[3.222s] -- Using RMW implementation 'rmw_fastrtps_cpp' as default
[3.222s] -- Looking for pthread.h
[3.222s] -- Looking for pthread.h - found
[3.222s] -- Performing Test CMAKE_HAVE_LIBC_PTHREAD
[3.222s] -- Performing Test CMAKE_HAVE_LIBC_PTHREAD - Success
[3.222s] -- Found Threads: TRUE  
[3.222s] -- Found rclpy: 3.3.19 (/opt/ros/humble/share/rclpy/cmake)
[3.222s] -- Found hardware_interface: 2.53.0 (/opt/ros/humble/share/hardware_interface/cmake)
[3.222s] -- Found controller_interface: 2.53.0 (/opt/ros/humble/share/controller_interface/cmake)
[3.222s] -- Found controller_manager: 2.53.0 (/opt/ros/humble/share/controller_manager/cmake)
[3.307s] -- Found urdf: 2.6.1 (/opt/ros/humble/share/urdf/cmake)
[3.319s] -- Found limxsdk_lowlevel: 0.0.0 (/home/jerry/limx_ws/install/limxsdk_lowlevel/share/limxsdk_lowlevel/cmake)
[3.416s] -- Configuring done
[3.459s] -- Generating done
[3.472s] -- Build files have been written to: /home/jerry/limx_ws/build/robot_hw
[3.508s] Invoked command in '/home/jerry/limx_ws/build/robot_hw' returned '0': CMAKE_PREFIX_PATH=/home/jerry/limx_ws/install/limxsdk_lowlevel:/home/jerry/limx_ws/install/robot_visualization:/home/jerry/limx_ws/install/robot_hw:/home/jerry/limx_ws/install/robot_description:/home/jerry/limx_ws/install/robot_controllers:/home/jerry/limx_ws/install/pointfoot_gazebo:/home/jerry/limx_ws/install/mrosbridger:/home/jerry/limx_ws/install/lslidar_driver:/home/jerry/limx_ws/install/lslidar_msgs:/home/jerry/limx_ws/install/limxsdk_sim:/home/jerry/limx_ws/install/lidar_odometry_0:/home/jerry/limx_ws/install/lidar_odometry:/home/jerry/limx_ws/install/controller_msgs:/opt/ros/humble LD_LIBRARY_PATH=/home/jerry/limx_ws/install/limxsdk_lowlevel/lib:/home/jerry/limx_ws/install/robot_controllers/lib:/home/jerry/limx_ws/install/pointfoot_gazebo/lib:/home/jerry/limx_ws/install/mrosbridger/lib:/home/jerry/limx_ws/install/lslidar_msgs/lib:/home/jerry/limx_ws/install/limxsdk_sim/lib:/home/jerry/limx_ws/install/controller_msgs/lib:/usr/lib/x86_64-linux-gnu/gazebo-11/plugins:/opt/ros/humble/opt/rviz_ogre_vendor/lib:/opt/ros/humble/lib/x86_64-linux-gnu:/opt/ros/humble/lib:/usr/share/gazebo/../../lib/x86_64-linux-gnu/gazebo-11/plugins /usr/bin/cmake /home/jerry/limx_ws/src/tron1-rl-deploy-ros2/robot_hw -DCMAKE_INSTALL_PREFIX=/home/jerry/limx_ws/install/robot_hw
[3.509s] Invoking command in '/home/jerry/limx_ws/build/robot_hw': CMAKE_PREFIX_PATH=/home/jerry/limx_ws/install/limxsdk_lowlevel:/home/jerry/limx_ws/install/robot_visualization:/home/jerry/limx_ws/install/robot_hw:/home/jerry/limx_ws/install/robot_description:/home/jerry/limx_ws/install/robot_controllers:/home/jerry/limx_ws/install/pointfoot_gazebo:/home/jerry/limx_ws/install/mrosbridger:/home/jerry/limx_ws/install/lslidar_driver:/home/jerry/limx_ws/install/lslidar_msgs:/home/jerry/limx_ws/install/limxsdk_sim:/home/jerry/limx_ws/install/lidar_odometry_0:/home/jerry/limx_ws/install/lidar_odometry:/home/jerry/limx_ws/install/controller_msgs:/opt/ros/humble LD_LIBRARY_PATH=/home/jerry/limx_ws/install/limxsdk_lowlevel/lib:/home/jerry/limx_ws/install/robot_controllers/lib:/home/jerry/limx_ws/install/pointfoot_gazebo/lib:/home/jerry/limx_ws/install/mrosbridger/lib:/home/jerry/limx_ws/install/lslidar_msgs/lib:/home/jerry/limx_ws/install/limxsdk_sim/lib:/home/jerry/limx_ws/install/controller_msgs/lib:/usr/lib/x86_64-linux-gnu/gazebo-11/plugins:/opt/ros/humble/opt/rviz_ogre_vendor/lib:/opt/ros/humble/lib/x86_64-linux-gnu:/opt/ros/humble/lib:/usr/share/gazebo/../../lib/x86_64-linux-gnu/gazebo-11/plugins /usr/bin/cmake --build /home/jerry/limx_ws/build/robot_hw -- -j8 -l8
[3.714s] [ 20%] [32mBuilding CXX object CMakeFiles/pointfoot_node.dir/src/HardwareBase.cpp.o[0m
[3.721s] [ 60%] [32mBuilding CXX object CMakeFiles/pointfoot_node.dir/src/PointfootHardware.cpp.o[0m
[3.721s] [ 60%] [32mBuilding CXX object CMakeFiles/pointfoot_node.dir/src/HardwareLoop.cpp.o[0m
[3.746s] [ 80%] [32mBuilding CXX object CMakeFiles/pointfoot_node.dir/src/PointfootHardwareNode.cpp.o[0m
[15.645s] In file included from [01m[K/home/jerry/limx_ws/src/tron1-rl-deploy-ros2/robot_hw/include/robot_hw/PointfootHardware.h:15[m[K,
[15.674s]                  from [01m[K/home/jerry/limx_ws/src/tron1-rl-deploy-ros2/robot_hw/src/PointfootHardware.cpp:5[m[K:
[15.676s] [01m[K/opt/ros/humble/include/realtime_tools/realtime_tools/realtime_buffer.h:22:100:[m[K [01;36m[Knote: [m[K‘[01m[K#pragma message: This header include is deprecated. Please update your code to use 'realtime_buffer.hpp' header.[m[K’
[15.676s]    22 |   "This header include is deprecated. Please update your code to use 'realtime_buffer.hpp' header."[01;36m[K)[m[K  //NOLINT
[15.676s]       |                                                                                                    [01;36m[K^[m[K
[16.662s] In file included from [01m[K/home/jerry/limx_ws/src/tron1-rl-deploy-ros2/robot_hw/include/robot_hw/HardwareBase.h:15[m[K,
[16.663s]                  from [01m[K/home/jerry/limx_ws/src/tron1-rl-deploy-ros2/robot_hw/src/HardwareBase.cpp:5[m[K:
[16.663s] [01m[K/opt/ros/humble/include/realtime_tools/realtime_tools/realtime_buffer.h:22:100:[m[K [01;36m[Knote: [m[K‘[01m[K#pragma message: This header include is deprecated. Please update your code to use 'realtime_buffer.hpp' header.[m[K’
[16.663s]    22 | cated. Please update your code to use 'realtime_buffer.hpp' header."[01;36m[K)[m[K  //NOLINT
[16.664s]       |                                                                     [01;36m[K^[m[K
[16.664s] 
