[01m[K/home/jerry/limx_ws/src/lidar_odometry_0/src/lidar_odometry_0.cpp:[m[K In member function ‘[01m[KEigen::Matrix4d LidarOdometry::get_transform_matrix(ScanDataPtr, ScanDataPtr)[m[K’:
[01m[K/home/jerry/limx_ws/src/lidar_odometry_0/src/lidar_odometry_0.cpp:58:62:[m[K [01;31m[Kerror: [m[K‘[01m[Kscan_ptr[m[K’ was not declared in this scope; did you mean ‘[01m[Kstate_ptr[m[K’?
   58 |            std::make_shared<pcl::PointCloud<pcl::PointXYZ>>([01;31m[Kscan_ptr[m[K->point_cloud);
      |                                                             [01;31m[K^~~~~~~~[m[K
      |                                                             [32m[Kstate_ptr[m[K
[01m[K/home/jerry/limx_ws/src/lidar_odometry_0/src/lidar_odometry_0.cpp:63:10:[m[K [01;31m[Kerror: [m[K‘[01m[KVoxelGrid[m[K’ is not a member of ‘[01m[Kpcl[m[K’
   63 |     pcl::[01;31m[KVoxelGrid[m[K<pcl::PointXYZ> voxel;
      |          [01;31m[K^~~~~~~~~[m[K
[01m[K/home/jerry/limx_ws/src/lidar_odometry_0/src/lidar_odometry_0.cpp:63:33:[m[K [01;31m[Kerror: [m[Kexpected primary-expression before ‘[01m[K>[m[K’ token
   63 |     pcl::VoxelGrid<pcl::PointXYZ[01;31m[K>[m[K voxel;
      |                                 [01;31m[K^[m[K
[01m[K/home/jerry/limx_ws/src/lidar_odometry_0/src/lidar_odometry_0.cpp:63:35:[m[K [01;31m[Kerror: [m[K‘[01m[Kvoxel[m[K’ was not declared in this scope
   63 |     pcl::VoxelGrid<pcl::PointXYZ> [01;31m[Kvoxel[m[K;
      |                                   [01;31m[K^~~~~[m[K
[01m[K/home/jerry/limx_ws/src/lidar_odometry_0/src/lidar_odometry_0.cpp:73:10:[m[K [01;31m[Kerror: [m[K‘[01m[KStatisticalOutlierRemoval[m[K’ is not a member of ‘[01m[Kpcl[m[K’
   73 |     pcl::[01;31m[KStatisticalOutlierRemoval[m[K<pcl::PointXYZ> sor;
      |          [01;31m[K^~~~~~~~~~~~~~~~~~~~~~~~~[m[K
[01m[K/home/jerry/limx_ws/src/lidar_odometry_0/src/lidar_odometry_0.cpp:73:49:[m[K [01;31m[Kerror: [m[Kexpected primary-expression before ‘[01m[K>[m[K’ token
   73 |     pcl::StatisticalOutlierRemoval<pcl::PointXYZ[01;31m[K>[m[K sor;
      |                                                 [01;31m[K^[m[K
[01m[K/home/jerry/limx_ws/src/lidar_odometry_0/src/lidar_odometry_0.cpp:73:51:[m[K [01;31m[Kerror: [m[K‘[01m[Ksor[m[K’ was not declared in this scope
   73 |     pcl::StatisticalOutlierRemoval<pcl::PointXYZ> [01;31m[Ksor[m[K;
      |                                                   [01;31m[K^~~[m[K
[01m[K/home/jerry/limx_ws/src/lidar_odometry_0/src/lidar_odometry_0.cpp:53:65:[m[K [01;35m[Kwarning: [m[Kunused parameter ‘[01m[Ksource[m[K’ [[01;35m[K]8;;https://gcc.gnu.org/onlinedocs/gcc/Warning-Options.html#index-Wunused-parameter-Wunused-parameter]8;;[m[K]
   53 | n::Matrix4d LidarOdometry::get_transform_matrix([01;35m[KScanDataPtr source[m[K, ScanDataPtr target)
      |                                                 [01;35m[K~~~~~~~~~~~~^~~~~~[m[K

[01m[K/home/jerry/limx_ws/src/lidar_odometry_0/src/lidar_odometry_0.cpp:53:85:[m[K [01;35m[Kwarning: [m[Kunused parameter ‘[01m[Ktarget[m[K’ [[01;35m[K]8;;https://gcc.gnu.org/onlinedocs/gcc/Warning-Options.html#index-Wunused-parameter-Wunused-parameter]8;;[m[K]
   53 | rOdometry::get_transform_matrix(ScanDataPtr source, [01;35m[KScanDataPtr target[m[K)
      |                                                     [01;35m[K~~~~~~~~~~~~^~~~~~[m[K

In file included from [01m[K/usr/include/x86_64-linux-gnu/c++/11/bits/c++allocator.h:33[m[K,
                 from [01m[K/usr/include/c++/11/bits/allocator.h:46[m[K,
                 from [01m[K/usr/include/c++/11/string:41[m[K,
                 from [01m[K/usr/include/c++/11/bits/locale_classes.h:40[m[K,
                 from [01m[K/usr/include/c++/11/bits/ios_base.h:41[m[K,
                 from [01m[K/usr/include/c++/11/ios:42[m[K,
                 from [01m[K/usr/include/c++/11/istream:38[m[K,
                 from [01m[K/usr/include/c++/11/sstream:38[m[K,
                 from [01m[K/usr/include/c++/11/complex:45[m[K,
                 from [01m[K/usr/include/eigen3/Eigen/Core:50[m[K,
                 from [01m[K/home/jerry/limx_ws/src/lidar_odometry_0/include/lidar_odometry/lidar_odometry_0.hpp:5[m[K,
                 from [01m[K/home/jerry/limx_ws/src/lidar_odometry_0/src/lidar_odometry_0.cpp:2[m[K:
/usr/include/c++/11/ext/new_allocator.h: In instantiation of ‘[01m[Kvoid __gnu_cxx::new_allocator<_Tp>::construct(_Up*, _Args&& ...) [with _Up = pcl::PointCloud<pcl::PointXYZ>; _Args = {std::shared_ptr<pcl::PointCloud<pcl::PointXYZ> >&}; _Tp = pcl::PointCloud<pcl::PointXYZ>][m[K’:
[01m[K/usr/include/c++/11/bits/alloc_traits.h:516:17:[m[K   required from ‘[01m[Kstatic void std::allocator_traits<std::allocator<_CharT> >::construct(std::allocator_traits<std::allocator<_CharT> >::allocator_type&, _Up*, _Args&& ...) [with _Up = pcl::PointCloud<pcl::PointXYZ>; _Args = {std::shared_ptr<pcl::PointCloud<pcl::PointXYZ> >&}; _Tp = pcl::PointCloud<pcl::PointXYZ>; std::allocator_traits<std::allocator<_CharT> >::allocator_type = std::allocator<pcl::PointCloud<pcl::PointXYZ> >][m[K’
[01m[K/usr/include/c++/11/bits/shared_ptr_base.h:519:39:[m[K   required from ‘[01m[Kstd::_Sp_counted_ptr_inplace<_Tp, _Alloc, _Lp>::_Sp_counted_ptr_inplace(_Alloc, _Args&& ...) [with _Args = {std::shared_ptr<pcl::PointCloud<pcl::PointXYZ> >&}; _Tp = pcl::PointCloud<pcl::PointXYZ>; _Alloc = std::allocator<pcl::PointCloud<pcl::PointXYZ> >; __gnu_cxx::_Lock_policy _Lp = __gnu_cxx::_S_atomic][m[K’
[01m[K/usr/include/c++/11/bits/shared_ptr_base.h:650:16:[m[K   required from ‘[01m[Kstd::__shared_count<_Lp>::__shared_count(_Tp*&, std::_Sp_alloc_shared_tag<_Alloc>, _Args&& ...) [with _Tp = pcl::PointCloud<pcl::PointXYZ>; _Alloc = std::allocator<pcl::PointCloud<pcl::PointXYZ> >; _Args = {std::shared_ptr<pcl::PointCloud<pcl::PointXYZ> >&}; __gnu_cxx::_Lock_policy _Lp = __gnu_cxx::_S_atomic][m[K’
[01m[K/usr/include/c++/11/bits/shared_ptr_base.h:1342:14:[m[K   required from ‘[01m[Kstd::__shared_ptr<_Tp, _Lp>::__shared_ptr(std::_Sp_alloc_shared_tag<_Tp>, _Args&& ...) [with _Alloc = std::allocator<pcl::PointCloud<pcl::PointXYZ> >; _Args = {std::shared_ptr<pcl::PointCloud<pcl::PointXYZ> >&}; _Tp = pcl::PointCloud<pcl::PointXYZ>; __gnu_cxx::_Lock_policy _Lp = __gnu_cxx::_S_atomic][m[K’
[01m[K/usr/include/c++/11/bits/shared_ptr.h:409:59:[m[K   required from ‘[01m[Kstd::shared_ptr<_Tp>::shared_ptr(std::_Sp_alloc_shared_tag<_Tp>, _Args&& ...) [with _Alloc = std::allocator<pcl::PointCloud<pcl::PointXYZ> >; _Args = {std::shared_ptr<pcl::PointCloud<pcl::PointXYZ> >&}; _Tp = pcl::PointCloud<pcl::PointXYZ>][m[K’
[01m[K/usr/include/c++/11/bits/shared_ptr.h:862:14:[m[K   required from ‘[01m[Kstd::shared_ptr<_Tp> std::allocate_shared(const _Alloc&, _Args&& ...) [with _Tp = pcl::PointCloud<pcl::PointXYZ>; _Alloc = std::allocator<pcl::PointCloud<pcl::PointXYZ> >; _Args = {std::shared_ptr<pcl::PointCloud<pcl::PointXYZ> >&}][m[K’
[01m[K/usr/include/c++/11/bits/shared_ptr.h:878:39:[m[K   required from ‘[01m[Kstd::shared_ptr<_Tp> std::make_shared(_Args&& ...) [with _Tp = pcl::PointCloud<pcl::PointXYZ>; _Args = {std::shared_ptr<pcl::PointCloud<pcl::PointXYZ> >&}][m[K’
[01m[K/home/jerry/limx_ws/src/lidar_odometry_0/src/lidar_odometry_0.cpp:82:74:[m[K   required from here
[01m[K/usr/include/c++/11/ext/new_allocator.h:162:11:[m[K [01;31m[Kerror: [m[Kno matching function for call to ‘[01m[Kpcl::PointCloud<pcl::PointXYZ>::PointCloud(std::shared_ptr<pcl::PointCloud<pcl::PointXYZ> >&)[m[K’
  162 |         { [01;31m[K::new((void *)__p) _Up(std::forward<_Args>(__args)...)[m[K; }
      |           [01;31m[K^~~~~~~~~~~~~~~~~~~~~~~~~~~~~~~~~~~~~~~~~~~~~~~~~~~~~~[m[K
In file included from [01m[K/usr/include/pcl-1.12/pcl/common/io.h:46[m[K,
                 from [01m[K/usr/include/pcl-1.12/pcl/registration/correspondence_estimation.h:43[m[K,
                 from [01m[K/usr/include/pcl-1.12/pcl/registration/icp.h:44[m[K,
                 from [01m[K/usr/include/pcl-1.12/pcl/registration/gicp.h:44[m[K,
                 from [01m[K/home/jerry/limx_ws/src/lidar_odometry_0/include/lidar_odometry/lidar_odometry_0.hpp:7[m[K,
                 from [01m[K/home/jerry/limx_ws/src/lidar_odometry_0/src/lidar_odometry_0.cpp:2[m[K:
[01m[K/usr/include/pcl-1.12/pcl/point_cloud.h:201:7:[m[K [01;36m[Knote: [m[Kcandidate: ‘[01m[Kpcl::PointCloud<PointT>::PointCloud(uint32_t, uint32_t, const PointT&) [with PointT = pcl::PointXYZ; uint32_t = unsigned int][m[K’
  201 |       [01;36m[KPointCloud[m[K (std::uint32_t width_, std::uint32_t height_, const PointT& value_ = PointT ())
      |       [01;36m[K^~~~~~~~~~[m[K
[01m[K/usr/include/pcl-1.12/pcl/point_cloud.h:201:7:[m[K [01;36m[Knote: [m[K  candidate expects 3 arguments, 1 provided
[01m[K/usr/include/pcl-1.12/pcl/point_cloud.h:185:7:[m[K [01;36m[Knote: [m[Kcandidate: ‘[01m[Kpcl::PointCloud<PointT>::PointCloud(const pcl::PointCloud<PointT>&, const Indices&) [with PointT = pcl::PointXYZ; pcl::Indices = std::vector<int, std::allocator<int> >][m[K’
  185 |       [01;36m[KPointCloud[m[K (const PointCloud<PointT> &pc,
      |       [01;36m[K^~~~~~~~~~[m[K
[01m[K/usr/include/pcl-1.12/pcl/point_cloud.h:185:7:[m[K [01;36m[Knote: [m[K  candidate expects 2 arguments, 1 provided
[01m[K/usr/include/pcl-1.12/pcl/point_cloud.h:179:7:[m[K [01;36m[Knote: [m[Kcandidate: ‘[01m[Kpcl::PointCloud<PointT>::PointCloud() [with PointT = pcl::PointXYZ][m[K’
  179 |       [01;36m[KPointCloud[m[K () = default;
      |       [01;36m[K^~~~~~~~~~[m[K
[01m[K/usr/include/pcl-1.12/pcl/point_cloud.h:179:7:[m[K [01;36m[Knote: [m[K  candidate expects 0 arguments, 1 provided
[01m[K/usr/include/pcl-1.12/pcl/point_cloud.h:172:21:[m[K [01;36m[Knote: [m[Kcandidate: ‘[01m[Kpcl::PointCloud<pcl::PointXYZ>::PointCloud(const pcl::PointCloud<pcl::PointXYZ>&)[m[K’
  172 |   class PCL_EXPORTS [01;36m[KPointCloud[m[K
      |                     [01;36m[K^~~~~~~~~~[m[K
[01m[K/usr/include/pcl-1.12/pcl/point_cloud.h:172:21:[m[K [01;36m[Knote: [m[K  no known conversion for argument 1 from ‘[01m[Kstd::shared_ptr<pcl::PointCloud<pcl::PointXYZ> >[m[K’ to ‘[01m[Kconst pcl::PointCloud<pcl::PointXYZ>&[m[K’
[01m[K/usr/include/pcl-1.12/pcl/point_cloud.h:172:21:[m[K [01;36m[Knote: [m[Kcandidate: ‘[01m[Kpcl::PointCloud<pcl::PointXYZ>::PointCloud(pcl::PointCloud<pcl::PointXYZ>&&)[m[K’
[01m[K/usr/include/pcl-1.12/pcl/point_cloud.h:172:21:[m[K [01;36m[Knote: [m[K  no known conversion for argument 1 from ‘[01m[Kstd::shared_ptr<pcl::PointCloud<pcl::PointXYZ> >[m[K’ to ‘[01m[Kpcl::PointCloud<pcl::PointXYZ>&&[m[K’
gmake[2]: *** [CMakeFiles/lidar_odometry_node_0.dir/build.make:90: CMakeFiles/lidar_odometry_node_0.dir/src/lidar_odometry_0.cpp.o] Error 1
gmake[1]: *** [CMakeFiles/Makefile2:137: CMakeFiles/lidar_odometry_node_0.dir/all] Error 2
gmake: *** [Makefile:146: all] Error 2
