[0.036s] Invoking command in '/home/jerry/limx_ws/build/limxsdk_lowlevel': CMAKE_PREFIX_PATH=${CMAKE_PREFIX_PATH}:/opt/ros/humble /usr/bin/cmake /home/jerry/limx_ws/src/limxsdk-lowlevel -DCMAKE_INSTALL_PREFIX=/home/jerry/limx_ws/install/limxsdk_lowlevel
[0.193s] -- The C compiler identification is GNU 11.4.0
[0.290s] -- The CXX compiler identification is GNU 11.4.0
[0.312s] -- Detecting C compiler ABI info
[0.453s] -- Detecting C compiler ABI info - done
[0.467s] -- Check for working C compiler: /usr/bin/cc - skipped
[0.469s] -- Detecting C compile features
[0.469s] -- Detecting C compile features - done
[0.475s] -- Detecting CXX compiler ABI info
[0.624s] -- Detecting CXX compiler ABI info - done
[0.630s] -- Check for working CXX compiler: /usr/bin/c++ - skipped
[0.633s] -- Detecting CXX compile features
[0.633s] -- Detecting CXX compile features - done
[0.635s] -- Found ament_cmake: 1.3.12 (/opt/ros/humble/share/ament_cmake/cmake)
[0.638s] [0mCurrently in ROS2 compilation environment[0m
[0.815s] -- Found Python3: /usr/bin/python3 (found version "3.10.12") found components: Interpreter 
[1.019s] -- Configuring done
[1.025s] -- Generating done
[1.028s] -- Build files have been written to: /home/jerry/limx_ws/build/limxsdk_lowlevel
[1.037s] Invoked command in '/home/jerry/limx_ws/build/limxsdk_lowlevel' returned '0': CMAKE_PREFIX_PATH=${CMAKE_PREFIX_PATH}:/opt/ros/humble /usr/bin/cmake /home/jerry/limx_ws/src/limxsdk-lowlevel -DCMAKE_INSTALL_PREFIX=/home/jerry/limx_ws/install/limxsdk_lowlevel
[1.038s] Invoking command in '/home/jerry/limx_ws/build/limxsdk_lowlevel': CMAKE_PREFIX_PATH=${CMAKE_PREFIX_PATH}:/opt/ros/humble /usr/bin/cmake --build /home/jerry/limx_ws/build/limxsdk_lowlevel -- -j8 -l8
[1.122s] [ 16%] [32mBuilding CXX object examples/CMakeFiles/pf_joint_move.dir/pf_joint_move.cpp.o[0m
[1.123s] [ 33%] [32mBuilding CXX object examples/CMakeFiles/pf_joint_move.dir/pf_controller_base.cpp.o[0m
[1.123s] [ 50%] [32mBuilding CXX object examples/CMakeFiles/pf_groupJoints_move.dir/pf_groupJoints_move.cpp.o[0m
[1.129s] [ 66%] [32mBuilding CXX object examples/CMakeFiles/pf_groupJoints_move.dir/pf_controller_base.cpp.o[0m
[3.601s] [ 83%] [32m[1mLinking CXX executable pf_joint_move[0m
[3.866s] [100%] [32m[1mLinking CXX executable pf_groupJoints_move[0m
[3.953s] [100%] Built target pf_joint_move
[4.147s] [100%] Built target pf_groupJoints_move
[4.173s] Invoked command in '/home/jerry/limx_ws/build/limxsdk_lowlevel' returned '0': CMAKE_PREFIX_PATH=${CMAKE_PREFIX_PATH}:/opt/ros/humble /usr/bin/cmake --build /home/jerry/limx_ws/build/limxsdk_lowlevel -- -j8 -l8
[4.177s] Invoking command in '/home/jerry/limx_ws/build/limxsdk_lowlevel': CMAKE_PREFIX_PATH=${CMAKE_PREFIX_PATH}:/opt/ros/humble /usr/bin/cmake --install /home/jerry/limx_ws/build/limxsdk_lowlevel
[5.015s] -- Install configuration: "Release"
[5.016s] -- Installing: /home/jerry/limx_ws/install/limxsdk_lowlevel/include/
[5.023s] -- Installing: /home/jerry/limx_ws/install/limxsdk_lowlevel/include//limxsdk
[5.024s] -- Installing: /home/jerry/limx_ws/install/limxsdk_lowlevel/include//limxsdk/pointfoot.h
[5.024s] -- Installing: /home/jerry/limx_ws/install/limxsdk_lowlevel/include//limxsdk/tron2.h
[5.024s] -- Installing: /home/jerry/limx_ws/install/limxsdk_lowlevel/include//limxsdk/wheellegged.h
[5.024s] -- Installing: /home/jerry/limx_ws/install/limxsdk_lowlevel/include//limxsdk/datatypes.h
[5.024s] -- Installing: /home/jerry/limx_ws/install/limxsdk_lowlevel/include//limxsdk/macros.h
[5.024s] -- Installing: /home/jerry/limx_ws/install/limxsdk_lowlevel/include//limxsdk/ability
[5.024s] -- Installing: /home/jerry/limx_ws/install/limxsdk_lowlevel/include//limxsdk/ability/yaml_config_parser.h
[5.025s] -- Installing: /home/jerry/limx_ws/install/limxsdk_lowlevel/include//limxsdk/ability/ability_manager.h
[5.025s] -- Installing: /home/jerry/limx_ws/install/limxsdk_lowlevel/include//limxsdk/ability/rate.h
[5.025s] -- Installing: /home/jerry/limx_ws/install/limxsdk_lowlevel/include//limxsdk/ability/plugin_loader.h
[5.025s] -- Installing: /home/jerry/limx_ws/install/limxsdk_lowlevel/include//limxsdk/ability/plugin_registry.h
[5.026s] -- Installing: /home/jerry/limx_ws/install/limxsdk_lowlevel/include//limxsdk/ability/robot_data.h
[5.026s] -- Installing: /home/jerry/limx_ws/install/limxsdk_lowlevel/include//limxsdk/ability/base_ability.h
[5.026s] -- Installing: /home/jerry/limx_ws/install/limxsdk_lowlevel/include//limxsdk/humanoid.h
[5.026s] -- Installing: /home/jerry/limx_ws/install/limxsdk_lowlevel/include//limxsdk/apibase.h
[5.026s] -- Installing: /home/jerry/limx_ws/install/limxsdk_lowlevel/lib/.
[5.026s] -- Installing: /home/jerry/limx_ws/install/limxsdk_lowlevel/lib/./liblimxsdk_lowlevel.so
[5.026s] -- Installing: /home/jerry/limx_ws/install/limxsdk_lowlevel/share/limxsdk_lowlevel/environment/library_path.sh
[5.026s] -- Installing: /home/jerry/limx_ws/install/limxsdk_lowlevel/share/limxsdk_lowlevel/environment/library_path.dsv
[5.027s] -- Installing: /home/jerry/limx_ws/install/limxsdk_lowlevel/share/ament_index/resource_index/package_run_dependencies/limxsdk_lowlevel
[5.027s] -- Installing: /home/jerry/limx_ws/install/limxsdk_lowlevel/share/ament_index/resource_index/parent_prefix_path/limxsdk_lowlevel
[5.027s] -- Installing: /home/jerry/limx_ws/install/limxsdk_lowlevel/share/limxsdk_lowlevel/environment/ament_prefix_path.sh
[5.037s] -- Installing: /home/jerry/limx_ws/install/limxsdk_lowlevel/share/limxsdk_lowlevel/environment/ament_prefix_path.dsv
[5.037s] -- Installing: /home/jerry/limx_ws/install/limxsdk_lowlevel/share/limxsdk_lowlevel/environment/path.sh
[5.037s] -- Installing: /home/jerry/limx_ws/install/limxsdk_lowlevel/share/limxsdk_lowlevel/environment/path.dsv
[5.037s] -- Installing: /home/jerry/limx_ws/install/limxsdk_lowlevel/share/limxsdk_lowlevel/local_setup.bash
[5.037s] -- Installing: /home/jerry/limx_ws/install/limxsdk_lowlevel/share/limxsdk_lowlevel/local_setup.sh
[5.037s] -- Installing: /home/jerry/limx_ws/install/limxsdk_lowlevel/share/limxsdk_lowlevel/local_setup.zsh
[5.037s] -- Installing: /home/jerry/limx_ws/install/limxsdk_lowlevel/share/limxsdk_lowlevel/local_setup.dsv
[5.037s] -- Installing: /home/jerry/limx_ws/install/limxsdk_lowlevel/share/limxsdk_lowlevel/package.dsv
[5.037s] -- Installing: /home/jerry/limx_ws/install/limxsdk_lowlevel/share/ament_index/resource_index/packages/limxsdk_lowlevel
[5.037s] -- Installing: /home/jerry/limx_ws/install/limxsdk_lowlevel/share/limxsdk_lowlevel/cmake/ament_cmake_export_libraries-extras.cmake
[5.037s] -- Installing: /home/jerry/limx_ws/install/limxsdk_lowlevel/share/limxsdk_lowlevel/cmake/ament_cmake_export_include_directories-extras.cmake
[5.037s] -- Installing: /home/jerry/limx_ws/install/limxsdk_lowlevel/share/limxsdk_lowlevel/cmake/limxsdk_lowlevelConfig.cmake
[5.037s] -- Installing: /home/jerry/limx_ws/install/limxsdk_lowlevel/share/limxsdk_lowlevel/cmake/limxsdk_lowlevelConfig-version.cmake
[5.037s] -- Installing: /home/jerry/limx_ws/install/limxsdk_lowlevel/share/limxsdk_lowlevel/package.xml
[5.037s] -- Installing: /home/jerry/limx_ws/install/limxsdk_lowlevel/lib/limxsdk_lowlevel/pf_joint_move
[5.037s] -- Set runtime path of "/home/jerry/limx_ws/install/limxsdk_lowlevel/lib/limxsdk_lowlevel/pf_joint_move" to ""
[5.037s] -- Installing: /home/jerry/limx_ws/install/limxsdk_lowlevel/lib/limxsdk_lowlevel/pf_groupJoints_move
[5.038s] -- Set runtime path of "/home/jerry/limx_ws/install/limxsdk_lowlevel/lib/limxsdk_lowlevel/pf_groupJoints_move" to ""
[5.053s] Invoked command in '/home/jerry/limx_ws/build/limxsdk_lowlevel' returned '0': CMAKE_PREFIX_PATH=${CMAKE_PREFIX_PATH}:/opt/ros/humble /usr/bin/cmake --install /home/jerry/limx_ws/build/limxsdk_lowlevel
