[0.025s] Invoking command in '/home/jerry/limx_ws/build/lidar_odometry_0': CMAKE_PREFIX_PATH=${CMAKE_PREFIX_PATH}:/opt/ros/humble /usr/bin/cmake --build /home/jerry/limx_ws/build/lidar_odometry_0 -- -j8 -l8
[0.099s] -- Found ament_cmake: 1.3.12 (/opt/ros/humble/share/ament_cmake/cmake)
[0.279s] -- Found rclcpp: 16.0.17 (/opt/ros/humble/share/rclcpp/cmake)
[0.386s] -- Found rosidl_generator_c: 3.1.8 (/opt/ros/humble/share/rosidl_generator_c/cmake)
[0.396s] -- Found rosidl_adapter: 3.1.8 (/opt/ros/humble/share/rosidl_adapter/cmake)
[0.396s] -- Found rosidl_generator_cpp: 3.1.8 (/opt/ros/humble/share/rosidl_generator_cpp/cmake)
[0.418s] -- Using all available rosidl_typesupport_c: rosidl_typesupport_fastrtps_c;rosidl_typesupport_introspection_c
[0.438s] -- Using all available rosidl_typesupport_cpp: rosidl_typesupport_fastrtps_cpp;rosidl_typesupport_introspection_cpp
[0.495s] -- Found rmw_implementation_cmake: 6.1.2 (/opt/ros/humble/share/rmw_implementation_cmake/cmake)
[0.500s] -- Found rmw_fastrtps_cpp: 6.2.9 (/opt/ros/humble/share/rmw_fastrtps_cpp/cmake)
[0.632s] -- Using RMW implementation 'rmw_fastrtps_cpp' as default
[0.709s] -- Found sensor_msgs: 4.9.0 (/opt/ros/humble/share/sensor_msgs/cmake)
[0.760s] -- Found nav_msgs: 4.9.0 (/opt/ros/humble/share/nav_msgs/cmake)
[0.798s] -- Eigen found (include: /usr/include/eigen3, version: 3.4.0)
[0.846s] -- FLANN found (include: /usr/include, lib: /usr/lib/x86_64-linux-gnu/libflann_cpp.so)
[1.385s] -- OpenNI found (version: 1.5.4.0, include: /usr/include/ni, lib: /usr/lib/libOpenNI.so;libusb::libusb)
[1.391s] -- OpenNI2 found (version: 2.2.0.33, include: /usr/include/openni2, lib: /usr/lib/x86_64-linux-gnu/libOpenNI2.so;libusb::libusb)
[1.391s] [0m** WARNING ** io features related to pcap will be disabled[0m
[1.505s] -- Eigen found (include: /usr/include/eigen3, version: 3.4.0)
[1.511s] -- OpenNI found (version: 1.5.4.0, include: /usr/include/ni, lib: /usr/lib/libOpenNI.so;libusb::libusb)
[1.516s] -- OpenNI2 found (version: 2.2.0.33, include: /usr/include/openni2, lib: /usr/lib/x86_64-linux-gnu/libOpenNI2.so;libusb::libusb)
[1.639s] -- Found Qhull version 8.0.2
[1.763s] -- OpenNI found (version: 1.5.4.0, include: /usr/include/ni, lib: /usr/lib/libOpenNI.so;libusb::libusb)
[1.879s] -- looking for PCL_COMMON
[1.879s] -- looking for PCL_KDTREE
[1.879s] -- looking for PCL_OCTREE
[1.879s] -- looking for PCL_SEARCH
[1.880s] -- looking for PCL_SAMPLE_CONSENSUS
[1.880s] -- looking for PCL_FILTERS
[1.880s] -- looking for PCL_2D
[1.880s] -- looking for PCL_GEOMETRY
[1.880s] -- looking for PCL_IO
[1.881s] -- looking for PCL_FEATURES
[1.881s] -- looking for PCL_ML
[1.881s] -- looking for PCL_SEGMENTATION
[1.882s] -- looking for PCL_VISUALIZATION
[1.882s] -- looking for PCL_SURFACE
[1.882s] -- looking for PCL_REGISTRATION
[1.883s] -- looking for PCL_KEYPOINTS
[1.883s] -- looking for PCL_TRACKING
[1.883s] -- looking for PCL_RECOGNITION
[1.883s] -- looking for PCL_STEREO
[1.884s] -- looking for PCL_APPS
[1.884s] -- looking for PCL_IN_HAND_SCANNER
[1.884s] -- looking for PCL_MODELER
[1.884s] -- looking for PCL_POINT_CLOUD_EDITOR
[1.885s] -- looking for PCL_OUTOFCORE
[1.885s] -- looking for PCL_PEOPLE
[1.891s] -- Found laser_geometry: 2.4.1 (/opt/ros/humble/share/laser_geometry/cmake)
[1.910s] -- Found pcl_conversions: 2.4.5 (/opt/ros/humble/share/pcl_conversions/cmake)
[1.941s] -- Found tf2_eigen: 0.25.18 (/opt/ros/humble/share/tf2_eigen/cmake)
[2.065s] -- Found ament_lint_auto: 0.12.14 (/opt/ros/humble/share/ament_lint_auto/cmake)
[2.142s] -- Added test 'cppcheck' to perform static code analysis on C / C++ code
[2.143s] -- Configured cppcheck include dirs: /home/jerry/limx_ws/src/lidar_odometry_0/include;$<BUILD_INTERFACE:/home/jerry/limx_ws/src/lidar_odometry_0/include>
[2.143s] -- Configured cppcheck exclude dirs and/or files: 
[2.143s] -- Added test 'lint_cmake' to check CMake code style
[2.145s] -- Added test 'uncrustify' to check C / C++ code style
[2.145s] -- Configured uncrustify additional arguments: 
[2.146s] -- Added test 'xmllint' to check XML markup files
[2.149s] -- Configuring done
[2.212s] -- Generating done
[2.225s] -- Build files have been written to: /home/jerry/limx_ws/build/lidar_odometry_0
[2.270s] [35m[1mConsolidate compiler generated dependencies of target lidar_odometry_node_0[0m
[2.313s] [100%] Built target lidar_odometry_node_0
[2.327s] Invoked command in '/home/jerry/limx_ws/build/lidar_odometry_0' returned '0': CMAKE_PREFIX_PATH=${CMAKE_PREFIX_PATH}:/opt/ros/humble /usr/bin/cmake --build /home/jerry/limx_ws/build/lidar_odometry_0 -- -j8 -l8
[2.330s] Invoking command in '/home/jerry/limx_ws/build/lidar_odometry_0': CMAKE_PREFIX_PATH=${CMAKE_PREFIX_PATH}:/opt/ros/humble /usr/bin/cmake --install /home/jerry/limx_ws/build/lidar_odometry_0
[2.339s] -- Install configuration: ""
[2.339s] -- Installing: /home/jerry/limx_ws/install/lidar_odometry_0/lib/lidar_odometry_0/lidar_odometry_node_0
[2.356s] -- Set runtime path of "/home/jerry/limx_ws/install/lidar_odometry_0/lib/lidar_odometry_0/lidar_odometry_node_0" to ""
[2.356s] -- Installing: /home/jerry/limx_ws/install/lidar_odometry_0/share/ament_index/resource_index/package_run_dependencies/lidar_odometry_0
[2.358s] -- Installing: /home/jerry/limx_ws/install/lidar_odometry_0/share/ament_index/resource_index/parent_prefix_path/lidar_odometry_0
[2.358s] -- Up-to-date: /home/jerry/limx_ws/install/lidar_odometry_0/share/lidar_odometry_0/environment/ament_prefix_path.sh
[2.358s] -- Installing: /home/jerry/limx_ws/install/lidar_odometry_0/share/lidar_odometry_0/environment/ament_prefix_path.dsv
[2.358s] -- Up-to-date: /home/jerry/limx_ws/install/lidar_odometry_0/share/lidar_odometry_0/environment/path.sh
[2.358s] -- Installing: /home/jerry/limx_ws/install/lidar_odometry_0/share/lidar_odometry_0/environment/path.dsv
[2.358s] -- Up-to-date: /home/jerry/limx_ws/install/lidar_odometry_0/share/lidar_odometry_0/local_setup.bash
[2.358s] -- Up-to-date: /home/jerry/limx_ws/install/lidar_odometry_0/share/lidar_odometry_0/local_setup.sh
[2.358s] -- Up-to-date: /home/jerry/limx_ws/install/lidar_odometry_0/share/lidar_odometry_0/local_setup.zsh
[2.359s] -- Installing: /home/jerry/limx_ws/install/lidar_odometry_0/share/lidar_odometry_0/local_setup.dsv
[2.359s] -- Installing: /home/jerry/limx_ws/install/lidar_odometry_0/share/lidar_odometry_0/package.dsv
[2.359s] -- Up-to-date: /home/jerry/limx_ws/install/lidar_odometry_0/share/ament_index/resource_index/packages/lidar_odometry_0
[2.359s] -- Up-to-date: /home/jerry/limx_ws/install/lidar_odometry_0/share/lidar_odometry_0/cmake/lidar_odometry_0Config.cmake
[2.359s] -- Up-to-date: /home/jerry/limx_ws/install/lidar_odometry_0/share/lidar_odometry_0/cmake/lidar_odometry_0Config-version.cmake
[2.359s] -- Installing: /home/jerry/limx_ws/install/lidar_odometry_0/share/lidar_odometry_0/package.xml
[2.363s] Invoked command in '/home/jerry/limx_ws/build/lidar_odometry_0' returned '0': CMAKE_PREFIX_PATH=${CMAKE_PREFIX_PATH}:/opt/ros/humble /usr/bin/cmake --install /home/jerry/limx_ws/build/lidar_odometry_0
