[0.111s] Invoking command in '/home/jerry/limx_ws/build/robot_controllers': CMAKE_PREFIX_PATH=/home/jerry/limx_ws/install/limxsdk_lowlevel:/home/jerry/limx_ws/install/scan_corrector:/opt/ros/humble:/home/jerry/limx_ws/install/robot_visualization:/home/jerry/limx_ws/install/robot_hw:/home/jerry/limx_ws/install/robot_description:/home/jerry/limx_ws/install/robot_controllers:/home/jerry/limx_ws/install/pointfoot_gazebo:/home/jerry/limx_ws/install/mrosbridger:/home/jerry/limx_ws/install/lslidar_driver:/home/jerry/limx_ws/install/lslidar_msgs:/home/jerry/limx_ws/install/limxsdk_sim:/home/jerry/limx_ws/install/lidar_odometry_0:/home/jerry/limx_ws/install/lidar_odometry:/home/jerry/limx_ws/install/controller_msgs LD_LIBRARY_PATH=/home/jerry/limx_ws/install/limxsdk_lowlevel/lib:/home/jerry/limx_ws/install/robot_controllers/lib:/home/jerry/limx_ws/install/pointfoot_gazebo/lib:/home/jerry/limx_ws/install/mrosbridger/lib:/home/jerry/limx_ws/install/lslidar_msgs/lib:/home/jerry/limx_ws/install/limxsdk_sim/lib:/home/jerry/limx_ws/install/controller_msgs/lib:/usr/lib/x86_64-linux-gnu/gazebo-11/plugins:/opt/ros/humble/opt/rviz_ogre_vendor/lib:/opt/ros/humble/lib/x86_64-linux-gnu:/opt/ros/humble/lib:/usr/share/gazebo/../../lib/x86_64-linux-gnu/gazebo-11/plugins /usr/bin/cmake --build /home/jerry/limx_ws/build/robot_controllers -- -j8 -l8
[0.477s] [100%] Built target robot_controllers
[0.537s] Invoked command in '/home/jerry/limx_ws/build/robot_controllers' returned '0': CMAKE_PREFIX_PATH=/home/jerry/limx_ws/install/limxsdk_lowlevel:/home/jerry/limx_ws/install/scan_corrector:/opt/ros/humble:/home/jerry/limx_ws/install/robot_visualization:/home/jerry/limx_ws/install/robot_hw:/home/jerry/limx_ws/install/robot_description:/home/jerry/limx_ws/install/robot_controllers:/home/jerry/limx_ws/install/pointfoot_gazebo:/home/jerry/limx_ws/install/mrosbridger:/home/jerry/limx_ws/install/lslidar_driver:/home/jerry/limx_ws/install/lslidar_msgs:/home/jerry/limx_ws/install/limxsdk_sim:/home/jerry/limx_ws/install/lidar_odometry_0:/home/jerry/limx_ws/install/lidar_odometry:/home/jerry/limx_ws/install/controller_msgs LD_LIBRARY_PATH=/home/jerry/limx_ws/install/limxsdk_lowlevel/lib:/home/jerry/limx_ws/install/robot_controllers/lib:/home/jerry/limx_ws/install/pointfoot_gazebo/lib:/home/jerry/limx_ws/install/mrosbridger/lib:/home/jerry/limx_ws/install/lslidar_msgs/lib:/home/jerry/limx_ws/install/limxsdk_sim/lib:/home/jerry/limx_ws/install/controller_msgs/lib:/usr/lib/x86_64-linux-gnu/gazebo-11/plugins:/opt/ros/humble/opt/rviz_ogre_vendor/lib:/opt/ros/humble/lib/x86_64-linux-gnu:/opt/ros/humble/lib:/usr/share/gazebo/../../lib/x86_64-linux-gnu/gazebo-11/plugins /usr/bin/cmake --build /home/jerry/limx_ws/build/robot_controllers -- -j8 -l8
[0.538s] Invoking command in '/home/jerry/limx_ws/build/robot_controllers': CMAKE_PREFIX_PATH=/home/jerry/limx_ws/install/limxsdk_lowlevel:/home/jerry/limx_ws/install/scan_corrector:/opt/ros/humble:/home/jerry/limx_ws/install/robot_visualization:/home/jerry/limx_ws/install/robot_hw:/home/jerry/limx_ws/install/robot_description:/home/jerry/limx_ws/install/robot_controllers:/home/jerry/limx_ws/install/pointfoot_gazebo:/home/jerry/limx_ws/install/mrosbridger:/home/jerry/limx_ws/install/lslidar_driver:/home/jerry/limx_ws/install/lslidar_msgs:/home/jerry/limx_ws/install/limxsdk_sim:/home/jerry/limx_ws/install/lidar_odometry_0:/home/jerry/limx_ws/install/lidar_odometry:/home/jerry/limx_ws/install/controller_msgs LD_LIBRARY_PATH=/home/jerry/limx_ws/install/limxsdk_lowlevel/lib:/home/jerry/limx_ws/install/robot_controllers/lib:/home/jerry/limx_ws/install/pointfoot_gazebo/lib:/home/jerry/limx_ws/install/mrosbridger/lib:/home/jerry/limx_ws/install/lslidar_msgs/lib:/home/jerry/limx_ws/install/limxsdk_sim/lib:/home/jerry/limx_ws/install/controller_msgs/lib:/usr/lib/x86_64-linux-gnu/gazebo-11/plugins:/opt/ros/humble/opt/rviz_ogre_vendor/lib:/opt/ros/humble/lib/x86_64-linux-gnu:/opt/ros/humble/lib:/usr/share/gazebo/../../lib/x86_64-linux-gnu/gazebo-11/plugins /usr/bin/cmake --install /home/jerry/limx_ws/build/robot_controllers
[0.580s] -- Install configuration: ""
[0.580s] -- Up-to-date: /home/jerry/limx_ws/install/robot_controllers/share/robot_controllers/robot_controllers_plugin.xml
[0.581s] -- Up-to-date: /home/jerry/limx_ws/install/robot_controllers/lib/librobot_controllers.so
[0.584s] -- Up-to-date: /home/jerry/limx_ws/install/robot_controllers/include
[0.586s] -- Up-to-date: /home/jerry/limx_ws/install/robot_controllers/include/robot_controllers
[0.588s] -- Up-to-date: /home/jerry/limx_ws/install/robot_controllers/include/robot_controllers/WheelfootController.h
[0.588s] -- Up-to-date: /home/jerry/limx_ws/install/robot_controllers/include/robot_controllers/PointfootController.h
[0.588s] -- Up-to-date: /home/jerry/limx_ws/install/robot_controllers/include/robot_controllers/ControllerBase.h
[0.589s] -- Up-to-date: /home/jerry/limx_ws/install/robot_controllers/include/robot_controllers/SolefootController.h
[0.589s] -- Up-to-date: /home/jerry/limx_ws/install/robot_controllers/share/robot_controllers//config
[0.589s] -- Up-to-date: /home/jerry/limx_ws/install/robot_controllers/share/robot_controllers//config/pointfoot
[0.589s] -- Up-to-date: /home/jerry/limx_ws/install/robot_controllers/share/robot_controllers//config/pointfoot/PF_P441B
[0.590s] -- Up-to-date: /home/jerry/limx_ws/install/robot_controllers/share/robot_controllers//config/pointfoot/PF_P441B/params.yaml
[0.590s] -- Up-to-date: /home/jerry/limx_ws/install/robot_controllers/share/robot_controllers//config/pointfoot/PF_P441B/policy
[0.594s] -- Up-to-date: /home/jerry/limx_ws/install/robot_controllers/share/robot_controllers//config/pointfoot/PF_P441B/policy/isaaclab
[0.594s] -- Up-to-date: /home/jerry/limx_ws/install/robot_controllers/share/robot_controllers//config/pointfoot/PF_P441B/policy/isaaclab/encoder.onnx
[0.594s] -- Up-to-date: /home/jerry/limx_ws/install/robot_controllers/share/robot_controllers//config/pointfoot/PF_P441B/policy/isaaclab/policy.onnx
[0.594s] -- Up-to-date: /home/jerry/limx_ws/install/robot_controllers/share/robot_controllers//config/pointfoot/PF_P441B/policy/isaacgym
[0.594s] -- Up-to-date: /home/jerry/limx_ws/install/robot_controllers/share/robot_controllers//config/pointfoot/PF_P441B/policy/isaacgym/encoder.onnx
[0.594s] -- Up-to-date: /home/jerry/limx_ws/install/robot_controllers/share/robot_controllers//config/pointfoot/PF_P441B/policy/isaacgym/policy.onnx
[0.595s] -- Up-to-date: /home/jerry/limx_ws/install/robot_controllers/share/robot_controllers//config/pointfoot/PF_TRON1B
[0.595s] -- Up-to-date: /home/jerry/limx_ws/install/robot_controllers/share/robot_controllers//config/pointfoot/PF_TRON1B/params.yaml
[0.595s] -- Up-to-date: /home/jerry/limx_ws/install/robot_controllers/share/robot_controllers//config/pointfoot/PF_TRON1B/policy
[0.595s] -- Up-to-date: /home/jerry/limx_ws/install/robot_controllers/share/robot_controllers//config/pointfoot/PF_TRON1B/policy/isaaclab
[0.597s] -- Up-to-date: /home/jerry/limx_ws/install/robot_controllers/share/robot_controllers//config/pointfoot/PF_TRON1B/policy/isaaclab/encoder.onnx
[0.598s] -- Up-to-date: /home/jerry/limx_ws/install/robot_controllers/share/robot_controllers//config/pointfoot/PF_TRON1B/policy/isaaclab/policy.onnx
[0.599s] -- Up-to-date: /home/jerry/limx_ws/install/robot_controllers/share/robot_controllers//config/pointfoot/PF_TRON1B/policy/isaacgym
[0.599s] -- Up-to-date: /home/jerry/limx_ws/install/robot_controllers/share/robot_controllers//config/pointfoot/PF_TRON1B/policy/isaacgym/encoder.onnx
[0.599s] -- Up-to-date: /home/jerry/limx_ws/install/robot_controllers/share/robot_controllers//config/pointfoot/PF_TRON1B/policy/isaacgym/policy.onnx
[0.600s] -- Up-to-date: /home/jerry/limx_ws/install/robot_controllers/share/robot_controllers//config/pointfoot/PF_P441A
[0.609s] -- Up-to-date: /home/jerry/limx_ws/install/robot_controllers/share/robot_controllers//config/pointfoot/PF_P441A/params.yaml
[0.610s] -- Up-to-date: /home/jerry/limx_ws/install/robot_controllers/share/robot_controllers//config/pointfoot/PF_P441A/policy
[0.610s] -- Up-to-date: /home/jerry/limx_ws/install/robot_controllers/share/robot_controllers//config/pointfoot/PF_P441A/policy/isaaclab
[0.611s] -- Up-to-date: /home/jerry/limx_ws/install/robot_controllers/share/robot_controllers//config/pointfoot/PF_P441A/policy/isaaclab/encoder.onnx
[0.612s] -- Up-to-date: /home/jerry/limx_ws/install/robot_controllers/share/robot_controllers//config/pointfoot/PF_P441A/policy/isaaclab/policy.onnx
[0.612s] -- Up-to-date: /home/jerry/limx_ws/install/robot_controllers/share/robot_controllers//config/pointfoot/PF_P441A/policy/isaacgym
[0.613s] -- Up-to-date: /home/jerry/limx_ws/install/robot_controllers/share/robot_controllers//config/pointfoot/PF_P441A/policy/isaacgym/encoder.onnx
[0.615s] -- Up-to-date: /home/jerry/limx_ws/install/robot_controllers/share/robot_controllers//config/pointfoot/PF_P441A/policy/isaacgym/policy.onnx
[0.617s] -- Up-to-date: /home/jerry/limx_ws/install/robot_controllers/share/robot_controllers//config/pointfoot/WF_TRON1B
[0.625s] -- Up-to-date: /home/jerry/limx_ws/install/robot_controllers/share/robot_controllers//config/pointfoot/WF_TRON1B/params.yaml
[0.627s] -- Up-to-date: /home/jerry/limx_ws/install/robot_controllers/share/robot_controllers//config/pointfoot/WF_TRON1B/policy
[0.627s] -- Up-to-date: /home/jerry/limx_ws/install/robot_controllers/share/robot_controllers//config/pointfoot/WF_TRON1B/policy/isaaclab
[0.627s] -- Up-to-date: /home/jerry/limx_ws/install/robot_controllers/share/robot_controllers//config/pointfoot/WF_TRON1B/policy/isaaclab/encoder.onnx
[0.628s] -- Up-to-date: /home/jerry/limx_ws/install/robot_controllers/share/robot_controllers//config/pointfoot/WF_TRON1B/policy/isaaclab/policy.onnx
[0.628s] -- Up-to-date: /home/jerry/limx_ws/install/robot_controllers/share/robot_controllers//config/pointfoot/WF_TRON1B/policy/isaacgym
[0.628s] -- Up-to-date: /home/jerry/limx_ws/install/robot_controllers/share/robot_controllers//config/pointfoot/WF_TRON1B/policy/isaacgym/encoder.onnx
[0.629s] -- Up-to-date: /home/jerry/limx_ws/install/robot_controllers/share/robot_controllers//config/pointfoot/WF_TRON1B/policy/isaacgym/policy.onnx
[0.630s] -- Up-to-date: /home/jerry/limx_ws/install/robot_controllers/share/robot_controllers//config/pointfoot/SF_TRON1B
[0.631s] -- Up-to-date: /home/jerry/limx_ws/install/robot_controllers/share/robot_controllers//config/pointfoot/SF_TRON1B/params.yaml
[0.631s] -- Up-to-date: /home/jerry/limx_ws/install/robot_controllers/share/robot_controllers//config/pointfoot/SF_TRON1B/policy
[0.631s] -- Up-to-date: /home/jerry/limx_ws/install/robot_controllers/share/robot_controllers//config/pointfoot/SF_TRON1B/policy/isaaclab
[0.633s] -- Up-to-date: /home/jerry/limx_ws/install/robot_controllers/share/robot_controllers//config/pointfoot/SF_TRON1B/policy/isaaclab/encoder.onnx
[0.633s] -- Up-to-date: /home/jerry/limx_ws/install/robot_controllers/share/robot_controllers//config/pointfoot/SF_TRON1B/policy/isaaclab/policy.onnx
[0.633s] -- Up-to-date: /home/jerry/limx_ws/install/robot_controllers/share/robot_controllers//config/pointfoot/SF_TRON1B/policy/isaacgym
[0.634s] -- Up-to-date: /home/jerry/limx_ws/install/robot_controllers/share/robot_controllers//config/pointfoot/SF_TRON1B/policy/isaacgym/encoder.onnx
[0.634s] -- Up-to-date: /home/jerry/limx_ws/install/robot_controllers/share/robot_controllers//config/pointfoot/SF_TRON1B/policy/isaacgym/policy.onnx
[0.635s] -- Up-to-date: /home/jerry/limx_ws/install/robot_controllers/share/robot_controllers//config/pointfoot/PF_P441C2
[0.635s] -- Up-to-date: /home/jerry/limx_ws/install/robot_controllers/share/robot_controllers//config/pointfoot/PF_P441C2/params.yaml
[0.636s] -- Up-to-date: /home/jerry/limx_ws/install/robot_controllers/share/robot_controllers//config/pointfoot/PF_P441C2/policy
[0.637s] -- Up-to-date: /home/jerry/limx_ws/install/robot_controllers/share/robot_controllers//config/pointfoot/PF_P441C2/policy/isaaclab
[0.637s] -- Up-to-date: /home/jerry/limx_ws/install/robot_controllers/share/robot_controllers//config/pointfoot/PF_P441C2/policy/isaaclab/encoder.onnx
[0.638s] -- Up-to-date: /home/jerry/limx_ws/install/robot_controllers/share/robot_controllers//config/pointfoot/PF_P441C2/policy/isaaclab/policy.onnx
[0.639s] -- Up-to-date: /home/jerry/limx_ws/install/robot_controllers/share/robot_controllers//config/pointfoot/PF_P441C2/policy/isaacgym
[0.640s] -- Up-to-date: /home/jerry/limx_ws/install/robot_controllers/share/robot_controllers//config/pointfoot/PF_P441C2/policy/isaacgym/encoder.onnx
[0.641s] -- Up-to-date: /home/jerry/limx_ws/install/robot_controllers/share/robot_controllers//config/pointfoot/PF_P441C2/policy/isaacgym/policy.onnx
[0.641s] -- Up-to-date: /home/jerry/limx_ws/install/robot_controllers/share/robot_controllers//config/pointfoot/WF_TRON1A
[0.642s] -- Up-to-date: /home/jerry/limx_ws/install/robot_controllers/share/robot_controllers//config/pointfoot/WF_TRON1A/params.yaml
[0.643s] -- Up-to-date: /home/jerry/limx_ws/install/robot_controllers/share/robot_controllers//config/pointfoot/WF_TRON1A/policy
[0.643s] -- Up-to-date: /home/jerry/limx_ws/install/robot_controllers/share/robot_controllers//config/pointfoot/WF_TRON1A/policy/isaaclab
[0.644s] -- Up-to-date: /home/jerry/limx_ws/install/robot_controllers/share/robot_controllers//config/pointfoot/WF_TRON1A/policy/isaaclab/encoder.onnx
[0.647s] -- Up-to-date: /home/jerry/limx_ws/install/robot_controllers/share/robot_controllers//config/pointfoot/WF_TRON1A/policy/isaaclab/policy.onnx
[0.648s] -- Up-to-date: /home/jerry/limx_ws/install/robot_controllers/share/robot_controllers//config/pointfoot/WF_TRON1A/policy/isaacgym
[0.649s] -- Up-to-date: /home/jerry/limx_ws/install/robot_controllers/share/robot_controllers//config/pointfoot/WF_TRON1A/policy/isaacgym/encoder.onnx
[0.649s] -- Up-to-date: /home/jerry/limx_ws/install/robot_controllers/share/robot_controllers//config/pointfoot/WF_TRON1A/policy/isaacgym/policy.onnx
[0.650s] -- Up-to-date: /home/jerry/limx_ws/install/robot_controllers/share/robot_controllers//config/pointfoot/SF_TRON1A
[0.650s] -- Up-to-date: /home/jerry/limx_ws/install/robot_controllers/share/robot_controllers//config/pointfoot/SF_TRON1A/params.yaml
[0.651s] -- Up-to-date: /home/jerry/limx_ws/install/robot_controllers/share/robot_controllers//config/pointfoot/SF_TRON1A/policy
[0.651s] -- Up-to-date: /home/jerry/limx_ws/install/robot_controllers/share/robot_controllers//config/pointfoot/SF_TRON1A/policy/isaaclab
[0.651s] -- Up-to-date: /home/jerry/limx_ws/install/robot_controllers/share/robot_controllers//config/pointfoot/SF_TRON1A/policy/isaaclab/encoder.onnx
[0.651s] -- Up-to-date: /home/jerry/limx_ws/install/robot_controllers/share/robot_controllers//config/pointfoot/SF_TRON1A/policy/isaaclab/policy.onnx
[0.653s] -- Up-to-date: /home/jerry/limx_ws/install/robot_controllers/share/robot_controllers//config/pointfoot/SF_TRON1A/policy/isaacgym
[0.653s] -- Up-to-date: /home/jerry/limx_ws/install/robot_controllers/share/robot_controllers//config/pointfoot/SF_TRON1A/policy/isaacgym/encoder.onnx
[0.653s] -- Up-to-date: /home/jerry/limx_ws/install/robot_controllers/share/robot_controllers//config/pointfoot/SF_TRON1A/policy/isaacgym/policy.onnx
[0.653s] -- Up-to-date: /home/jerry/limx_ws/install/robot_controllers/share/robot_controllers//config/pointfoot/PF_TRON1A
[0.654s] -- Up-to-date: /home/jerry/limx_ws/install/robot_controllers/share/robot_controllers//config/pointfoot/PF_TRON1A/params.yaml
[0.654s] -- Up-to-date: /home/jerry/limx_ws/install/robot_controllers/share/robot_controllers//config/pointfoot/PF_TRON1A/policy
[0.655s] -- Up-to-date: /home/jerry/limx_ws/install/robot_controllers/share/robot_controllers//config/pointfoot/PF_TRON1A/policy/isaaclab
[0.655s] -- Up-to-date: /home/jerry/limx_ws/install/robot_controllers/share/robot_controllers//config/pointfoot/PF_TRON1A/policy/isaaclab/encoder.onnx
[0.656s] -- Up-to-date: /home/jerry/limx_ws/install/robot_controllers/share/robot_controllers//config/pointfoot/PF_TRON1A/policy/isaaclab/policy.onnx
[0.657s] -- Up-to-date: /home/jerry/limx_ws/install/robot_controllers/share/robot_controllers//config/pointfoot/PF_TRON1A/policy/isaacgym
[0.657s] -- Up-to-date: /home/jerry/limx_ws/install/robot_controllers/share/robot_controllers//config/pointfoot/PF_TRON1A/policy/isaacgym/encoder.onnx
[0.658s] -- Up-to-date: /home/jerry/limx_ws/install/robot_controllers/share/robot_controllers//config/pointfoot/PF_TRON1A/policy/isaacgym/policy.onnx
[0.658s] -- Up-to-date: /home/jerry/limx_ws/install/robot_controllers/share/robot_controllers//config/pointfoot/PF_P441C
[0.659s] -- Up-to-date: /home/jerry/limx_ws/install/robot_controllers/share/robot_controllers//config/pointfoot/PF_P441C/params.yaml
[0.660s] -- Up-to-date: /home/jerry/limx_ws/install/robot_controllers/share/robot_controllers//config/pointfoot/PF_P441C/policy
[0.660s] -- Up-to-date: /home/jerry/limx_ws/install/robot_controllers/share/robot_controllers//config/pointfoot/PF_P441C/policy/isaaclab
[0.661s] -- Up-to-date: /home/jerry/limx_ws/install/robot_controllers/share/robot_controllers//config/pointfoot/PF_P441C/policy/isaaclab/encoder.onnx
[0.661s] -- Up-to-date: /home/jerry/limx_ws/install/robot_controllers/share/robot_controllers//config/pointfoot/PF_P441C/policy/isaaclab/policy.onnx
[0.662s] -- Up-to-date: /home/jerry/limx_ws/install/robot_controllers/share/robot_controllers//config/pointfoot/PF_P441C/policy/isaacgym
[0.662s] -- Up-to-date: /home/jerry/limx_ws/install/robot_controllers/share/robot_controllers//config/pointfoot/PF_P441C/policy/isaacgym/encoder.onnx
[0.662s] -- Up-to-date: /home/jerry/limx_ws/install/robot_controllers/share/robot_controllers//config/pointfoot/PF_P441C/policy/isaacgym/policy.onnx
[0.665s] -- Up-to-date: /home/jerry/limx_ws/install/robot_controllers/share/robot_controllers//config/robot_controllers.yaml
[0.665s] -- Up-to-date: /home/jerry/limx_ws/install/robot_controllers/share/robot_controllers/environment/library_path.sh
[0.689s] -- Up-to-date: /home/jerry/limx_ws/install/robot_controllers/share/robot_controllers/environment/library_path.dsv
[0.690s] -- Up-to-date: /home/jerry/limx_ws/install/robot_controllers/share/ament_index/resource_index/package_run_dependencies/robot_controllers
[0.690s] -- Up-to-date: /home/jerry/limx_ws/install/robot_controllers/share/ament_index/resource_index/parent_prefix_path/robot_controllers
[0.691s] -- Up-to-date: /home/jerry/limx_ws/install/robot_controllers/share/robot_controllers/environment/ament_prefix_path.sh
[0.692s] -- Up-to-date: /home/jerry/limx_ws/install/robot_controllers/share/robot_controllers/environment/ament_prefix_path.dsv
[0.693s] -- Up-to-date: /home/jerry/limx_ws/install/robot_controllers/share/robot_controllers/environment/path.sh
[0.695s] -- Up-to-date: /home/jerry/limx_ws/install/robot_controllers/share/robot_controllers/environment/path.dsv
[0.695s] -- Up-to-date: /home/jerry/limx_ws/install/robot_controllers/share/robot_controllers/local_setup.bash
[0.695s] -- Up-to-date: /home/jerry/limx_ws/install/robot_controllers/share/robot_controllers/local_setup.sh
[0.696s] -- Up-to-date: /home/jerry/limx_ws/install/robot_controllers/share/robot_controllers/local_setup.zsh
[0.696s] -- Up-to-date: /home/jerry/limx_ws/install/robot_controllers/share/robot_controllers/local_setup.dsv
[0.696s] -- Installing: /home/jerry/limx_ws/install/robot_controllers/share/robot_controllers/package.dsv
[0.697s] -- Up-to-date: /home/jerry/limx_ws/install/robot_controllers/share/ament_index/resource_index/packages/robot_controllers
[0.698s] -- Up-to-date: /home/jerry/limx_ws/install/robot_controllers/share/ament_index/resource_index/controller_interface__pluginlib__plugin/robot_controllers
[0.700s] -- Up-to-date: /home/jerry/limx_ws/install/robot_controllers/share/robot_controllers/cmake/ament_cmake_export_include_directories-extras.cmake
[0.701s] -- Up-to-date: /home/jerry/limx_ws/install/robot_controllers/share/robot_controllers/cmake/ament_cmake_export_libraries-extras.cmake
[0.702s] -- Up-to-date: /home/jerry/limx_ws/install/robot_controllers/share/robot_controllers/cmake/ament_cmake_export_dependencies-extras.cmake
[0.703s] -- Up-to-date: /home/jerry/limx_ws/install/robot_controllers/share/robot_controllers/cmake/robot_controllersConfig.cmake
[0.704s] -- Up-to-date: /home/jerry/limx_ws/install/robot_controllers/share/robot_controllers/cmake/robot_controllersConfig-version.cmake
[0.704s] -- Up-to-date: /home/jerry/limx_ws/install/robot_controllers/share/robot_controllers/package.xml
[0.818s] Invoked command in '/home/jerry/limx_ws/build/robot_controllers' returned '0': CMAKE_PREFIX_PATH=/home/jerry/limx_ws/install/limxsdk_lowlevel:/home/jerry/limx_ws/install/scan_corrector:/opt/ros/humble:/home/jerry/limx_ws/install/robot_visualization:/home/jerry/limx_ws/install/robot_hw:/home/jerry/limx_ws/install/robot_description:/home/jerry/limx_ws/install/robot_controllers:/home/jerry/limx_ws/install/pointfoot_gazebo:/home/jerry/limx_ws/install/mrosbridger:/home/jerry/limx_ws/install/lslidar_driver:/home/jerry/limx_ws/install/lslidar_msgs:/home/jerry/limx_ws/install/limxsdk_sim:/home/jerry/limx_ws/install/lidar_odometry_0:/home/jerry/limx_ws/install/lidar_odometry:/home/jerry/limx_ws/install/controller_msgs LD_LIBRARY_PATH=/home/jerry/limx_ws/install/limxsdk_lowlevel/lib:/home/jerry/limx_ws/install/robot_controllers/lib:/home/jerry/limx_ws/install/pointfoot_gazebo/lib:/home/jerry/limx_ws/install/mrosbridger/lib:/home/jerry/limx_ws/install/lslidar_msgs/lib:/home/jerry/limx_ws/install/limxsdk_sim/lib:/home/jerry/limx_ws/install/controller_msgs/lib:/usr/lib/x86_64-linux-gnu/gazebo-11/plugins:/opt/ros/humble/opt/rviz_ogre_vendor/lib:/opt/ros/humble/lib/x86_64-linux-gnu:/opt/ros/humble/lib:/usr/share/gazebo/../../lib/x86_64-linux-gnu/gazebo-11/plugins /usr/bin/cmake --install /home/jerry/limx_ws/build/robot_controllers
