[0.081s] Invoking command in '/home/jerry/limx_ws/build/robot_visualization': CMAKE_PREFIX_PATH=/opt/ros/humble /usr/bin/cmake --build /home/jerry/limx_ws/build/robot_visualization -- -j8 -l8
[0.281s] Invoked command in '/home/jerry/limx_ws/build/robot_visualization' returned '0': CMAKE_PREFIX_PATH=/opt/ros/humble /usr/bin/cmake --build /home/jerry/limx_ws/build/robot_visualization -- -j8 -l8
[0.281s] Invoking command in '/home/jerry/limx_ws/build/robot_visualization': CMAKE_PREFIX_PATH=/opt/ros/humble /usr/bin/cmake --install /home/jerry/limx_ws/build/robot_visualization
[0.368s] -- Install configuration: ""
[0.368s] -- Up-to-date: /home/jerry/limx_ws/install/robot_visualization/../
[0.368s] -- Up-to-date: /home/jerry/limx_ws/install/robot_visualization/..//mrosbridger
[0.368s] -- Up-to-date: /home/jerry/limx_ws/install/robot_visualization/..//mrosbridger/bin
[0.368s] -- Up-to-date: /home/jerry/limx_ws/install/robot_visualization/..//mrosbridger/bin/mrosbridger
[0.369s] -- Up-to-date: /home/jerry/limx_ws/install/robot_visualization/..//mrosbridger/local
[0.369s] -- Up-to-date: /home/jerry/limx_ws/install/robot_visualization/..//mrosbridger/local/lib
[0.369s] -- Up-to-date: /home/jerry/limx_ws/install/robot_visualization/..//mrosbridger/local/lib/python3.10
[0.369s] -- Up-to-date: /home/jerry/limx_ws/install/robot_visualization/..//mrosbridger/local/lib/python3.10/dist-packages
[0.369s] -- Up-to-date: /home/jerry/limx_ws/install/robot_visualization/..//mrosbridger/local/lib/python3.10/dist-packages/mrosbridger
[0.370s] -- Up-to-date: /home/jerry/limx_ws/install/robot_visualization/..//mrosbridger/local/lib/python3.10/dist-packages/mrosbridger/__init__.py
[0.377s] -- Up-to-date: /home/jerry/limx_ws/install/robot_visualization/..//mrosbridger/local/lib/python3.10/dist-packages/mrosbridger-0.9.7-py3.10.egg-info
[0.377s] -- Up-to-date: /home/jerry/limx_ws/install/robot_visualization/..//mrosbridger/local/lib/python3.10/dist-packages/mrosbridger-0.9.7-py3.10.egg-info/SOURCES.txt
[0.377s] -- Up-to-date: /home/jerry/limx_ws/install/robot_visualization/..//mrosbridger/local/lib/python3.10/dist-packages/mrosbridger-0.9.7-py3.10.egg-info/dependency_links.txt
[0.378s] -- Up-to-date: /home/jerry/limx_ws/install/robot_visualization/..//mrosbridger/local/lib/python3.10/dist-packages/mrosbridger-0.9.7-py3.10.egg-info/PKG-INFO
[0.378s] -- Up-to-date: /home/jerry/limx_ws/install/robot_visualization/..//mrosbridger/local/lib/python3.10/dist-packages/mrosbridger-0.9.7-py3.10.egg-info/top_level.txt
[0.387s] -- Up-to-date: /home/jerry/limx_ws/install/robot_visualization/..//mrosbridger/share
[0.388s] -- Up-to-date: /home/jerry/limx_ws/install/robot_visualization/..//mrosbridger/share/mrosbridger
[0.388s] -- Up-to-date: /home/jerry/limx_ws/install/robot_visualization/..//mrosbridger/share/mrosbridger/package.xml
[0.388s] -- Up-to-date: /home/jerry/limx_ws/install/robot_visualization/..//mrosbridger/share/mrosbridger/launch
[0.388s] -- Up-to-date: /home/jerry/limx_ws/install/robot_visualization/..//mrosbridger/share/mrosbridger/launch/mrosbridger.launch.py
[0.388s] -- Up-to-date: /home/jerry/limx_ws/install/robot_visualization/..//mrosbridger/share/mrosbridger/cmake
[0.388s] -- Up-to-date: /home/jerry/limx_ws/install/robot_visualization/..//mrosbridger/share/mrosbridger/cmake/mrosbridgerConfig.cmake
[0.389s] -- Up-to-date: /home/jerry/limx_ws/install/robot_visualization/..//mrosbridger/share/mrosbridger/cmake/ament_cmake_export_libraries-extras.cmake
[0.389s] -- Up-to-date: /home/jerry/limx_ws/install/robot_visualization/..//mrosbridger/share/mrosbridger/cmake/ament_cmake_export_include_directories-extras.cmake
[0.389s] -- Up-to-date: /home/jerry/limx_ws/install/robot_visualization/..//mrosbridger/share/mrosbridger/cmake/mrosbridgerConfig-version.cmake
[0.389s] -- Up-to-date: /home/jerry/limx_ws/install/robot_visualization/..//mrosbridger/share/mrosbridger/local_setup.sh
[0.389s] -- Up-to-date: /home/jerry/limx_ws/install/robot_visualization/..//mrosbridger/share/mrosbridger/hook
[0.390s] -- Up-to-date: /home/jerry/limx_ws/install/robot_visualization/..//mrosbridger/share/mrosbridger/hook/pythonscriptspath.sh
[0.390s] -- Up-to-date: /home/jerry/limx_ws/install/robot_visualization/..//mrosbridger/share/mrosbridger/hook/pythonscriptspath.dsv
[0.396s] -- Up-to-date: /home/jerry/limx_ws/install/robot_visualization/..//mrosbridger/share/mrosbridger/hook/cmake_prefix_path.sh
[0.397s] -- Up-to-date: /home/jerry/limx_ws/install/robot_visualization/..//mrosbridger/share/mrosbridger/hook/pythonscriptspath.ps1
[0.398s] -- Up-to-date: /home/jerry/limx_ws/install/robot_visualization/..//mrosbridger/share/mrosbridger/hook/path.dsv
[0.414s] -- Up-to-date: /home/jerry/limx_ws/install/robot_visualization/..//mrosbridger/share/mrosbridger/hook/cmake_prefix_path.ps1
[0.414s] -- Up-to-date: /home/jerry/limx_ws/install/robot_visualization/..//mrosbridger/share/mrosbridger/hook/path.sh
[0.414s] -- Up-to-date: /home/jerry/limx_ws/install/robot_visualization/..//mrosbridger/share/mrosbridger/hook/cmake_prefix_path.dsv
[0.414s] -- Up-to-date: /home/jerry/limx_ws/install/robot_visualization/..//mrosbridger/share/mrosbridger/hook/path.ps1
[0.414s] -- Up-to-date: /home/jerry/limx_ws/install/robot_visualization/..//mrosbridger/share/mrosbridger/package.sh
[0.419s] -- Up-to-date: /home/jerry/limx_ws/install/robot_visualization/..//mrosbridger/share/mrosbridger/environment
[0.419s] -- Up-to-date: /home/jerry/limx_ws/install/robot_visualization/..//mrosbridger/share/mrosbridger/environment/pythonpath.dsv
[0.419s] -- Up-to-date: /home/jerry/limx_ws/install/robot_visualization/..//mrosbridger/share/mrosbridger/environment/library_path.dsv
[0.422s] -- Up-to-date: /home/jerry/limx_ws/install/robot_visualization/..//mrosbridger/share/mrosbridger/environment/pythonpath.sh
[0.426s] -- Up-to-date: /home/jerry/limx_ws/install/robot_visualization/..//mrosbridger/share/mrosbridger/environment/library_path.sh
[0.426s] -- Up-to-date: /home/jerry/limx_ws/install/robot_visualization/..//mrosbridger/share/mrosbridger/environment/path.dsv
[0.427s] -- Up-to-date: /home/jerry/limx_ws/install/robot_visualization/..//mrosbridger/share/mrosbridger/environment/path.sh
[0.427s] -- Up-to-date: /home/jerry/limx_ws/install/robot_visualization/..//mrosbridger/share/mrosbridger/environment/ament_prefix_path.sh
[0.428s] -- Up-to-date: /home/jerry/limx_ws/install/robot_visualization/..//mrosbridger/share/mrosbridger/environment/ament_prefix_path.dsv
[0.429s] -- Up-to-date: /home/jerry/limx_ws/install/robot_visualization/..//mrosbridger/share/mrosbridger/package.zsh
[0.429s] -- Up-to-date: /home/jerry/limx_ws/install/robot_visualization/..//mrosbridger/share/mrosbridger/local_setup.dsv
[0.429s] -- Up-to-date: /home/jerry/limx_ws/install/robot_visualization/..//mrosbridger/share/mrosbridger/package.bash
[0.437s] -- Up-to-date: /home/jerry/limx_ws/install/robot_visualization/..//mrosbridger/share/mrosbridger/package.ps1
[0.438s] -- Up-to-date: /home/jerry/limx_ws/install/robot_visualization/..//mrosbridger/share/mrosbridger/package.dsv
[0.438s] -- Up-to-date: /home/jerry/limx_ws/install/robot_visualization/..//mrosbridger/share/mrosbridger/local_setup.zsh
[0.442s] -- Up-to-date: /home/jerry/limx_ws/install/robot_visualization/..//mrosbridger/share/mrosbridger/local_setup.bash
[0.442s] -- Up-to-date: /home/jerry/limx_ws/install/robot_visualization/..//mrosbridger/share/colcon-core
[0.444s] -- Up-to-date: /home/jerry/limx_ws/install/robot_visualization/..//mrosbridger/share/colcon-core/packages
[0.444s] -- Up-to-date: /home/jerry/limx_ws/install/robot_visualization/..//mrosbridger/share/colcon-core/packages/mrosbridger
[0.444s] -- Up-to-date: /home/jerry/limx_ws/install/robot_visualization/..//mrosbridger/share/ament_index
[0.445s] -- Up-to-date: /home/jerry/limx_ws/install/robot_visualization/..//mrosbridger/share/ament_index/resource_index
[0.445s] -- Up-to-date: /home/jerry/limx_ws/install/robot_visualization/..//mrosbridger/share/ament_index/resource_index/packages
[0.447s] -- Up-to-date: /home/jerry/limx_ws/install/robot_visualization/..//mrosbridger/share/ament_index/resource_index/packages/mrosbridger
[0.448s] -- Up-to-date: /home/jerry/limx_ws/install/robot_visualization/..//mrosbridger/share/ament_index/resource_index/parent_prefix_path
[0.449s] -- Up-to-date: /home/jerry/limx_ws/install/robot_visualization/..//mrosbridger/share/ament_index/resource_index/parent_prefix_path/mrosbridger
[0.449s] -- Up-to-date: /home/jerry/limx_ws/install/robot_visualization/..//mrosbridger/share/ament_index/resource_index/package_run_dependencies
[0.450s] -- Up-to-date: /home/jerry/limx_ws/install/robot_visualization/..//mrosbridger/share/ament_index/resource_index/package_run_dependencies/mrosbridger
[0.454s] -- Up-to-date: /home/jerry/limx_ws/install/robot_visualization/..//mrosbridger/lib
[0.454s] -- Up-to-date: /home/jerry/limx_ws/install/robot_visualization/..//mrosbridger/lib/mrosbridger
[0.456s] -- Up-to-date: /home/jerry/limx_ws/install/robot_visualization/..//mrosbridger/lib/mrosbridger/mrosbridger
[0.458s] -- Up-to-date: /home/jerry/limx_ws/install/robot_visualization/..//controller_msgs
[0.460s] -- Up-to-date: /home/jerry/limx_ws/install/robot_visualization/..//controller_msgs/local
[0.465s] -- Up-to-date: /home/jerry/limx_ws/install/robot_visualization/..//controller_msgs/local/lib
[0.466s] -- Up-to-date: /home/jerry/limx_ws/install/robot_visualization/..//controller_msgs/local/lib/python3.10
[0.468s] -- Up-to-date: /home/jerry/limx_ws/install/robot_visualization/..//controller_msgs/local/lib/python3.10/dist-packages
[0.472s] -- Up-to-date: /home/jerry/limx_ws/install/robot_visualization/..//controller_msgs/local/lib/python3.10/dist-packages/controller_msgs-1.0.0-py3.10.egg-info
[0.473s] -- Up-to-date: /home/jerry/limx_ws/install/robot_visualization/..//controller_msgs/local/lib/python3.10/dist-packages/controller_msgs-1.0.0-py3.10.egg-info/SOURCES.txt
[0.473s] -- Up-to-date: /home/jerry/limx_ws/install/robot_visualization/..//controller_msgs/local/lib/python3.10/dist-packages/controller_msgs-1.0.0-py3.10.egg-info/dependency_links.txt
[0.473s] -- Up-to-date: /home/jerry/limx_ws/install/robot_visualization/..//controller_msgs/local/lib/python3.10/dist-packages/controller_msgs-1.0.0-py3.10.egg-info/PKG-INFO
[0.473s] -- Up-to-date: /home/jerry/limx_ws/install/robot_visualization/..//controller_msgs/local/lib/python3.10/dist-packages/controller_msgs-1.0.0-py3.10.egg-info/top_level.txt
[0.473s] -- Up-to-date: /home/jerry/limx_ws/install/robot_visualization/..//controller_msgs/local/lib/python3.10/dist-packages/controller_msgs
[0.474s] -- Up-to-date: /home/jerry/limx_ws/install/robot_visualization/..//controller_msgs/local/lib/python3.10/dist-packages/controller_msgs/_controller_msgs_s.ep.rosidl_typesupport_c.c
[0.474s] -- Up-to-date: /home/jerry/limx_ws/install/robot_visualization/..//controller_msgs/local/lib/python3.10/dist-packages/controller_msgs/__init__.py
[0.474s] -- Up-to-date: /home/jerry/limx_ws/install/robot_visualization/..//controller_msgs/local/lib/python3.10/dist-packages/controller_msgs/libcontroller_msgs__rosidl_generator_py.so
[0.474s] -- Up-to-date: /home/jerry/limx_ws/install/robot_visualization/..//controller_msgs/local/lib/python3.10/dist-packages/controller_msgs/controller_msgs_s__rosidl_typesupport_introspection_c.cpython-310-x86_64-linux-gnu.so
[0.474s] -- Up-to-date: /home/jerry/limx_ws/install/robot_visualization/..//controller_msgs/local/lib/python3.10/dist-packages/controller_msgs/controller_msgs_s__rosidl_typesupport_fastrtps_c.cpython-310-x86_64-linux-gnu.so
[0.475s] -- Up-to-date: /home/jerry/limx_ws/install/robot_visualization/..//controller_msgs/local/lib/python3.10/dist-packages/controller_msgs/_controller_msgs_s.ep.rosidl_typesupport_fastrtps_c.c
[0.475s] -- Up-to-date: /home/jerry/limx_ws/install/robot_visualization/..//controller_msgs/local/lib/python3.10/dist-packages/controller_msgs/msg
[0.475s] -- Up-to-date: /home/jerry/limx_ws/install/robot_visualization/..//controller_msgs/local/lib/python3.10/dist-packages/controller_msgs/msg/_joint_cmd_s.c
[0.475s] -- Up-to-date: /home/jerry/limx_ws/install/robot_visualization/..//controller_msgs/local/lib/python3.10/dist-packages/controller_msgs/msg/__init__.py
[0.480s] -- Up-to-date: /home/jerry/limx_ws/install/robot_visualization/..//controller_msgs/local/lib/python3.10/dist-packages/controller_msgs/msg/_imu_data_s.c
[0.480s] -- Up-to-date: /home/jerry/limx_ws/install/robot_visualization/..//controller_msgs/local/lib/python3.10/dist-packages/controller_msgs/msg/_joint_cmd.py
[0.481s] -- Up-to-date: /home/jerry/limx_ws/install/robot_visualization/..//controller_msgs/local/lib/python3.10/dist-packages/controller_msgs/msg/_imu_data.py
[0.483s] -- Up-to-date: /home/jerry/limx_ws/install/robot_visualization/..//controller_msgs/local/lib/python3.10/dist-packages/controller_msgs/msg/_joint_state.py
[0.483s] -- Up-to-date: /home/jerry/limx_ws/install/robot_visualization/..//controller_msgs/local/lib/python3.10/dist-packages/controller_msgs/msg/_joint_state_s.c
[0.483s] -- Up-to-date: /home/jerry/limx_ws/install/robot_visualization/..//controller_msgs/local/lib/python3.10/dist-packages/controller_msgs/_controller_msgs_s.ep.rosidl_typesupport_introspection_c.c
[0.483s] -- Up-to-date: /home/jerry/limx_ws/install/robot_visualization/..//controller_msgs/local/lib/python3.10/dist-packages/controller_msgs/controller_msgs_s__rosidl_typesupport_c.cpython-310-x86_64-linux-gnu.so
[0.484s] -- Up-to-date: /home/jerry/limx_ws/install/robot_visualization/..//controller_msgs/include
[0.484s] -- Up-to-date: /home/jerry/limx_ws/install/robot_visualization/..//controller_msgs/include/controller_msgs
[0.485s] -- Up-to-date: /home/jerry/limx_ws/install/robot_visualization/..//controller_msgs/include/controller_msgs/controller_msgs
[0.485s] -- Up-to-date: /home/jerry/limx_ws/install/robot_visualization/..//controller_msgs/include/controller_msgs/controller_msgs/msg
[0.487s] -- Up-to-date: /home/jerry/limx_ws/install/robot_visualization/..//controller_msgs/include/controller_msgs/controller_msgs/msg/joint_state.hpp
[0.487s] -- Up-to-date: /home/jerry/limx_ws/install/robot_visualization/..//controller_msgs/include/controller_msgs/controller_msgs/msg/rosidl_generator_cpp__visibility_control.hpp
[0.488s] -- Up-to-date: /home/jerry/limx_ws/install/robot_visualization/..//controller_msgs/include/controller_msgs/controller_msgs/msg/rosidl_generator_c__visibility_control.h
[0.488s] -- Up-to-date: /home/jerry/limx_ws/install/robot_visualization/..//controller_msgs/include/controller_msgs/controller_msgs/msg/rosidl_typesupport_fastrtps_cpp__visibility_control.h
[0.489s] -- Up-to-date: /home/jerry/limx_ws/install/robot_visualization/..//controller_msgs/include/controller_msgs/controller_msgs/msg/rosidl_typesupport_introspection_c__visibility_control.h
[0.493s] -- Up-to-date: /home/jerry/limx_ws/install/robot_visualization/..//controller_msgs/include/controller_msgs/controller_msgs/msg/rosidl_typesupport_fastrtps_c__visibility_control.h
[0.494s] -- Up-to-date: /home/jerry/limx_ws/install/robot_visualization/..//controller_msgs/include/controller_msgs/controller_msgs/msg/joint_state.h
[0.494s] -- Up-to-date: /home/jerry/limx_ws/install/robot_visualization/..//controller_msgs/include/controller_msgs/controller_msgs/msg/imu_data.hpp
[0.497s] -- Up-to-date: /home/jerry/limx_ws/install/robot_visualization/..//controller_msgs/include/controller_msgs/controller_msgs/msg/imu_data.h
[0.498s] -- Up-to-date: /home/jerry/limx_ws/install/robot_visualization/..//controller_msgs/include/controller_msgs/controller_msgs/msg/joint_cmd.hpp
[0.500s] -- Up-to-date: /home/jerry/limx_ws/install/robot_visualization/..//controller_msgs/include/controller_msgs/controller_msgs/msg/detail
[0.502s] -- Up-to-date: /home/jerry/limx_ws/install/robot_visualization/..//controller_msgs/include/controller_msgs/controller_msgs/msg/detail/imu_data__rosidl_typesupport_fastrtps_cpp.hpp
[0.503s] -- Up-to-date: /home/jerry/limx_ws/install/robot_visualization/..//controller_msgs/include/controller_msgs/controller_msgs/msg/detail/joint_state__type_support.hpp
[0.503s] -- Up-to-date: /home/jerry/limx_ws/install/robot_visualization/..//controller_msgs/include/controller_msgs/controller_msgs/msg/detail/joint_cmd__rosidl_typesupport_fastrtps_cpp.hpp
[0.505s] -- Up-to-date: /home/jerry/limx_ws/install/robot_visualization/..//controller_msgs/include/controller_msgs/controller_msgs/msg/detail/joint_state__functions.c
[0.506s] -- Up-to-date: /home/jerry/limx_ws/install/robot_visualization/..//controller_msgs/include/controller_msgs/controller_msgs/msg/detail/imu_data__type_support.cpp
[0.507s] -- Up-to-date: /home/jerry/limx_ws/install/robot_visualization/..//controller_msgs/include/controller_msgs/controller_msgs/msg/detail/joint_cmd__builder.hpp
[0.507s] -- Up-to-date: /home/jerry/limx_ws/install/robot_visualization/..//controller_msgs/include/controller_msgs/controller_msgs/msg/detail/joint_cmd__traits.hpp
[0.508s] -- Up-to-date: /home/jerry/limx_ws/install/robot_visualization/..//controller_msgs/include/controller_msgs/controller_msgs/msg/detail/imu_data__struct.h
[0.509s] -- Up-to-date: /home/jerry/limx_ws/install/robot_visualization/..//controller_msgs/include/controller_msgs/controller_msgs/msg/detail/joint_cmd__type_support.hpp
[0.509s] -- Up-to-date: /home/jerry/limx_ws/install/robot_visualization/..//controller_msgs/include/controller_msgs/controller_msgs/msg/detail/joint_cmd__type_support.h
[0.510s] -- Up-to-date: /home/jerry/limx_ws/install/robot_visualization/..//controller_msgs/include/controller_msgs/controller_msgs/msg/detail/joint_state__rosidl_typesupport_fastrtps_cpp.hpp
[0.515s] -- Up-to-date: /home/jerry/limx_ws/install/robot_visualization/..//controller_msgs/include/controller_msgs/controller_msgs/msg/detail/imu_data__rosidl_typesupport_introspection_c.h
[0.515s] -- Up-to-date: /home/jerry/limx_ws/install/robot_visualization/..//controller_msgs/include/controller_msgs/controller_msgs/msg/detail/joint_state__builder.hpp
[0.519s] -- Up-to-date: /home/jerry/limx_ws/install/robot_visualization/..//controller_msgs/include/controller_msgs/controller_msgs/msg/detail/joint_state__struct.hpp
[0.519s] -- Up-to-date: /home/jerry/limx_ws/install/robot_visualization/..//controller_msgs/include/controller_msgs/controller_msgs/msg/detail/joint_cmd__type_support.cpp
[0.520s] -- Up-to-date: /home/jerry/limx_ws/install/robot_visualization/..//controller_msgs/include/controller_msgs/controller_msgs/msg/detail/joint_state__type_support.h
[0.520s] -- Up-to-date: /home/jerry/limx_ws/install/robot_visualization/..//controller_msgs/include/controller_msgs/controller_msgs/msg/detail/imu_data__functions.c
[0.520s] -- Up-to-date: /home/jerry/limx_ws/install/robot_visualization/..//controller_msgs/include/controller_msgs/controller_msgs/msg/detail/joint_cmd__type_support.c
[0.528s] -- Up-to-date: /home/jerry/limx_ws/install/robot_visualization/..//controller_msgs/include/controller_msgs/controller_msgs/msg/detail/imu_data__type_support.c
[0.528s] -- Up-to-date: /home/jerry/limx_ws/install/robot_visualization/..//controller_msgs/include/controller_msgs/controller_msgs/msg/detail/imu_data__traits.hpp
[0.534s] -- Up-to-date: /home/jerry/limx_ws/install/robot_visualization/..//controller_msgs/include/controller_msgs/controller_msgs/msg/detail/imu_data__type_support.hpp
[0.535s] -- Up-to-date: /home/jerry/limx_ws/install/robot_visualization/..//controller_msgs/include/controller_msgs/controller_msgs/msg/detail/joint_state__struct.h
[0.535s] -- Up-to-date: /home/jerry/limx_ws/install/robot_visualization/..//controller_msgs/include/controller_msgs/controller_msgs/msg/detail/joint_state__rosidl_typesupport_introspection_cpp.hpp
[0.536s] -- Up-to-date: /home/jerry/limx_ws/install/robot_visualization/..//controller_msgs/include/controller_msgs/controller_msgs/msg/detail/joint_state__type_support.cpp
[0.536s] -- Up-to-date: /home/jerry/limx_ws/install/robot_visualization/..//controller_msgs/include/controller_msgs/controller_msgs/msg/detail/joint_cmd__rosidl_typesupport_introspection_c.h
[0.536s] -- Up-to-date: /home/jerry/limx_ws/install/robot_visualization/..//controller_msgs/include/controller_msgs/controller_msgs/msg/detail/imu_data__struct.hpp
[0.537s] -- Up-to-date: /home/jerry/limx_ws/install/robot_visualization/..//controller_msgs/include/controller_msgs/controller_msgs/msg/detail/joint_cmd__functions.h
[0.537s] -- Up-to-date: /home/jerry/limx_ws/install/robot_visualization/..//controller_msgs/include/controller_msgs/controller_msgs/msg/detail/imu_data__rosidl_typesupport_introspection_cpp.hpp
[0.538s] -- Up-to-date: /home/jerry/limx_ws/install/robot_visualization/..//controller_msgs/include/controller_msgs/controller_msgs/msg/detail/joint_cmd__rosidl_typesupport_introspection_cpp.hpp
[0.538s] -- Up-to-date: /home/jerry/limx_ws/install/robot_visualization/..//controller_msgs/include/controller_msgs/controller_msgs/msg/detail/joint_state__functions.h
[0.539s] -- Up-to-date: /home/jerry/limx_ws/install/robot_visualization/..//controller_msgs/include/controller_msgs/controller_msgs/msg/detail/joint_cmd__struct.hpp
[0.540s] -- Up-to-date: /home/jerry/limx_ws/install/robot_visualization/..//controller_msgs/include/controller_msgs/controller_msgs/msg/detail/imu_data__type_support.h
[0.540s] -- Up-to-date: /home/jerry/limx_ws/install/robot_visualization/..//controller_msgs/include/controller_msgs/controller_msgs/msg/detail/imu_data__functions.h
[0.544s] -- Up-to-date: /home/jerry/limx_ws/install/robot_visualization/..//controller_msgs/include/controller_msgs/controller_msgs/msg/detail/joint_cmd__functions.c
[0.548s] -- Up-to-date: /home/jerry/limx_ws/install/robot_visualization/..//controller_msgs/include/controller_msgs/controller_msgs/msg/detail/joint_cmd__struct.h
[0.549s] -- Up-to-date: /home/jerry/limx_ws/install/robot_visualization/..//controller_msgs/include/controller_msgs/controller_msgs/msg/detail/imu_data__rosidl_typesupport_fastrtps_c.h
[0.550s] -- Up-to-date: /home/jerry/limx_ws/install/robot_visualization/..//controller_msgs/include/controller_msgs/controller_msgs/msg/detail/joint_cmd__rosidl_typesupport_fastrtps_c.h
[0.551s] -- Up-to-date: /home/jerry/limx_ws/install/robot_visualization/..//controller_msgs/include/controller_msgs/controller_msgs/msg/detail/joint_state__traits.hpp
[0.552s] -- Up-to-date: /home/jerry/limx_ws/install/robot_visualization/..//controller_msgs/include/controller_msgs/controller_msgs/msg/detail/joint_state__rosidl_typesupport_introspection_c.h
[0.552s] -- Up-to-date: /home/jerry/limx_ws/install/robot_visualization/..//controller_msgs/include/controller_msgs/controller_msgs/msg/detail/joint_state__type_support.c
[0.553s] -- Up-to-date: /home/jerry/limx_ws/install/robot_visualization/..//controller_msgs/include/controller_msgs/controller_msgs/msg/detail/imu_data__builder.hpp
[0.554s] -- Up-to-date: /home/jerry/limx_ws/install/robot_visualization/..//controller_msgs/include/controller_msgs/controller_msgs/msg/detail/joint_state__rosidl_typesupport_fastrtps_c.h
[0.555s] -- Up-to-date: /home/jerry/limx_ws/install/robot_visualization/..//controller_msgs/include/controller_msgs/controller_msgs/msg/joint_cmd.h
[0.555s] -- Up-to-date: /home/jerry/limx_ws/install/robot_visualization/..//controller_msgs/share
[0.555s] -- Up-to-date: /home/jerry/limx_ws/install/robot_visualization/..//controller_msgs/share/colcon-core
[0.556s] -- Up-to-date: /home/jerry/limx_ws/install/robot_visualization/..//controller_msgs/share/colcon-core/packages
[0.556s] -- Up-to-date: /home/jerry/limx_ws/install/robot_visualization/..//controller_msgs/share/colcon-core/packages/controller_msgs
[0.556s] -- Up-to-date: /home/jerry/limx_ws/install/robot_visualization/..//controller_msgs/share/controller_msgs
[0.557s] -- Up-to-date: /home/jerry/limx_ws/install/robot_visualization/..//controller_msgs/share/controller_msgs/package.xml
[0.557s] -- Up-to-date: /home/jerry/limx_ws/install/robot_visualization/..//controller_msgs/share/controller_msgs/cmake
[0.557s] -- Up-to-date: /home/jerry/limx_ws/install/robot_visualization/..//controller_msgs/share/controller_msgs/cmake/export_controller_msgs__rosidl_typesupport_fastrtps_cExport.cmake
[0.558s] -- Up-to-date: /home/jerry/limx_ws/install/robot_visualization/..//controller_msgs/share/controller_msgs/cmake/rosidl_cmake_export_typesupport_targets-extras.cmake
[0.559s] -- Up-to-date: /home/jerry/limx_ws/install/robot_visualization/..//controller_msgs/share/controller_msgs/cmake/export_controller_msgs__rosidl_typesupport_fastrtps_cppExport.cmake
[0.559s] -- Up-to-date: /home/jerry/limx_ws/install/robot_visualization/..//controller_msgs/share/controller_msgs/cmake/export_controller_msgs__rosidl_generator_cppExport.cmake
[0.560s] -- Up-to-date: /home/jerry/limx_ws/install/robot_visualization/..//controller_msgs/share/controller_msgs/cmake/export_controller_msgs__rosidl_typesupport_fastrtps_cExport-release.cmake
[0.560s] -- Up-to-date: /home/jerry/limx_ws/install/robot_visualization/..//controller_msgs/share/controller_msgs/cmake/ament_cmake_export_libraries-extras.cmake
[0.567s] -- Up-to-date: /home/jerry/limx_ws/install/robot_visualization/..//controller_msgs/share/controller_msgs/cmake/export_controller_msgs__rosidl_generator_cExport-release.cmake
[0.568s] -- Up-to-date: /home/jerry/limx_ws/install/robot_visualization/..//controller_msgs/share/controller_msgs/cmake/ament_cmake_export_include_directories-extras.cmake
[0.568s] -- Up-to-date: /home/jerry/limx_ws/install/robot_visualization/..//controller_msgs/share/controller_msgs/cmake/export_controller_msgs__rosidl_generator_pyExport-release.cmake
[0.568s] -- Up-to-date: /home/jerry/limx_ws/install/robot_visualization/..//controller_msgs/share/controller_msgs/cmake/controller_msgs__rosidl_typesupport_introspection_cppExport.cmake
[0.569s] -- Up-to-date: /home/jerry/limx_ws/install/robot_visualization/..//controller_msgs/share/controller_msgs/cmake/rosidl_cmake_export_typesupport_libraries-extras.cmake
[0.570s] -- Up-to-date: /home/jerry/limx_ws/install/robot_visualization/..//controller_msgs/share/controller_msgs/cmake/controller_msgs__rosidl_typesupport_cppExport.cmake
[0.570s] -- Up-to-date: /home/jerry/limx_ws/install/robot_visualization/..//controller_msgs/share/controller_msgs/cmake/controller_msgs__rosidl_typesupport_introspection_cExport-release.cmake
[0.570s] -- Up-to-date: /home/jerry/limx_ws/install/robot_visualization/..//controller_msgs/share/controller_msgs/cmake/controller_msgs__rosidl_typesupport_cppExport-release.cmake
[0.571s] -- Up-to-date: /home/jerry/limx_ws/install/robot_visualization/..//controller_msgs/share/controller_msgs/cmake/export_controller_msgs__rosidl_typesupport_fastrtps_cppExport-release.cmake
[0.571s] -- Up-to-date: /home/jerry/limx_ws/install/robot_visualization/..//controller_msgs/share/controller_msgs/cmake/export_controller_msgs__rosidl_generator_cExport.cmake
[0.571s] -- Up-to-date: /home/jerry/limx_ws/install/robot_visualization/..//controller_msgs/share/controller_msgs/cmake/ament_cmake_export_targets-extras.cmake
[0.572s] -- Up-to-date: /home/jerry/limx_ws/install/robot_visualization/..//controller_msgs/share/controller_msgs/cmake/rosidl_cmake-extras.cmake
[0.573s] -- Up-to-date: /home/jerry/limx_ws/install/robot_visualization/..//controller_msgs/share/controller_msgs/cmake/controller_msgs__rosidl_typesupport_introspection_cExport.cmake
[0.573s] -- Up-to-date: /home/jerry/limx_ws/install/robot_visualization/..//controller_msgs/share/controller_msgs/cmake/ament_cmake_export_dependencies-extras.cmake
[0.573s] -- Up-to-date: /home/jerry/limx_ws/install/robot_visualization/..//controller_msgs/share/controller_msgs/cmake/controller_msgs__rosidl_typesupport_introspection_cppExport-release.cmake
[0.574s] -- Up-to-date: /home/jerry/limx_ws/install/robot_visualization/..//controller_msgs/share/controller_msgs/cmake/controller_msgs__rosidl_typesupport_cExport-release.cmake
[0.586s] -- Up-to-date: /home/jerry/limx_ws/install/robot_visualization/..//controller_msgs/share/controller_msgs/cmake/controller_msgsConfig-version.cmake
[0.586s] -- Up-to-date: /home/jerry/limx_ws/install/robot_visualization/..//controller_msgs/share/controller_msgs/cmake/controller_msgs__rosidl_typesupport_cExport.cmake
[0.587s] -- Up-to-date: /home/jerry/limx_ws/install/robot_visualization/..//controller_msgs/share/controller_msgs/cmake/controller_msgsConfig.cmake
[0.588s] -- Up-to-date: /home/jerry/limx_ws/install/robot_visualization/..//controller_msgs/share/controller_msgs/cmake/export_controller_msgs__rosidl_generator_pyExport.cmake
[0.589s] -- Up-to-date: /home/jerry/limx_ws/install/robot_visualization/..//controller_msgs/share/controller_msgs/local_setup.sh
[0.590s] -- Up-to-date: /home/jerry/limx_ws/install/robot_visualization/..//controller_msgs/share/controller_msgs/hook
[0.590s] -- Up-to-date: /home/jerry/limx_ws/install/robot_visualization/..//controller_msgs/share/controller_msgs/hook/ld_library_path_lib.ps1
[0.591s] -- Up-to-date: /home/jerry/limx_ws/install/robot_visualization/..//controller_msgs/share/controller_msgs/hook/cmake_prefix_path.sh
[0.597s] -- Up-to-date: /home/jerry/limx_ws/install/robot_visualization/..//controller_msgs/share/controller_msgs/hook/cmake_prefix_path.ps1
[0.597s] -- Up-to-date: /home/jerry/limx_ws/install/robot_visualization/..//controller_msgs/share/controller_msgs/hook/cmake_prefix_path.dsv
[0.597s] -- Up-to-date: /home/jerry/limx_ws/install/robot_visualization/..//controller_msgs/share/controller_msgs/hook/ld_library_path_lib.sh
[0.598s] -- Up-to-date: /home/jerry/limx_ws/install/robot_visualization/..//controller_msgs/share/controller_msgs/hook/ld_library_path_lib.dsv
[0.598s] -- Up-to-date: /home/jerry/limx_ws/install/robot_visualization/..//controller_msgs/share/controller_msgs/package.sh
[0.599s] -- Up-to-date: /home/jerry/limx_ws/install/robot_visualization/..//controller_msgs/share/controller_msgs/environment
[0.599s] -- Up-to-date: /home/jerry/limx_ws/install/robot_visualization/..//controller_msgs/share/controller_msgs/environment/pythonpath.dsv
[0.599s] -- Up-to-date: /home/jerry/limx_ws/install/robot_visualization/..//controller_msgs/share/controller_msgs/environment/library_path.dsv
[0.599s] -- Up-to-date: /home/jerry/limx_ws/install/robot_visualization/..//controller_msgs/share/controller_msgs/environment/pythonpath.sh
[0.600s] -- Up-to-date: /home/jerry/limx_ws/install/robot_visualization/..//controller_msgs/share/controller_msgs/environment/library_path.sh
[0.600s] -- Up-to-date: /home/jerry/limx_ws/install/robot_visualization/..//controller_msgs/share/controller_msgs/environment/path.dsv
[0.600s] -- Up-to-date: /home/jerry/limx_ws/install/robot_visualization/..//controller_msgs/share/controller_msgs/environment/path.sh
[0.600s] -- Up-to-date: /home/jerry/limx_ws/install/robot_visualization/..//controller_msgs/share/controller_msgs/environment/ament_prefix_path.sh
[0.601s] -- Up-to-date: /home/jerry/limx_ws/install/robot_visualization/..//controller_msgs/share/controller_msgs/environment/ament_prefix_path.dsv
[0.601s] -- Up-to-date: /home/jerry/limx_ws/install/robot_visualization/..//controller_msgs/share/controller_msgs/package.zsh
[0.601s] -- Up-to-date: /home/jerry/limx_ws/install/robot_visualization/..//controller_msgs/share/controller_msgs/local_setup.dsv
[0.602s] -- Up-to-date: /home/jerry/limx_ws/install/robot_visualization/..//controller_msgs/share/controller_msgs/package.bash
[0.602s] -- Up-to-date: /home/jerry/limx_ws/install/robot_visualization/..//controller_msgs/share/controller_msgs/package.ps1
[0.602s] -- Up-to-date: /home/jerry/limx_ws/install/robot_visualization/..//controller_msgs/share/controller_msgs/package.dsv
[0.602s] -- Up-to-date: /home/jerry/limx_ws/install/robot_visualization/..//controller_msgs/share/controller_msgs/local_setup.zsh
[0.602s] -- Up-to-date: /home/jerry/limx_ws/install/robot_visualization/..//controller_msgs/share/controller_msgs/msg
[0.605s] -- Up-to-date: /home/jerry/limx_ws/install/robot_visualization/..//controller_msgs/share/controller_msgs/msg/IMUData.idl
[0.605s] -- Up-to-date: /home/jerry/limx_ws/install/robot_visualization/..//controller_msgs/share/controller_msgs/msg/JointCmd.msg
[0.607s] -- Up-to-date: /home/jerry/limx_ws/install/robot_visualization/..//controller_msgs/share/controller_msgs/msg/JointCmd.idl
[0.607s] -- Up-to-date: /home/jerry/limx_ws/install/robot_visualization/..//controller_msgs/share/controller_msgs/msg/JointState.idl
[0.608s] -- Up-to-date: /home/jerry/limx_ws/install/robot_visualization/..//controller_msgs/share/controller_msgs/msg/IMUData.msg
[0.608s] -- Up-to-date: /home/jerry/limx_ws/install/robot_visualization/..//controller_msgs/share/controller_msgs/msg/JointState.msg
[0.609s] -- Up-to-date: /home/jerry/limx_ws/install/robot_visualization/..//controller_msgs/share/controller_msgs/local_setup.bash
[0.609s] -- Up-to-date: /home/jerry/limx_ws/install/robot_visualization/..//controller_msgs/share/ament_index
[0.609s] -- Up-to-date: /home/jerry/limx_ws/install/robot_visualization/..//controller_msgs/share/ament_index/resource_index
[0.610s] -- Up-to-date: /home/jerry/limx_ws/install/robot_visualization/..//controller_msgs/share/ament_index/resource_index/rosidl_interfaces
[0.611s] -- Up-to-date: /home/jerry/limx_ws/install/robot_visualization/..//controller_msgs/share/ament_index/resource_index/rosidl_interfaces/controller_msgs
[0.611s] -- Up-to-date: /home/jerry/limx_ws/install/robot_visualization/..//controller_msgs/share/ament_index/resource_index/packages
[0.612s] -- Up-to-date: /home/jerry/limx_ws/install/robot_visualization/..//controller_msgs/share/ament_index/resource_index/packages/controller_msgs
[0.612s] -- Up-to-date: /home/jerry/limx_ws/install/robot_visualization/..//controller_msgs/share/ament_index/resource_index/parent_prefix_path
[0.626s] -- Up-to-date: /home/jerry/limx_ws/install/robot_visualization/..//controller_msgs/share/ament_index/resource_index/parent_prefix_path/controller_msgs
[0.626s] -- Up-to-date: /home/jerry/limx_ws/install/robot_visualization/..//controller_msgs/share/ament_index/resource_index/package_run_dependencies
[0.627s] -- Up-to-date: /home/jerry/limx_ws/install/robot_visualization/..//controller_msgs/share/ament_index/resource_index/package_run_dependencies/controller_msgs
[0.627s] -- Up-to-date: /home/jerry/limx_ws/install/robot_visualization/..//controller_msgs/lib
[0.627s] -- Up-to-date: /home/jerry/limx_ws/install/robot_visualization/..//controller_msgs/lib/libcontroller_msgs__rosidl_generator_py.so
[0.628s] -- Up-to-date: /home/jerry/limx_ws/install/robot_visualization/..//controller_msgs/lib/libcontroller_msgs__rosidl_typesupport_c.so
[0.629s] -- Up-to-date: /home/jerry/limx_ws/install/robot_visualization/..//controller_msgs/lib/libcontroller_msgs__rosidl_typesupport_fastrtps_cpp.so
[0.631s] -- Up-to-date: /home/jerry/limx_ws/install/robot_visualization/..//controller_msgs/lib/libcontroller_msgs__rosidl_typesupport_cpp.so
[0.632s] -- Up-to-date: /home/jerry/limx_ws/install/robot_visualization/..//controller_msgs/lib/libcontroller_msgs__rosidl_generator_c.so
[0.634s] -- Up-to-date: /home/jerry/limx_ws/install/robot_visualization/..//controller_msgs/lib/libcontroller_msgs__rosidl_typesupport_introspection_c.so
[0.634s] -- Up-to-date: /home/jerry/limx_ws/install/robot_visualization/..//controller_msgs/lib/libcontroller_msgs__rosidl_typesupport_introspection_cpp.so
[0.634s] -- Up-to-date: /home/jerry/limx_ws/install/robot_visualization/..//controller_msgs/lib/libcontroller_msgs__rosidl_typesupport_fastrtps_c.so
[0.635s] -- Up-to-date: /home/jerry/limx_ws/install/robot_visualization/share/robot_visualization/launch
[0.639s] -- Up-to-date: /home/jerry/limx_ws/install/robot_visualization/share/robot_visualization/launch/pointfoot_rviz_hw.launch.py
[0.639s] -- Up-to-date: /home/jerry/limx_ws/install/robot_visualization/share/robot_visualization/launch/pointfoot_rviz_sim.launch.py
[0.640s] -- Up-to-date: /home/jerry/limx_ws/install/robot_visualization/share/robot_visualization/launch/pointfoot_plot_sim.launch.py
[0.640s] -- Up-to-date: /home/jerry/limx_ws/install/robot_visualization/share/robot_visualization/launch/pointfoot_plot_hw.launch.py
[0.641s] -- Up-to-date: /home/jerry/limx_ws/install/robot_visualization/share/robot_visualization/launch/rosbridger.launch.py
[0.643s] -- Up-to-date: /home/jerry/limx_ws/install/robot_visualization/share/robot_visualization/rviz
[0.644s] -- Up-to-date: /home/jerry/limx_ws/install/robot_visualization/share/robot_visualization/rviz/pointfoot.rviz
[0.645s] -- Up-to-date: /home/jerry/limx_ws/install/robot_visualization/../mrosbridger/lib/mrosbridger/mrosbridger
[0.646s] -- Up-to-date: /home/jerry/limx_ws/install/robot_visualization/../mrosbridger/bin/mrosbridger
[0.646s] -- Up-to-date: /home/jerry/limx_ws/install/robot_visualization/share/ament_index/resource_index/package_run_dependencies/robot_visualization
[0.648s] -- Up-to-date: /home/jerry/limx_ws/install/robot_visualization/share/ament_index/resource_index/parent_prefix_path/robot_visualization
[0.648s] -- Up-to-date: /home/jerry/limx_ws/install/robot_visualization/share/robot_visualization/environment/ament_prefix_path.sh
[0.649s] -- Up-to-date: /home/jerry/limx_ws/install/robot_visualization/share/robot_visualization/environment/ament_prefix_path.dsv
[0.649s] -- Up-to-date: /home/jerry/limx_ws/install/robot_visualization/share/robot_visualization/environment/path.sh
[0.649s] -- Up-to-date: /home/jerry/limx_ws/install/robot_visualization/share/robot_visualization/environment/path.dsv
[0.650s] -- Up-to-date: /home/jerry/limx_ws/install/robot_visualization/share/robot_visualization/local_setup.bash
[0.650s] -- Up-to-date: /home/jerry/limx_ws/install/robot_visualization/share/robot_visualization/local_setup.sh
[0.650s] -- Up-to-date: /home/jerry/limx_ws/install/robot_visualization/share/robot_visualization/local_setup.zsh
[0.651s] -- Up-to-date: /home/jerry/limx_ws/install/robot_visualization/share/robot_visualization/local_setup.dsv
[0.651s] -- Installing: /home/jerry/limx_ws/install/robot_visualization/share/robot_visualization/package.dsv
[0.651s] -- Up-to-date: /home/jerry/limx_ws/install/robot_visualization/share/ament_index/resource_index/packages/robot_visualization
[0.651s] -- Up-to-date: /home/jerry/limx_ws/install/robot_visualization/share/robot_visualization/cmake/robot_visualizationConfig.cmake
[0.653s] -- Up-to-date: /home/jerry/limx_ws/install/robot_visualization/share/robot_visualization/cmake/robot_visualizationConfig-version.cmake
[0.654s] -- Up-to-date: /home/jerry/limx_ws/install/robot_visualization/share/robot_visualization/package.xml
[0.663s] Invoked command in '/home/jerry/limx_ws/build/robot_visualization' returned '0': CMAKE_PREFIX_PATH=/opt/ros/humble /usr/bin/cmake --install /home/jerry/limx_ws/build/robot_visualization
