[0.017s] Invoking command in '/home/jerry/limx_ws/build/robot_controllers': CMAKE_PREFIX_PATH=/home/jerry/limx_ws/install/limxsdk_lowlevel:/opt/ros/humble:/home/jerry/limx_ws/install/robot_visualization:/home/jerry/limx_ws/install/robot_hw:/home/jerry/limx_ws/install/robot_description:/home/jerry/limx_ws/install/robot_controllers:/home/jerry/limx_ws/install/pointfoot_gazebo:/home/jerry/limx_ws/install/mrosbridger:/home/jerry/limx_ws/install/lslidar_driver:/home/jerry/limx_ws/install/lslidar_msgs:/home/jerry/limx_ws/install/limxsdk_sim:/home/jerry/limx_ws/install/lidar_odometry_0:/home/jerry/limx_ws/install/lidar_odometry:/home/jerry/limx_ws/install/controller_msgs LD_LIBRARY_PATH=/home/jerry/limx_ws/install/limxsdk_lowlevel/lib:/home/jerry/limx_ws/install/robot_controllers/lib:/home/jerry/limx_ws/install/pointfoot_gazebo/lib:/home/jerry/limx_ws/install/mrosbridger/lib:/home/jerry/limx_ws/install/lslidar_msgs/lib:/home/jerry/limx_ws/install/limxsdk_sim/lib:/home/jerry/limx_ws/install/controller_msgs/lib:/usr/lib/x86_64-linux-gnu/gazebo-11/plugins:/opt/ros/humble/opt/rviz_ogre_vendor/lib:/opt/ros/humble/lib/x86_64-linux-gnu:/opt/ros/humble/lib:/usr/share/gazebo/../../lib/x86_64-linux-gnu/gazebo-11/plugins /usr/bin/cmake --build /home/jerry/limx_ws/build/robot_controllers -- -j8 -l8
[0.111s] [100%] Built target robot_controllers
[0.134s] Invoked command in '/home/jerry/limx_ws/build/robot_controllers' returned '0': CMAKE_PREFIX_PATH=/home/jerry/limx_ws/install/limxsdk_lowlevel:/opt/ros/humble:/home/jerry/limx_ws/install/robot_visualization:/home/jerry/limx_ws/install/robot_hw:/home/jerry/limx_ws/install/robot_description:/home/jerry/limx_ws/install/robot_controllers:/home/jerry/limx_ws/install/pointfoot_gazebo:/home/jerry/limx_ws/install/mrosbridger:/home/jerry/limx_ws/install/lslidar_driver:/home/jerry/limx_ws/install/lslidar_msgs:/home/jerry/limx_ws/install/limxsdk_sim:/home/jerry/limx_ws/install/lidar_odometry_0:/home/jerry/limx_ws/install/lidar_odometry:/home/jerry/limx_ws/install/controller_msgs LD_LIBRARY_PATH=/home/jerry/limx_ws/install/limxsdk_lowlevel/lib:/home/jerry/limx_ws/install/robot_controllers/lib:/home/jerry/limx_ws/install/pointfoot_gazebo/lib:/home/jerry/limx_ws/install/mrosbridger/lib:/home/jerry/limx_ws/install/lslidar_msgs/lib:/home/jerry/limx_ws/install/limxsdk_sim/lib:/home/jerry/limx_ws/install/controller_msgs/lib:/usr/lib/x86_64-linux-gnu/gazebo-11/plugins:/opt/ros/humble/opt/rviz_ogre_vendor/lib:/opt/ros/humble/lib/x86_64-linux-gnu:/opt/ros/humble/lib:/usr/share/gazebo/../../lib/x86_64-linux-gnu/gazebo-11/plugins /usr/bin/cmake --build /home/jerry/limx_ws/build/robot_controllers -- -j8 -l8
[0.134s] Invoking command in '/home/jerry/limx_ws/build/robot_controllers': CMAKE_PREFIX_PATH=/home/jerry/limx_ws/install/limxsdk_lowlevel:/opt/ros/humble:/home/jerry/limx_ws/install/robot_visualization:/home/jerry/limx_ws/install/robot_hw:/home/jerry/limx_ws/install/robot_description:/home/jerry/limx_ws/install/robot_controllers:/home/jerry/limx_ws/install/pointfoot_gazebo:/home/jerry/limx_ws/install/mrosbridger:/home/jerry/limx_ws/install/lslidar_driver:/home/jerry/limx_ws/install/lslidar_msgs:/home/jerry/limx_ws/install/limxsdk_sim:/home/jerry/limx_ws/install/lidar_odometry_0:/home/jerry/limx_ws/install/lidar_odometry:/home/jerry/limx_ws/install/controller_msgs LD_LIBRARY_PATH=/home/jerry/limx_ws/install/limxsdk_lowlevel/lib:/home/jerry/limx_ws/install/robot_controllers/lib:/home/jerry/limx_ws/install/pointfoot_gazebo/lib:/home/jerry/limx_ws/install/mrosbridger/lib:/home/jerry/limx_ws/install/lslidar_msgs/lib:/home/jerry/limx_ws/install/limxsdk_sim/lib:/home/jerry/limx_ws/install/controller_msgs/lib:/usr/lib/x86_64-linux-gnu/gazebo-11/plugins:/opt/ros/humble/opt/rviz_ogre_vendor/lib:/opt/ros/humble/lib/x86_64-linux-gnu:/opt/ros/humble/lib:/usr/share/gazebo/../../lib/x86_64-linux-gnu/gazebo-11/plugins /usr/bin/cmake --install /home/jerry/limx_ws/build/robot_controllers
[0.143s] -- Install configuration: ""
[0.143s] -- Up-to-date: /home/jerry/limx_ws/install/robot_controllers/share/robot_controllers/robot_controllers_plugin.xml
[0.143s] -- Up-to-date: /home/jerry/limx_ws/install/robot_controllers/lib/librobot_controllers.so
[0.144s] -- Up-to-date: /home/jerry/limx_ws/install/robot_controllers/include
[0.144s] -- Up-to-date: /home/jerry/limx_ws/install/robot_controllers/include/robot_controllers
[0.144s] -- Up-to-date: /home/jerry/limx_ws/install/robot_controllers/include/robot_controllers/WheelfootController.h
[0.144s] -- Up-to-date: /home/jerry/limx_ws/install/robot_controllers/include/robot_controllers/PointfootController.h
[0.144s] -- Up-to-date: /home/jerry/limx_ws/install/robot_controllers/include/robot_controllers/ControllerBase.h
[0.144s] -- Up-to-date: /home/jerry/limx_ws/install/robot_controllers/include/robot_controllers/SolefootController.h
[0.144s] -- Up-to-date: /home/jerry/limx_ws/install/robot_controllers/share/robot_controllers//config
[0.144s] -- Up-to-date: /home/jerry/limx_ws/install/robot_controllers/share/robot_controllers//config/pointfoot
[0.144s] -- Up-to-date: /home/jerry/limx_ws/install/robot_controllers/share/robot_controllers//config/pointfoot/PF_P441B
[0.144s] -- Up-to-date: /home/jerry/limx_ws/install/robot_controllers/share/robot_controllers//config/pointfoot/PF_P441B/params.yaml
[0.144s] -- Up-to-date: /home/jerry/limx_ws/install/robot_controllers/share/robot_controllers//config/pointfoot/PF_P441B/policy
[0.144s] -- Up-to-date: /home/jerry/limx_ws/install/robot_controllers/share/robot_controllers//config/pointfoot/PF_P441B/policy/isaaclab
[0.145s] -- Up-to-date: /home/jerry/limx_ws/install/robot_controllers/share/robot_controllers//config/pointfoot/PF_P441B/policy/isaaclab/encoder.onnx
[0.145s] -- Up-to-date: /home/jerry/limx_ws/install/robot_controllers/share/robot_controllers//config/pointfoot/PF_P441B/policy/isaaclab/policy.onnx
[0.145s] -- Up-to-date: /home/jerry/limx_ws/install/robot_controllers/share/robot_controllers//config/pointfoot/PF_P441B/policy/isaacgym
[0.145s] -- Up-to-date: /home/jerry/limx_ws/install/robot_controllers/share/robot_controllers//config/pointfoot/PF_P441B/policy/isaacgym/encoder.onnx
[0.145s] -- Up-to-date: /home/jerry/limx_ws/install/robot_controllers/share/robot_controllers//config/pointfoot/PF_P441B/policy/isaacgym/policy.onnx
[0.145s] -- Up-to-date: /home/jerry/limx_ws/install/robot_controllers/share/robot_controllers//config/pointfoot/PF_TRON1B
[0.145s] -- Up-to-date: /home/jerry/limx_ws/install/robot_controllers/share/robot_controllers//config/pointfoot/PF_TRON1B/params.yaml
[0.145s] -- Up-to-date: /home/jerry/limx_ws/install/robot_controllers/share/robot_controllers//config/pointfoot/PF_TRON1B/policy
[0.145s] -- Up-to-date: /home/jerry/limx_ws/install/robot_controllers/share/robot_controllers//config/pointfoot/PF_TRON1B/policy/isaaclab
[0.145s] -- Up-to-date: /home/jerry/limx_ws/install/robot_controllers/share/robot_controllers//config/pointfoot/PF_TRON1B/policy/isaaclab/encoder.onnx
[0.145s] -- Up-to-date: /home/jerry/limx_ws/install/robot_controllers/share/robot_controllers//config/pointfoot/PF_TRON1B/policy/isaaclab/policy.onnx
[0.145s] -- Up-to-date: /home/jerry/limx_ws/install/robot_controllers/share/robot_controllers//config/pointfoot/PF_TRON1B/policy/isaacgym
[0.145s] -- Up-to-date: /home/jerry/limx_ws/install/robot_controllers/share/robot_controllers//config/pointfoot/PF_TRON1B/policy/isaacgym/encoder.onnx
[0.146s] -- Up-to-date: /home/jerry/limx_ws/install/robot_controllers/share/robot_controllers//config/pointfoot/PF_TRON1B/policy/isaacgym/policy.onnx
[0.146s] -- Up-to-date: /home/jerry/limx_ws/install/robot_controllers/share/robot_controllers//config/pointfoot/PF_P441A
[0.146s] -- Up-to-date: /home/jerry/limx_ws/install/robot_controllers/share/robot_controllers//config/pointfoot/PF_P441A/params.yaml
[0.146s] -- Up-to-date: /home/jerry/limx_ws/install/robot_controllers/share/robot_controllers//config/pointfoot/PF_P441A/policy
[0.146s] -- Up-to-date: /home/jerry/limx_ws/install/robot_controllers/share/robot_controllers//config/pointfoot/PF_P441A/policy/isaaclab
[0.146s] -- Up-to-date: /home/jerry/limx_ws/install/robot_controllers/share/robot_controllers//config/pointfoot/PF_P441A/policy/isaaclab/encoder.onnx
[0.146s] -- Up-to-date: /home/jerry/limx_ws/install/robot_controllers/share/robot_controllers//config/pointfoot/PF_P441A/policy/isaaclab/policy.onnx
[0.146s] -- Up-to-date: /home/jerry/limx_ws/install/robot_controllers/share/robot_controllers//config/pointfoot/PF_P441A/policy/isaacgym
[0.146s] -- Up-to-date: /home/jerry/limx_ws/install/robot_controllers/share/robot_controllers//config/pointfoot/PF_P441A/policy/isaacgym/encoder.onnx
[0.146s] -- Up-to-date: /home/jerry/limx_ws/install/robot_controllers/share/robot_controllers//config/pointfoot/PF_P441A/policy/isaacgym/policy.onnx
[0.146s] -- Up-to-date: /home/jerry/limx_ws/install/robot_controllers/share/robot_controllers//config/pointfoot/WF_TRON1B
[0.146s] -- Up-to-date: /home/jerry/limx_ws/install/robot_controllers/share/robot_controllers//config/pointfoot/WF_TRON1B/params.yaml
[0.146s] -- Up-to-date: /home/jerry/limx_ws/install/robot_controllers/share/robot_controllers//config/pointfoot/WF_TRON1B/policy
[0.146s] -- Up-to-date: /home/jerry/limx_ws/install/robot_controllers/share/robot_controllers//config/pointfoot/WF_TRON1B/policy/isaaclab
[0.146s] -- Up-to-date: /home/jerry/limx_ws/install/robot_controllers/share/robot_controllers//config/pointfoot/WF_TRON1B/policy/isaaclab/encoder.onnx
[0.146s] -- Up-to-date: /home/jerry/limx_ws/install/robot_controllers/share/robot_controllers//config/pointfoot/WF_TRON1B/policy/isaaclab/policy.onnx
[0.146s] -- Up-to-date: /home/jerry/limx_ws/install/robot_controllers/share/robot_controllers//config/pointfoot/WF_TRON1B/policy/isaacgym
[0.146s] -- Up-to-date: /home/jerry/limx_ws/install/robot_controllers/share/robot_controllers//config/pointfoot/WF_TRON1B/policy/isaacgym/encoder.onnx
[0.146s] -- Up-to-date: /home/jerry/limx_ws/install/robot_controllers/share/robot_controllers//config/pointfoot/WF_TRON1B/policy/isaacgym/policy.onnx
[0.147s] -- Up-to-date: /home/jerry/limx_ws/install/robot_controllers/share/robot_controllers//config/pointfoot/SF_TRON1B
[0.147s] -- Up-to-date: /home/jerry/limx_ws/install/robot_controllers/share/robot_controllers//config/pointfoot/SF_TRON1B/params.yaml
[0.147s] -- Up-to-date: /home/jerry/limx_ws/install/robot_controllers/share/robot_controllers//config/pointfoot/SF_TRON1B/policy
[0.147s] -- Up-to-date: /home/jerry/limx_ws/install/robot_controllers/share/robot_controllers//config/pointfoot/SF_TRON1B/policy/isaaclab
[0.147s] -- Up-to-date: /home/jerry/limx_ws/install/robot_controllers/share/robot_controllers//config/pointfoot/SF_TRON1B/policy/isaaclab/encoder.onnx
[0.147s] -- Up-to-date: /home/jerry/limx_ws/install/robot_controllers/share/robot_controllers//config/pointfoot/SF_TRON1B/policy/isaaclab/policy.onnx
[0.147s] -- Up-to-date: /home/jerry/limx_ws/install/robot_controllers/share/robot_controllers//config/pointfoot/SF_TRON1B/policy/isaacgym
[0.147s] -- Up-to-date: /home/jerry/limx_ws/install/robot_controllers/share/robot_controllers//config/pointfoot/SF_TRON1B/policy/isaacgym/encoder.onnx
[0.148s] -- Up-to-date: /home/jerry/limx_ws/install/robot_controllers/share/robot_controllers//config/pointfoot/SF_TRON1B/policy/isaacgym/policy.onnx
[0.148s] -- Up-to-date: /home/jerry/limx_ws/install/robot_controllers/share/robot_controllers//config/pointfoot/PF_P441C2
[0.148s] -- Up-to-date: /home/jerry/limx_ws/install/robot_controllers/share/robot_controllers//config/pointfoot/PF_P441C2/params.yaml
[0.148s] -- Up-to-date: /home/jerry/limx_ws/install/robot_controllers/share/robot_controllers//config/pointfoot/PF_P441C2/policy
[0.148s] -- Up-to-date: /home/jerry/limx_ws/install/robot_controllers/share/robot_controllers//config/pointfoot/PF_P441C2/policy/isaaclab
[0.148s] -- Up-to-date: /home/jerry/limx_ws/install/robot_controllers/share/robot_controllers//config/pointfoot/PF_P441C2/policy/isaaclab/encoder.onnx
[0.148s] -- Up-to-date: /home/jerry/limx_ws/install/robot_controllers/share/robot_controllers//config/pointfoot/PF_P441C2/policy/isaaclab/policy.onnx
[0.148s] -- Up-to-date: /home/jerry/limx_ws/install/robot_controllers/share/robot_controllers//config/pointfoot/PF_P441C2/policy/isaacgym
[0.148s] -- Up-to-date: /home/jerry/limx_ws/install/robot_controllers/share/robot_controllers//config/pointfoot/PF_P441C2/policy/isaacgym/encoder.onnx
[0.148s] -- Up-to-date: /home/jerry/limx_ws/install/robot_controllers/share/robot_controllers//config/pointfoot/PF_P441C2/policy/isaacgym/policy.onnx
[0.148s] -- Up-to-date: /home/jerry/limx_ws/install/robot_controllers/share/robot_controllers//config/pointfoot/WF_TRON1A
[0.148s] -- Up-to-date: /home/jerry/limx_ws/install/robot_controllers/share/robot_controllers//config/pointfoot/WF_TRON1A/params.yaml
[0.148s] -- Up-to-date: /home/jerry/limx_ws/install/robot_controllers/share/robot_controllers//config/pointfoot/WF_TRON1A/policy
[0.148s] -- Up-to-date: /home/jerry/limx_ws/install/robot_controllers/share/robot_controllers//config/pointfoot/WF_TRON1A/policy/isaaclab
[0.148s] -- Up-to-date: /home/jerry/limx_ws/install/robot_controllers/share/robot_controllers//config/pointfoot/WF_TRON1A/policy/isaaclab/encoder.onnx
[0.149s] -- Up-to-date: /home/jerry/limx_ws/install/robot_controllers/share/robot_controllers//config/pointfoot/WF_TRON1A/policy/isaaclab/policy.onnx
[0.149s] -- Up-to-date: /home/jerry/limx_ws/install/robot_controllers/share/robot_controllers//config/pointfoot/WF_TRON1A/policy/isaacgym
[0.152s] -- Up-to-date: /home/jerry/limx_ws/install/robot_controllers/share/robot_controllers//config/pointfoot/WF_TRON1A/policy/isaacgym/encoder.onnx
[0.152s] -- Up-to-date: /home/jerry/limx_ws/install/robot_controllers/share/robot_controllers//config/pointfoot/WF_TRON1A/policy/isaacgym/policy.onnx
[0.152s] -- Up-to-date: /home/jerry/limx_ws/install/robot_controllers/share/robot_controllers//config/pointfoot/SF_TRON1A
[0.152s] -- Up-to-date: /home/jerry/limx_ws/install/robot_controllers/share/robot_controllers//config/pointfoot/SF_TRON1A/params.yaml
[0.152s] -- Up-to-date: /home/jerry/limx_ws/install/robot_controllers/share/robot_controllers//config/pointfoot/SF_TRON1A/policy
[0.152s] -- Up-to-date: /home/jerry/limx_ws/install/robot_controllers/share/robot_controllers//config/pointfoot/SF_TRON1A/policy/isaaclab
[0.152s] -- Up-to-date: /home/jerry/limx_ws/install/robot_controllers/share/robot_controllers//config/pointfoot/SF_TRON1A/policy/isaaclab/encoder.onnx
[0.152s] -- Up-to-date: /home/jerry/limx_ws/install/robot_controllers/share/robot_controllers//config/pointfoot/SF_TRON1A/policy/isaaclab/policy.onnx
[0.152s] -- Up-to-date: /home/jerry/limx_ws/install/robot_controllers/share/robot_controllers//config/pointfoot/SF_TRON1A/policy/isaacgym
[0.152s] -- Up-to-date: /home/jerry/limx_ws/install/robot_controllers/share/robot_controllers//config/pointfoot/SF_TRON1A/policy/isaacgym/encoder.onnx
[0.152s] -- Up-to-date: /home/jerry/limx_ws/install/robot_controllers/share/robot_controllers//config/pointfoot/SF_TRON1A/policy/isaacgym/policy.onnx
[0.152s] -- Up-to-date: /home/jerry/limx_ws/install/robot_controllers/share/robot_controllers//config/pointfoot/PF_TRON1A
[0.152s] -- Up-to-date: /home/jerry/limx_ws/install/robot_controllers/share/robot_controllers//config/pointfoot/PF_TRON1A/params.yaml
[0.152s] -- Up-to-date: /home/jerry/limx_ws/install/robot_controllers/share/robot_controllers//config/pointfoot/PF_TRON1A/policy
[0.152s] -- Up-to-date: /home/jerry/limx_ws/install/robot_controllers/share/robot_controllers//config/pointfoot/PF_TRON1A/policy/isaaclab
[0.152s] -- Up-to-date: /home/jerry/limx_ws/install/robot_controllers/share/robot_controllers//config/pointfoot/PF_TRON1A/policy/isaaclab/encoder.onnx
[0.152s] -- Up-to-date: /home/jerry/limx_ws/install/robot_controllers/share/robot_controllers//config/pointfoot/PF_TRON1A/policy/isaaclab/policy.onnx
[0.152s] -- Up-to-date: /home/jerry/limx_ws/install/robot_controllers/share/robot_controllers//config/pointfoot/PF_TRON1A/policy/isaacgym
[0.152s] -- Up-to-date: /home/jerry/limx_ws/install/robot_controllers/share/robot_controllers//config/pointfoot/PF_TRON1A/policy/isaacgym/encoder.onnx
[0.152s] -- Up-to-date: /home/jerry/limx_ws/install/robot_controllers/share/robot_controllers//config/pointfoot/PF_TRON1A/policy/isaacgym/policy.onnx
[0.154s] -- Up-to-date: /home/jerry/limx_ws/install/robot_controllers/share/robot_controllers//config/pointfoot/PF_P441C
[0.155s] -- Up-to-date: /home/jerry/limx_ws/install/robot_controllers/share/robot_controllers//config/pointfoot/PF_P441C/params.yaml
[0.155s] -- Up-to-date: /home/jerry/limx_ws/install/robot_controllers/share/robot_controllers//config/pointfoot/PF_P441C/policy
[0.155s] -- Up-to-date: /home/jerry/limx_ws/install/robot_controllers/share/robot_controllers//config/pointfoot/PF_P441C/policy/isaaclab
[0.156s] -- Up-to-date: /home/jerry/limx_ws/install/robot_controllers/share/robot_controllers//config/pointfoot/PF_P441C/policy/isaaclab/encoder.onnx
[0.157s] -- Up-to-date: /home/jerry/limx_ws/install/robot_controllers/share/robot_controllers//config/pointfoot/PF_P441C/policy/isaaclab/policy.onnx
[0.157s] -- Up-to-date: /home/jerry/limx_ws/install/robot_controllers/share/robot_controllers//config/pointfoot/PF_P441C/policy/isaacgym
[0.157s] -- Up-to-date: /home/jerry/limx_ws/install/robot_controllers/share/robot_controllers//config/pointfoot/PF_P441C/policy/isaacgym/encoder.onnx
[0.157s] -- Up-to-date: /home/jerry/limx_ws/install/robot_controllers/share/robot_controllers//config/pointfoot/PF_P441C/policy/isaacgym/policy.onnx
[0.157s] -- Up-to-date: /home/jerry/limx_ws/install/robot_controllers/share/robot_controllers//config/robot_controllers.yaml
[0.157s] -- Up-to-date: /home/jerry/limx_ws/install/robot_controllers/share/robot_controllers/environment/library_path.sh
[0.157s] -- Up-to-date: /home/jerry/limx_ws/install/robot_controllers/share/robot_controllers/environment/library_path.dsv
[0.157s] -- Up-to-date: /home/jerry/limx_ws/install/robot_controllers/share/ament_index/resource_index/package_run_dependencies/robot_controllers
[0.157s] -- Up-to-date: /home/jerry/limx_ws/install/robot_controllers/share/ament_index/resource_index/parent_prefix_path/robot_controllers
[0.158s] -- Up-to-date: /home/jerry/limx_ws/install/robot_controllers/share/robot_controllers/environment/ament_prefix_path.sh
[0.158s] -- Up-to-date: /home/jerry/limx_ws/install/robot_controllers/share/robot_controllers/environment/ament_prefix_path.dsv
[0.158s] -- Up-to-date: /home/jerry/limx_ws/install/robot_controllers/share/robot_controllers/environment/path.sh
[0.158s] -- Up-to-date: /home/jerry/limx_ws/install/robot_controllers/share/robot_controllers/environment/path.dsv
[0.159s] -- Up-to-date: /home/jerry/limx_ws/install/robot_controllers/share/robot_controllers/local_setup.bash
[0.159s] -- Up-to-date: /home/jerry/limx_ws/install/robot_controllers/share/robot_controllers/local_setup.sh
[0.159s] -- Up-to-date: /home/jerry/limx_ws/install/robot_controllers/share/robot_controllers/local_setup.zsh
[0.159s] -- Up-to-date: /home/jerry/limx_ws/install/robot_controllers/share/robot_controllers/local_setup.dsv
[0.159s] -- Installing: /home/jerry/limx_ws/install/robot_controllers/share/robot_controllers/package.dsv
[0.159s] -- Up-to-date: /home/jerry/limx_ws/install/robot_controllers/share/ament_index/resource_index/packages/robot_controllers
[0.159s] -- Up-to-date: /home/jerry/limx_ws/install/robot_controllers/share/ament_index/resource_index/controller_interface__pluginlib__plugin/robot_controllers
[0.159s] -- Up-to-date: /home/jerry/limx_ws/install/robot_controllers/share/robot_controllers/cmake/ament_cmake_export_include_directories-extras.cmake
[0.159s] -- Up-to-date: /home/jerry/limx_ws/install/robot_controllers/share/robot_controllers/cmake/ament_cmake_export_libraries-extras.cmake
[0.160s] -- Up-to-date: /home/jerry/limx_ws/install/robot_controllers/share/robot_controllers/cmake/ament_cmake_export_dependencies-extras.cmake
[0.160s] -- Up-to-date: /home/jerry/limx_ws/install/robot_controllers/share/robot_controllers/cmake/robot_controllersConfig.cmake
[0.160s] -- Up-to-date: /home/jerry/limx_ws/install/robot_controllers/share/robot_controllers/cmake/robot_controllersConfig-version.cmake
[0.160s] -- Up-to-date: /home/jerry/limx_ws/install/robot_controllers/share/robot_controllers/package.xml
[0.176s] Invoked command in '/home/jerry/limx_ws/build/robot_controllers' returned '0': CMAKE_PREFIX_PATH=/home/jerry/limx_ws/install/limxsdk_lowlevel:/opt/ros/humble:/home/jerry/limx_ws/install/robot_visualization:/home/jerry/limx_ws/install/robot_hw:/home/jerry/limx_ws/install/robot_description:/home/jerry/limx_ws/install/robot_controllers:/home/jerry/limx_ws/install/pointfoot_gazebo:/home/jerry/limx_ws/install/mrosbridger:/home/jerry/limx_ws/install/lslidar_driver:/home/jerry/limx_ws/install/lslidar_msgs:/home/jerry/limx_ws/install/limxsdk_sim:/home/jerry/limx_ws/install/lidar_odometry_0:/home/jerry/limx_ws/install/lidar_odometry:/home/jerry/limx_ws/install/controller_msgs LD_LIBRARY_PATH=/home/jerry/limx_ws/install/limxsdk_lowlevel/lib:/home/jerry/limx_ws/install/robot_controllers/lib:/home/jerry/limx_ws/install/pointfoot_gazebo/lib:/home/jerry/limx_ws/install/mrosbridger/lib:/home/jerry/limx_ws/install/lslidar_msgs/lib:/home/jerry/limx_ws/install/limxsdk_sim/lib:/home/jerry/limx_ws/install/controller_msgs/lib:/usr/lib/x86_64-linux-gnu/gazebo-11/plugins:/opt/ros/humble/opt/rviz_ogre_vendor/lib:/opt/ros/humble/lib/x86_64-linux-gnu:/opt/ros/humble/lib:/usr/share/gazebo/../../lib/x86_64-linux-gnu/gazebo-11/plugins /usr/bin/cmake --install /home/jerry/limx_ws/build/robot_controllers
