[01m[K/home/jerry/limx_ws/src/lidar_odometry_0/src/lidar_odometry_node_0.cpp:8:10:[m[K [01;35m[Kwarning: [m[Kmissing terminating " character
    8 | #include [01;35m[K"[m[Klidar_odometry/lidar_odometry_0
      |          [01;35m[K^[m[K
[01m[K/home/jerry/limx_ws/src/lidar_odometry_0/src/lidar_odometry_node_0.cpp:8:10:[m[K [01;31m[Kerror: [m[K#include expects "FILENAME" or <FILENAME>
    8 | #include [01;31m[K"lidar_odometry/lidar_odometry_0[m[K
      |          [01;31m[K^~~~~~~~~~~~~~~~~~~~~~~~~~~~~~~~[m[K
[01m[K/home/jerry/limx_ws/src/lidar_odometry_0/src/lidar_odometry_node_0.cpp:9:5:[m[K [01;35m[Kwarning: [m[Kmissing terminating " character
    9 | .hpp[01;35m[K"[m[K
      |     [01;35m[K^[m[K
[01m[K/home/jerry/limx_ws/src/lidar_odometry_0/src/lidar_odometry_node_0.cpp:9:5:[m[K [01;31m[Kerror: [m[Kmissing terminating " character
[01m[K/home/jerry/limx_ws/src/lidar_odometry_0/src/lidar_odometry_node_0.cpp:9:1:[m[K [01;31m[Kerror: [m[Kexpected unqualified-id before ‘[01m[K.[m[K’ token
    9 | [01;31m[K.[m[Khpp"
      | [01;31m[K^[m[K
[01m[K/home/jerry/limx_ws/src/lidar_odometry_0/src/lidar_odometry_node_0.cpp:[m[K In function ‘[01m[Kint main(int, char**)[m[K’:
[01m[K/home/jerry/limx_ws/src/lidar_odometry_0/src/lidar_odometry_node_0.cpp:94:33:[m[K [01;31m[Kerror: [m[K‘[01m[KLidarOdometryNode[m[K’ was not declared in this scope
   94 |   rclcpp::spin(std::make_shared<[01;31m[KLidarOdometryNode[m[K>());
      |                                 [01;31m[K^~~~~~~~~~~~~~~~~[m[K
[01m[K/home/jerry/limx_ws/src/lidar_odometry_0/src/lidar_odometry_node_0.cpp:94:51:[m[K [01;31m[Kerror: [m[Kno matching function for call to ‘[01m[Kmake_shared<<expression error> >()[m[K’
   94 |   rclcpp::spin([01;31m[Kstd::make_shared<LidarOdometryNode>()[m[K);
      |                [01;31m[K~~~~~~~~~~~~~~~~~~~~~~~~~~~~~~~~~~~^~[m[K
In file included from [01m[K/usr/include/c++/11/memory:77[m[K,
                 from [01m[K/home/jerry/limx_ws/src/lidar_odometry_0/src/lidar_odometry_node_0.cpp:2[m[K:
[01m[K/usr/include/c++/11/bits/shared_ptr.h:875:5:[m[K [01;36m[Knote: [m[Kcandidate: ‘[01m[Ktemplate<class _Tp, class ... _Args> std::shared_ptr<_Tp> std::make_shared(_Args&& ...)[m[K’
  875 |     [01;36m[Kmake_shared[m[K(_Args&&... __args)
      |     [01;36m[K^~~~~~~~~~~[m[K
[01m[K/usr/include/c++/11/bits/shared_ptr.h:875:5:[m[K [01;36m[Knote: [m[K  template argument deduction/substitution failed:
[01m[K/home/jerry/limx_ws/src/lidar_odometry_0/src/lidar_odometry_node_0.cpp:94:51:[m[K [01;31m[Kerror: [m[Ktemplate argument 1 is invalid
   94 |   rclcpp::spin([01;31m[Kstd::make_shared<LidarOdometryNode>()[m[K);
      |                [01;31m[K~~~~~~~~~~~~~~~~~~~~~~~~~~~~~~~~~~~^~[m[K
gmake[2]: *** [CMakeFiles/lidar_odometry_node_0.dir/build.make:76: CMakeFiles/lidar_odometry_node_0.dir/src/lidar_odometry_node_0.cpp.o] Error 1
gmake[2]: *** Waiting for unfinished jobs....
gmake[1]: *** [CMakeFiles/Makefile2:137: CMakeFiles/lidar_odometry_node_0.dir/all] Error 2
gmake: *** [Makefile:146: all] Error 2
