[0.140s] Invoking command in '/home/jerry/limx_ws/build/limxsdk_sim': CMAKE_PREFIX_PATH=/home/jerry/limx_ws/install/scan_corrector:/opt/ros/humble:/home/jerry/limx_ws/install/robot_visualization:/home/jerry/limx_ws/install/robot_hw:/home/jerry/limx_ws/install/robot_description:/home/jerry/limx_ws/install/robot_controllers:/home/jerry/limx_ws/install/pointfoot_gazebo:/home/jerry/limx_ws/install/mrosbridger:/home/jerry/limx_ws/install/lslidar_driver:/home/jerry/limx_ws/install/lslidar_msgs:/home/jerry/limx_ws/install/limxsdk_sim:/home/jerry/limx_ws/install/limxsdk_lowlevel:/home/jerry/limx_ws/install/lidar_odometry_0:/home/jerry/limx_ws/install/lidar_odometry:/home/jerry/limx_ws/install/controller_msgs /usr/bin/cmake --build /home/jerry/limx_ws/build/limxsdk_sim -- -j8 -l8
[0.459s] Invoked command in '/home/jerry/limx_ws/build/limxsdk_sim' returned '0': CMAKE_PREFIX_PATH=/home/jerry/limx_ws/install/scan_corrector:/opt/ros/humble:/home/jerry/limx_ws/install/robot_visualization:/home/jerry/limx_ws/install/robot_hw:/home/jerry/limx_ws/install/robot_description:/home/jerry/limx_ws/install/robot_controllers:/home/jerry/limx_ws/install/pointfoot_gazebo:/home/jerry/limx_ws/install/mrosbridger:/home/jerry/limx_ws/install/lslidar_driver:/home/jerry/limx_ws/install/lslidar_msgs:/home/jerry/limx_ws/install/limxsdk_sim:/home/jerry/limx_ws/install/limxsdk_lowlevel:/home/jerry/limx_ws/install/lidar_odometry_0:/home/jerry/limx_ws/install/lidar_odometry:/home/jerry/limx_ws/install/controller_msgs /usr/bin/cmake --build /home/jerry/limx_ws/build/limxsdk_sim -- -j8 -l8
[0.556s] Invoking command in '/home/jerry/limx_ws/build/limxsdk_sim': CMAKE_PREFIX_PATH=/home/jerry/limx_ws/install/scan_corrector:/opt/ros/humble:/home/jerry/limx_ws/install/robot_visualization:/home/jerry/limx_ws/install/robot_hw:/home/jerry/limx_ws/install/robot_description:/home/jerry/limx_ws/install/robot_controllers:/home/jerry/limx_ws/install/pointfoot_gazebo:/home/jerry/limx_ws/install/mrosbridger:/home/jerry/limx_ws/install/lslidar_driver:/home/jerry/limx_ws/install/lslidar_msgs:/home/jerry/limx_ws/install/limxsdk_sim:/home/jerry/limx_ws/install/limxsdk_lowlevel:/home/jerry/limx_ws/install/lidar_odometry_0:/home/jerry/limx_ws/install/lidar_odometry:/home/jerry/limx_ws/install/controller_msgs /usr/bin/cmake --install /home/jerry/limx_ws/build/limxsdk_sim
[0.637s] -- Install configuration: "Release"
[0.637s] -- Up-to-date: /home/jerry/limx_ws/install/limxsdk_sim/include/
[0.637s] -- Up-to-date: /home/jerry/limx_ws/install/limxsdk_sim/include//limxsdk
[0.638s] -- Up-to-date: /home/jerry/limx_ws/install/limxsdk_sim/include//limxsdk/pointfoot_sim.h
[0.639s] -- Up-to-date: /home/jerry/limx_ws/install/limxsdk_sim/include//limxsdk/datatypes.h
[0.639s] -- Up-to-date: /home/jerry/limx_ws/install/limxsdk_sim/include//limxsdk/macros.h
[0.641s] -- Up-to-date: /home/jerry/limx_ws/install/limxsdk_sim/include//limxsdk/wheellegged_sim.h
[0.641s] -- Up-to-date: /home/jerry/limx_ws/install/limxsdk_sim/include//limxsdk/tron2_sim.h
[0.642s] -- Up-to-date: /home/jerry/limx_ws/install/limxsdk_sim/include//limxsdk/humanoid_sim.h
[0.643s] -- Up-to-date: /home/jerry/limx_ws/install/limxsdk_sim/include//limxsdk/apibase.h
[0.643s] -- Up-to-date: /home/jerry/limx_ws/install/limxsdk_sim/lib/.
[0.643s] -- Up-to-date: /home/jerry/limx_ws/install/limxsdk_sim/lib/./liblimxsdk_sim.so
[0.643s] -- Up-to-date: /home/jerry/limx_ws/install/limxsdk_sim/share/limxsdk_sim/environment/library_path.sh
[0.643s] -- Up-to-date: /home/jerry/limx_ws/install/limxsdk_sim/share/limxsdk_sim/environment/library_path.dsv
[0.643s] -- Up-to-date: /home/jerry/limx_ws/install/limxsdk_sim/share/ament_index/resource_index/package_run_dependencies/limxsdk_sim
[0.644s] -- Up-to-date: /home/jerry/limx_ws/install/limxsdk_sim/share/ament_index/resource_index/parent_prefix_path/limxsdk_sim
[0.644s] -- Up-to-date: /home/jerry/limx_ws/install/limxsdk_sim/share/limxsdk_sim/environment/ament_prefix_path.sh
[0.644s] -- Up-to-date: /home/jerry/limx_ws/install/limxsdk_sim/share/limxsdk_sim/environment/ament_prefix_path.dsv
[0.644s] -- Up-to-date: /home/jerry/limx_ws/install/limxsdk_sim/share/limxsdk_sim/environment/path.sh
[0.644s] -- Up-to-date: /home/jerry/limx_ws/install/limxsdk_sim/share/limxsdk_sim/environment/path.dsv
[0.651s] -- Up-to-date: /home/jerry/limx_ws/install/limxsdk_sim/share/limxsdk_sim/local_setup.bash
[0.651s] -- Up-to-date: /home/jerry/limx_ws/install/limxsdk_sim/share/limxsdk_sim/local_setup.sh
[0.651s] -- Up-to-date: /home/jerry/limx_ws/install/limxsdk_sim/share/limxsdk_sim/local_setup.zsh
[0.653s] -- Up-to-date: /home/jerry/limx_ws/install/limxsdk_sim/share/limxsdk_sim/local_setup.dsv
[0.656s] -- Installing: /home/jerry/limx_ws/install/limxsdk_sim/share/limxsdk_sim/package.dsv
[0.656s] -- Up-to-date: /home/jerry/limx_ws/install/limxsdk_sim/share/ament_index/resource_index/packages/limxsdk_sim
[0.657s] -- Up-to-date: /home/jerry/limx_ws/install/limxsdk_sim/share/limxsdk_sim/cmake/ament_cmake_export_include_directories-extras.cmake
[0.657s] -- Up-to-date: /home/jerry/limx_ws/install/limxsdk_sim/share/limxsdk_sim/cmake/ament_cmake_export_libraries-extras.cmake
[0.657s] -- Up-to-date: /home/jerry/limx_ws/install/limxsdk_sim/share/limxsdk_sim/cmake/limxsdk_simConfig.cmake
[0.657s] -- Up-to-date: /home/jerry/limx_ws/install/limxsdk_sim/share/limxsdk_sim/cmake/limxsdk_simConfig-version.cmake
[0.665s] -- Up-to-date: /home/jerry/limx_ws/install/limxsdk_sim/share/limxsdk_sim/package.xml
[0.665s] Invoked command in '/home/jerry/limx_ws/build/limxsdk_sim' returned '0': CMAKE_PREFIX_PATH=/home/jerry/limx_ws/install/scan_corrector:/opt/ros/humble:/home/jerry/limx_ws/install/robot_visualization:/home/jerry/limx_ws/install/robot_hw:/home/jerry/limx_ws/install/robot_description:/home/jerry/limx_ws/install/robot_controllers:/home/jerry/limx_ws/install/pointfoot_gazebo:/home/jerry/limx_ws/install/mrosbridger:/home/jerry/limx_ws/install/lslidar_driver:/home/jerry/limx_ws/install/lslidar_msgs:/home/jerry/limx_ws/install/limxsdk_sim:/home/jerry/limx_ws/install/limxsdk_lowlevel:/home/jerry/limx_ws/install/lidar_odometry_0:/home/jerry/limx_ws/install/lidar_odometry:/home/jerry/limx_ws/install/controller_msgs /usr/bin/cmake --install /home/jerry/limx_ws/build/limxsdk_sim
