[35m[1mConsolidate compiler generated dependencies of target lslidar_msgs__rosidl_generator_c[0m
[  1%] Built target lslidar_msgs__cpp
[  1%] Built target ament_cmake_python_copy_lslidar_msgs
[35m[1mConsolidate compiler generated dependencies of target lslidar_msgs__rosidl_typesupport_cpp[0m
[35m[1mConsolidate compiler generated dependencies of target lslidar_msgs__rosidl_typesupport_fastrtps_cpp[0m
[ 12%] Built target lslidar_msgs__rosidl_generator_c
[35m[1mConsolidate compiler generated dependencies of target lslidar_msgs__rosidl_typesupport_introspection_cpp[0m
[35m[1mConsolidate compiler generated dependencies of target lslidar_msgs__rosidl_typesupport_fastrtps_c[0m
[35m[1mConsolidate compiler generated dependencies of target lslidar_msgs__rosidl_typesupport_introspection_c[0m
[35m[1mConsolidate compiler generated dependencies of target lslidar_msgs__rosidl_typesupport_c[0m
[ 23%] Built target lslidar_msgs__rosidl_typesupport_introspection_cpp
[ 34%] Built target lslidar_msgs__rosidl_typesupport_cpp
[ 46%] Built target lslidar_msgs__rosidl_typesupport_fastrtps_cpp
[ 61%] Built target lslidar_msgs__rosidl_typesupport_fastrtps_c
[ 68%] Built target lslidar_msgs__rosidl_typesupport_introspection_c
[ 79%] Built target lslidar_msgs__rosidl_typesupport_c
[ 79%] Built target lslidar_msgs
[ 80%] Built target lslidar_msgs__py
[35m[1mConsolidate compiler generated dependencies of target lslidar_msgs__rosidl_generator_py[0m
[ 90%] Built target lslidar_msgs__rosidl_generator_py
[35m[1mConsolidate compiler generated dependencies of target lslidar_msgs__rosidl_typesupport_fastrtps_c__pyext[0m
running egg_info
writing lslidar_msgs.egg-info/PKG-INFO
writing dependency_links to lslidar_msgs.egg-info/dependency_links.txt
writing top-level names to lslidar_msgs.egg-info/top_level.txt
[35m[1mConsolidate compiler generated dependencies of target lslidar_msgs__rosidl_typesupport_introspection_c__pyext[0m
reading manifest file 'lslidar_msgs.egg-info/SOURCES.txt'
writing manifest file 'lslidar_msgs.egg-info/SOURCES.txt'
[35m[1mConsolidate compiler generated dependencies of target lslidar_msgs__rosidl_typesupport_c__pyext[0m
[ 93%] Built target lslidar_msgs__rosidl_typesupport_fastrtps_c__pyext
[ 96%] Built target lslidar_msgs__rosidl_typesupport_introspection_c__pyext
[100%] Built target lslidar_msgs__rosidl_typesupport_c__pyext
[100%] Built target ament_cmake_python_build_lslidar_msgs_egg
