[0.023s] Invoking command in '/home/jerry/limx_ws/build/robot_description': CMAKE_PREFIX_PATH=${CMAKE_PREFIX_PATH}:/opt/ros/humble /usr/bin/cmake /home/jerry/limx_ws/src/robot-description -DCMAKE_INSTALL_PREFIX=/home/jerry/limx_ws/install/robot_description
[0.172s] -- The C compiler identification is GNU 11.4.0
[0.243s] -- The CXX compiler identification is GNU 11.4.0
[0.260s] -- Detecting C compiler ABI info
[0.347s] -- Detecting C compiler ABI info - done
[0.352s] -- Check for working C compiler: /usr/bin/cc - skipped
[0.352s] -- Detecting C compile features
[0.354s] -- Detecting C compile features - done
[0.357s] -- Detecting CXX compiler ABI info
[0.470s] -- Detecting CXX compiler ABI info - done
[0.476s] -- Check for working CXX compiler: /usr/bin/c++ - skipped
[0.476s] -- Detecting CXX compile features
[0.477s] -- Detecting CXX compile features - done
[0.477s] [0mCurrently in ROS2 compilation environment[0m
[0.496s] -- Found ament_cmake: 1.3.12 (/opt/ros/humble/share/ament_cmake/cmake)
[0.640s] -- Found Python3: /usr/bin/python3 (found version "3.10.12") found components: Interpreter 
[0.822s] -- Configuring done
[0.825s] -- Generating done
[0.827s] -- Build files have been written to: /home/jerry/limx_ws/build/robot_description
[0.837s] Invoked command in '/home/jerry/limx_ws/build/robot_description' returned '0': CMAKE_PREFIX_PATH=${CMAKE_PREFIX_PATH}:/opt/ros/humble /usr/bin/cmake /home/jerry/limx_ws/src/robot-description -DCMAKE_INSTALL_PREFIX=/home/jerry/limx_ws/install/robot_description
[0.839s] Invoking command in '/home/jerry/limx_ws/build/robot_description': CMAKE_PREFIX_PATH=${CMAKE_PREFIX_PATH}:/opt/ros/humble /usr/bin/cmake --build /home/jerry/limx_ws/build/robot_description -- -j8 -l8
[0.895s] Invoked command in '/home/jerry/limx_ws/build/robot_description' returned '0': CMAKE_PREFIX_PATH=${CMAKE_PREFIX_PATH}:/opt/ros/humble /usr/bin/cmake --build /home/jerry/limx_ws/build/robot_description -- -j8 -l8
[0.896s] Invoking command in '/home/jerry/limx_ws/build/robot_description': CMAKE_PREFIX_PATH=${CMAKE_PREFIX_PATH}:/opt/ros/humble /usr/bin/cmake --install /home/jerry/limx_ws/build/robot_description
[0.905s] -- Install configuration: ""
[0.905s] -- Installing: /home/jerry/limx_ws/install/robot_description/share/robot_description/pointfoot
[0.905s] -- Installing: /home/jerry/limx_ws/install/robot_description/share/robot_description/pointfoot/PF_P441B
[0.905s] -- Installing: /home/jerry/limx_ws/install/robot_description/share/robot_description/pointfoot/PF_P441B/xacro
[0.905s] -- Installing: /home/jerry/limx_ws/install/robot_description/share/robot_description/pointfoot/PF_P441B/xacro/robot.xacro
[0.905s] -- Installing: /home/jerry/limx_ws/install/robot_description/share/robot_description/pointfoot/PF_P441B/xacro/ros2_control_interface.xacro
[0.905s] -- Installing: /home/jerry/limx_ws/install/robot_description/share/robot_description/pointfoot/PF_P441B/xacro/const.xacro
[0.905s] -- Installing: /home/jerry/limx_ws/install/robot_description/share/robot_description/pointfoot/PF_P441B/xacro/leg.xacro
[0.906s] -- Installing: /home/jerry/limx_ws/install/robot_description/share/robot_description/pointfoot/PF_P441B/xacro/transmission.xacro
[0.906s] -- Installing: /home/jerry/limx_ws/install/robot_description/share/robot_description/pointfoot/PF_P441B/xacro/materials.xacro
[0.906s] -- Installing: /home/jerry/limx_ws/install/robot_description/share/robot_description/pointfoot/PF_P441B/xacro/gazebo.xacro
[0.907s] -- Installing: /home/jerry/limx_ws/install/robot_description/share/robot_description/pointfoot/PF_P441B/urdf
[0.907s] -- Installing: /home/jerry/limx_ws/install/robot_description/share/robot_description/pointfoot/PF_P441B/urdf/robot.urdf
[0.907s] -- Installing: /home/jerry/limx_ws/install/robot_description/share/robot_description/pointfoot/PF_P441B/meshes
[0.907s] -- Installing: /home/jerry/limx_ws/install/robot_description/share/robot_description/pointfoot/PF_P441B/meshes/abad_L_Link.STL
[0.913s] -- Installing: /home/jerry/limx_ws/install/robot_description/share/robot_description/pointfoot/PF_P441B/meshes/knee_L_Link.STL
[0.913s] -- Installing: /home/jerry/limx_ws/install/robot_description/share/robot_description/pointfoot/PF_P441B/meshes/base_Link.STL
[0.926s] -- Installing: /home/jerry/limx_ws/install/robot_description/share/robot_description/pointfoot/PF_P441B/meshes/hip_R_Link.STL
[0.931s] -- Installing: /home/jerry/limx_ws/install/robot_description/share/robot_description/pointfoot/PF_P441B/meshes/knee_R_Link.STL
[0.932s] -- Installing: /home/jerry/limx_ws/install/robot_description/share/robot_description/pointfoot/PF_P441B/meshes/abad_R_Link.STL
[0.938s] -- Installing: /home/jerry/limx_ws/install/robot_description/share/robot_description/pointfoot/PF_P441B/meshes/foot_R_Link.STL
[0.939s] -- Installing: /home/jerry/limx_ws/install/robot_description/share/robot_description/pointfoot/PF_P441B/meshes/foot_L_Link.STL
[0.941s] -- Installing: /home/jerry/limx_ws/install/robot_description/share/robot_description/pointfoot/PF_P441B/meshes/hip_L_Link.STL
[0.945s] -- Installing: /home/jerry/limx_ws/install/robot_description/share/robot_description/pointfoot/PF_P441B/xml
[0.946s] -- Installing: /home/jerry/limx_ws/install/robot_description/share/robot_description/pointfoot/PF_P441B/xml/robot.xml
[0.946s] -- Installing: /home/jerry/limx_ws/install/robot_description/share/robot_description/pointfoot/PF_TRON1B
[0.947s] -- Installing: /home/jerry/limx_ws/install/robot_description/share/robot_description/pointfoot/PF_TRON1B/xacro
[0.947s] -- Installing: /home/jerry/limx_ws/install/robot_description/share/robot_description/pointfoot/PF_TRON1B/xacro/robot.xacro
[0.947s] -- Installing: /home/jerry/limx_ws/install/robot_description/share/robot_description/pointfoot/PF_TRON1B/xacro/ros2_control_interface.xacro
[0.947s] -- Installing: /home/jerry/limx_ws/install/robot_description/share/robot_description/pointfoot/PF_TRON1B/xacro/const.xacro
[0.947s] -- Installing: /home/jerry/limx_ws/install/robot_description/share/robot_description/pointfoot/PF_TRON1B/xacro/leg.xacro
[0.947s] -- Installing: /home/jerry/limx_ws/install/robot_description/share/robot_description/pointfoot/PF_TRON1B/xacro/transmission.xacro
[0.947s] -- Installing: /home/jerry/limx_ws/install/robot_description/share/robot_description/pointfoot/PF_TRON1B/xacro/materials.xacro
[0.947s] -- Installing: /home/jerry/limx_ws/install/robot_description/share/robot_description/pointfoot/PF_TRON1B/xacro/gazebo.xacro
[0.947s] -- Installing: /home/jerry/limx_ws/install/robot_description/share/robot_description/pointfoot/PF_TRON1B/urdf
[0.947s] -- Installing: /home/jerry/limx_ws/install/robot_description/share/robot_description/pointfoot/PF_TRON1B/urdf/robot.urdf
[0.948s] -- Installing: /home/jerry/limx_ws/install/robot_description/share/robot_description/pointfoot/PF_TRON1B/meshes
[0.948s] -- Installing: /home/jerry/limx_ws/install/robot_description/share/robot_description/pointfoot/PF_TRON1B/meshes/abad_L_Link.STL
[0.952s] -- Installing: /home/jerry/limx_ws/install/robot_description/share/robot_description/pointfoot/PF_TRON1B/meshes/knee_L_Link.STL
[0.954s] -- Installing: /home/jerry/limx_ws/install/robot_description/share/robot_description/pointfoot/PF_TRON1B/meshes/base_Link.STL
[0.965s] -- Installing: /home/jerry/limx_ws/install/robot_description/share/robot_description/pointfoot/PF_TRON1B/meshes/hip_R_Link.STL
[0.970s] -- Installing: /home/jerry/limx_ws/install/robot_description/share/robot_description/pointfoot/PF_TRON1B/meshes/knee_R_Link.STL
[0.973s] -- Installing: /home/jerry/limx_ws/install/robot_description/share/robot_description/pointfoot/PF_TRON1B/meshes/abad_R_Link.STL
[0.976s] -- Installing: /home/jerry/limx_ws/install/robot_description/share/robot_description/pointfoot/PF_TRON1B/meshes/foot_R_Link.STL
[0.977s] -- Installing: /home/jerry/limx_ws/install/robot_description/share/robot_description/pointfoot/PF_TRON1B/meshes/foot_L_Link.STL
[0.979s] -- Installing: /home/jerry/limx_ws/install/robot_description/share/robot_description/pointfoot/PF_TRON1B/meshes/hip_L_Link.STL
[0.985s] -- Installing: /home/jerry/limx_ws/install/robot_description/share/robot_description/pointfoot/PF_TRON1B/xml
[0.986s] -- Installing: /home/jerry/limx_ws/install/robot_description/share/robot_description/pointfoot/PF_TRON1B/xml/robot.xml
[0.987s] -- Installing: /home/jerry/limx_ws/install/robot_description/share/robot_description/pointfoot/PF_P441A
[0.988s] -- Installing: /home/jerry/limx_ws/install/robot_description/share/robot_description/pointfoot/PF_P441A/xacro
[0.988s] -- Installing: /home/jerry/limx_ws/install/robot_description/share/robot_description/pointfoot/PF_P441A/xacro/robot.xacro
[0.989s] -- Installing: /home/jerry/limx_ws/install/robot_description/share/robot_description/pointfoot/PF_P441A/xacro/ros2_control_interface.xacro
[0.989s] -- Installing: /home/jerry/limx_ws/install/robot_description/share/robot_description/pointfoot/PF_P441A/xacro/const.xacro
[0.989s] -- Installing: /home/jerry/limx_ws/install/robot_description/share/robot_description/pointfoot/PF_P441A/xacro/leg.xacro
[0.989s] -- Installing: /home/jerry/limx_ws/install/robot_description/share/robot_description/pointfoot/PF_P441A/xacro/transmission.xacro
[0.989s] -- Installing: /home/jerry/limx_ws/install/robot_description/share/robot_description/pointfoot/PF_P441A/xacro/materials.xacro
[0.989s] -- Installing: /home/jerry/limx_ws/install/robot_description/share/robot_description/pointfoot/PF_P441A/xacro/gazebo.xacro
[0.989s] -- Installing: /home/jerry/limx_ws/install/robot_description/share/robot_description/pointfoot/PF_P441A/urdf
[0.989s] -- Installing: /home/jerry/limx_ws/install/robot_description/share/robot_description/pointfoot/PF_P441A/urdf/robot.urdf
[0.990s] -- Installing: /home/jerry/limx_ws/install/robot_description/share/robot_description/pointfoot/PF_P441A/meshes
[0.990s] -- Installing: /home/jerry/limx_ws/install/robot_description/share/robot_description/pointfoot/PF_P441A/meshes/abad_L_Link.STL
[0.990s] -- Installing: /home/jerry/limx_ws/install/robot_description/share/robot_description/pointfoot/PF_P441A/meshes/knee_L_Link.STL
[0.993s] -- Installing: /home/jerry/limx_ws/install/robot_description/share/robot_description/pointfoot/PF_P441A/meshes/base_Link.STL
[1.009s] -- Installing: /home/jerry/limx_ws/install/robot_description/share/robot_description/pointfoot/PF_P441A/meshes/hip_R_Link.STL
[1.018s] -- Installing: /home/jerry/limx_ws/install/robot_description/share/robot_description/pointfoot/PF_P441A/meshes/knee_R_Link.STL
[1.021s] -- Installing: /home/jerry/limx_ws/install/robot_description/share/robot_description/pointfoot/PF_P441A/meshes/abad_R_Link.STL
[1.024s] -- Installing: /home/jerry/limx_ws/install/robot_description/share/robot_description/pointfoot/PF_P441A/meshes/foot_R_Link.STL
[1.027s] -- Installing: /home/jerry/limx_ws/install/robot_description/share/robot_description/pointfoot/PF_P441A/meshes/foot_L_Link.STL
[1.032s] -- Installing: /home/jerry/limx_ws/install/robot_description/share/robot_description/pointfoot/PF_P441A/meshes/hip_L_Link.STL
[1.035s] -- Installing: /home/jerry/limx_ws/install/robot_description/share/robot_description/pointfoot/PF_P441A/xml
[1.035s] -- Installing: /home/jerry/limx_ws/install/robot_description/share/robot_description/pointfoot/PF_P441A/xml/robot.xml
[1.035s] -- Installing: /home/jerry/limx_ws/install/robot_description/share/robot_description/pointfoot/WF_TRON1B
[1.036s] -- Installing: /home/jerry/limx_ws/install/robot_description/share/robot_description/pointfoot/WF_TRON1B/xacro
[1.036s] -- Installing: /home/jerry/limx_ws/install/robot_description/share/robot_description/pointfoot/WF_TRON1B/xacro/robot.xacro
[1.037s] -- Installing: /home/jerry/limx_ws/install/robot_description/share/robot_description/pointfoot/WF_TRON1B/xacro/ros2_control_interface.xacro
[1.037s] -- Installing: /home/jerry/limx_ws/install/robot_description/share/robot_description/pointfoot/WF_TRON1B/xacro/const.xacro
[1.038s] -- Installing: /home/jerry/limx_ws/install/robot_description/share/robot_description/pointfoot/WF_TRON1B/xacro/leg.xacro
[1.038s] -- Installing: /home/jerry/limx_ws/install/robot_description/share/robot_description/pointfoot/WF_TRON1B/xacro/transmission.xacro
[1.038s] -- Installing: /home/jerry/limx_ws/install/robot_description/share/robot_description/pointfoot/WF_TRON1B/xacro/materials.xacro
[1.038s] -- Installing: /home/jerry/limx_ws/install/robot_description/share/robot_description/pointfoot/WF_TRON1B/xacro/gazebo.xacro
[1.038s] -- Installing: /home/jerry/limx_ws/install/robot_description/share/robot_description/pointfoot/WF_TRON1B/urdf
[1.038s] -- Installing: /home/jerry/limx_ws/install/robot_description/share/robot_description/pointfoot/WF_TRON1B/urdf/robot.urdf
[1.038s] -- Installing: /home/jerry/limx_ws/install/robot_description/share/robot_description/pointfoot/WF_TRON1B/meshes
[1.039s] -- Installing: /home/jerry/limx_ws/install/robot_description/share/robot_description/pointfoot/WF_TRON1B/meshes/abad_L_Link.STL
[1.047s] -- Installing: /home/jerry/limx_ws/install/robot_description/share/robot_description/pointfoot/WF_TRON1B/meshes/knee_L_Link.STL
[1.054s] -- Installing: /home/jerry/limx_ws/install/robot_description/share/robot_description/pointfoot/WF_TRON1B/meshes/wheel_R_Link.STL
[1.058s] -- Installing: /home/jerry/limx_ws/install/robot_description/share/robot_description/pointfoot/WF_TRON1B/meshes/base_Link.STL
[1.065s] -- Installing: /home/jerry/limx_ws/install/robot_description/share/robot_description/pointfoot/WF_TRON1B/meshes/hip_R_Link.STL
[1.068s] -- Installing: /home/jerry/limx_ws/install/robot_description/share/robot_description/pointfoot/WF_TRON1B/meshes/knee_R_Link.STL
[1.073s] -- Installing: /home/jerry/limx_ws/install/robot_description/share/robot_description/pointfoot/WF_TRON1B/meshes/wheel_L_Link.STL
[1.075s] -- Installing: /home/jerry/limx_ws/install/robot_description/share/robot_description/pointfoot/WF_TRON1B/meshes/abad_R_Link.STL
[1.077s] -- Installing: /home/jerry/limx_ws/install/robot_description/share/robot_description/pointfoot/WF_TRON1B/meshes/hip_L_Link.STL
[1.082s] -- Installing: /home/jerry/limx_ws/install/robot_description/share/robot_description/pointfoot/WF_TRON1B/xml
[1.083s] -- Installing: /home/jerry/limx_ws/install/robot_description/share/robot_description/pointfoot/WF_TRON1B/xml/robot.xml
[1.084s] -- Installing: /home/jerry/limx_ws/install/robot_description/share/robot_description/pointfoot/SF_TRON1B
[1.084s] -- Installing: /home/jerry/limx_ws/install/robot_description/share/robot_description/pointfoot/SF_TRON1B/xacro
[1.084s] -- Installing: /home/jerry/limx_ws/install/robot_description/share/robot_description/pointfoot/SF_TRON1B/xacro/robot.xacro
[1.085s] -- Installing: /home/jerry/limx_ws/install/robot_description/share/robot_description/pointfoot/SF_TRON1B/xacro/ros2_control_interface.xacro
[1.085s] -- Installing: /home/jerry/limx_ws/install/robot_description/share/robot_description/pointfoot/SF_TRON1B/xacro/const.xacro
[1.085s] -- Installing: /home/jerry/limx_ws/install/robot_description/share/robot_description/pointfoot/SF_TRON1B/xacro/leg.xacro
[1.085s] -- Installing: /home/jerry/limx_ws/install/robot_description/share/robot_description/pointfoot/SF_TRON1B/xacro/transmission.xacro
[1.086s] -- Installing: /home/jerry/limx_ws/install/robot_description/share/robot_description/pointfoot/SF_TRON1B/xacro/materials.xacro
[1.086s] -- Installing: /home/jerry/limx_ws/install/robot_description/share/robot_description/pointfoot/SF_TRON1B/xacro/gazebo.xacro
[1.086s] -- Installing: /home/jerry/limx_ws/install/robot_description/share/robot_description/pointfoot/SF_TRON1B/urdf
[1.087s] -- Installing: /home/jerry/limx_ws/install/robot_description/share/robot_description/pointfoot/SF_TRON1B/urdf/robot.urdf
[1.087s] -- Installing: /home/jerry/limx_ws/install/robot_description/share/robot_description/pointfoot/SF_TRON1B/meshes
[1.087s] -- Installing: /home/jerry/limx_ws/install/robot_description/share/robot_description/pointfoot/SF_TRON1B/meshes/abad_L_Link.STL
[1.087s] -- Installing: /home/jerry/limx_ws/install/robot_description/share/robot_description/pointfoot/SF_TRON1B/meshes/knee_L_Link.STL
[1.093s] -- Installing: /home/jerry/limx_ws/install/robot_description/share/robot_description/pointfoot/SF_TRON1B/meshes/base_Link.STL
[1.103s] -- Installing: /home/jerry/limx_ws/install/robot_description/share/robot_description/pointfoot/SF_TRON1B/meshes/ankle_R_Link.STL
[1.106s] -- Installing: /home/jerry/limx_ws/install/robot_description/share/robot_description/pointfoot/SF_TRON1B/meshes/hip_R_Link.STL
[1.114s] -- Installing: /home/jerry/limx_ws/install/robot_description/share/robot_description/pointfoot/SF_TRON1B/meshes/knee_R_Link.STL
[1.121s] -- Installing: /home/jerry/limx_ws/install/robot_description/share/robot_description/pointfoot/SF_TRON1B/meshes/abad_R_Link.STL
[1.125s] -- Installing: /home/jerry/limx_ws/install/robot_description/share/robot_description/pointfoot/SF_TRON1B/meshes/hip_L_Link.STL
[1.129s] -- Installing: /home/jerry/limx_ws/install/robot_description/share/robot_description/pointfoot/SF_TRON1B/meshes/ankle_L_Link.STL
[1.134s] -- Installing: /home/jerry/limx_ws/install/robot_description/share/robot_description/pointfoot/SF_TRON1B/xml
[1.134s] -- Installing: /home/jerry/limx_ws/install/robot_description/share/robot_description/pointfoot/SF_TRON1B/xml/robot.xml
[1.137s] -- Installing: /home/jerry/limx_ws/install/robot_description/share/robot_description/pointfoot/PF_P441C2
[1.137s] -- Installing: /home/jerry/limx_ws/install/robot_description/share/robot_description/pointfoot/PF_P441C2/xacro
[1.137s] -- Installing: /home/jerry/limx_ws/install/robot_description/share/robot_description/pointfoot/PF_P441C2/xacro/robot.xacro
[1.137s] -- Installing: /home/jerry/limx_ws/install/robot_description/share/robot_description/pointfoot/PF_P441C2/xacro/ros2_control_interface.xacro
[1.137s] -- Installing: /home/jerry/limx_ws/install/robot_description/share/robot_description/pointfoot/PF_P441C2/xacro/const.xacro
[1.137s] -- Installing: /home/jerry/limx_ws/install/robot_description/share/robot_description/pointfoot/PF_P441C2/xacro/leg.xacro
[1.137s] -- Installing: /home/jerry/limx_ws/install/robot_description/share/robot_description/pointfoot/PF_P441C2/xacro/transmission.xacro
[1.137s] -- Installing: /home/jerry/limx_ws/install/robot_description/share/robot_description/pointfoot/PF_P441C2/xacro/materials.xacro
[1.137s] -- Installing: /home/jerry/limx_ws/install/robot_description/share/robot_description/pointfoot/PF_P441C2/xacro/gazebo.xacro
[1.137s] -- Installing: /home/jerry/limx_ws/install/robot_description/share/robot_description/pointfoot/PF_P441C2/urdf
[1.138s] -- Installing: /home/jerry/limx_ws/install/robot_description/share/robot_description/pointfoot/PF_P441C2/urdf/robot.urdf
[1.138s] -- Installing: /home/jerry/limx_ws/install/robot_description/share/robot_description/pointfoot/PF_P441C2/meshes
[1.138s] -- Installing: /home/jerry/limx_ws/install/robot_description/share/robot_description/pointfoot/PF_P441C2/meshes/abad_L_Link.STL
[1.138s] -- Installing: /home/jerry/limx_ws/install/robot_description/share/robot_description/pointfoot/PF_P441C2/meshes/knee_L_Link.STL
[1.138s] -- Installing: /home/jerry/limx_ws/install/robot_description/share/robot_description/pointfoot/PF_P441C2/meshes/base_Link.STL
[1.150s] -- Installing: /home/jerry/limx_ws/install/robot_description/share/robot_description/pointfoot/PF_P441C2/meshes/hip_R_Link.STL
[1.156s] -- Installing: /home/jerry/limx_ws/install/robot_description/share/robot_description/pointfoot/PF_P441C2/meshes/knee_R_Link.STL
[1.161s] -- Installing: /home/jerry/limx_ws/install/robot_description/share/robot_description/pointfoot/PF_P441C2/meshes/abad_R_Link.STL
[1.166s] -- Installing: /home/jerry/limx_ws/install/robot_description/share/robot_description/pointfoot/PF_P441C2/meshes/foot_R_Link.STL
[1.171s] -- Installing: /home/jerry/limx_ws/install/robot_description/share/robot_description/pointfoot/PF_P441C2/meshes/foot_L_Link.STL
[1.173s] -- Installing: /home/jerry/limx_ws/install/robot_description/share/robot_description/pointfoot/PF_P441C2/meshes/hip_L_Link.STL
[1.177s] -- Installing: /home/jerry/limx_ws/install/robot_description/share/robot_description/pointfoot/PF_P441C2/xml
[1.178s] -- Installing: /home/jerry/limx_ws/install/robot_description/share/robot_description/pointfoot/PF_P441C2/xml/robot.xml
[1.178s] -- Installing: /home/jerry/limx_ws/install/robot_description/share/robot_description/pointfoot/WF_TRON1A
[1.179s] -- Installing: /home/jerry/limx_ws/install/robot_description/share/robot_description/pointfoot/WF_TRON1A/xacro
[1.179s] -- Installing: /home/jerry/limx_ws/install/robot_description/share/robot_description/pointfoot/WF_TRON1A/xacro/robot.xacro
[1.179s] -- Installing: /home/jerry/limx_ws/install/robot_description/share/robot_description/pointfoot/WF_TRON1A/xacro/ros2_control_interface.xacro
[1.179s] -- Installing: /home/jerry/limx_ws/install/robot_description/share/robot_description/pointfoot/WF_TRON1A/xacro/const.xacro
[1.179s] -- Installing: /home/jerry/limx_ws/install/robot_description/share/robot_description/pointfoot/WF_TRON1A/xacro/leg.xacro
[1.180s] -- Installing: /home/jerry/limx_ws/install/robot_description/share/robot_description/pointfoot/WF_TRON1A/xacro/transmission.xacro
[1.181s] -- Installing: /home/jerry/limx_ws/install/robot_description/share/robot_description/pointfoot/WF_TRON1A/xacro/materials.xacro
[1.182s] -- Installing: /home/jerry/limx_ws/install/robot_description/share/robot_description/pointfoot/WF_TRON1A/xacro/gazebo.xacro
[1.182s] -- Installing: /home/jerry/limx_ws/install/robot_description/share/robot_description/pointfoot/WF_TRON1A/urdf
[1.182s] -- Installing: /home/jerry/limx_ws/install/robot_description/share/robot_description/pointfoot/WF_TRON1A/urdf/robot.urdf
[1.182s] -- Installing: /home/jerry/limx_ws/install/robot_description/share/robot_description/pointfoot/WF_TRON1A/meshes
[1.182s] -- Installing: /home/jerry/limx_ws/install/robot_description/share/robot_description/pointfoot/WF_TRON1A/meshes/abad_L_Link.STL
[1.185s] -- Installing: /home/jerry/limx_ws/install/robot_description/share/robot_description/pointfoot/WF_TRON1A/meshes/knee_L_Link.STL
[1.189s] -- Installing: /home/jerry/limx_ws/install/robot_description/share/robot_description/pointfoot/WF_TRON1A/meshes/wheel_R_Link.STL
[1.189s] -- Installing: /home/jerry/limx_ws/install/robot_description/share/robot_description/pointfoot/WF_TRON1A/meshes/base_Link.STL
[1.205s] -- Installing: /home/jerry/limx_ws/install/robot_description/share/robot_description/pointfoot/WF_TRON1A/meshes/hip_R_Link.STL
[1.216s] -- Installing: /home/jerry/limx_ws/install/robot_description/share/robot_description/pointfoot/WF_TRON1A/meshes/knee_R_Link.STL
[1.218s] -- Installing: /home/jerry/limx_ws/install/robot_description/share/robot_description/pointfoot/WF_TRON1A/meshes/wheel_L_Link.STL
[1.220s] -- Installing: /home/jerry/limx_ws/install/robot_description/share/robot_description/pointfoot/WF_TRON1A/meshes/abad_R_Link.STL
[1.223s] -- Installing: /home/jerry/limx_ws/install/robot_description/share/robot_description/pointfoot/WF_TRON1A/meshes/hip_L_Link.STL
[1.228s] -- Installing: /home/jerry/limx_ws/install/robot_description/share/robot_description/pointfoot/WF_TRON1A/xml
[1.228s] -- Installing: /home/jerry/limx_ws/install/robot_description/share/robot_description/pointfoot/WF_TRON1A/xml/robot.xml
[1.228s] -- Installing: /home/jerry/limx_ws/install/robot_description/share/robot_description/pointfoot/SF_TRON1A
[1.228s] -- Installing: /home/jerry/limx_ws/install/robot_description/share/robot_description/pointfoot/SF_TRON1A/xacro
[1.228s] -- Installing: /home/jerry/limx_ws/install/robot_description/share/robot_description/pointfoot/SF_TRON1A/xacro/robot.xacro
[1.228s] -- Installing: /home/jerry/limx_ws/install/robot_description/share/robot_description/pointfoot/SF_TRON1A/xacro/ros2_control_interface.xacro
[1.228s] -- Installing: /home/jerry/limx_ws/install/robot_description/share/robot_description/pointfoot/SF_TRON1A/xacro/const.xacro
[1.229s] -- Installing: /home/jerry/limx_ws/install/robot_description/share/robot_description/pointfoot/SF_TRON1A/xacro/leg.xacro
[1.229s] -- Installing: /home/jerry/limx_ws/install/robot_description/share/robot_description/pointfoot/SF_TRON1A/xacro/transmission.xacro
[1.229s] -- Installing: /home/jerry/limx_ws/install/robot_description/share/robot_description/pointfoot/SF_TRON1A/xacro/materials.xacro
[1.229s] -- Installing: /home/jerry/limx_ws/install/robot_description/share/robot_description/pointfoot/SF_TRON1A/xacro/gazebo.xacro
[1.229s] -- Installing: /home/jerry/limx_ws/install/robot_description/share/robot_description/pointfoot/SF_TRON1A/urdf
[1.229s] -- Installing: /home/jerry/limx_ws/install/robot_description/share/robot_description/pointfoot/SF_TRON1A/urdf/robot.urdf
[1.230s] -- Installing: /home/jerry/limx_ws/install/robot_description/share/robot_description/pointfoot/SF_TRON1A/meshes
[1.230s] -- Installing: /home/jerry/limx_ws/install/robot_description/share/robot_description/pointfoot/SF_TRON1A/meshes/abad_L_Link.STL
[1.234s] -- Installing: /home/jerry/limx_ws/install/robot_description/share/robot_description/pointfoot/SF_TRON1A/meshes/knee_L_Link.STL
[1.242s] -- Installing: /home/jerry/limx_ws/install/robot_description/share/robot_description/pointfoot/SF_TRON1A/meshes/base_Link.STL
[1.252s] -- Installing: /home/jerry/limx_ws/install/robot_description/share/robot_description/pointfoot/SF_TRON1A/meshes/ankle_R_Link.STL
[1.256s] -- Installing: /home/jerry/limx_ws/install/robot_description/share/robot_description/pointfoot/SF_TRON1A/meshes/hip_R_Link.STL
[1.260s] -- Installing: /home/jerry/limx_ws/install/robot_description/share/robot_description/pointfoot/SF_TRON1A/meshes/knee_R_Link.STL
[1.266s] -- Installing: /home/jerry/limx_ws/install/robot_description/share/robot_description/pointfoot/SF_TRON1A/meshes/abad_R_Link.STL
[1.269s] -- Installing: /home/jerry/limx_ws/install/robot_description/share/robot_description/pointfoot/SF_TRON1A/meshes/hip_L_Link.STL
[1.275s] -- Installing: /home/jerry/limx_ws/install/robot_description/share/robot_description/pointfoot/SF_TRON1A/meshes/ankle_L_Link.STL
[1.278s] -- Installing: /home/jerry/limx_ws/install/robot_description/share/robot_description/pointfoot/SF_TRON1A/xml
[1.279s] -- Installing: /home/jerry/limx_ws/install/robot_description/share/robot_description/pointfoot/SF_TRON1A/xml/robot.xml
[1.279s] -- Installing: /home/jerry/limx_ws/install/robot_description/share/robot_description/pointfoot/PF_TRON1A
[1.279s] -- Installing: /home/jerry/limx_ws/install/robot_description/share/robot_description/pointfoot/PF_TRON1A/xacro
[1.279s] -- Installing: /home/jerry/limx_ws/install/robot_description/share/robot_description/pointfoot/PF_TRON1A/xacro/robot.xacro
[1.279s] -- Installing: /home/jerry/limx_ws/install/robot_description/share/robot_description/pointfoot/PF_TRON1A/xacro/ros2_control_interface.xacro
[1.279s] -- Installing: /home/jerry/limx_ws/install/robot_description/share/robot_description/pointfoot/PF_TRON1A/xacro/const.xacro
[1.279s] -- Installing: /home/jerry/limx_ws/install/robot_description/share/robot_description/pointfoot/PF_TRON1A/xacro/leg.xacro
[1.281s] -- Installing: /home/jerry/limx_ws/install/robot_description/share/robot_description/pointfoot/PF_TRON1A/xacro/transmission.xacro
[1.281s] -- Installing: /home/jerry/limx_ws/install/robot_description/share/robot_description/pointfoot/PF_TRON1A/xacro/materials.xacro
[1.281s] -- Installing: /home/jerry/limx_ws/install/robot_description/share/robot_description/pointfoot/PF_TRON1A/xacro/gazebo.xacro
[1.281s] -- Installing: /home/jerry/limx_ws/install/robot_description/share/robot_description/pointfoot/PF_TRON1A/urdf
[1.281s] -- Installing: /home/jerry/limx_ws/install/robot_description/share/robot_description/pointfoot/PF_TRON1A/urdf/robot.urdf
[1.281s] -- Installing: /home/jerry/limx_ws/install/robot_description/share/robot_description/pointfoot/PF_TRON1A/meshes
[1.281s] -- Installing: /home/jerry/limx_ws/install/robot_description/share/robot_description/pointfoot/PF_TRON1A/meshes/abad_L_Link.STL
[1.287s] -- Installing: /home/jerry/limx_ws/install/robot_description/share/robot_description/pointfoot/PF_TRON1A/meshes/knee_L_Link.STL
[1.293s] -- Installing: /home/jerry/limx_ws/install/robot_description/share/robot_description/pointfoot/PF_TRON1A/meshes/base_Link.STL
[1.314s] -- Installing: /home/jerry/limx_ws/install/robot_description/share/robot_description/pointfoot/PF_TRON1A/meshes/hip_R_Link.STL
[1.317s] -- Installing: /home/jerry/limx_ws/install/robot_description/share/robot_description/pointfoot/PF_TRON1A/meshes/knee_R_Link.STL
[1.322s] -- Installing: /home/jerry/limx_ws/install/robot_description/share/robot_description/pointfoot/PF_TRON1A/meshes/abad_R_Link.STL
[1.322s] -- Installing: /home/jerry/limx_ws/install/robot_description/share/robot_description/pointfoot/PF_TRON1A/meshes/foot_R_Link.STL
[1.323s] -- Installing: /home/jerry/limx_ws/install/robot_description/share/robot_description/pointfoot/PF_TRON1A/meshes/foot_L_Link.STL
[1.325s] -- Installing: /home/jerry/limx_ws/install/robot_description/share/robot_description/pointfoot/PF_TRON1A/meshes/hip_L_Link.STL
[1.329s] -- Installing: /home/jerry/limx_ws/install/robot_description/share/robot_description/pointfoot/PF_TRON1A/xml
[1.329s] -- Installing: /home/jerry/limx_ws/install/robot_description/share/robot_description/pointfoot/PF_TRON1A/xml/robot.xml
[1.330s] -- Installing: /home/jerry/limx_ws/install/robot_description/share/robot_description/pointfoot/meshes_camera
[1.330s] -- Installing: /home/jerry/limx_ws/install/robot_description/share/robot_description/pointfoot/meshes_camera/d435.dae
[1.350s] -- Installing: /home/jerry/limx_ws/install/robot_description/share/robot_description/pointfoot/PF_P441C
[1.353s] -- Installing: /home/jerry/limx_ws/install/robot_description/share/robot_description/pointfoot/PF_P441C/xacro
[1.353s] -- Installing: /home/jerry/limx_ws/install/robot_description/share/robot_description/pointfoot/PF_P441C/xacro/robot.xacro
[1.353s] -- Installing: /home/jerry/limx_ws/install/robot_description/share/robot_description/pointfoot/PF_P441C/xacro/ros2_control_interface.xacro
[1.353s] -- Installing: /home/jerry/limx_ws/install/robot_description/share/robot_description/pointfoot/PF_P441C/xacro/const.xacro
[1.353s] -- Installing: /home/jerry/limx_ws/install/robot_description/share/robot_description/pointfoot/PF_P441C/xacro/leg.xacro
[1.353s] -- Installing: /home/jerry/limx_ws/install/robot_description/share/robot_description/pointfoot/PF_P441C/xacro/transmission.xacro
[1.353s] -- Installing: /home/jerry/limx_ws/install/robot_description/share/robot_description/pointfoot/PF_P441C/xacro/materials.xacro
[1.353s] -- Installing: /home/jerry/limx_ws/install/robot_description/share/robot_description/pointfoot/PF_P441C/xacro/gazebo.xacro
[1.353s] -- Installing: /home/jerry/limx_ws/install/robot_description/share/robot_description/pointfoot/PF_P441C/urdf
[1.353s] -- Installing: /home/jerry/limx_ws/install/robot_description/share/robot_description/pointfoot/PF_P441C/urdf/robot.urdf
[1.353s] -- Installing: /home/jerry/limx_ws/install/robot_description/share/robot_description/pointfoot/PF_P441C/meshes
[1.353s] -- Installing: /home/jerry/limx_ws/install/robot_description/share/robot_description/pointfoot/PF_P441C/meshes/abad_L_Link.STL
[1.357s] -- Installing: /home/jerry/limx_ws/install/robot_description/share/robot_description/pointfoot/PF_P441C/meshes/knee_L_Link.STL
[1.361s] -- Installing: /home/jerry/limx_ws/install/robot_description/share/robot_description/pointfoot/PF_P441C/meshes/base_Link.STL
[1.368s] -- Installing: /home/jerry/limx_ws/install/robot_description/share/robot_description/pointfoot/PF_P441C/meshes/hip_R_Link.STL
[1.372s] -- Installing: /home/jerry/limx_ws/install/robot_description/share/robot_description/pointfoot/PF_P441C/meshes/knee_R_Link.STL
[1.373s] -- Installing: /home/jerry/limx_ws/install/robot_description/share/robot_description/pointfoot/PF_P441C/meshes/abad_R_Link.STL
[1.377s] -- Installing: /home/jerry/limx_ws/install/robot_description/share/robot_description/pointfoot/PF_P441C/meshes/foot_R_Link.STL
[1.379s] -- Installing: /home/jerry/limx_ws/install/robot_description/share/robot_description/pointfoot/PF_P441C/meshes/foot_L_Link.STL
[1.381s] -- Installing: /home/jerry/limx_ws/install/robot_description/share/robot_description/pointfoot/PF_P441C/meshes/hip_L_Link.STL
[1.394s] -- Installing: /home/jerry/limx_ws/install/robot_description/share/robot_description/pointfoot/PF_P441C/xml
[1.395s] -- Installing: /home/jerry/limx_ws/install/robot_description/share/robot_description/pointfoot/PF_P441C/xml/robot.xml
[1.395s] -- Installing: /home/jerry/limx_ws/install/robot_description/share/robot_description/wheellegged
[1.397s] -- Installing: /home/jerry/limx_ws/install/robot_description/share/robot_description/wheellegged/WL_P311E
[1.397s] -- Installing: /home/jerry/limx_ws/install/robot_description/share/robot_description/wheellegged/WL_P311E/urdf
[1.397s] -- Installing: /home/jerry/limx_ws/install/robot_description/share/robot_description/wheellegged/WL_P311E/urdf/robot.urdf
[1.397s] -- Installing: /home/jerry/limx_ws/install/robot_description/share/robot_description/wheellegged/WL_P311E/meshes
[1.397s] -- Installing: /home/jerry/limx_ws/install/robot_description/share/robot_description/wheellegged/WL_P311E/meshes/RF_wheel.STL
[1.398s] -- Installing: /home/jerry/limx_ws/install/robot_description/share/robot_description/wheellegged/WL_P311E/meshes/LF_wheel.STL
[1.399s] -- Installing: /home/jerry/limx_ws/install/robot_description/share/robot_description/wheellegged/WL_P311E/meshes/RF_hip.STL
[1.400s] -- Installing: /home/jerry/limx_ws/install/robot_description/share/robot_description/wheellegged/WL_P311E/meshes/LF_calf.STL
[1.402s] -- Installing: /home/jerry/limx_ws/install/robot_description/share/robot_description/wheellegged/WL_P311E/meshes/RH_wheel.STL
[1.404s] -- Installing: /home/jerry/limx_ws/install/robot_description/share/robot_description/wheellegged/WL_P311E/meshes/RH_hip.STL
[1.406s] -- Installing: /home/jerry/limx_ws/install/robot_description/share/robot_description/wheellegged/WL_P311E/meshes/trunk.STL
[1.419s] -- Installing: /home/jerry/limx_ws/install/robot_description/share/robot_description/wheellegged/WL_P311E/meshes/LF_thigh.STL
[1.428s] -- Installing: /home/jerry/limx_ws/install/robot_description/share/robot_description/wheellegged/WL_P311E/meshes/LH_wheel.STL
[1.428s] -- Installing: /home/jerry/limx_ws/install/robot_description/share/robot_description/wheellegged/WL_P311E/meshes/RF_thigh.STL
[1.428s] -- Installing: /home/jerry/limx_ws/install/robot_description/share/robot_description/wheellegged/WL_P311E/meshes/RF_calf.STL
[1.435s] -- Installing: /home/jerry/limx_ws/install/robot_description/share/robot_description/wheellegged/WL_P311E/meshes/LF_hip.STL
[1.435s] -- Installing: /home/jerry/limx_ws/install/robot_description/share/robot_description/wheellegged/WL_P311E/meshes/RH_thigh.STL
[1.440s] -- Installing: /home/jerry/limx_ws/install/robot_description/share/robot_description/wheellegged/WL_P311E/meshes/LH_calf.STL
[1.442s] -- Installing: /home/jerry/limx_ws/install/robot_description/share/robot_description/wheellegged/WL_P311E/meshes/realsense_d435.stl
[1.462s] -- Installing: /home/jerry/limx_ws/install/robot_description/share/robot_description/wheellegged/WL_P311E/meshes/LH_hip.STL
[1.464s] -- Installing: /home/jerry/limx_ws/install/robot_description/share/robot_description/wheellegged/WL_P311E/meshes/RH_calf.STL
[1.467s] -- Installing: /home/jerry/limx_ws/install/robot_description/share/robot_description/wheellegged/WL_P311E/meshes/LH_thigh.STL
[1.473s] -- Installing: /home/jerry/limx_ws/install/robot_description/share/robot_description/wheellegged/WL_P311E/srdf
[1.474s] -- Installing: /home/jerry/limx_ws/install/robot_description/share/robot_description/wheellegged/WL_P311E/srdf/robot.srdf
[1.475s] -- Installing: /home/jerry/limx_ws/install/robot_description/share/robot_description/wheellegged/WL_P311D
[1.475s] -- Installing: /home/jerry/limx_ws/install/robot_description/share/robot_description/wheellegged/WL_P311D/urdf
[1.475s] -- Installing: /home/jerry/limx_ws/install/robot_description/share/robot_description/wheellegged/WL_P311D/urdf/robot.urdf
[1.475s] -- Installing: /home/jerry/limx_ws/install/robot_description/share/robot_description/wheellegged/WL_P311D/meshes
[1.475s] -- Installing: /home/jerry/limx_ws/install/robot_description/share/robot_description/wheellegged/WL_P311D/meshes/RF_wheel.STL
[1.475s] -- Installing: /home/jerry/limx_ws/install/robot_description/share/robot_description/wheellegged/WL_P311D/meshes/LF_wheel.STL
[1.477s] -- Installing: /home/jerry/limx_ws/install/robot_description/share/robot_description/wheellegged/WL_P311D/meshes/RF_hip.STL
[1.479s] -- Installing: /home/jerry/limx_ws/install/robot_description/share/robot_description/wheellegged/WL_P311D/meshes/base_link.STL
[1.488s] -- Installing: /home/jerry/limx_ws/install/robot_description/share/robot_description/wheellegged/WL_P311D/meshes/LF_calf.STL
[1.489s] -- Installing: /home/jerry/limx_ws/install/robot_description/share/robot_description/wheellegged/WL_P311D/meshes/RH_wheel.STL
[1.493s] -- Installing: /home/jerry/limx_ws/install/robot_description/share/robot_description/wheellegged/WL_P311D/meshes/RH_hip.STL
[1.494s] -- Installing: /home/jerry/limx_ws/install/robot_description/share/robot_description/wheellegged/WL_P311D/meshes/LF_thigh.STL
[1.496s] -- Installing: /home/jerry/limx_ws/install/robot_description/share/robot_description/wheellegged/WL_P311D/meshes/LH_wheel.STL
[1.498s] -- Installing: /home/jerry/limx_ws/install/robot_description/share/robot_description/wheellegged/WL_P311D/meshes/RF_thigh.STL
[1.501s] -- Installing: /home/jerry/limx_ws/install/robot_description/share/robot_description/wheellegged/WL_P311D/meshes/RF_calf.STL
[1.502s] -- Installing: /home/jerry/limx_ws/install/robot_description/share/robot_description/wheellegged/WL_P311D/meshes/LF_hip.STL
[1.504s] -- Installing: /home/jerry/limx_ws/install/robot_description/share/robot_description/wheellegged/WL_P311D/meshes/RH_thigh.STL
[1.507s] -- Installing: /home/jerry/limx_ws/install/robot_description/share/robot_description/wheellegged/WL_P311D/meshes/LH_calf.STL
[1.509s] -- Installing: /home/jerry/limx_ws/install/robot_description/share/robot_description/wheellegged/WL_P311D/meshes/realsense_d435.stl
[1.525s] -- Installing: /home/jerry/limx_ws/install/robot_description/share/robot_description/wheellegged/WL_P311D/meshes/LH_hip.STL
[1.533s] -- Installing: /home/jerry/limx_ws/install/robot_description/share/robot_description/wheellegged/WL_P311D/meshes/RH_calf.STL
[1.538s] -- Installing: /home/jerry/limx_ws/install/robot_description/share/robot_description/wheellegged/WL_P311D/meshes/LH_thigh.STL
[1.542s] -- Installing: /home/jerry/limx_ws/install/robot_description/share/robot_description/wheellegged/WL_P311D/srdf
[1.542s] -- Installing: /home/jerry/limx_ws/install/robot_description/share/robot_description/wheellegged/WL_P311D/srdf/robot.srdf
[1.542s] -- Installing: /home/jerry/limx_ws/install/robot_description/share/ament_index/resource_index/package_run_dependencies/robot_description
[1.543s] -- Installing: /home/jerry/limx_ws/install/robot_description/share/ament_index/resource_index/parent_prefix_path/robot_description
[1.543s] -- Installing: /home/jerry/limx_ws/install/robot_description/share/robot_description/environment/ament_prefix_path.sh
[1.543s] -- Installing: /home/jerry/limx_ws/install/robot_description/share/robot_description/environment/ament_prefix_path.dsv
[1.544s] -- Installing: /home/jerry/limx_ws/install/robot_description/share/robot_description/environment/path.sh
[1.545s] -- Installing: /home/jerry/limx_ws/install/robot_description/share/robot_description/environment/path.dsv
[1.545s] -- Installing: /home/jerry/limx_ws/install/robot_description/share/robot_description/local_setup.bash
[1.546s] -- Installing: /home/jerry/limx_ws/install/robot_description/share/robot_description/local_setup.sh
[1.546s] -- Installing: /home/jerry/limx_ws/install/robot_description/share/robot_description/local_setup.zsh
[1.546s] -- Installing: /home/jerry/limx_ws/install/robot_description/share/robot_description/local_setup.dsv
[1.546s] -- Installing: /home/jerry/limx_ws/install/robot_description/share/robot_description/package.dsv
[1.546s] -- Installing: /home/jerry/limx_ws/install/robot_description/share/ament_index/resource_index/packages/robot_description
[1.546s] -- Installing: /home/jerry/limx_ws/install/robot_description/share/robot_description/cmake/robot_descriptionConfig.cmake
[1.546s] -- Installing: /home/jerry/limx_ws/install/robot_description/share/robot_description/cmake/robot_descriptionConfig-version.cmake
[1.546s] -- Installing: /home/jerry/limx_ws/install/robot_description/share/robot_description/package.xml
[1.554s] Invoked command in '/home/jerry/limx_ws/build/robot_description' returned '0': CMAKE_PREFIX_PATH=${CMAKE_PREFIX_PATH}:/opt/ros/humble /usr/bin/cmake --install /home/jerry/limx_ws/build/robot_description
